#
# A fatal error has been detected by the Java Runtime Environment:
#
#  EXCEPTION_ACCESS_VIOLATION (0xc0000005) at pc=0x00007ff8c819ad4e, pid=11012, tid=13388
#
# JRE version: OpenJDK Runtime Environment Microsoft-13106404 (21.0.10+7) (build 21.0.10+7-LTS)
# Java VM: OpenJDK 64-Bit Server VM Microsoft-13106404 (21.0.10+7-LTS, mixed mode, sharing, tiered, compressed oops, compressed class ptrs, g1 gc, windows-amd64)
# Problematic frame:
# V  [jvm.dll+0x36ad4e]
#
# No core dump will be written. Minidumps are not enabled by default on client versions of Windows
#
# If you would like to submit a bug report, please visit:
#   https://github.com/microsoft/openjdk/issues
#

---------------  S U M M A R Y ------------

Command Line: -javaagent:C:\\Users\\jorge\\.m2\\repository\\org\\jacoco\\org.jacoco.agent\\0.8.13\\org.jacoco.agent-0.8.13-runtime.jar=destfile=C:\\Users\\jorge\\OneDrive\\Desktop\\Backend II\\minimarket\\target\\jacoco.exec C:\Users\jorge\AppData\Local\Temp\surefire5843330430828408370\surefirebooter-20260620175041230_3.jar C:\Users\jorge\AppData\Local\Temp\surefire5843330430828408370 2026-06-20T17-50-41_081-jvmRun1 surefire-20260620175041230_1tmp surefire_0-20260620175041230_2tmp

Host: Intel(R) Core(TM) i5-10600K CPU @ 4.10GHz, 12 cores, 15G,  Windows 10 , 64 bit Build 19041 (10.0.19041.5915)
Time: Sat Jun 20 17:50:43 2026 Hora est. Sudamérica Pacífico elapsed time: 1.997362 seconds (0d 0h 0m 1s)

---------------  T H R E A D  ---------------

Current thread (0x000001a27beb42a0):  WorkerThread "GC Thread#8"    [id=13388, stack(0x0000002d9a400000,0x0000002d9a500000) (1024K)]

Stack: [0x0000002d9a400000,0x0000002d9a500000],  sp=0x0000002d9a4ff6e0,  free space=1021k
Native frames: (J=compiled Java code, j=interpreted, Vv=VM code, C=native code)
V  [jvm.dll+0x36ad4e]  (no source info available)
V  [jvm.dll+0x36741e]  (no source info available)
V  [jvm.dll+0x3742fe]  (no source info available)
V  [jvm.dll+0x3760e2]  (no source info available)
V  [jvm.dll+0x37466a]  (no source info available)
V  [jvm.dll+0x375d13]  (no source info available)
V  [jvm.dll+0x380633]  (no source info available)
V  [jvm.dll+0x38077e]  (no source info available)
V  [jvm.dll+0x8ede21]  (no source info available)
V  [jvm.dll+0x86ab8d]  (no source info available)
V  [jvm.dll+0x6e141d]  (no source info available)
C  [ucrtbase.dll+0x21bb2]  (no source info available)
C  [KERNEL32.DLL+0x17374]  (no source info available)
C  [ntdll.dll+0x4cc91]  (no source info available)


siginfo: EXCEPTION_ACCESS_VIOLATION (0xc0000005), reading address 0x0000000000000200


Registers:
RAX=0x0000000000000000, RBX=0x00000007076821c8, RCX=0x0000000000000015, RDX=0x0000000000000000
RSP=0x0000002d9a4ff6e0, RBP=0x000000000000012a, RSI=0x000001a2560087f0, RDI=0x000001a27b140690
R8 =0x0000000707682188, R9 =0x0000000000000010, R10=0x0000000000000200, R11=0x0000000000000001
R12=0x0000000000000000, R13=0x000001a27ad2a440, R14=0x000001a27b140698, R15=0x000000000000047f
RIP=0x00007ff8c819ad4e, EFLAGS=0x0000000000010246

XMM[0]=0x000000100019f800 0x0000000000000001
XMM[1]=0x0000000000000000 0x0000000000000000
XMM[2]=0xffffffffffffffff 0x0000000000000001
XMM[3]=0x0000000000000000 0x00000000ffffffff
XMM[4]=0x0000000100000000 0x0000000000000000
XMM[5]=0x0000000000000000 0x00000000e16491c6
XMM[6]=0x0000000000000000 0x0000000000000000
XMM[7]=0x0000000000000000 0x0000000000000000
XMM[8]=0x0000000000000000 0x0000000000000000
XMM[9]=0x0000000000000000 0x0000000000000000
XMM[10]=0x0000000000000000 0x0000000000000000
XMM[11]=0x0000000000000000 0x0000000000000000
XMM[12]=0x0000000000000000 0x0000000000000000
XMM[13]=0x0000000000000000 0x0000000000000000
XMM[14]=0x0000000000000000 0x0000000000000000
XMM[15]=0x0000000000000000 0x0000000000000000
  MXCSR=0x00001fa0


Register to memory mapping:

RAX=0x0 is null
RBX=
[error occurred during error reporting (printing register info), id 0xc0000005, EXCEPTION_ACCESS_VIOLATION (0xc0000005) at pc=0x00007ff8c7e3c44c]
RCX=0x0000000000000015 is an unknown value
RDX=0x0 is null
RSP=0x0000002d9a4ff6e0 points into unknown readable memory: 0x000000070b1d0000 | 00 00 1d 0b 07 00 00 00
RBP=0x000000000000012a is an unknown value
RSI=0x000001a2560087f0 points into unknown readable memory: 0x0000000000000000 | 00 00 00 00 00 00 00 00
RDI=0x000001a27b140690 points into unknown readable memory: 0x00007ff8c8875e88 | 88 5e 87 c8 f8 7f 00 00
R8 =0x0000000707682188 is an oop: [Ljava.util.HashMap$Node; 
{0x0000000707682188} - klass: 'java/util/HashMap$Node'[]
 - length: 16
R9 =0x0000000000000010 is an unknown value
R10=0x0000000000000200 is an unknown value
R11=0x0000000000000001 is an unknown value
R12=0x0 is null
R13=0x000001a27ad2a440 points into unknown readable memory: 0x0000000000000000 | 00 00 00 00 00 00 00 00
R14=0x000001a27b140698 points into unknown readable memory: 0x000001a256000ef0 | f0 0e 00 56 a2 01 00 00
R15=0x000000000000047f is an unknown value

Top of Stack: (sp=0x0000002d9a4ff6e0)
0x0000002d9a4ff6e0:   000000070b1d0000 0000000000000001
0x0000002d9a4ff6f0:   0000000000000000 000001a275723a90
0x0000002d9a4ff700:   0000000701998600 0000000000000003
0x0000002d9a4ff710:   000001a27ad2a440 0000000000000002
0x0000002d9a4ff720:   0000002d9a4ff940 0000000701998a48
0x0000002d9a4ff730:   0000002d9a4ff940 00007ff8c819741e
0x0000002d9a4ff740:   0000000701970a00 0000000000000040
0x0000002d9a4ff750:   0000000701998600 000001a27b140690
0x0000002d9a4ff760:   00000000012fd37a 00000001e5a47a82
0x0000002d9a4ff770:   0000000000000080 0000002d9a4ff940
0x0000002d9a4ff780:   000001a2560b9cd0 00007ff8c81a42fe
0x0000002d9a4ff790:   0000000000000002 0000002d9a4ff7b0
0x0000002d9a4ff7a0:   0000002d9a4ff7c0 00007ff8c850b4af
0x0000002d9a4ff7b0:   0000000701998600 0000000000000080
0x0000002d9a4ff7c0:   00007ff8c88770a8 0000000000000000
0x0000002d9a4ff7d0:   000001a256000ef0 000001a27b140690
0x0000002d9a4ff7e0:   0000002d9a4ff990 00007ff8c86a5d27
0x0000002d9a4ff7f0:   0000000000000005 000001a26e473d00
0x0000002d9a4ff800:   000001a255feb090 00007ff8c81a60e2
0x0000002d9a4ff810:   0000002d9a4ff890 00007ff8c818db62
0x0000002d9a4ff820:   000001a27b166870 000001a26e473cc5
0x0000002d9a4ff830:   0000000000000005 0000000000000003
0x0000002d9a4ff840:   000001a255feb090 0000000000000010
0x0000002d9a4ff850:   000001a256000ef0 0000002d9a4ff9a9
0x0000002d9a4ff860:   0000002d9a4ff940 00007ff8c81a466a
0x0000002d9a4ff870:   00000000000003d8 000001a27ad2a450
0x0000002d9a4ff880:   000001a27ad2a828 000001a2560b9cd0
0x0000002d9a4ff890:   000001a27b140690 00000000012fbc67
0x0000002d9a4ff8a0:   00000001e57f7bf8 0000002d9a4ff998
0x0000002d9a4ff8b0:   0000002d9a4ff9a8 0000000000000000
0x0000002d9a4ff8c0:   0000000000000000 00007ff8c81a5d13
0x0000002d9a4ff8d0:   0000000000000000 0000000000000008 

Instructions: (pc=0x00007ff8c819ad4e)
0x00007ff8c819ac4e:   f4 01 00 00 45 03 ce e8 56 d7 ff ff e9 7f fc ff
0x00007ff8c819ac5e:   ff 4c 8d 77 08 48 8b 77 10 8b 96 80 00 00 00 8b
0x00007ff8c819ac6e:   ca 8b 86 00 01 00 00 2b c8 81 e1 ff ff 01 00 3b
0x00007ff8c819ac7e:   4c 24 68 0f 86 d8 03 00 00 8d 6a ff 81 e5 ff ff
0x00007ff8c819ac8e:   01 00 89 ae 80 00 00 00 e8 65 81 36 00 90 8b cd
0x00007ff8c819ac9e:   8b 86 00 01 00 00 2b c8 48 8b 9e 80 01 00 00 81
0x00007ff8c819acae:   e1 ff ff 01 00 81 f9 ff ff 01 00 41 0f 44 cc 48
0x00007ff8c819acbe:   8b 1c eb 85 c9 75 41 90 89 6c 24 60 48 8b 86 00
0x00007ff8c819acce:   01 00 00 48 8b c8 48 c1 e9 20 ff c1 89 4c 24 64
0x00007ff8c819acde:   3b e8 0f 85 67 03 00 00 48 c1 e1 20 48 0b cd f0
0x00007ff8c819acee:   48 0f b1 8e 00 01 00 00 0f 85 51 03 00 00 8b 86
0x00007ff8c819acfe:   00 01 00 00 4c 8d 77 08 f6 c3 01 0f 84 0d 01 00
0x00007ff8c819ad0e:   00 8b 0d 13 b3 8d 00 48 ff cb 49 8b 16 44 8b 13
0x00007ff8c819ad1e:   49 d3 e2 8b 8a b8 05 00 00 4c 03 15 f2 b2 8d 00
0x00007ff8c819ad2e:   48 8b 92 a8 05 00 00 49 8b c2 48 d3 e8 0f b7 14
0x00007ff8c819ad3e:   42 0f b7 c2 66 c1 e8 08 84 c0 0f 88 11 ff ff ff
0x00007ff8c819ad4e:   4d 8b 02 41 0f b6 c0 24 03 3c 03 75 06 49 83 e0
0x00007ff8c819ad5e:   fc eb 11 4d 8b c8 48 8b cf 4d 8b c2 e8 a1 ec ff
0x00007ff8c819ad6e:   ff 4c 8b c0 8b 0d b0 b2 8d 00 49 8b d0 48 2b 15
0x00007ff8c819ad7e:   9e b2 8d 00 48 d3 ea 89 13 49 8b d0 8b 0d 80 8a
0x00007ff8c819ad8e:   94 00 48 33 d3 48 d3 ea 48 85 d2 0f 84 c0 fe ff
0x00007ff8c819ad9e:   ff 49 8b 06 48 8b 90 a8 05 00 00 8b 88 b8 05 00
0x00007ff8c819adae:   00 48 8b c3 48 d3 e8 80 7c 42 01 fe 0f 84 9f fe
0x00007ff8c819adbe:   ff ff 49 d3 e8 42 0f b7 0c 42 0f b7 c1 66 c1 e8
0x00007ff8c819adce:   08 84 c0 0f 89 88 fe ff ff 84 c9 0f 84 80 fe ff
0x00007ff8c819adde:   ff 4c 8b 47 60 8b 0d 8f 9e 93 00 48 d3 eb 49 8b
0x00007ff8c819adee:   50 30 48 03 d3 48 8b da 49 2b 58 28 48 39 9f b8
0x00007ff8c819adfe:   01 00 00 0f 84 58 fe ff ff 48 8d 4f 18 e8 90 43
0x00007ff8c819ae0e:   00 00 48 89 9f b8 01 00 00 e9 43 fe ff ff f6 c3
0x00007ff8c819ae1e:   03 0f 85 e9 00 00 00 49 8b 16 4c 8b 13 49 8b c2
0x00007ff8c819ae2e:   8b 8a b8 05 00 00 48 8b 92 a8 05 00 00 48 d3 e8
0x00007ff8c819ae3e:   0f b7 14 42 0f b7 c2 66 c1 e8 08 84 c0 0f 88 12 


Stack slot to memory mapping:

stack at sp + 0 slots: 
[error occurred during error reporting (inspecting top of stack), id 0xc0000005, EXCEPTION_ACCESS_VIOLATION (0xc0000005) at pc=0x00007ff8c7e3c44c]
stack at sp + 1 slots: 0x0000000000000001 is an unknown value
stack at sp + 2 slots: 0x0 is null
stack at sp + 3 slots: 0x000001a275723a90 points into unknown readable memory: 0x000000070b200000 | 00 00 20 0b 07 00 00 00
stack at sp + 4 slots: 0x0000000701998600 is pointing into object: java.lang.Class 
{0x00000007019985b8} - klass: 'java/lang/Class'
 - ---- fields (total size 23 words):
 - private volatile transient 'classRedefinedCount' 'I' @12  0 (0x00000000)
 - injected 'klass' 'J' @16  1795297892216 (0x000001a20017d778)
 - injected 'array_klass' 'J' @24  0 (0x0000000000000000)
 - injected 'oop_size' 'I' @32  23 (0x00000017)
 - injected 'static_oop_field_count' 'I' @36  3 (0x00000003)
 - private volatile transient 'cachedConstructor' 'Ljava/lang/reflect/Constructor;' @40  null (0x00000000)
 - private transient 'name' 'Ljava/lang/String;' @44  null (0x00000000)
 - private transient 'module' 'Ljava/lang/Module;' @48  a 'java/lang/Module'{0x00000007015fda40} (0xe02bfb48)
 - private final 'classLoader' 'Ljava/lang/ClassLoader;' @52  null (0x00000000)
 - private transient 'classData' 'Ljava/lang/Object;' @56  null (0x00000000)
 - private transient 'packageName' 'Ljava/lang/String;' @60  null (0x00000000)
 - private final 'componentType' 'Ljava/lang/Class;' @64  null (0x00000000)
 - private volatile transient 'reflectionData' 'Ljava/lang/ref/SoftReference;' @68  a 'java/lang/ref/SoftReference'{0x000000070197df48} (0xe032fbe9)
 - private volatile transient 'genericInfo' 'Lsun/reflect/generics/repository/ClassRepository;' @72  null (0x00000000)
 - private volatile transient 'enumConstants' '[Ljava/lang/Object;' @76  null (0x00000000)
 - private volatile transient 'enumConstantDirectory' 'Ljava/util/Map;' @80  null (0x00000000)
 - private volatile transient 'annotationData' 'Ljava/lang/Class$AnnotationData;' @84  null (0x00000000)
 - private volatile transient 'annotationType' 'Lsun/reflect/annotation/AnnotationType;' @88  null (0x00000000)
 - transient 'classValueMap' 'Ljava/lang/ClassValue$ClassValueMap;' @92  null (0x00000000)
 - injected 'protection_domain' 'Ljava/lang/Object;' @96  null (0x00000000)
 - injected 'signers_name' 'Ljava/lang/Object;' @100  null (0x00000000)
 - injected 'source_file' 'Ljava/lang/Object;' @104  null (0x00000000)
 - injected '<init_lock>' 'Ljava/lang/Object;' @108  null (0x00000000)
 - signature: Ljava/util/Random;
 - ---- static fields (3):
 - static final 'serialVersionUID' 'J' @128  3905348978240129619 (0x363296344bf00a53)
 - private static final 'multiplier' 'J' @136  25214903917 (0x00000005deece66d)
 - private static final 'addend' 'J' @144  11 (0x000000000000000b)
 - private static final 'mask' 'J' @152  281474976710655 (0x0000ffffffffffff)
 - private static final 'DOUBLE_UNIT' 'D' @160  0.000000 (0x3ca0000000000000)
 - private static final 'FLOAT_UNIT' 'F' @176  0.000000 (0x33800000)
 - private static final 'seedUniquifier' 'Ljava/util/concurrent/atomic/AtomicLong;' @112  a 'java/util/concurrent/atomic/AtomicLong'{0x000000070198f488} (0xe0331e91)
 - private static final 'serialPersistentFields' '[Ljava/io/ObjectStreamField;' @116  a 'java/io/ObjectStreamField'[3] {0x000000070198f4a0} (0xe0331e94)
 - private static final 'unsafe' 'Ljdk/internal/misc/Unsafe;' @120  a 'jdk/internal/misc/Unsafe'{0x00000007015ef4c8} (0xe02bde99)
 - private static final 'seedOffset' 'J' @168  24 (0x0000000000000018)
stack at sp + 5 slots: 0x0000000000000003 is an unknown value
stack at sp + 6 slots: 0x000001a27ad2a440 points into unknown readable memory: 0x0000000000000000 | 00 00 00 00 00 00 00 00
stack at sp + 7 slots: 0x0000000000000002 is an unknown value


---------------  P R O C E S S  ---------------

Threads class SMR info:
_java_thread_list=0x000001a27a472a30, length=15, elements={
0x000001a255feec20, 0x000001a2758bd650, 0x000001a2758be570, 0x000001a2758bf490,
0x000001a2758c2f10, 0x000001a2758c3970, 0x000001a2758cc660, 0x000001a2759003c0,
0x000001a2758cf0d0, 0x000001a275a9cf00, 0x000001a275bc3c40, 0x000001a275bb9810,
0x000001a27a465840, 0x000001a27b2c8010, 0x000001a27ad39d00
}

Java Threads: ( => current thread )
  0x000001a255feec20 JavaThread "main"                              [_thread_blocked, id=2072, stack(0x0000002d98700000,0x0000002d98800000) (1024K)]
  0x000001a2758bd650 JavaThread "Reference Handler"          daemon [_thread_blocked, id=5644, stack(0x0000002d98f00000,0x0000002d99000000) (1024K)]
  0x000001a2758be570 JavaThread "Finalizer"                  daemon [_thread_blocked, id=6800, stack(0x0000002d99000000,0x0000002d99100000) (1024K)]
  0x000001a2758bf490 JavaThread "Signal Dispatcher"          daemon [_thread_blocked, id=14548, stack(0x0000002d99100000,0x0000002d99200000) (1024K)]
  0x000001a2758c2f10 JavaThread "Attach Listener"            daemon [_thread_blocked, id=6272, stack(0x0000002d99200000,0x0000002d99300000) (1024K)]
  0x000001a2758c3970 JavaThread "Service Thread"             daemon [_thread_blocked, id=14524, stack(0x0000002d99300000,0x0000002d99400000) (1024K)]
  0x000001a2758cc660 JavaThread "Monitor Deflation Thread"   daemon [_thread_blocked, id=15424, stack(0x0000002d99400000,0x0000002d99500000) (1024K)]
  0x000001a2759003c0 JavaThread "C2 CompilerThread0"         daemon [_thread_blocked, id=11580, stack(0x0000002d99500000,0x0000002d99600000) (1024K)]
  0x000001a2758cf0d0 JavaThread "C1 CompilerThread0"         daemon [_thread_blocked, id=11060, stack(0x0000002d99600000,0x0000002d99700000) (1024K)]
  0x000001a275a9cf00 JavaThread "Common-Cleaner"             daemon [_thread_blocked, id=10360, stack(0x0000002d99700000,0x0000002d99800000) (1024K)]
  0x000001a275bc3c40 JavaThread "C2 CompilerThread1"         daemon [_thread_in_native, id=9940, stack(0x0000002d99800000,0x0000002d99900000) (1024K)]
  0x000001a275bb9810 JavaThread "C2 CompilerThread2"         daemon [_thread_blocked, id=3104, stack(0x0000002d99900000,0x0000002d99a00000) (1024K)]
  0x000001a27a465840 JavaThread "Notification Thread"        daemon [_thread_blocked, id=4280, stack(0x0000002d99a00000,0x0000002d99b00000) (1024K)]
  0x000001a27b2c8010 JavaThread "surefire-forkedjvm-stream-flusher" daemon [_thread_blocked, id=13996, stack(0x0000002d99b00000,0x0000002d99c00000) (1024K)]
  0x000001a27ad39d00 JavaThread "surefire-forkedjvm-command-thread" daemon [_thread_in_native, id=4944, stack(0x0000002d9a100000,0x0000002d9a200000) (1024K)]
Total: 15

Other Threads:
  0x000001a27589e430 VMThread "VM Thread"                           [id=14052, stack(0x0000002d98e00000,0x0000002d98f00000) (1024K)]
  0x000001a27588e040 WatcherThread "VM Periodic Task Thread"        [id=6956, stack(0x0000002d98d00000,0x0000002d98e00000) (1024K)]
  0x000001a256056ec0 WorkerThread "GC Thread#0"                     [id=9080, stack(0x0000002d98800000,0x0000002d98900000) (1024K)]
  0x000001a27abb2df0 WorkerThread "GC Thread#1"                     [id=6428, stack(0x0000002d99c00000,0x0000002d99d00000) (1024K)]
  0x000001a27a65ca00 WorkerThread "GC Thread#2"                     [id=11216, stack(0x0000002d99d00000,0x0000002d99e00000) (1024K)]
  0x000001a27ad14b70 WorkerThread "GC Thread#3"                     [id=13768, stack(0x0000002d99e00000,0x0000002d99f00000) (1024K)]
  0x000001a27b2c8680 WorkerThread "GC Thread#4"                     [id=11044, stack(0x0000002d99f00000,0x0000002d9a000000) (1024K)]
  0x000001a27a454240 WorkerThread "GC Thread#5"                     [id=8268, stack(0x0000002d9a000000,0x0000002d9a100000) (1024K)]
  0x000001a27c34e860 WorkerThread "GC Thread#6"                     [id=8652, stack(0x0000002d9a200000,0x0000002d9a300000) (1024K)]
  0x000001a27beb3670 WorkerThread "GC Thread#7"                     [id=2156, stack(0x0000002d9a300000,0x0000002d9a400000) (1024K)]
=>0x000001a27beb42a0 WorkerThread "GC Thread#8"                     [id=13388, stack(0x0000002d9a400000,0x0000002d9a500000) (1024K)]
  0x000001a256067d80 ConcurrentGCThread "G1 Main Marker"            [id=9480, stack(0x0000002d98900000,0x0000002d98a00000) (1024K)]
  0x000001a256068a40 WorkerThread "G1 Conc#0"                       [id=2660, stack(0x0000002d98a00000,0x0000002d98b00000) (1024K)]
  0x000001a275750bc0 ConcurrentGCThread "G1 Refine#0"               [id=1500, stack(0x0000002d98b00000,0x0000002d98c00000) (1024K)]
  0x000001a275753750 ConcurrentGCThread "G1 Service"                [id=16076, stack(0x0000002d98c00000,0x0000002d98d00000) (1024K)]
Total: 15

Threads with active compile tasks:
C2 CompilerThread0  2022 3150       4       java.util.HashSet::add (20 bytes)
C2 CompilerThread1  2022 2628       4       org.jacoco.agent.rt.internal_0e20598.asm.ClassReader::readCode (5117 bytes)
C2 CompilerThread2  2022 3184       4       org.jacoco.agent.rt.internal_0e20598.asm.ClassReader::accept (1419 bytes)
Total: 3

VM state: at safepoint (normal execution)

VM Mutex/Monitor currently owned by a thread:  ([mutex/lock_event])
[0x00007ff8c8afb8a0] Threads_lock - owner thread: 0x000001a27589e430
[0x00007ff8c8afb9a0] Heap_lock - owner thread: 0x000001a255feec20

Heap address: 0x0000000701200000, size: 4078 MB, Compressed Oops mode: Zero based, Oop shift amount: 3

CDS archive(s) mapped at: [0x000001a200000000-0x000001a200c80000-0x000001a200c80000), size 13107200, SharedBaseAddress: 0x000001a200000000, ArchiveRelocationMode: 1.
Compressed class space mapped at: 0x000001a201000000-0x000001a241000000, reserved size: 1073741824
Narrow klass base: 0x000001a200000000, Narrow klass shift: 0, Narrow klass range: 0x100000000

GC Precious Log:
 CardTable entry size: 512
 Card Set container configuration: InlinePtr #cards 4 size 8 Array Of Cards #cards 16 size 48 Howl #buckets 8 coarsen threshold 3686 Howl Bitmap #cards 512 size 80 coarsen threshold 460 Card regions per heap region 1 cards per card region 4096
 CPUs: 12 total, 12 available
 Memory: 16310M
 Large Page Support: Disabled
 NUMA Support: Disabled
 Compressed Oops: Enabled (Zero based)
 Heap Region Size: 2M
 Heap Min Capacity: 8M
 Heap Initial Capacity: 256M
 Heap Max Capacity: 4078M
 Pre-touch: Disabled
 Parallel Workers: 10
 Concurrent Workers: 3
 Concurrent Refinement Workers: 10
 Periodic GC: Disabled

Heap:
 garbage-first heap   total 262144K, used 163027K [0x0000000701200000, 0x0000000800000000)
  region size 2048K, 78 young (159744K), 3 survivors (6144K)
 Metaspace       used 16427K, committed 16704K, reserved 1114112K
  class space    used 2122K, committed 2240K, reserved 1048576K

Heap Regions: E=young(eden), S=young(survivor), O=old, HS=humongous(starts), HC=humongous(continues), CS=collection set, F=free, TAMS=top-at-mark-start, PB=parsable bottom
|   0|0x0000000701200000, 0x0000000701400000, 0x0000000701400000|100%| O|  |TAMS 0x0000000701200000| PB 0x0000000701200000| Untracked 
|   1|0x0000000701400000, 0x0000000701600000, 0x0000000701600000|100%| O|  |TAMS 0x0000000701400000| PB 0x0000000701400000| Untracked 
|   2|0x0000000701600000, 0x0000000701800000, 0x0000000701800000|100%| O|  |TAMS 0x0000000701600000| PB 0x0000000701600000| Untracked 
|   3|0x0000000701800000, 0x00000007019b12f0, 0x0000000701a00000| 84%| O|  |TAMS 0x0000000701800000| PB 0x0000000701800000| Untracked 
|   4|0x0000000701a00000, 0x0000000701a00000, 0x0000000701c00000|  0%| F|  |TAMS 0x0000000701a00000| PB 0x0000000701a00000| Untracked 
|   5|0x0000000701c00000, 0x0000000701c00000, 0x0000000701e00000|  0%| F|  |TAMS 0x0000000701c00000| PB 0x0000000701c00000| Untracked 
|   6|0x0000000701e00000, 0x0000000701e00000, 0x0000000702000000|  0%| F|  |TAMS 0x0000000701e00000| PB 0x0000000701e00000| Untracked 
|   7|0x0000000702000000, 0x0000000702000000, 0x0000000702200000|  0%| F|  |TAMS 0x0000000702000000| PB 0x0000000702000000| Untracked 
|   8|0x0000000702200000, 0x0000000702200000, 0x0000000702400000|  0%| F|  |TAMS 0x0000000702200000| PB 0x0000000702200000| Untracked 
|   9|0x0000000702400000, 0x0000000702400000, 0x0000000702600000|  0%| F|  |TAMS 0x0000000702400000| PB 0x0000000702400000| Untracked 
|  10|0x0000000702600000, 0x0000000702600000, 0x0000000702800000|  0%| F|  |TAMS 0x0000000702600000| PB 0x0000000702600000| Untracked 
|  11|0x0000000702800000, 0x0000000702800000, 0x0000000702a00000|  0%| F|  |TAMS 0x0000000702800000| PB 0x0000000702800000| Untracked 
|  12|0x0000000702a00000, 0x0000000702a00000, 0x0000000702c00000|  0%| F|  |TAMS 0x0000000702a00000| PB 0x0000000702a00000| Untracked 
|  13|0x0000000702c00000, 0x0000000702c00000, 0x0000000702e00000|  0%| F|  |TAMS 0x0000000702c00000| PB 0x0000000702c00000| Untracked 
|  14|0x0000000702e00000, 0x0000000702e00000, 0x0000000703000000|  0%| F|  |TAMS 0x0000000702e00000| PB 0x0000000702e00000| Untracked 
|  15|0x0000000703000000, 0x0000000703000000, 0x0000000703200000|  0%| F|  |TAMS 0x0000000703000000| PB 0x0000000703000000| Untracked 
|  16|0x0000000703200000, 0x0000000703200000, 0x0000000703400000|  0%| F|  |TAMS 0x0000000703200000| PB 0x0000000703200000| Untracked 
|  17|0x0000000703400000, 0x0000000703400000, 0x0000000703600000|  0%| F|  |TAMS 0x0000000703400000| PB 0x0000000703400000| Untracked 
|  18|0x0000000703600000, 0x0000000703600000, 0x0000000703800000|  0%| F|  |TAMS 0x0000000703600000| PB 0x0000000703600000| Untracked 
|  19|0x0000000703800000, 0x0000000703800000, 0x0000000703a00000|  0%| F|  |TAMS 0x0000000703800000| PB 0x0000000703800000| Untracked 
|  20|0x0000000703a00000, 0x0000000703a00000, 0x0000000703c00000|  0%| F|  |TAMS 0x0000000703a00000| PB 0x0000000703a00000| Untracked 
|  21|0x0000000703c00000, 0x0000000703c00000, 0x0000000703e00000|  0%| F|  |TAMS 0x0000000703c00000| PB 0x0000000703c00000| Untracked 
|  22|0x0000000703e00000, 0x0000000703e00000, 0x0000000704000000|  0%| F|  |TAMS 0x0000000703e00000| PB 0x0000000703e00000| Untracked 
|  23|0x0000000704000000, 0x0000000704000000, 0x0000000704200000|  0%| F|  |TAMS 0x0000000704000000| PB 0x0000000704000000| Untracked 
|  24|0x0000000704200000, 0x0000000704200000, 0x0000000704400000|  0%| F|  |TAMS 0x0000000704200000| PB 0x0000000704200000| Untracked 
|  25|0x0000000704400000, 0x0000000704400000, 0x0000000704600000|  0%| F|  |TAMS 0x0000000704400000| PB 0x0000000704400000| Untracked 
|  26|0x0000000704600000, 0x0000000704600000, 0x0000000704800000|  0%| F|  |TAMS 0x0000000704600000| PB 0x0000000704600000| Untracked 
|  27|0x0000000704800000, 0x0000000704800000, 0x0000000704a00000|  0%| F|  |TAMS 0x0000000704800000| PB 0x0000000704800000| Untracked 
|  28|0x0000000704a00000, 0x0000000704a00000, 0x0000000704c00000|  0%| F|  |TAMS 0x0000000704a00000| PB 0x0000000704a00000| Untracked 
|  29|0x0000000704c00000, 0x0000000704c00000, 0x0000000704e00000|  0%| F|  |TAMS 0x0000000704c00000| PB 0x0000000704c00000| Untracked 
|  30|0x0000000704e00000, 0x0000000704e00000, 0x0000000705000000|  0%| F|  |TAMS 0x0000000704e00000| PB 0x0000000704e00000| Untracked 
|  31|0x0000000705000000, 0x0000000705000000, 0x0000000705200000|  0%| F|  |TAMS 0x0000000705000000| PB 0x0000000705000000| Untracked 
|  32|0x0000000705200000, 0x0000000705200000, 0x0000000705400000|  0%| F|  |TAMS 0x0000000705200000| PB 0x0000000705200000| Untracked 
|  33|0x0000000705400000, 0x0000000705400000, 0x0000000705600000|  0%| F|  |TAMS 0x0000000705400000| PB 0x0000000705400000| Untracked 
|  34|0x0000000705600000, 0x0000000705600000, 0x0000000705800000|  0%| F|  |TAMS 0x0000000705600000| PB 0x0000000705600000| Untracked 
|  35|0x0000000705800000, 0x0000000705800000, 0x0000000705a00000|  0%| F|  |TAMS 0x0000000705800000| PB 0x0000000705800000| Untracked 
|  36|0x0000000705a00000, 0x0000000705a00000, 0x0000000705c00000|  0%| F|  |TAMS 0x0000000705a00000| PB 0x0000000705a00000| Untracked 
|  37|0x0000000705c00000, 0x0000000705c00000, 0x0000000705e00000|  0%| F|  |TAMS 0x0000000705c00000| PB 0x0000000705c00000| Untracked 
|  38|0x0000000705e00000, 0x0000000705e00000, 0x0000000706000000|  0%| F|  |TAMS 0x0000000705e00000| PB 0x0000000705e00000| Untracked 
|  39|0x0000000706000000, 0x0000000706000000, 0x0000000706200000|  0%| F|  |TAMS 0x0000000706000000| PB 0x0000000706000000| Untracked 
|  40|0x0000000706200000, 0x0000000706200000, 0x0000000706400000|  0%| F|  |TAMS 0x0000000706200000| PB 0x0000000706200000| Untracked 
|  41|0x0000000706400000, 0x0000000706400000, 0x0000000706600000|  0%| F|  |TAMS 0x0000000706400000| PB 0x0000000706400000| Untracked 
|  42|0x0000000706600000, 0x0000000706600000, 0x0000000706800000|  0%| F|  |TAMS 0x0000000706600000| PB 0x0000000706600000| Untracked 
|  43|0x0000000706800000, 0x0000000706800000, 0x0000000706a00000|  0%| F|  |TAMS 0x0000000706800000| PB 0x0000000706800000| Untracked 
|  44|0x0000000706a00000, 0x0000000706a00000, 0x0000000706c00000|  0%| F|  |TAMS 0x0000000706a00000| PB 0x0000000706a00000| Untracked 
|  45|0x0000000706c00000, 0x0000000706c00000, 0x0000000706e00000|  0%| F|  |TAMS 0x0000000706c00000| PB 0x0000000706c00000| Untracked 
|  46|0x0000000706e00000, 0x0000000706e00000, 0x0000000707000000|  0%| F|  |TAMS 0x0000000706e00000| PB 0x0000000706e00000| Untracked 
|  47|0x0000000707000000, 0x0000000707000000, 0x0000000707200000|  0%| F|  |TAMS 0x0000000707000000| PB 0x0000000707000000| Untracked 
|  48|0x0000000707200000, 0x0000000707200000, 0x0000000707400000|  0%| F|  |TAMS 0x0000000707200000| PB 0x0000000707200000| Untracked 
|  49|0x0000000707400000, 0x0000000707472a20, 0x0000000707600000| 22%| S|  |TAMS 0x0000000707400000| PB 0x0000000707400000| Complete 
|  50|0x0000000707600000, 0x0000000707800000, 0x0000000707800000|100%| S|  |TAMS 0x0000000707600000| PB 0x0000000707600000| Complete 
|  51|0x0000000707800000, 0x0000000707a00000, 0x0000000707a00000|100%| S|  |TAMS 0x0000000707800000| PB 0x0000000707800000| Complete 
|  52|0x0000000707a00000, 0x0000000707c00000, 0x0000000707c00000|100%| E|CS|TAMS 0x0000000707a00000| PB 0x0000000707a00000| Complete 
|  53|0x0000000707c00000, 0x0000000707e00000, 0x0000000707e00000|100%| E|CS|TAMS 0x0000000707c00000| PB 0x0000000707c00000| Complete 
|  54|0x0000000707e00000, 0x0000000708000000, 0x0000000708000000|100%| E|CS|TAMS 0x0000000707e00000| PB 0x0000000707e00000| Complete 
|  55|0x0000000708000000, 0x0000000708200000, 0x0000000708200000|100%| E|CS|TAMS 0x0000000708000000| PB 0x0000000708000000| Complete 
|  56|0x0000000708200000, 0x0000000708400000, 0x0000000708400000|100%| E|CS|TAMS 0x0000000708200000| PB 0x0000000708200000| Complete 
|  57|0x0000000708400000, 0x0000000708600000, 0x0000000708600000|100%| E|CS|TAMS 0x0000000708400000| PB 0x0000000708400000| Complete 
|  58|0x0000000708600000, 0x0000000708800000, 0x0000000708800000|100%| E|CS|TAMS 0x0000000708600000| PB 0x0000000708600000| Complete 
|  59|0x0000000708800000, 0x0000000708a00000, 0x0000000708a00000|100%| E|CS|TAMS 0x0000000708800000| PB 0x0000000708800000| Complete 
|  60|0x0000000708a00000, 0x0000000708c00000, 0x0000000708c00000|100%| E|CS|TAMS 0x0000000708a00000| PB 0x0000000708a00000| Complete 
|  61|0x0000000708c00000, 0x0000000708e00000, 0x0000000708e00000|100%| E|CS|TAMS 0x0000000708c00000| PB 0x0000000708c00000| Complete 
|  62|0x0000000708e00000, 0x0000000709000000, 0x0000000709000000|100%| E|CS|TAMS 0x0000000708e00000| PB 0x0000000708e00000| Complete 
|  63|0x0000000709000000, 0x0000000709200000, 0x0000000709200000|100%| E|CS|TAMS 0x0000000709000000| PB 0x0000000709000000| Complete 
|  64|0x0000000709200000, 0x0000000709400000, 0x0000000709400000|100%| E|CS|TAMS 0x0000000709200000| PB 0x0000000709200000| Complete 
|  65|0x0000000709400000, 0x0000000709600000, 0x0000000709600000|100%| E|CS|TAMS 0x0000000709400000| PB 0x0000000709400000| Complete 
|  66|0x0000000709600000, 0x0000000709800000, 0x0000000709800000|100%| E|CS|TAMS 0x0000000709600000| PB 0x0000000709600000| Complete 
|  67|0x0000000709800000, 0x0000000709a00000, 0x0000000709a00000|100%| E|CS|TAMS 0x0000000709800000| PB 0x0000000709800000| Complete 
|  68|0x0000000709a00000, 0x0000000709c00000, 0x0000000709c00000|100%| E|CS|TAMS 0x0000000709a00000| PB 0x0000000709a00000| Complete 
|  69|0x0000000709c00000, 0x0000000709e00000, 0x0000000709e00000|100%| E|CS|TAMS 0x0000000709c00000| PB 0x0000000709c00000| Complete 
|  70|0x0000000709e00000, 0x000000070a000000, 0x000000070a000000|100%| E|CS|TAMS 0x0000000709e00000| PB 0x0000000709e00000| Complete 
|  71|0x000000070a000000, 0x000000070a200000, 0x000000070a200000|100%| E|CS|TAMS 0x000000070a000000| PB 0x000000070a000000| Complete 
|  72|0x000000070a200000, 0x000000070a400000, 0x000000070a400000|100%| E|CS|TAMS 0x000000070a200000| PB 0x000000070a200000| Complete 
|  73|0x000000070a400000, 0x000000070a600000, 0x000000070a600000|100%| E|CS|TAMS 0x000000070a400000| PB 0x000000070a400000| Complete 
|  74|0x000000070a600000, 0x000000070a800000, 0x000000070a800000|100%| E|CS|TAMS 0x000000070a600000| PB 0x000000070a600000| Complete 
|  75|0x000000070a800000, 0x000000070aa00000, 0x000000070aa00000|100%| E|CS|TAMS 0x000000070a800000| PB 0x000000070a800000| Complete 
|  76|0x000000070aa00000, 0x000000070ac00000, 0x000000070ac00000|100%| E|CS|TAMS 0x000000070aa00000| PB 0x000000070aa00000| Complete 
|  77|0x000000070ac00000, 0x000000070ae00000, 0x000000070ae00000|100%| E|CS|TAMS 0x000000070ac00000| PB 0x000000070ac00000| Complete 
|  78|0x000000070ae00000, 0x000000070b000000, 0x000000070b000000|100%| E|CS|TAMS 0x000000070ae00000| PB 0x000000070ae00000| Complete 
|  79|0x000000070b000000, 0x000000070b200000, 0x000000070b200000|100%| E|CS|TAMS 0x000000070b000000| PB 0x000000070b000000| Complete 
|  80|0x000000070b200000, 0x000000070b400000, 0x000000070b400000|100%| E|CS|TAMS 0x000000070b200000| PB 0x000000070b200000| Complete 
|  81|0x000000070b400000, 0x000000070b600000, 0x000000070b600000|100%| E|CS|TAMS 0x000000070b400000| PB 0x000000070b400000| Complete 
|  82|0x000000070b600000, 0x000000070b800000, 0x000000070b800000|100%| E|CS|TAMS 0x000000070b600000| PB 0x000000070b600000| Complete 
|  83|0x000000070b800000, 0x000000070ba00000, 0x000000070ba00000|100%| E|CS|TAMS 0x000000070b800000| PB 0x000000070b800000| Complete 
|  84|0x000000070ba00000, 0x000000070bc00000, 0x000000070bc00000|100%| E|CS|TAMS 0x000000070ba00000| PB 0x000000070ba00000| Complete 
|  85|0x000000070bc00000, 0x000000070be00000, 0x000000070be00000|100%| E|CS|TAMS 0x000000070bc00000| PB 0x000000070bc00000| Complete 
|  86|0x000000070be00000, 0x000000070c000000, 0x000000070c000000|100%| E|CS|TAMS 0x000000070be00000| PB 0x000000070be00000| Complete 
|  87|0x000000070c000000, 0x000000070c200000, 0x000000070c200000|100%| E|CS|TAMS 0x000000070c000000| PB 0x000000070c000000| Complete 
|  88|0x000000070c200000, 0x000000070c400000, 0x000000070c400000|100%| E|CS|TAMS 0x000000070c200000| PB 0x000000070c200000| Complete 
|  89|0x000000070c400000, 0x000000070c600000, 0x000000070c600000|100%| E|CS|TAMS 0x000000070c400000| PB 0x000000070c400000| Complete 
|  90|0x000000070c600000, 0x000000070c800000, 0x000000070c800000|100%| E|CS|TAMS 0x000000070c600000| PB 0x000000070c600000| Complete 
|  91|0x000000070c800000, 0x000000070ca00000, 0x000000070ca00000|100%| E|CS|TAMS 0x000000070c800000| PB 0x000000070c800000| Complete 
|  92|0x000000070ca00000, 0x000000070cc00000, 0x000000070cc00000|100%| E|CS|TAMS 0x000000070ca00000| PB 0x000000070ca00000| Complete 
|  93|0x000000070cc00000, 0x000000070ce00000, 0x000000070ce00000|100%| E|CS|TAMS 0x000000070cc00000| PB 0x000000070cc00000| Complete 
|  94|0x000000070ce00000, 0x000000070d000000, 0x000000070d000000|100%| E|CS|TAMS 0x000000070ce00000| PB 0x000000070ce00000| Complete 
|  95|0x000000070d000000, 0x000000070d200000, 0x000000070d200000|100%| E|CS|TAMS 0x000000070d000000| PB 0x000000070d000000| Complete 
|  96|0x000000070d200000, 0x000000070d400000, 0x000000070d400000|100%| E|CS|TAMS 0x000000070d200000| PB 0x000000070d200000| Complete 
|  97|0x000000070d400000, 0x000000070d600000, 0x000000070d600000|100%| E|CS|TAMS 0x000000070d400000| PB 0x000000070d400000| Complete 
|  98|0x000000070d600000, 0x000000070d800000, 0x000000070d800000|100%| E|CS|TAMS 0x000000070d600000| PB 0x000000070d600000| Complete 
|  99|0x000000070d800000, 0x000000070da00000, 0x000000070da00000|100%| E|CS|TAMS 0x000000070d800000| PB 0x000000070d800000| Complete 
| 100|0x000000070da00000, 0x000000070dc00000, 0x000000070dc00000|100%| E|CS|TAMS 0x000000070da00000| PB 0x000000070da00000| Complete 
| 101|0x000000070dc00000, 0x000000070de00000, 0x000000070de00000|100%| E|CS|TAMS 0x000000070dc00000| PB 0x000000070dc00000| Complete 
| 102|0x000000070de00000, 0x000000070e000000, 0x000000070e000000|100%| E|CS|TAMS 0x000000070de00000| PB 0x000000070de00000| Complete 
| 103|0x000000070e000000, 0x000000070e200000, 0x000000070e200000|100%| E|CS|TAMS 0x000000070e000000| PB 0x000000070e000000| Complete 
| 104|0x000000070e200000, 0x000000070e400000, 0x000000070e400000|100%| E|CS|TAMS 0x000000070e200000| PB 0x000000070e200000| Complete 
| 105|0x000000070e400000, 0x000000070e600000, 0x000000070e600000|100%| E|CS|TAMS 0x000000070e400000| PB 0x000000070e400000| Complete 
| 106|0x000000070e600000, 0x000000070e800000, 0x000000070e800000|100%| E|CS|TAMS 0x000000070e600000| PB 0x000000070e600000| Complete 
| 107|0x000000070e800000, 0x000000070ea00000, 0x000000070ea00000|100%| E|CS|TAMS 0x000000070e800000| PB 0x000000070e800000| Complete 
| 108|0x000000070ea00000, 0x000000070ec00000, 0x000000070ec00000|100%| E|CS|TAMS 0x000000070ea00000| PB 0x000000070ea00000| Complete 
| 109|0x000000070ec00000, 0x000000070ee00000, 0x000000070ee00000|100%| E|CS|TAMS 0x000000070ec00000| PB 0x000000070ec00000| Complete 
| 110|0x000000070ee00000, 0x000000070f000000, 0x000000070f000000|100%| E|CS|TAMS 0x000000070ee00000| PB 0x000000070ee00000| Complete 
| 111|0x000000070f000000, 0x000000070f200000, 0x000000070f200000|100%| E|CS|TAMS 0x000000070f000000| PB 0x000000070f000000| Complete 
| 112|0x000000070f200000, 0x000000070f3839d0, 0x000000070f400000| 75%| E|CS|TAMS 0x000000070f200000| PB 0x000000070f200000| Complete 
| 113|0x000000070f400000, 0x000000070f600000, 0x000000070f600000|100%| E|CS|TAMS 0x000000070f400000| PB 0x000000070f400000| Complete 
| 114|0x000000070f600000, 0x000000070f800000, 0x000000070f800000|100%| E|CS|TAMS 0x000000070f600000| PB 0x000000070f600000| Complete 
| 115|0x000000070f800000, 0x000000070fa00000, 0x000000070fa00000|100%| E|CS|TAMS 0x000000070f800000| PB 0x000000070f800000| Complete 
| 116|0x000000070fa00000, 0x000000070fc00000, 0x000000070fc00000|100%| E|CS|TAMS 0x000000070fa00000| PB 0x000000070fa00000| Complete 
| 117|0x000000070fc00000, 0x000000070fe00000, 0x000000070fe00000|100%| E|CS|TAMS 0x000000070fc00000| PB 0x000000070fc00000| Complete 
| 118|0x000000070fe00000, 0x0000000710000000, 0x0000000710000000|100%| E|CS|TAMS 0x000000070fe00000| PB 0x000000070fe00000| Complete 
| 119|0x0000000710000000, 0x0000000710200000, 0x0000000710200000|100%| E|CS|TAMS 0x0000000710000000| PB 0x0000000710000000| Complete 
| 120|0x0000000710200000, 0x0000000710400000, 0x0000000710400000|100%| E|CS|TAMS 0x0000000710200000| PB 0x0000000710200000| Complete 
| 121|0x0000000710400000, 0x0000000710600000, 0x0000000710600000|100%| E|CS|TAMS 0x0000000710400000| PB 0x0000000710400000| Complete 
| 122|0x0000000710600000, 0x0000000710800000, 0x0000000710800000|100%| E|CS|TAMS 0x0000000710600000| PB 0x0000000710600000| Complete 
| 123|0x0000000710800000, 0x0000000710a00000, 0x0000000710a00000|100%| E|CS|TAMS 0x0000000710800000| PB 0x0000000710800000| Complete 
| 124|0x0000000710a00000, 0x0000000710c00000, 0x0000000710c00000|100%| E|CS|TAMS 0x0000000710a00000| PB 0x0000000710a00000| Complete 
| 125|0x0000000710c00000, 0x0000000710e00000, 0x0000000710e00000|100%| E|CS|TAMS 0x0000000710c00000| PB 0x0000000710c00000| Complete 
| 126|0x0000000710e00000, 0x0000000711000000, 0x0000000711000000|100%| E|CS|TAMS 0x0000000710e00000| PB 0x0000000710e00000| Complete 
| 127|0x0000000711000000, 0x0000000711200000, 0x0000000711200000|100%| E|CS|TAMS 0x0000000711000000| PB 0x0000000711000000| Complete 

Card table byte_map: [0x000001a26e470000,0x000001a26ec70000] _byte_map_base: 0x000001a26ac67000

Marking Bits: (CMBitMap*) 0x000001a2560575d0
 Bits: [0x000001a26ec70000, 0x000001a272c28000)

Polling page: 0x000001a253ff0000

Metaspace:

Usage:
  Non-class:     13.97 MB used.
      Class:      2.07 MB used.
       Both:     16.04 MB used.

Virtual space:
  Non-class space:       64.00 MB reserved,      14.12 MB ( 22%) committed,  1 nodes.
      Class space:        1.00 GB reserved,       2.19 MB ( <1%) committed,  1 nodes.
             Both:        1.06 GB reserved,      16.31 MB (  1%) committed. 

Chunk freelists:
   Non-Class:  1.48 MB
       Class:  13.81 MB
        Both:  15.30 MB

MaxMetaspaceSize: unlimited
CompressedClassSpaceSize: 1.00 GB
Initial GC threshold: 21.00 MB
Current GC threshold: 21.00 MB
CDS: on
 - commit_granule_bytes: 65536.
 - commit_granule_words: 8192.
 - virtual_space_node_default_size: 8388608.
 - enlarge_chunks_in_place: 1.
 - use_allocation_guard: 0.


Internal statistics:

num_allocs_failed_limit: 0.
num_arena_births: 280.
num_arena_deaths: 0.
num_vsnodes_births: 2.
num_vsnodes_deaths: 0.
num_space_committed: 261.
num_space_uncommitted: 0.
num_chunks_returned_to_freelist: 0.
num_chunks_taken_from_freelist: 818.
num_chunk_merges: 0.
num_chunk_splits: 544.
num_chunks_enlarged: 415.
num_inconsistent_stats: 0.

CodeHeap 'non-profiled nmethods': size=120000Kb used=1886Kb max_used=1886Kb free=118114Kb
 bounds [0x000001a2661f0000, 0x000001a266460000, 0x000001a26d720000]
CodeHeap 'profiled nmethods': size=120000Kb used=6749Kb max_used=6749Kb free=113250Kb
 bounds [0x000001a25e720000, 0x000001a25edc0000, 0x000001a265c50000]
CodeHeap 'non-nmethods': size=5760Kb used=1358Kb max_used=1445Kb free=4401Kb
 bounds [0x000001a265c50000, 0x000001a265ec0000, 0x000001a2661f0000]
CodeCache: size=245760Kb, used=9993Kb, max_used=10080Kb, free=235765Kb
 total_blobs=3688, nmethods=3173, adapters=418, full_count=0
Compilation: enabled, stopped_count=0, restarted_count=0

Compilation events (20 events):
Event: 1.966 Thread 0x000001a275bb9810 nmethod 3133 0x000001a2663bdc10 code [0x000001a2663bde60, 0x000001a2663bf158]
Event: 1.967 Thread 0x000001a275bb9810 3174       4       java.util.ArrayList::set (24 bytes)
Event: 1.968 Thread 0x000001a275bb9810 nmethod 3174 0x000001a2663bf790 code [0x000001a2663bf920, 0x000001a2663bfb98]
Event: 1.968 Thread 0x000001a275bb9810 3177       4       org.jacoco.agent.rt.internal_0e20598.asm.commons.JSRInlinerAdapter::visitJumpInsn (59 bytes)
Event: 1.970 Thread 0x000001a2759003c0 nmethod 3132 0x000001a2663bfd10 code [0x000001a2663bffe0, 0x000001a2663c24f0]
Event: 1.971 Thread 0x000001a2759003c0 3178       4       org.jacoco.agent.rt.internal_0e20598.asm.tree.MethodNode::visitJumpInsn (21 bytes)
Event: 1.974 Thread 0x000001a275bb9810 nmethod 3177 0x000001a2663c2e90 code [0x000001a2663c3080, 0x000001a2663c3b70]
Event: 1.975 Thread 0x000001a275bb9810 3179       4       org.jacoco.agent.rt.internal_0e20598.core.internal.flow.LabelFlowAnalyzer::visitJumpInsn (43 bytes)
Event: 1.977 Thread 0x000001a275bb9810 nmethod 3179 0x000001a2663c3e90 code [0x000001a2663c4040, 0x000001a2663c4300]
Event: 1.977 Thread 0x000001a275bb9810 3180       4       org.jacoco.agent.rt.internal_0e20598.core.internal.flow.MethodProbesAdapter::visitJumpInsn (47 bytes)
Event: 1.977 Thread 0x000001a2759003c0 nmethod 3178 0x000001a2663c4490 code [0x000001a2663c4660, 0x000001a2663c5090]
Event: 1.977 Thread 0x000001a2759003c0 3181       4       org.jacoco.agent.rt.internal_0e20598.asm.commons.AnalyzerAdapter::visitJumpInsn (31 bytes)
Event: 1.978 Thread 0x000001a2759003c0 nmethod 3181 0x000001a2663c5310 code [0x000001a2663c54a0, 0x000001a2663c5668]
Event: 1.978 Thread 0x000001a2759003c0 3150       4       java.util.HashSet::add (20 bytes)
Event: 1.978 Thread 0x000001a2758cf0d0 3182       3       java.util.concurrent.locks.AbstractQueuedSynchronizer::<init> (5 bytes)
Event: 1.978 Thread 0x000001a2758cf0d0 nmethod 3182 0x000001a25edb6d90 code [0x000001a25edb6f40, 0x000001a25edb7108]
Event: 1.978 Thread 0x000001a2758cf0d0 3183       3       java.util.concurrent.locks.AbstractOwnableSynchronizer::<init> (5 bytes)
Event: 1.978 Thread 0x000001a2758cf0d0 nmethod 3183 0x000001a25edb7210 code [0x000001a25edb73c0, 0x000001a25edb7528]
Event: 1.986 Thread 0x000001a275bb9810 nmethod 3180 0x000001a2663c5790 code [0x000001a2663c5c80, 0x000001a2663c6d30]
Event: 1.986 Thread 0x000001a275bb9810 3184       4       org.jacoco.agent.rt.internal_0e20598.asm.ClassReader::accept (1419 bytes)

GC Heap History (5 events):
Event: 0.371 GC heap before
{Heap before GC invocations=0 (full 0):
 garbage-first heap   total 262144K, used 20480K [0x0000000701200000, 0x0000000800000000)
  region size 2048K, 11 young (22528K), 0 survivors (0K)
 Metaspace       used 3315K, committed 3456K, reserved 1114112K
  class space    used 305K, committed 384K, reserved 1048576K
}
Event: 0.374 GC heap after
{Heap after GC invocations=1 (full 0):
 garbage-first heap   total 262144K, used 8105K [0x0000000701200000, 0x0000000800000000)
  region size 2048K, 2 young (4096K), 2 survivors (4096K)
 Metaspace       used 3315K, committed 3456K, reserved 1114112K
  class space    used 305K, committed 384K, reserved 1048576K
}
Event: 0.603 GC heap before
{Heap before GC invocations=1 (full 0):
 garbage-first heap   total 262144K, used 34729K [0x0000000701200000, 0x0000000800000000)
  region size 2048K, 15 young (30720K), 2 survivors (4096K)
 Metaspace       used 5221K, committed 5440K, reserved 1114112K
  class space    used 467K, committed 576K, reserved 1048576K
}
Event: 0.606 GC heap after
{Heap after GC invocations=2 (full 0):
 garbage-first heap   total 262144K, used 9427K [0x0000000701200000, 0x0000000800000000)
  region size 2048K, 1 young (2048K), 1 survivors (2048K)
 Metaspace       used 5221K, committed 5440K, reserved 1114112K
  class space    used 467K, committed 576K, reserved 1048576K
}
Event: 1.990 GC heap before
{Heap before GC invocations=2 (full 0):
 garbage-first heap   total 262144K, used 163027K [0x0000000701200000, 0x0000000800000000)
  region size 2048K, 76 young (155648K), 1 survivors (2048K)
 Metaspace       used 16427K, committed 16704K, reserved 1114112K
  class space    used 2122K, committed 2240K, reserved 1048576K
}

Dll operation events (12 events):
Event: 0.005 Loaded shared library C:\Program Files\Microsoft\jdk-21.0.10.7-hotspot\bin\java.dll
Event: 0.027 Loaded shared library C:\Program Files\Microsoft\jdk-21.0.10.7-hotspot\bin\jsvml.dll
Event: 0.053 Loaded shared library C:\Program Files\Microsoft\jdk-21.0.10.7-hotspot\bin\zip.dll
Event: 0.056 Loaded shared library C:\Program Files\Microsoft\jdk-21.0.10.7-hotspot\bin\instrument.dll
Event: 0.058 Loaded shared library C:\Program Files\Microsoft\jdk-21.0.10.7-hotspot\bin\net.dll
Event: 0.060 Loaded shared library C:\Program Files\Microsoft\jdk-21.0.10.7-hotspot\bin\nio.dll
Event: 0.062 Loaded shared library C:\Program Files\Microsoft\jdk-21.0.10.7-hotspot\bin\zip.dll
Event: 0.144 Loaded shared library C:\Program Files\Microsoft\jdk-21.0.10.7-hotspot\bin\verify.dll
Event: 0.163 Loaded shared library C:\Program Files\Microsoft\jdk-21.0.10.7-hotspot\bin\jimage.dll
Event: 0.334 Loaded shared library C:\Program Files\Microsoft\jdk-21.0.10.7-hotspot\bin\management.dll
Event: 0.337 Loaded shared library C:\Program Files\Microsoft\jdk-21.0.10.7-hotspot\bin\management_ext.dll
Event: 1.185 Loaded shared library C:\Program Files\Microsoft\jdk-21.0.10.7-hotspot\bin\instrument.dll

Deoptimization events (20 events):
Event: 1.747 Thread 0x000001a255feec20 Uncommon trap: trap_request=0xffffff6e fr.pc=0x000001a26637bc1c relative=0x000000000000699c
Event: 1.747 Thread 0x000001a255feec20 Uncommon trap: reason=loop_limit_check action=maybe_recompile pc=0x000001a26637bc1c method=org.jacoco.agent.rt.internal_0e20598.core.internal.flow.LabelFlowAnalyzer.markLabels(Lorg/jacoco/agent/rt/internal_0e20598/asm/tree/MethodNode;)V @ 22 c2
Event: 1.747 Thread 0x000001a255feec20 DEOPT PACKING pc=0x000001a26637bc1c sp=0x0000002d987f6e00
Event: 1.747 Thread 0x000001a255feec20 DEOPT UNPACKING pc=0x000001a265ca4422 sp=0x0000002d987f6cd8 mode 2
Event: 1.906 Thread 0x000001a255feec20 Uncommon trap: trap_request=0xffffffde fr.pc=0x000001a2663b445c relative=0x000000000000013c
Event: 1.906 Thread 0x000001a255feec20 Uncommon trap: reason=class_check action=maybe_recompile pc=0x000001a2663b445c method=jdk.internal.misc.Unsafe.allocateUninitializedArray(Ljava/lang/Class;I)Ljava/lang/Object; @ 51 c2
Event: 1.906 Thread 0x000001a255feec20 DEOPT PACKING pc=0x000001a2663b445c sp=0x0000002d987f9b00
Event: 1.906 Thread 0x000001a255feec20 DEOPT UNPACKING pc=0x000001a265ca4422 sp=0x0000002d987f9a78 mode 2
Event: 1.906 Thread 0x000001a255feec20 Uncommon trap: trap_request=0xffffffde fr.pc=0x000001a2663b445c relative=0x000000000000013c
Event: 1.906 Thread 0x000001a255feec20 Uncommon trap: reason=class_check action=maybe_recompile pc=0x000001a2663b445c method=jdk.internal.misc.Unsafe.allocateUninitializedArray(Ljava/lang/Class;I)Ljava/lang/Object; @ 51 c2
Event: 1.906 Thread 0x000001a255feec20 DEOPT PACKING pc=0x000001a2663b445c sp=0x0000002d987f95b0
Event: 1.906 Thread 0x000001a255feec20 DEOPT UNPACKING pc=0x000001a265ca4422 sp=0x0000002d987f9528 mode 2
Event: 1.906 Thread 0x000001a255feec20 Uncommon trap: trap_request=0xffffffde fr.pc=0x000001a2663b445c relative=0x000000000000013c
Event: 1.906 Thread 0x000001a255feec20 Uncommon trap: reason=class_check action=maybe_recompile pc=0x000001a2663b445c method=jdk.internal.misc.Unsafe.allocateUninitializedArray(Ljava/lang/Class;I)Ljava/lang/Object; @ 51 c2
Event: 1.906 Thread 0x000001a255feec20 DEOPT PACKING pc=0x000001a2663b445c sp=0x0000002d987f95b0
Event: 1.906 Thread 0x000001a255feec20 DEOPT UNPACKING pc=0x000001a265ca4422 sp=0x0000002d987f9528 mode 2
Event: 1.906 Thread 0x000001a255feec20 Uncommon trap: trap_request=0xffffffde fr.pc=0x000001a2663b445c relative=0x000000000000013c
Event: 1.906 Thread 0x000001a255feec20 Uncommon trap: reason=class_check action=maybe_recompile pc=0x000001a2663b445c method=jdk.internal.misc.Unsafe.allocateUninitializedArray(Ljava/lang/Class;I)Ljava/lang/Object; @ 51 c2
Event: 1.906 Thread 0x000001a255feec20 DEOPT PACKING pc=0x000001a2663b445c sp=0x0000002d987f96c0
Event: 1.906 Thread 0x000001a255feec20 DEOPT UNPACKING pc=0x000001a265ca4422 sp=0x0000002d987f9638 mode 2

Classes loaded (20 events):
Event: 1.986 Loading class org/objenesis/strategy/BaseInstantiatorStrategy
Event: 1.986 Loading class org/objenesis/strategy/BaseInstantiatorStrategy done
Event: 1.986 Loading class org/objenesis/instantiator/ObjectInstantiator
Event: 1.986 Loading class org/objenesis/instantiator/ObjectInstantiator done
Event: 1.987 Loading class org/mockito/Answers
Event: 1.987 Loading class org/mockito/Answers done
Event: 1.987 Loading class org/mockito/internal/stubbing/defaultanswers/GloballyConfiguredAnswer
Event: 1.987 Loading class org/mockito/internal/stubbing/defaultanswers/GloballyConfiguredAnswer done
Event: 1.988 Loading class org/mockito/internal/stubbing/defaultanswers/ReturnsSmartNulls
Event: 1.988 Loading class org/mockito/internal/stubbing/defaultanswers/ReturnsSmartNulls done
Event: 1.988 Loading class org/mockito/internal/stubbing/defaultanswers/RetrieveGenericsForDefaultAnswers$AnswerCallback
Event: 1.988 Loading class org/mockito/internal/stubbing/defaultanswers/RetrieveGenericsForDefaultAnswers$AnswerCallback done
Event: 1.988 Loading class org/mockito/internal/stubbing/defaultanswers/ReturnsMoreEmptyValues
Event: 1.988 Loading class org/mockito/internal/stubbing/defaultanswers/ReturnsMoreEmptyValues done
Event: 1.989 Loading class org/mockito/internal/stubbing/defaultanswers/ReturnsEmptyValues
Event: 1.989 Loading class org/mockito/internal/stubbing/defaultanswers/ReturnsEmptyValues done
Event: 1.989 Loading class org/mockito/internal/stubbing/defaultanswers/ReturnsMocks
Event: 1.989 Loading class org/mockito/internal/stubbing/defaultanswers/ReturnsMocks done
Event: 1.990 Loading class org/mockito/internal/stubbing/defaultanswers/ReturnsDeepStubs
Event: 1.990 Loading class org/mockito/internal/stubbing/defaultanswers/ReturnsDeepStubs done

Classes unloaded (0 events):
No events

Classes redefined (0 events):
No events

Internal exceptions (20 events):
Event: 1.009 Thread 0x000001a255feec20 Exception <a 'java/lang/NoSuchMethodError'{0x000000070e7d0640}: 'long java.lang.invoke.DirectMethodHandle$Holder.invokeInterface(java.lang.Object, java.lang.Object)'> (0x000000070e7d0640) 
thrown [s\src\hotspot\share\interpreter\linkResolver.cpp, line 773]
Event: 1.010 Thread 0x000001a255feec20 Exception <a 'java/lang/NoSuchMethodError'{0x000000070e7d4c70}: 'long java.lang.invoke.DelegatingMethodHandle$Holder.reinvoke_L(java.lang.Object, java.lang.Object)'> (0x000000070e7d4c70) 
thrown [s\src\hotspot\share\interpreter\linkResolver.cpp, line 773]
Event: 1.024 Thread 0x000001a255feec20 Exception <a 'java/lang/NoSuchMethodError'{0x000000070e496d50}: 'void java.lang.invoke.DirectMethodHandle$Holder.invokeStatic(java.lang.Object, long)'> (0x000000070e496d50) 
thrown [s\src\hotspot\share\interpreter\linkResolver.cpp, line 773]
Event: 1.225 Thread 0x000001a255feec20 Exception <a 'java/lang/NoSuchMethodError'{0x000000070e5b4440}: 'java.lang.Object java.lang.invoke.DirectMethodHandle$Holder.invokeStaticInit(java.lang.Object, int, int, int, int)'> (0x000000070e5b4440) 
thrown [s\src\hotspot\share\interpreter\linkResolver.cpp, line 773]
Event: 1.245 Thread 0x000001a255feec20 Exception <a 'java/lang/NoSuchMethodError'{0x000000070e296510}: 'java.lang.Object java.lang.invoke.DirectMethodHandle$Holder.invokeStaticInit(java.lang.Object, java.lang.Object, int, int, int, int)'> (0x000000070e296510) 
thrown [s\src\hotspot\share\interpreter\linkResolver.cpp, line 773]
Event: 1.261 Thread 0x000001a255feec20 Exception <a 'java/lang/NoSuchMethodError'{0x000000070e348790}: 'java.lang.Object java.lang.invoke.DirectMethodHandle$Holder.invokeStatic(java.lang.Object, int, java.lang.Object)'> (0x000000070e348790) 
thrown [s\src\hotspot\share\interpreter\linkResolver.cpp, line 773]
Event: 1.323 Thread 0x000001a255feec20 Implicit null exception at 0x000001a2662a30e5 to 0x000001a2662a32c0
Event: 1.577 Thread 0x000001a255feec20 Exception <a 'java/lang/NoSuchMethodError'{0x000000070b0055b0}: method resolution failed> (0x000000070b0055b0) 
thrown [s\src\hotspot\share\prims\methodHandles.cpp, line 1136]
Event: 1.580 Thread 0x000001a255feec20 Exception <a 'java/lang/NoSuchMethodError'{0x000000070b043df8}: 'java.lang.Class java.lang.Class.getNestHost(java.lang.Class)'> (0x000000070b043df8) 
thrown [s\src\hotspot\share\interpreter\linkResolver.cpp, line 773]
Event: 1.580 Thread 0x000001a255feec20 Exception <a 'java/lang/NoSuchMethodError'{0x000000070b046220}: 'java.lang.Class[] java.lang.Class.getNestMembers(java.lang.Class)'> (0x000000070b046220) 
thrown [s\src\hotspot\share\interpreter\linkResolver.cpp, line 773]
Event: 1.739 Thread 0x000001a255feec20 Exception <a 'java/lang/NoSuchMethodError'{0x0000000709ae6f60}: 'long java.lang.invoke.DirectMethodHandle$Holder.invokeStatic(java.lang.Object, java.lang.Object, int)'> (0x0000000709ae6f60) 
thrown [s\src\hotspot\share\interpreter\linkResolver.cpp, line 773]
Event: 1.741 Thread 0x000001a255feec20 Exception <a 'java/lang/NoSuchMethodError'{0x0000000709afcaa0}: 'java.lang.Object java.lang.invoke.DirectMethodHandle$Holder.invokeStatic(java.lang.Object, java.lang.Object, java.lang.Object, java.lang.Object, int)'> (0x0000000709afcaa0) 
thrown [s\src\hotspot\share\interpreter\linkResolver.cpp, line 773]
Event: 1.741 Thread 0x000001a255feec20 Exception <a 'java/lang/NoSuchMethodError'{0x0000000709b04d70}: 'int java.lang.invoke.DirectMethodHandle$Holder.invokeSpecial(java.lang.Object, java.lang.Object, java.lang.Object, int)'> (0x0000000709b04d70) 
thrown [s\src\hotspot\share\interpreter\linkResolver.cpp, line 773]
Event: 1.742 Thread 0x000001a255feec20 Exception <a 'java/lang/NoSuchMethodError'{0x0000000709b0f830}: 'void java.lang.invoke.DelegatingMethodHandle$Holder.reinvoke_L(java.lang.Object, java.lang.Object, java.lang.Object, long, int)'> (0x0000000709b0f830) 
thrown [s\src\hotspot\share\interpreter\linkResolver.cpp, line 773]
Event: 1.748 Thread 0x000001a255feec20 Exception <a 'java/lang/NoSuchMethodError'{0x0000000709b8af90}: 'int java.lang.invoke.DirectMethodHandle$Holder.invokeStaticInit(java.lang.Object, java.lang.Object, java.lang.Object, java.lang.Object)'> (0x0000000709b8af90) 
thrown [s\src\hotspot\share\interpreter\linkResolver.cpp, line 773]
Event: 1.748 Thread 0x000001a255feec20 Exception <a 'java/lang/IncompatibleClassChangeError'{0x0000000709b93898}: Found class java.lang.Object, but interface was expected> (0x0000000709b93898) 
thrown [s\src\hotspot\share\interpreter\linkResolver.cpp, line 840]
Event: 1.749 Thread 0x000001a255feec20 Exception <a 'java/lang/NoSuchMethodError'{0x0000000709b965e8}: 'void java.lang.invoke.DirectMethodHandle$Holder.invokeStaticInit(java.lang.Object, java.lang.Object)'> (0x0000000709b965e8) 
thrown [s\src\hotspot\share\interpreter\linkResolver.cpp, line 773]
Event: 1.816 Thread 0x000001a255feec20 Exception <a 'java/lang/ClassNotFoundException'{0x000000070906c5b8}: java/lang/ClassLoader$ByteBuddyAccessor$V1> (0x000000070906c5b8) 
thrown [s\src\hotspot\share\classfile\systemDictionary.cpp, line 312]
Event: 1.816 Thread 0x000001a255feec20 Exception <a 'java/lang/NoSuchMethodError'{0x0000000709075ab8}: 'java.lang.Object java.lang.invoke.DelegatingMethodHandle$Holder.reinvoke_L(java.lang.Object, java.lang.Object, java.lang.Object, java.lang.Object, int, int, java.lang.Object, java.lang.Object)'> (0x0000000709075ab8) 
thrown [s\src\hotspot\share\interpreter\linkResolver.cpp, line 773]
Event: 1.873 Thread 0x000001a255feec20 Exception <a 'java/lang/NoSuchMethodError'{0x0000000708b150f8}: 'int java.lang.invoke.DirectMethodHandle$Holder.invokeInterface(java.lang.Object, java.lang.Object)'> (0x0000000708b150f8) 
thrown [s\src\hotspot\share\interpreter\linkResolver.cpp, line 773]

ZGC Phase Switch (0 events):
No events

VM Operations (20 events):
Event: 0.868 Executing non-safepoint VM operation: HandshakeAllThreads (Deoptimize) done
Event: 0.946 Executing non-safepoint VM operation: HandshakeAllThreads (Deoptimize)
Event: 0.946 Executing non-safepoint VM operation: HandshakeAllThreads (Deoptimize) done
Event: 1.018 Executing non-safepoint VM operation: HandshakeAllThreads (Deoptimize)
Event: 1.018 Executing non-safepoint VM operation: HandshakeAllThreads (Deoptimize) done
Event: 1.020 Executing safepoint VM operation: ICBufferFull
Event: 1.020 Executing safepoint VM operation: ICBufferFull done
Event: 1.209 Executing non-safepoint VM operation: HandshakeAllThreads (Deoptimize)
Event: 1.209 Executing non-safepoint VM operation: HandshakeAllThreads (Deoptimize) done
Event: 1.275 Executing non-safepoint VM operation: HandshakeAllThreads (Deoptimize)
Event: 1.276 Executing non-safepoint VM operation: HandshakeAllThreads (Deoptimize) done
Event: 1.386 Executing non-safepoint VM operation: HandshakeAllThreads (Deoptimize)
Event: 1.386 Executing non-safepoint VM operation: HandshakeAllThreads (Deoptimize) done
Event: 1.615 Executing non-safepoint VM operation: HandshakeAllThreads (Deoptimize)
Event: 1.615 Executing non-safepoint VM operation: HandshakeAllThreads (Deoptimize) done
Event: 1.640 Executing safepoint VM operation: ICBufferFull
Event: 1.640 Executing safepoint VM operation: ICBufferFull done
Event: 1.975 Executing safepoint VM operation: ICBufferFull
Event: 1.975 Executing safepoint VM operation: ICBufferFull done
Event: 1.990 Executing safepoint VM operation: G1CollectForAllocation (G1 Evacuation Pause)

Memory protections (0 events):
No events

Nmethod flushes (0 events):
No events

Events (15 events):
Event: 0.016 Thread 0x000001a255feec20 Thread added: 0x000001a255feec20
Event: 0.026 Thread 0x000001a255feec20 Thread added: 0x000001a2758bd650
Event: 0.026 Thread 0x000001a255feec20 Thread added: 0x000001a2758be570
Event: 0.026 Thread 0x000001a255feec20 Thread added: 0x000001a2758bf490
Event: 0.026 Thread 0x000001a255feec20 Thread added: 0x000001a2758c2f10
Event: 0.026 Thread 0x000001a255feec20 Thread added: 0x000001a2758c3970
Event: 0.026 Thread 0x000001a255feec20 Thread added: 0x000001a2758cc660
Event: 0.026 Thread 0x000001a255feec20 Thread added: 0x000001a2759003c0
Event: 0.026 Thread 0x000001a255feec20 Thread added: 0x000001a2758cf0d0
Event: 0.057 Thread 0x000001a255feec20 Thread added: 0x000001a275a9cf00
Event: 0.085 Thread 0x000001a2759003c0 Thread added: 0x000001a275bc3c40
Event: 0.085 Thread 0x000001a2759003c0 Thread added: 0x000001a275bb9810
Event: 0.227 Thread 0x000001a255feec20 Thread added: 0x000001a27a465840
Event: 0.370 Thread 0x000001a255feec20 Thread added: 0x000001a27b2c8010
Event: 0.397 Thread 0x000001a255feec20 Thread added: 0x000001a27ad39d00


Dynamic libraries:
0x00007ff7f1030000 - 0x00007ff7f103e000 	C:\Program Files\Microsoft\jdk-21.0.10.7-hotspot\bin\java.exe
0x00007ff930ad0000 - 0x00007ff930cc8000 	C:\WINDOWS\SYSTEM32\ntdll.dll
0x00007ff92fdc0000 - 0x00007ff92fe82000 	C:\WINDOWS\System32\KERNEL32.DLL
0x00007ff92e5a0000 - 0x00007ff92e896000 	C:\WINDOWS\System32\KERNELBASE.dll
0x00007ff92e8a0000 - 0x00007ff92e9a0000 	C:\WINDOWS\System32\ucrtbase.dll
0x00007ff92a510000 - 0x00007ff92a528000 	C:\Program Files\Microsoft\jdk-21.0.10.7-hotspot\bin\jli.dll
0x00007ff92a530000 - 0x00007ff92a54e000 	C:\Program Files\Microsoft\jdk-21.0.10.7-hotspot\bin\VCRUNTIME140.dll
0x00007ff92f990000 - 0x00007ff92fb31000 	C:\WINDOWS\System32\USER32.dll
0x00007ff92e160000 - 0x00007ff92e182000 	C:\WINDOWS\System32\win32u.dll
0x00007ff9240e0000 - 0x00007ff92437b000 	C:\WINDOWS\WinSxS\amd64_microsoft.windows.common-controls_6595b64144ccf1df_6.0.19041.6456_none_60b8a6cb71f64256\COMCTL32.dll
0x00007ff92f820000 - 0x00007ff92f84b000 	C:\WINDOWS\System32\GDI32.dll
0x00007ff9309f0000 - 0x00007ff930a8e000 	C:\WINDOWS\System32\msvcrt.dll
0x00007ff92e9a0000 - 0x00007ff92eab9000 	C:\WINDOWS\System32\gdi32full.dll
0x00007ff92e480000 - 0x00007ff92e51d000 	C:\WINDOWS\System32\msvcp_win.dll
0x00007ff92f430000 - 0x00007ff92f45f000 	C:\WINDOWS\System32\IMM32.DLL
0x00007ff922c10000 - 0x00007ff922c1c000 	C:\Program Files\Microsoft\jdk-21.0.10.7-hotspot\bin\vcruntime140_1.dll
0x00007ff8f6ea0000 - 0x00007ff8f6f29000 	C:\Program Files\Microsoft\jdk-21.0.10.7-hotspot\bin\msvcp140.dll
0x00007ff8c7e30000 - 0x00007ff8c8bdd000 	C:\Program Files\Microsoft\jdk-21.0.10.7-hotspot\bin\server\jvm.dll
0x00007ff92f640000 - 0x00007ff92f6f1000 	C:\WINDOWS\System32\ADVAPI32.dll
0x00007ff92ed70000 - 0x00007ff92ee0f000 	C:\WINDOWS\System32\sechost.dll
0x00007ff92f700000 - 0x00007ff92f820000 	C:\WINDOWS\System32\RPCRT4.dll
0x00007ff92eac0000 - 0x00007ff92eae7000 	C:\WINDOWS\System32\bcrypt.dll
0x00007ff92f5d0000 - 0x00007ff92f63b000 	C:\WINDOWS\System32\WS2_32.dll
0x00007ff92d660000 - 0x00007ff92d6ab000 	C:\WINDOWS\SYSTEM32\POWRPROF.dll
0x00007ff9284a0000 - 0x00007ff9284aa000 	C:\WINDOWS\SYSTEM32\VERSION.dll
0x00007ff91ff80000 - 0x00007ff91ffa7000 	C:\WINDOWS\SYSTEM32\WINMM.dll
0x00007ff92d520000 - 0x00007ff92d532000 	C:\WINDOWS\SYSTEM32\UMPDC.dll
0x00007ff92bfb0000 - 0x00007ff92bfc2000 	C:\WINDOWS\SYSTEM32\kernel.appcore.dll
0x00007ff922420000 - 0x00007ff92242a000 	C:\Program Files\Microsoft\jdk-21.0.10.7-hotspot\bin\jimage.dll
0x00007ff91f5f0000 - 0x00007ff91f7f1000 	C:\WINDOWS\SYSTEM32\DBGHELP.DLL
0x00007ff911350000 - 0x00007ff911384000 	C:\WINDOWS\SYSTEM32\dbgcore.DLL
0x00007ff92e1e0000 - 0x00007ff92e262000 	C:\WINDOWS\System32\bcryptPrimitives.dll
0x00007ff9084a0000 - 0x00007ff9084b0000 	C:\Program Files\Microsoft\jdk-21.0.10.7-hotspot\bin\instrument.dll
0x00007ff922140000 - 0x00007ff922161000 	C:\Program Files\Microsoft\jdk-21.0.10.7-hotspot\bin\java.dll
0x00007ff92fe90000 - 0x00007ff930600000 	C:\WINDOWS\System32\SHELL32.dll
0x00007ff92c1b0000 - 0x00007ff92c955000 	C:\WINDOWS\SYSTEM32\windows.storage.dll
0x00007ff930600000 - 0x00007ff930954000 	C:\WINDOWS\System32\combase.dll
0x00007ff92dab0000 - 0x00007ff92dadb000 	C:\WINDOWS\SYSTEM32\Wldp.dll
0x00007ff92f350000 - 0x00007ff92f41d000 	C:\WINDOWS\System32\OLEAUT32.dll
0x00007ff92f460000 - 0x00007ff92f50d000 	C:\WINDOWS\System32\SHCORE.dll
0x00007ff92fb50000 - 0x00007ff92fbab000 	C:\WINDOWS\System32\shlwapi.dll
0x00007ff92e090000 - 0x00007ff92e0b4000 	C:\WINDOWS\SYSTEM32\profapi.dll
0x00007ff8f6840000 - 0x00007ff8f6916000 	C:\Program Files\Microsoft\jdk-21.0.10.7-hotspot\bin\jsvml.dll
0x00007ff9138e0000 - 0x00007ff9138f8000 	C:\Program Files\Microsoft\jdk-21.0.10.7-hotspot\bin\zip.dll
0x00007ff922010000 - 0x00007ff922021000 	C:\Program Files\Microsoft\jdk-21.0.10.7-hotspot\bin\net.dll
0x00007ff9273f0000 - 0x00007ff9274fa000 	C:\WINDOWS\SYSTEM32\WINHTTP.dll
0x00007ff92d890000 - 0x00007ff92d8fa000 	C:\WINDOWS\system32\mswsock.dll
0x00007ff91f5b0000 - 0x00007ff91f5c6000 	C:\Program Files\Microsoft\jdk-21.0.10.7-hotspot\bin\nio.dll
0x00007ff911330000 - 0x00007ff911340000 	C:\Program Files\Microsoft\jdk-21.0.10.7-hotspot\bin\verify.dll
0x00007ff907ff0000 - 0x00007ff908007000 	C:\WINDOWS\system32\napinsp.dll
0x00007ff907fd0000 - 0x00007ff907feb000 	C:\WINDOWS\system32\pnrpnsp.dll
0x00007ff923090000 - 0x00007ff9230ad000 	C:\WINDOWS\system32\wshbth.dll
0x00007ff92a3e0000 - 0x00007ff92a3fd000 	C:\WINDOWS\system32\NLAapi.dll
0x00007ff92d540000 - 0x00007ff92d57b000 	C:\WINDOWS\SYSTEM32\IPHLPAPI.DLL
0x00007ff92d580000 - 0x00007ff92d64a000 	C:\WINDOWS\SYSTEM32\DNSAPI.dll
0x00007ff92fb40000 - 0x00007ff92fb48000 	C:\WINDOWS\System32\NSI.dll
0x00007ff907fb0000 - 0x00007ff907fc2000 	C:\WINDOWS\System32\winrnr.dll
0x000000005a040000 - 0x000000005a066000 	C:\Program Files\Bonjour\mdnsNSP.dll
0x00007ff926b20000 - 0x00007ff926b2a000 	C:\Windows\System32\rasadhlp.dll
0x00007ff9268c0000 - 0x00007ff926940000 	C:\WINDOWS\System32\fwpuclnt.dll
0x00007ff912fb0000 - 0x00007ff912fba000 	C:\Program Files\Microsoft\jdk-21.0.10.7-hotspot\bin\management.dll
0x00007ff912fa0000 - 0x00007ff912fac000 	C:\Program Files\Microsoft\jdk-21.0.10.7-hotspot\bin\management_ext.dll
0x00007ff92f420000 - 0x00007ff92f428000 	C:\WINDOWS\System32\PSAPI.DLL
0x00007ff92daf0000 - 0x00007ff92db08000 	C:\WINDOWS\SYSTEM32\CRYPTSP.dll
0x00007ff92d160000 - 0x00007ff92d198000 	C:\WINDOWS\system32\rsaenh.dll
0x00007ff92e050000 - 0x00007ff92e07e000 	C:\WINDOWS\SYSTEM32\USERENV.dll
0x00007ff92da20000 - 0x00007ff92da2c000 	C:\WINDOWS\SYSTEM32\CRYPTBASE.dll

JVMTI agents:
C:\\Users\\jorge\\.m2\\repository\\org\\jacoco\\org.jacoco.agent\\0.8.13\\org.jacoco.agent-0.8.13-runtime.jar path:C:\Program Files\Microsoft\jdk-21.0.10.7-hotspot\bin\instrument.dll, loaded, initialized, instrumentlib options:destfile=C:\\Users\\jorge\\OneDrive\\Desktop\\Backend II\\minimarket\\target\\jacoco.exec
C:\Users\jorge\.m2\repository\net\bytebuddy\byte-buddy-agent\1.15.11\byte-buddy-agent-1.15.11.jar path:C:\Program Files\Microsoft\jdk-21.0.10.7-hotspot\bin\instrument.dll, loaded, initialized, dynamic instrumentlib options:none

dbghelp: loaded successfully - version: 4.0.5 - missing functions: none
symbol engine: initialized successfully - sym options: 0x614 - pdb path: .;C:\Program Files\Microsoft\jdk-21.0.10.7-hotspot\bin;C:\WINDOWS\SYSTEM32;C:\WINDOWS\WinSxS\amd64_microsoft.windows.common-controls_6595b64144ccf1df_6.0.19041.6456_none_60b8a6cb71f64256;C:\Program Files\Microsoft\jdk-21.0.10.7-hotspot\bin\server;C:\Program Files\Bonjour

VM Arguments:
jvm_args: -javaagent:C:\\Users\\jorge\\.m2\\repository\\org\\jacoco\\org.jacoco.agent\\0.8.13\\org.jacoco.agent-0.8.13-runtime.jar=destfile=C:\\Users\\jorge\\OneDrive\\Desktop\\Backend II\\minimarket\\target\\jacoco.exec 
java_command: C:\Users\jorge\AppData\Local\Temp\surefire5843330430828408370\surefirebooter-20260620175041230_3.jar C:\Users\jorge\AppData\Local\Temp\surefire5843330430828408370 2026-06-20T17-50-41_081-jvmRun1 surefire-20260620175041230_1tmp surefire_0-20260620175041230_2tmp
java_class_path (initial): C:\Users\jorge\AppData\Local\Temp\surefire5843330430828408370\surefirebooter-20260620175041230_3.jar
Launcher Type: SUN_STANDARD

[Global flags]
     intx CICompilerCount                          = 4                                         {product} {ergonomic}
     uint ConcGCThreads                            = 3                                         {product} {ergonomic}
     uint G1ConcRefinementThreads                  = 10                                        {product} {ergonomic}
   size_t G1HeapRegionSize                         = 2097152                                   {product} {ergonomic}
    uintx GCDrainStackTargetSize                   = 64                                        {product} {ergonomic}
   size_t InitialHeapSize                          = 268435456                                 {product} {ergonomic}
   size_t MarkStackSize                            = 4194304                                   {product} {ergonomic}
   size_t MaxHeapSize                              = 4276092928                                {product} {ergonomic}
   size_t MaxNewSize                               = 2564816896                                {product} {ergonomic}
   size_t MinHeapDeltaBytes                        = 2097152                                   {product} {ergonomic}
   size_t MinHeapSize                              = 8388608                                   {product} {ergonomic}
    uintx NonNMethodCodeHeapSize                   = 5839372                                {pd product} {ergonomic}
    uintx NonProfiledCodeHeapSize                  = 122909434                              {pd product} {ergonomic}
    uintx ProfiledCodeHeapSize                     = 122909434                              {pd product} {ergonomic}
    uintx ReservedCodeCacheSize                    = 251658240                              {pd product} {ergonomic}
     bool SegmentedCodeCache                       = true                                      {product} {ergonomic}
   size_t SoftMaxHeapSize                          = 4276092928                             {manageable} {ergonomic}
     bool UseCompressedOops                        = true                           {product lp64_product} {ergonomic}
     bool UseG1GC                                  = true                                      {product} {ergonomic}
     bool UseLargePagesIndividualAllocation        = false                                  {pd product} {ergonomic}

Logging:
Log output configuration:
 #0: stdout all=warning uptime,level,tags foldmultilines=false
 #1: stderr all=off uptime,level,tags foldmultilines=false

Release file:
IMPLEMENTOR="Microsoft" 
IMPLEMENTOR_VERSION="Microsoft-13106404" 
JAVA_RUNTIME_VERSION="21.0.10+7-LTS" 
JAVA_VERSION="21.0.10" 
JAVA_VERSION_DATE="2026-01-20" 
LIBC="default" 
MODULES="java.base java.compiler java.datatransfer java.xml java.prefs java.desktop java.instrument java.logging java.management java.security.sasl java.naming java.rmi java.management.rmi java.net.http java.scripting java.security.jgss java.transaction.xa java.sql java.sql.rowset java.xml.crypto java.se java.smartcardio jdk.accessibility jdk.internal.jvmstat jdk.attach jdk.charsets jdk.internal.opt jdk.zipfs jdk.compiler jdk.crypto.ec jdk.crypto.cryptoki jdk.crypto.mscapi jdk.dynalink jdk.internal.ed jdk.editpad jdk.hotspot.agent jdk.httpserver jdk.incubator.vector jdk.internal.le jdk.internal.vm.ci jdk.internal.vm.compiler jdk.internal.vm.compiler.management jdk.jartool jdk.javadoc jdk.jcmd jdk.management jdk.management.agent jdk.jconsole jdk.jdeps jdk.jdwp.agent jdk.jdi jdk.jfr jdk.jlink jdk.jpackage jdk.jshell jdk.jsobject jdk.jstatd jdk.localedata jdk.management.jfr jdk.naming.dns jdk.naming.rmi jdk.net jdk.nio.mapmode jdk.random jdk.sctp jdk.security.auth jdk.security.jgss jdk.unsupported jdk.unsupported.desktop jdk.xml.dom" 
OS_ARCH="x86_64" 
OS_NAME="Windows" 
SOURCE=".:git:e69b6ef7382e" 

Environment Variables:
JAVA_HOME=C:\Program Files\Microsoft\jdk-21.0.10.7-hotspot\
PATH=C:\Program Files\Microsoft\jdk-21.0.10.7-hotspot\bin;C:\Program Files\Common Files\Oracle\Java\javapath;C:\app\jorge\product\21c\dbhomeXE\bin;C:\WINDOWS\system32;C:\WINDOWS;C:\WINDOWS\System32\Wbem;C:\WINDOWS\System32\WindowsPowerShell\v1.0\;C:\WINDOWS\System32\OpenSSH\;C:\Program Files\NVIDIA Corporation\NVIDIA App\NvDLISR;C:\Program Files (x86)\NVIDIA Corporation\PhysX\Common;C:\Program Files\nodejs\;C:\Program Files\Docker\Docker\resources\bin;C:\Program Files\Git\cmd;C:\Program Files\dotnet\;C:\Users\jorge\scoop\apps\maven\current\bin;C:\Users\jorge\scoop\shims;C:\Program Files\MySQL\MySQL Shell 8.0\bin\;C:\Users\jorge\AppData\Local\Programs\Python\Launcher\;C:\Users\jorge\AppData\Local\Microsoft\WindowsApps;C:\Users\jorge\AppData\Local\Programs\Microsoft VS Code\bin;C:\Program Files\JetBrains\PyCharm Community Edition 2025.1.1.1\bin;;C:\Users\jorge\AppData\Roaming\npm;C:\Users\jorge\AppData\Local\Programs\Warp\bin;C:\Users\jorge\.dotnet\tools
USERNAME=jorge
OS=Windows_NT
PROCESSOR_IDENTIFIER=Intel64 Family 6 Model 165 Stepping 5, GenuineIntel
TMP=C:\Users\jorge\AppData\Local\Temp
TEMP=C:\Users\jorge\AppData\Local\Temp




Periodic native trim disabled

---------------  S Y S T E M  ---------------

OS:
 Windows 10 , 64 bit Build 19041 (10.0.19041.5915)
OS uptime: 0 days 2:44 hours
Hyper-V role detected

CPU: total 12 (initial active 12) (6 cores per cpu, 2 threads per core) family 6 model 165 stepping 5 microcode 0xca, cx8, cmov, fxsr, ht, mmx, 3dnowpref, sse, sse2, sse3, ssse3, sse4.1, sse4.2, popcnt, lzcnt, tsc, tscinvbit, avx, avx2, aes, erms, clmul, bmi1, bmi2, adx, fma, vzeroupper, clflush, clflushopt, hv, rdtscp, f16c
Processor Information for the first 12 processors :
  Max Mhz: 4104, Current Mhz: 3803, Mhz Limit: 4104

Memory: 4k page, system-wide physical 16310M (5383M free)
TotalPageFile size 32694M (AvailPageFile size 15368M)
current process WorkingSet (physical memory assigned to process): 292M, peak: 292M
current process commit charge ("private bytes"): 433M, peak: 434M

vm_info: OpenJDK 64-Bit Server VM (21.0.10+7-LTS) for windows-amd64 JRE (21.0.10+7-LTS), built on 2026-01-15T18:39:42Z by "MicrosoftCorporation" with MS VC++ 17.14 (VS2022)

END.
