#
# A fatal error has been detected by the Java Runtime Environment:
#
#  EXCEPTION_ACCESS_VIOLATION (0xc0000005) at pc=0x00007ff97329d3e0, pid=4352, tid=15816
#
# JRE version: OpenJDK Runtime Environment Microsoft-13106404 (21.0.10+7) (build 21.0.10+7-LTS)
# Java VM: OpenJDK 64-Bit Server VM Microsoft-13106404 (21.0.10+7-LTS, mixed mode, sharing, tiered, compressed oops, compressed class ptrs, g1 gc, windows-amd64)
# Problematic frame:
# V  [jvm.dll+0x3cd3e0]
#
# No core dump will be written. Minidumps are not enabled by default on client versions of Windows
#
# If you would like to submit a bug report, please visit:
#   https://github.com/microsoft/openjdk/issues
#

---------------  S U M M A R Y ------------

Command Line: --enable-native-access=ALL-UNNAMED -Dclassworlds.conf=C:\Users\jorge\scoop\apps\maven\current\bin\m2.conf -Dmaven.home=C:\Users\jorge\scoop\apps\maven\current -Dlibrary.jansi.path=C:\Users\jorge\scoop\apps\maven\current\lib\jansi-native -Dmaven.multiModuleProjectDirectory=C:\Users\jorge\OneDrive\Desktop\Backend II\minimarket org.codehaus.plexus.classworlds.launcher.Launcher clean test jacoco:report

Host: Intel(R) Core(TM) i5-10600K CPU @ 4.10GHz, 12 cores, 15G,  Windows 10 , 64 bit Build 19041 (10.0.19041.5915)
Time: Sat Jun 20 20:58:45 2026 Hora est. Sudamérica Pacífico elapsed time: 4.878238 seconds (0d 0h 0m 4s)

---------------  T H R E A D  ---------------

Current thread (0x00000222242454c0):  JavaThread "C2 CompilerThread2" daemon [_thread_in_native, id=15816, stack(0x00000069c6a00000,0x00000069c6b00000) (1024K)]


Current CompileTask:
C2:4878 6961   !   4       lombok.core.AST::buildWithField0 (121 bytes)

Stack: [0x00000069c6a00000,0x00000069c6b00000],  sp=0x00000069c6afcd90,  free space=1011k
Native frames: (J=compiled Java code, j=interpreted, Vv=VM code, C=native code)
V  [jvm.dll+0x3cd3e0]  (no source info available)
V  [jvm.dll+0x3c69e1]  (no source info available)
V  [jvm.dll+0x1ea80b]  (no source info available)
V  [jvm.dll+0x2527c3]  (no source info available)
V  [jvm.dll+0x251c93]  (no source info available)
V  [jvm.dll+0x1d1adf]  (no source info available)
V  [jvm.dll+0x26195a]  (no source info available)
V  [jvm.dll+0x25fcc5]  (no source info available)
V  [jvm.dll+0x402155]  (no source info available)
V  [jvm.dll+0x86ab8d]  (no source info available)
V  [jvm.dll+0x6e141d]  (no source info available)
C  [ucrtbase.dll+0x21bb2]  (no source info available)
C  [KERNEL32.DLL+0x17374]  (no source info available)
C  [ntdll.dll+0x4cc91]  (no source info available)


siginfo: EXCEPTION_ACCESS_VIOLATION (0xc0000005), reading address 0x00007fe973b83860


Registers:
RAX=0x0000000000000000, RBX=0x00000069c6afcde0, RCX=0x0000000000000000, RDX=0x00007fe973b83860
RSP=0x00000069c6afcd90, RBP=0x00000069c6afcf00, RSI=0x00007ff973b83860, RDI=0x0000000000000001
R8 =0x000002226cfa8410, R9 =0x0000000000000005, R10=0x0000000000000000, R11=0x0000000000000000
R12=0x0000000000000000, R13=0x00000069c6afd380, R14=0x0000000000000006, R15=0x00007ff973b83860
RIP=0x00007ff97329d3e0, EFLAGS=0x0000000000010246

XMM[0]=0x0000000000000000 0x0000000000000000
XMM[1]=0x0000000000000000 0x4008684ee63f41f3
XMM[2]=0x0000000000000000 0x0000000000000000
XMM[3]=0x0000000000000000 0x0000000000000000
XMM[4]=0x0000000000000000 0x0000000000000000
XMM[5]=0x0000000000000000 0x0000000000000000
XMM[6]=0x0000000000000000 0x0000000000000000
XMM[7]=0x0000000000000000 0x0000000000000000
XMM[8]=0x0000000000000000 0x0000000000000000
XMM[9]=0x0000000000000000 0x0000000000000000
XMM[10]=0x0000000000000000 0x0000000000000000
XMM[11]=0x0000000000000000 0x0000000000000000
XMM[12]=0x0000000000000000 0x0000000000000000
XMM[13]=0x0000000000000000 0x0000000000000000
XMM[14]=0x0000000000000000 0x0000000000000000
XMM[15]=0x0000000000000000 0x0000000000000000
  MXCSR=0x00001fa0


Register to memory mapping:

RAX=0x0 is null
RBX=0x00000069c6afcde0 is pointing into the stack for thread: 0x00000222242454c0
RCX=0x0 is null
RDX=0x00007fe973b83860 is an unknown value
RSP=0x00000069c6afcd90 is pointing into the stack for thread: 0x00000222242454c0
RBP=0x00000069c6afcf00 is pointing into the stack for thread: 0x00000222242454c0
RSI=0x00007ff973b83860 jvm.dll
RDI=0x0000000000000001 is an unknown value
R8 =0x000002226cfa8410 points into unknown readable memory: 0x0000000600000001 | 01 00 00 00 06 00 00 00
R9 =0x0000000000000005 is an unknown value
R10=0x0 is null
R11=0x0 is null
R12=0x0 is null
R13=0x00000069c6afd380 is pointing into the stack for thread: 0x00000222242454c0
R14=0x0000000000000006 is an unknown value
R15=0x00007ff973b83860 jvm.dll

Top of Stack: (sp=0x00000069c6afcd90)
0x00000069c6afcd90:   000002226a0a52f0 0000022224912f00
0x00000069c6afcda0:   0000022224914f80 00007ff97391fb68
0x00000069c6afcdb0:   000002226cfa8190 00007ff9732969e1
0x00000069c6afcdc0:   0000000000000586 0000000000000586
0x00000069c6afcdd0:   000002226a0a5200 0000000000000000
0x00000069c6afcde0:   0000000000000000 0000000400000000
0x00000069c6afcdf0:   0000000600000000 00007fe973b83860
0x00000069c6afce00:   0000022270196b50 000002226cfa8410
0x00000069c6afce10:   0000022224414160 0000000000000000
0x00000069c6afce20:   00000069c6afcf30 00007ff9730ba80b
0x00000069c6afce30:   00000069c6afd2a0 00000069c6afd2b0
0x00000069c6afce40:   00000069c6afd380 0000022224414150
0x00000069c6afce50:   000002222420cd00 0000000000000000
0x00000069c6afce60:   000000000000ce07 0000022224414150
0x00000069c6afce70:   000002226ea67d00 000002226ea69cb0
0x00000069c6afce80:   000002226ea6fce8 0000000000dadd50
0x00000069c6afce90:   0000022224414150 000000000000000e
0x00000069c6afcea0:   00000069c6af0000 0000000000000000
0x00000069c6afceb0:   0000000000000000 000000000000ba00
0x00000069c6afcec0:   00000222245bf8a0 00007ff9738e8430
0x00000069c6afced0:   0000000000000000 00000069c6afe770
0x00000069c6afcee0:   0000000000000000 00007ff9738e8430
0x00000069c6afcef0:   0000000000000000 3f68ce95fd7c92c8
0x00000069c6afcf00:   000002220000000c 00000069c6afe770
0x00000069c6afcf10:   000002226cf71050 000000000000ba00
0x00000069c6afcf20:   0000022270e73050 0000022200003145
0x00000069c6afcf30:   00000069c6afce60 0000022224414160
0x00000069c6afcf40:   00007ff9738e8400 000000000000000d
0x00000069c6afcf50:   00000069c6afe770 00000069c6afd2a0
0x00000069c6afcf60:   00000000000033be 00007ff972f9958c
0x00000069c6afcf70:   000002220000000a 00000069c6afe770
0x00000069c6afcf80:   000002226f749cb0 0000000000000000 

Instructions: (pc=0x00007ff97329d3e0)
0x00007ff97329d2e0:   48 8b 8e d8 08 00 00 48 85 c9 75 0c e8 8f 0b 00
0x00007ff97329d2f0:   00 48 8b 8e d8 08 00 00 48 8b 01 0f 57 c0 48 89
0x00007ff97329d300:   86 d8 08 00 00 0f 11 01 0f 11 41 10 0f 10 45 00
0x00007ff97329d310:   0f 11 01 0f 10 4d 10 0f 11 49 10 48 8b 43 08 49
0x00007ff97329d320:   89 0c 06 48 8d 0d 36 65 8e 00 ff c7 ba 70 00 00
0x00007ff97329d330:   00 3b bb 90 00 00 00 0f 82 63 ff ff ff 4c 8b 74
0x00007ff97329d340:   24 60 4c 8b 64 24 58 48 8b 6c 24 50 48 8b c3 48
0x00007ff97329d350:   83 c4 20 41 5f 41 5d 5f 5e 5b c3 cc cc cc cc cc
0x00007ff97329d360:   40 53 48 83 ec 20 48 8b d9 8b 49 0c 83 f9 04 73
0x00007ff97329d370:   2b 4c 8b 43 18 44 8d 49 01 0f 1f 80 00 00 00 00
0x00007ff97329d380:   8b c1 49 83 3c c0 00 49 8d 14 c0 0f 85 90 00 00
0x00007ff97329d390:   00 ff c1 41 ff c1 41 83 f9 05 72 e4 48 89 74 24
0x00007ff97329d3a0:   30 48 89 7c 24 38 8b 7b 10 3b 7b 14 73 61 48 8d
0x00007ff97329d3b0:   35 ab 64 8e 00 66 66 66 0f 1f 84 00 00 00 00 00
0x00007ff97329d3c0:   48 8b 43 20 8b cf 48 8b 14 c8 48 3b d6 74 39 33
0x00007ff97329d3d0:   c0 48 89 53 18 33 c9 66 0f 1f 84 00 00 00 00 00
0x00007ff97329d3e0:   48 83 3c 11 00 44 8d 48 01 75 6e 48 83 c1 08 41
0x00007ff97329d3f0:   8b c1 41 83 f9 04 72 e8 48 8b 4b 28 48 85 c9 74
0x00007ff97329d400:   07 8b d7 e8 58 01 00 00 ff c7 3b 7b 14 72 b1 48
0x00007ff97329d410:   8b 74 24 30 33 c0 48 8b 7c 24 38 48 83 c4 20 5b
0x00007ff97329d420:   c3 8b 43 10 44 8d 04 81 41 c1 e0 06 41 81 c0 00
0x00007ff97329d430:   ff ff ff 44 89 43 08 48 8b 12 48 0f bc c2 44 89
0x00007ff97329d440:   4b 0c 8b c8 48 d3 ea 48 ff ca 41 03 c0 48 89 13
0x00007ff97329d450:   89 43 08 48 83 c4 20 5b c3 48 8b 74 24 30 44 8d
0x00007ff97329d460:   04 b8 8b c8 8d 47 01 48 8b 7c 24 38 41 c1 e0 06
0x00007ff97329d470:   44 89 43 08 48 8b 14 ca 89 43 10 48 0f bc c2 44
0x00007ff97329d480:   89 4b 0c 8b c8 48 d3 ea 48 ff ca 41 03 c0 48 89
0x00007ff97329d490:   13 89 43 08 48 83 c4 20 5b c3 cc cc cc cc cc cc
0x00007ff97329d4a0:   40 53 48 83 ec 20 65 48 8b 04 25 58 00 00 00 8b
0x00007ff97329d4b0:   0d 33 e4 92 00 48 8b 1c c8 b8 70 00 00 00 80 3c
0x00007ff97329d4c0:   18 00 75 05 e8 e7 1f 59 00 b8 20 00 00 00 48 8b
0x00007ff97329d4d0:   04 18 48 8b 88 68 06 00 00 48 8b 99 80 00 00 00 


Stack slot to memory mapping:

stack at sp + 0 slots: 0x000002226a0a52f0 points into unknown readable memory: 0x0001484d44246d07 | 07 6d 24 44 4d 48 01 00
stack at sp + 1 slots: 0x0000022224912f00 points into unknown readable memory: 0x00007ff973b83860 | 60 38 b8 73 f9 7f 00 00
stack at sp + 2 slots: 0x0000022224914f80 points into unknown readable memory: 0x632e6b6f626d6f6c | 6c 6f 6d 62 6f 6b 2e 63
stack at sp + 3 slots: 0x00007ff97391fb68 jvm.dll
stack at sp + 4 slots: 0x000002226cfa8190 points into unknown readable memory: 0x0000000600000002 | 02 00 00 00 06 00 00 00
stack at sp + 5 slots: 0x00007ff9732969e1 jvm.dll
stack at sp + 6 slots: 0x0000000000000586 is an unknown value
stack at sp + 7 slots: 0x0000000000000586 is an unknown value


---------------  P R O C E S S  ---------------

Threads class SMR info:
_java_thread_list=0x000002226a31fe90, length=14, elements={
0x0000022204972e10, 0x000002222422be20, 0x000002222422cd40, 0x000002222422e9b0,
0x0000022224232640, 0x00000222242330a0, 0x0000022224237170, 0x00000222242409b0,
0x0000022224248b40, 0x00000222243ecde0, 0x00000222243ef250, 0x0000022224245b90,
0x00000222242454c0, 0x000002226a32cd30
}

Java Threads: ( => current thread )
  0x0000022204972e10 JavaThread "main"                              [_thread_in_vm, id=6840, stack(0x00000069c5700000,0x00000069c5800000) (1024K)]
  0x000002222422be20 JavaThread "Reference Handler"          daemon [_thread_blocked, id=5584, stack(0x00000069c5f00000,0x00000069c6000000) (1024K)]
  0x000002222422cd40 JavaThread "Finalizer"                  daemon [_thread_blocked, id=10444, stack(0x00000069c6000000,0x00000069c6100000) (1024K)]
  0x000002222422e9b0 JavaThread "Signal Dispatcher"          daemon [_thread_blocked, id=12756, stack(0x00000069c6100000,0x00000069c6200000) (1024K)]
  0x0000022224232640 JavaThread "Attach Listener"            daemon [_thread_blocked, id=1780, stack(0x00000069c6200000,0x00000069c6300000) (1024K)]
  0x00000222242330a0 JavaThread "Service Thread"             daemon [_thread_blocked, id=2788, stack(0x00000069c6300000,0x00000069c6400000) (1024K)]
  0x0000022224237170 JavaThread "Monitor Deflation Thread"   daemon [_thread_blocked, id=6372, stack(0x00000069c6400000,0x00000069c6500000) (1024K)]
  0x00000222242409b0 JavaThread "C2 CompilerThread0"         daemon [_thread_in_native, id=15896, stack(0x00000069c6500000,0x00000069c6600000) (1024K)]
  0x0000022224248b40 JavaThread "C1 CompilerThread0"         daemon [_thread_in_vm, id=14772, stack(0x00000069c6600000,0x00000069c6700000) (1024K)]
  0x00000222243ecde0 JavaThread "Notification Thread"        daemon [_thread_blocked, id=16664, stack(0x00000069c6700000,0x00000069c6800000) (1024K)]
  0x00000222243ef250 JavaThread "Common-Cleaner"             daemon [_thread_blocked, id=2552, stack(0x00000069c6800000,0x00000069c6900000) (1024K)]
  0x0000022224245b90 JavaThread "C2 CompilerThread1"         daemon [_thread_in_native, id=12888, stack(0x00000069c6900000,0x00000069c6a00000) (1024K)]
=>0x00000222242454c0 JavaThread "C2 CompilerThread2"         daemon [_thread_in_native, id=15816, stack(0x00000069c6a00000,0x00000069c6b00000) (1024K)]
  0x000002226a32cd30 JavaThread "Thread-1"                   daemon [_thread_blocked, id=4696, stack(0x00000069c7400000,0x00000069c7500000) (1024K)]
Total: 14

Other Threads:
  0x0000022224210f20 VMThread "VM Thread"                           [id=268, stack(0x00000069c5e00000,0x00000069c5f00000) (1024K)]
  0x00000222242009d0 WatcherThread "VM Periodic Task Thread"        [id=9208, stack(0x00000069c5d00000,0x00000069c5e00000) (1024K)]
  0x00000222049d5880 WorkerThread "GC Thread#0"                     [id=9160, stack(0x00000069c5800000,0x00000069c5900000) (1024K)]
  0x000002226a51d350 WorkerThread "GC Thread#1"                     [id=5976, stack(0x00000069c6b00000,0x00000069c6c00000) (1024K)]
  0x000002226a51d700 WorkerThread "GC Thread#2"                     [id=11060, stack(0x00000069c6c00000,0x00000069c6d00000) (1024K)]
  0x000002226a45d810 WorkerThread "GC Thread#3"                     [id=9640, stack(0x00000069c6d00000,0x00000069c6e00000) (1024K)]
  0x000002226a45dbc0 WorkerThread "GC Thread#4"                     [id=13852, stack(0x00000069c6e00000,0x00000069c6f00000) (1024K)]
  0x000002226a45e380 WorkerThread "GC Thread#5"                     [id=14092, stack(0x00000069c6f00000,0x00000069c7000000) (1024K)]
  0x000002226a0f8b30 WorkerThread "GC Thread#6"                     [id=11836, stack(0x00000069c7000000,0x00000069c7100000) (1024K)]
  0x000002226a0f8ee0 WorkerThread "GC Thread#7"                     [id=6352, stack(0x00000069c7100000,0x00000069c7200000) (1024K)]
  0x000002226aa92780 WorkerThread "GC Thread#8"                     [id=4124, stack(0x00000069c7200000,0x00000069c7300000) (1024K)]
  0x000002226a8c6ca0 WorkerThread "GC Thread#9"                     [id=6720, stack(0x00000069c7300000,0x00000069c7400000) (1024K)]
  0x00000222049e6740 ConcurrentGCThread "G1 Main Marker"            [id=92, stack(0x00000069c5900000,0x00000069c5a00000) (1024K)]
  0x00000222049e7400 WorkerThread "G1 Conc#0"                       [id=14940, stack(0x00000069c5a00000,0x00000069c5b00000) (1024K)]
  0x000002226a5ee430 WorkerThread "G1 Conc#1"                       [id=12808, stack(0x00000069c7500000,0x00000069c7600000) (1024K)]
  0x000002226a5ef2f0 WorkerThread "G1 Conc#2"                       [id=1376, stack(0x00000069c7600000,0x00000069c7700000) (1024K)]
  0x0000022204a3e710 ConcurrentGCThread "G1 Refine#0"               [id=14032, stack(0x00000069c5b00000,0x00000069c5c00000) (1024K)]
  0x00000222240c24d0 ConcurrentGCThread "G1 Service"                [id=15500, stack(0x00000069c5c00000,0x00000069c5d00000) (1024K)]
Total: 18

Threads with active compile tasks:
C2 CompilerThread0  4895 6958   !   4       lombok.javac.JavacAST::drill (146 bytes)
C2 CompilerThread1  4895 6955       4       lombok.core.AST::buildWithField (21 bytes)
C2 CompilerThread2  4896 6961   !   4       lombok.core.AST::buildWithField0 (121 bytes)
Total: 3

VM state: not at safepoint (normal execution)

VM Mutex/Monitor currently owned by a thread: None

Heap address: 0x0000000701200000, size: 4078 MB, Compressed Oops mode: Zero based, Oop shift amount: 3

CDS archive(s) mapped at: [0x0000022225000000-0x0000022225c80000-0x0000022225c80000), size 13107200, SharedBaseAddress: 0x0000022225000000, ArchiveRelocationMode: 1.
Compressed class space mapped at: 0x0000022226000000-0x0000022266000000, reserved size: 1073741824
Narrow klass base: 0x0000022225000000, Narrow klass shift: 0, Narrow klass range: 0x100000000

GC Precious Log:
 CardTable entry size: 512
 Card Set container configuration: InlinePtr #cards 4 size 8 Array Of Cards #cards 16 size 48 Howl #buckets 8 coarsen threshold 3686 Howl Bitmap #cards 512 size 80 coarsen threshold 460 Card regions per heap region 1 cards per card region 4096
 CPUs: 12 total, 12 available
 Memory: 16310M
 Large Page Support: Disabled
 NUMA Support: Disabled
 Compressed Oops: Enabled (Zero based)
 Heap Region Size: 2M
 Heap Min Capacity: 8M
 Heap Initial Capacity: 256M
 Heap Max Capacity: 4078M
 Pre-touch: Disabled
 Parallel Workers: 10
 Concurrent Workers: 3
 Concurrent Refinement Workers: 10
 Periodic GC: Disabled

Heap:
 garbage-first heap   total 118784K, used 80196K [0x0000000701200000, 0x0000000800000000)
  region size 2048K, 21 young (43008K), 2 survivors (4096K)
 Metaspace       used 31951K, committed 32384K, reserved 1114112K
  class space    used 3627K, committed 3840K, reserved 1048576K

Heap Regions: E=young(eden), S=young(survivor), O=old, HS=humongous(starts), HC=humongous(continues), CS=collection set, F=free, TAMS=top-at-mark-start, PB=parsable bottom
|   0|0x0000000701200000, 0x0000000701400000, 0x0000000701400000|100%| O|  |TAMS 0x0000000701200000| PB 0x0000000701200000| Untracked 
|   1|0x0000000701400000, 0x0000000701600000, 0x0000000701600000|100%| O|  |TAMS 0x0000000701400000| PB 0x0000000701400000| Untracked 
|   2|0x0000000701600000, 0x0000000701800000, 0x0000000701800000|100%| O|  |TAMS 0x0000000701600000| PB 0x0000000701600000| Untracked 
|   3|0x0000000701800000, 0x0000000701a00000, 0x0000000701a00000|100%|HS|  |TAMS 0x0000000701800000| PB 0x0000000701800000| Complete 
|   4|0x0000000701a00000, 0x0000000701c00000, 0x0000000701c00000|100%| O|  |TAMS 0x0000000701a00000| PB 0x0000000701a00000| Untracked 
|   5|0x0000000701c00000, 0x0000000701e00000, 0x0000000701e00000|100%| O|  |TAMS 0x0000000701c00000| PB 0x0000000701c00000| Untracked 
|   6|0x0000000701e00000, 0x0000000702000000, 0x0000000702000000|100%| O|  |TAMS 0x0000000701e00000| PB 0x0000000701e00000| Untracked 
|   7|0x0000000702000000, 0x0000000702200000, 0x0000000702200000|100%| O|  |TAMS 0x0000000702000000| PB 0x0000000702000000| Untracked 
|   8|0x0000000702200000, 0x0000000702400000, 0x0000000702400000|100%| O|  |TAMS 0x0000000702200000| PB 0x0000000702200000| Untracked 
|   9|0x0000000702400000, 0x0000000702600000, 0x0000000702600000|100%| O|  |TAMS 0x0000000702400000| PB 0x0000000702400000| Untracked 
|  10|0x0000000702600000, 0x0000000702600000, 0x0000000702800000|  0%| F|  |TAMS 0x0000000702600000| PB 0x0000000702600000| Untracked 
|  11|0x0000000702800000, 0x0000000702a00000, 0x0000000702a00000|100%| O|  |TAMS 0x0000000702800000| PB 0x0000000702800000| Untracked 
|  12|0x0000000702a00000, 0x0000000702c00000, 0x0000000702c00000|100%| O|  |TAMS 0x0000000702a00000| PB 0x0000000702a00000| Untracked 
|  13|0x0000000702c00000, 0x0000000702e00000, 0x0000000702e00000|100%| O|  |TAMS 0x0000000702c00000| PB 0x0000000702c00000| Untracked 
|  14|0x0000000702e00000, 0x0000000703000000, 0x0000000703000000|100%| O|  |TAMS 0x0000000702e00000| PB 0x0000000702e00000| Untracked 
|  15|0x0000000703000000, 0x0000000703200000, 0x0000000703200000|100%| O|  |TAMS 0x0000000703000000| PB 0x0000000703000000| Untracked 
|  16|0x0000000703200000, 0x0000000703400000, 0x0000000703400000|100%| O|  |TAMS 0x0000000703200000| PB 0x0000000703200000| Untracked 
|  17|0x0000000703400000, 0x0000000703600000, 0x0000000703600000|100%| O|  |TAMS 0x0000000703400000| PB 0x0000000703400000| Untracked 
|  18|0x0000000703600000, 0x0000000703800000, 0x0000000703800000|100%| O|  |TAMS 0x0000000703600000| PB 0x0000000703600000| Untracked 
|  19|0x0000000703800000, 0x0000000703963d40, 0x0000000703a00000| 69%| O|  |TAMS 0x0000000703800000| PB 0x0000000703800000| Untracked 
|  20|0x0000000703a00000, 0x0000000703a00000, 0x0000000703c00000|  0%| F|  |TAMS 0x0000000703a00000| PB 0x0000000703a00000| Untracked 
|  21|0x0000000703c00000, 0x0000000703ced440, 0x0000000703e00000| 46%| S|CS|TAMS 0x0000000703c00000| PB 0x0000000703c00000| Complete 
|  22|0x0000000703e00000, 0x0000000704000000, 0x0000000704000000|100%| S|CS|TAMS 0x0000000703e00000| PB 0x0000000703e00000| Complete 
|  23|0x0000000704000000, 0x0000000704000000, 0x0000000704200000|  0%| F|  |TAMS 0x0000000704000000| PB 0x0000000704000000| Untracked 
|  24|0x0000000704200000, 0x0000000704200000, 0x0000000704400000|  0%| F|  |TAMS 0x0000000704200000| PB 0x0000000704200000| Untracked 
|  25|0x0000000704400000, 0x0000000704400000, 0x0000000704600000|  0%| F|  |TAMS 0x0000000704400000| PB 0x0000000704400000| Untracked 
|  26|0x0000000704600000, 0x0000000704600000, 0x0000000704800000|  0%| F|  |TAMS 0x0000000704600000| PB 0x0000000704600000| Untracked 
|  27|0x0000000704800000, 0x0000000704800000, 0x0000000704a00000|  0%| F|  |TAMS 0x0000000704800000| PB 0x0000000704800000| Untracked 
|  28|0x0000000704a00000, 0x0000000704a00000, 0x0000000704c00000|  0%| F|  |TAMS 0x0000000704a00000| PB 0x0000000704a00000| Untracked 
|  29|0x0000000704c00000, 0x0000000704c00000, 0x0000000704e00000|  0%| F|  |TAMS 0x0000000704c00000| PB 0x0000000704c00000| Untracked 
|  30|0x0000000704e00000, 0x0000000704e00000, 0x0000000705000000|  0%| F|  |TAMS 0x0000000704e00000| PB 0x0000000704e00000| Untracked 
|  31|0x0000000705000000, 0x0000000705000000, 0x0000000705200000|  0%| F|  |TAMS 0x0000000705000000| PB 0x0000000705000000| Untracked 
|  32|0x0000000705200000, 0x0000000705200000, 0x0000000705400000|  0%| F|  |TAMS 0x0000000705200000| PB 0x0000000705200000| Untracked 
|  33|0x0000000705400000, 0x0000000705400000, 0x0000000705600000|  0%| F|  |TAMS 0x0000000705400000| PB 0x0000000705400000| Untracked 
|  34|0x0000000705600000, 0x0000000705600000, 0x0000000705800000|  0%| F|  |TAMS 0x0000000705600000| PB 0x0000000705600000| Untracked 
|  35|0x0000000705800000, 0x0000000705800000, 0x0000000705a00000|  0%| F|  |TAMS 0x0000000705800000| PB 0x0000000705800000| Untracked 
|  36|0x0000000705a00000, 0x0000000705a00000, 0x0000000705c00000|  0%| F|  |TAMS 0x0000000705a00000| PB 0x0000000705a00000| Untracked 
|  37|0x0000000705c00000, 0x0000000705c00000, 0x0000000705e00000|  0%| F|  |TAMS 0x0000000705c00000| PB 0x0000000705c00000| Untracked 
|  38|0x0000000705e00000, 0x0000000706000000, 0x0000000706000000|100%| E|  |TAMS 0x0000000705e00000| PB 0x0000000705e00000| Complete 
|  39|0x0000000706000000, 0x0000000706200000, 0x0000000706200000|100%| E|CS|TAMS 0x0000000706000000| PB 0x0000000706000000| Complete 
|  40|0x0000000706200000, 0x0000000706400000, 0x0000000706400000|100%| E|CS|TAMS 0x0000000706200000| PB 0x0000000706200000| Complete 
|  41|0x0000000706400000, 0x0000000706600000, 0x0000000706600000|100%| E|CS|TAMS 0x0000000706400000| PB 0x0000000706400000| Complete 
|  42|0x0000000706600000, 0x0000000706800000, 0x0000000706800000|100%| E|CS|TAMS 0x0000000706600000| PB 0x0000000706600000| Complete 
|  43|0x0000000706800000, 0x0000000706a00000, 0x0000000706a00000|100%| E|CS|TAMS 0x0000000706800000| PB 0x0000000706800000| Complete 
|  44|0x0000000706a00000, 0x0000000706c00000, 0x0000000706c00000|100%| E|CS|TAMS 0x0000000706a00000| PB 0x0000000706a00000| Complete 
|  45|0x0000000706c00000, 0x0000000706e00000, 0x0000000706e00000|100%| E|CS|TAMS 0x0000000706c00000| PB 0x0000000706c00000| Complete 
|  46|0x0000000706e00000, 0x0000000707000000, 0x0000000707000000|100%| E|CS|TAMS 0x0000000706e00000| PB 0x0000000706e00000| Complete 
|  47|0x0000000707000000, 0x0000000707200000, 0x0000000707200000|100%| E|CS|TAMS 0x0000000707000000| PB 0x0000000707000000| Complete 
|  48|0x0000000707200000, 0x0000000707400000, 0x0000000707400000|100%| E|CS|TAMS 0x0000000707200000| PB 0x0000000707200000| Complete 
|  49|0x0000000707400000, 0x0000000707600000, 0x0000000707600000|100%| E|CS|TAMS 0x0000000707400000| PB 0x0000000707400000| Complete 
|  50|0x0000000707600000, 0x0000000707800000, 0x0000000707800000|100%| E|CS|TAMS 0x0000000707600000| PB 0x0000000707600000| Complete 
|  51|0x0000000707800000, 0x0000000707a00000, 0x0000000707a00000|100%| E|CS|TAMS 0x0000000707800000| PB 0x0000000707800000| Complete 
|  52|0x0000000707a00000, 0x0000000707c00000, 0x0000000707c00000|100%| E|CS|TAMS 0x0000000707a00000| PB 0x0000000707a00000| Complete 
| 118|0x000000070fe00000, 0x0000000710000000, 0x0000000710000000|100%| E|CS|TAMS 0x000000070fe00000| PB 0x000000070fe00000| Complete 
| 119|0x0000000710000000, 0x0000000710200000, 0x0000000710200000|100%| E|CS|TAMS 0x0000000710000000| PB 0x0000000710000000| Complete 
| 120|0x0000000710200000, 0x0000000710400000, 0x0000000710400000|100%| E|CS|TAMS 0x0000000710200000| PB 0x0000000710200000| Complete 
| 127|0x0000000711000000, 0x0000000711200000, 0x0000000711200000|100%| E|CS|TAMS 0x0000000711000000| PB 0x0000000711000000| Complete 
|2038|0x00000007ffe00000, 0x0000000800000000, 0x0000000800000000|100%| O|  |TAMS 0x00000007ffe00000| PB 0x00000007ffe00000| Untracked 

Card table byte_map: [0x000002221cdf0000,0x000002221d5f0000] _byte_map_base: 0x00000222195e7000

Marking Bits: (CMBitMap*) 0x00000222049d5f90
 Bits: [0x000002221d5f0000, 0x00000222215a8000)

Polling page: 0x0000022204140000

Metaspace:

Usage:
  Non-class:     27.66 MB used.
      Class:      3.54 MB used.
       Both:     31.21 MB used.

Virtual space:
  Non-class space:       64.00 MB reserved,      27.88 MB ( 44%) committed,  1 nodes.
      Class space:        1.00 GB reserved,       3.75 MB ( <1%) committed,  1 nodes.
             Both:        1.06 GB reserved,      31.62 MB (  3%) committed. 

Chunk freelists:
   Non-Class:  4.02 MB
       Class:  12.26 MB
        Both:  16.28 MB

MaxMetaspaceSize: unlimited
CompressedClassSpaceSize: 1.00 GB
Initial GC threshold: 21.00 MB
Current GC threshold: 35.25 MB
CDS: on
 - commit_granule_bytes: 65536.
 - commit_granule_words: 8192.
 - virtual_space_node_default_size: 8388608.
 - enlarge_chunks_in_place: 1.
 - use_allocation_guard: 0.


Internal statistics:

num_allocs_failed_limit: 3.
num_arena_births: 368.
num_arena_deaths: 0.
num_vsnodes_births: 2.
num_vsnodes_deaths: 0.
num_space_committed: 506.
num_space_uncommitted: 0.
num_chunks_returned_to_freelist: 3.
num_chunks_taken_from_freelist: 1562.
num_chunk_merges: 3.
num_chunk_splits: 1083.
num_chunks_enlarged: 837.
num_inconsistent_stats: 0.

CodeHeap 'non-profiled nmethods': size=120000Kb used=4259Kb max_used=4259Kb free=115741Kb
 bounds [0x0000022214b70000, 0x0000022214fa0000, 0x000002221c0a0000]
CodeHeap 'profiled nmethods': size=120000Kb used=17739Kb max_used=17739Kb free=102260Kb
 bounds [0x000002220d0a0000, 0x000002220e200000, 0x00000222145d0000]
CodeHeap 'non-nmethods': size=5760Kb used=1392Kb max_used=1489Kb free=4367Kb
 bounds [0x00000222145d0000, 0x0000022214840000, 0x0000022214b70000]
CodeCache: size=245760Kb, used=23390Kb, max_used=23487Kb, free=222368Kb
 total_blobs=8446, nmethods=7896, adapters=454, full_count=0
Compilation: enabled, stopped_count=0, restarted_count=0

Compilation events (20 events):
Event: 4.869 Thread 0x0000022224248b40 nmethod 7880 0x0000022214f97110 code [0x0000022214f972a0, 0x0000022214f97370]
Event: 4.869 Thread 0x0000022224248b40 7869       2       com.sun.tools.javac.code.Symbol$ClassSymbol::getRawAttributes (9 bytes)
Event: 4.869 Thread 0x0000022224248b40 nmethod 7869 0x000002220e1ce190 code [0x000002220e1ce360, 0x000002220e1ce540]
Event: 4.869 Thread 0x0000022224248b40 7885       3       com.sun.tools.javac.code.Type::allparams (4 bytes)
Event: 4.869 Thread 0x0000022224248b40 nmethod 7885 0x000002220e1ce610 code [0x000002220e1ce7c0, 0x000002220e1ce930]
Event: 4.870 Thread 0x0000022224248b40 7886       2       com.sun.tools.javac.util.Bits::reset (5 bytes)
Event: 4.870 Thread 0x0000022224248b40 nmethod 7886 0x000002220e1cea10 code [0x000002220e1cebc0, 0x000002220e1ced68]
Event: 4.870 Thread 0x0000022224248b40 7888       3       com.sun.tools.javac.code.Types::containsTypeEquivalent (68 bytes)
Event: 4.871 Thread 0x0000022224248b40 nmethod 7888 0x000002220e1cee10 code [0x000002220e1cf0c0, 0x000002220e1d0338]
Event: 4.871 Thread 0x0000022224248b40 7887       2       com.sun.tools.javac.util.Bits::internalReset (13 bytes)
Event: 4.871 Thread 0x0000022224248b40 nmethod 7887 0x000002220e1d0810 code [0x000002220e1d09c0, 0x000002220e1d0b68]
Event: 4.872 Thread 0x0000022224248b40 7889       2       com.sun.tools.javac.comp.AttrContext::dup (9 bytes)
Event: 4.872 Thread 0x0000022224248b40 nmethod 7889 0x000002220e1d0c10 code [0x000002220e1d0dc0, 0x000002220e1d0ef0]
Event: 4.872 Thread 0x0000022224248b40 7890       2       com.sun.tools.javac.comp.Resolve$4::checkArg (22 bytes)
Event: 4.872 Thread 0x0000022224248b40 nmethod 7890 0x000002220e1d0f90 code [0x000002220e1d1140, 0x000002220e1d12b8]
Event: 4.872 Thread 0x0000022224248b40 7891       2       com.sun.tools.javac.comp.Resolve$4::methodCheckResult (44 bytes)
Event: 4.872 Thread 0x0000022224248b40 nmethod 7891 0x000002220e1d1390 code [0x000002220e1d1560, 0x000002220e1d17f0]
Event: 4.873 Thread 0x0000022224248b40 7892       2       com.sun.tools.javac.comp.Infer$CheckBounds::<init> (31 bytes)
Event: 4.873 Thread 0x0000022224248b40 nmethod 7892 0x000002220e1d1990 code [0x000002220e1d1b40, 0x000002220e1d1f00]
Event: 4.873 Thread 0x0000022224248b40 7893       2       com.sun.tools.javac.comp.Infer$CheckBounds::<init> (16 bytes)

GC Heap History (12 events):
Event: 0.473 GC heap before
{Heap before GC invocations=0 (full 0):
 garbage-first heap   total 262144K, used 22528K [0x0000000701200000, 0x0000000800000000)
  region size 2048K, 11 young (22528K), 0 survivors (0K)
 Metaspace       used 5623K, committed 5824K, reserved 1114112K
  class space    used 661K, committed 768K, reserved 1048576K
}
Event: 0.475 GC heap after
{Heap after GC invocations=1 (full 0):
 garbage-first heap   total 262144K, used 4082K [0x0000000701200000, 0x0000000800000000)
  region size 2048K, 2 young (4096K), 2 survivors (4096K)
 Metaspace       used 5623K, committed 5824K, reserved 1114112K
  class space    used 661K, committed 768K, reserved 1048576K
}
Event: 0.907 GC heap before
{Heap before GC invocations=1 (full 0):
 garbage-first heap   total 262144K, used 36850K [0x0000000701200000, 0x0000000800000000)
  region size 2048K, 18 young (36864K), 2 survivors (4096K)
 Metaspace       used 9785K, committed 9984K, reserved 1114112K
  class space    used 1175K, committed 1280K, reserved 1048576K
}
Event: 0.910 GC heap after
{Heap after GC invocations=2 (full 0):
 garbage-first heap   total 262144K, used 5395K [0x0000000701200000, 0x0000000800000000)
  region size 2048K, 1 young (2048K), 1 survivors (2048K)
 Metaspace       used 9785K, committed 9984K, reserved 1114112K
  class space    used 1175K, committed 1280K, reserved 1048576K
}
Event: 3.068 GC heap before
{Heap before GC invocations=2 (full 0):
 garbage-first heap   total 262144K, used 156947K [0x0000000701200000, 0x0000000800000000)
  region size 2048K, 76 young (155648K), 1 survivors (2048K)
 Metaspace       used 20521K, committed 20800K, reserved 1114112K
  class space    used 2359K, committed 2496K, reserved 1048576K
}
Event: 3.077 GC heap after
{Heap after GC invocations=3 (full 0):
 garbage-first heap   total 262144K, used 17982K [0x0000000701200000, 0x0000000800000000)
  region size 2048K, 7 young (14336K), 7 survivors (14336K)
 Metaspace       used 20521K, committed 20800K, reserved 1114112K
  class space    used 2359K, committed 2496K, reserved 1048576K
}
Event: 3.188 GC heap before
{Heap before GC invocations=3 (full 0):
 garbage-first heap   total 262144K, used 34366K [0x0000000701200000, 0x0000000800000000)
  region size 2048K, 14 young (28672K), 7 survivors (14336K)
 Metaspace       used 21167K, committed 21504K, reserved 1114112K
  class space    used 2427K, committed 2624K, reserved 1048576K
}
Event: 3.195 GC heap after
{Heap after GC invocations=4 (full 0):
 garbage-first heap   total 262144K, used 25856K [0x0000000701200000, 0x0000000800000000)
  region size 2048K, 3 young (6144K), 3 survivors (6144K)
 Metaspace       used 21167K, committed 21504K, reserved 1114112K
  class space    used 2427K, committed 2624K, reserved 1048576K
}
Event: 3.882 GC heap before
{Heap before GC invocations=5 (full 0):
 garbage-first heap   total 96256K, used 93440K [0x0000000701200000, 0x0000000800000000)
  region size 2048K, 36 young (73728K), 3 survivors (6144K)
 Metaspace       used 27512K, committed 27840K, reserved 1114112K
  class space    used 3137K, committed 3264K, reserved 1048576K
}
Event: 3.894 GC heap after
{Heap after GC invocations=6 (full 0):
 garbage-first heap   total 118784K, used 40829K [0x0000000701200000, 0x0000000800000000)
  region size 2048K, 10 young (20480K), 10 survivors (20480K)
 Metaspace       used 27512K, committed 27840K, reserved 1114112K
  class space    used 3137K, committed 3264K, reserved 1048576K
}
Event: 4.459 GC heap before
{Heap before GC invocations=6 (full 0):
 garbage-first heap   total 118784K, used 89981K [0x0000000701200000, 0x0000000800000000)
  region size 2048K, 34 young (69632K), 10 survivors (20480K)
 Metaspace       used 29834K, committed 30208K, reserved 1114112K
  class space    used 3378K, committed 3520K, reserved 1048576K
}
Event: 4.471 GC heap after
{Heap after GC invocations=7 (full 0):
 garbage-first heap   total 118784K, used 43332K [0x0000000701200000, 0x0000000800000000)
  region size 2048K, 2 young (4096K), 2 survivors (4096K)
 Metaspace       used 29834K, committed 30208K, reserved 1114112K
  class space    used 3378K, committed 3520K, reserved 1048576K
}

Dll operation events (8 events):
Event: 0.005 Loaded shared library C:\Program Files\Microsoft\jdk-21.0.10.7-hotspot\bin\java.dll
Event: 0.026 Loaded shared library C:\Program Files\Microsoft\jdk-21.0.10.7-hotspot\bin\jsvml.dll
Event: 0.039 Loaded shared library C:\Program Files\Microsoft\jdk-21.0.10.7-hotspot\bin\net.dll
Event: 0.040 Loaded shared library C:\Program Files\Microsoft\jdk-21.0.10.7-hotspot\bin\nio.dll
Event: 0.042 Loaded shared library C:\Program Files\Microsoft\jdk-21.0.10.7-hotspot\bin\zip.dll
Event: 0.145 Loaded shared library C:\Program Files\Microsoft\jdk-21.0.10.7-hotspot\bin\jimage.dll
Event: 0.145 Loaded shared library C:\Users\jorge\scoop\apps\maven\current\lib\jansi-native\Windows\x86_64\jansi.dll
Event: 0.157 Loaded shared library C:\Program Files\Microsoft\jdk-21.0.10.7-hotspot\bin\verify.dll

Deoptimization events (20 events):
Event: 4.692 Thread 0x0000022204972e10 DEOPT PACKING pc=0x0000022214f50a14 sp=0x00000069c57fb780
Event: 4.692 Thread 0x0000022204972e10 DEOPT UNPACKING pc=0x0000022214624422 sp=0x00000069c57fb710 mode 2
Event: 4.692 Thread 0x0000022204972e10 Uncommon trap: trap_request=0xffffff45 fr.pc=0x0000022214e32ed0 relative=0x00000000000064f0
Event: 4.693 Thread 0x0000022204972e10 Uncommon trap: reason=unstable_if action=reinterpret pc=0x0000022214e32ed0 method=java.lang.invoke.MethodType.genericMethodType(IZ)Ljava/lang/invoke/MethodType; @ 38 c2
Event: 4.693 Thread 0x0000022204972e10 DEOPT PACKING pc=0x0000022214e32ed0 sp=0x00000069c57fa4b0
Event: 4.693 Thread 0x0000022204972e10 DEOPT UNPACKING pc=0x0000022214624422 sp=0x00000069c57fa2d8 mode 2
Event: 4.724 Thread 0x0000022204972e10 Uncommon trap: trap_request=0xffffff45 fr.pc=0x0000022214e4cadc relative=0x0000000000005f7c
Event: 4.724 Thread 0x0000022204972e10 Uncommon trap: reason=unstable_if action=reinterpret pc=0x0000022214e4cadc method=java.lang.invoke.MethodType.genericMethodType(IZ)Ljava/lang/invoke/MethodType; @ 27 c2
Event: 4.724 Thread 0x0000022204972e10 DEOPT PACKING pc=0x0000022214e4cadc sp=0x00000069c57f7cc0
Event: 4.724 Thread 0x0000022204972e10 DEOPT UNPACKING pc=0x0000022214624422 sp=0x00000069c57f7c58 mode 2
Event: 4.733 Thread 0x0000022204972e10 DEOPT PACKING pc=0x000002220de2eab4 sp=0x00000069c57fca10
Event: 4.733 Thread 0x0000022204972e10 DEOPT UNPACKING pc=0x0000022214624bc2 sp=0x00000069c57fbdd0 mode 0
Event: 4.799 Thread 0x0000022204972e10 Uncommon trap: trap_request=0xffffff3d fr.pc=0x0000022214e808f4 relative=0x0000000000000254
Event: 4.799 Thread 0x0000022204972e10 Uncommon trap: reason=unstable_fused_if action=reinterpret pc=0x0000022214e808f4 method=com.sun.tools.javac.util.Convert.chars2utf([CI[BII)I @ 28 c2
Event: 4.799 Thread 0x0000022204972e10 DEOPT PACKING pc=0x0000022214e808f4 sp=0x00000069c57fd670
Event: 4.799 Thread 0x0000022204972e10 DEOPT UNPACKING pc=0x0000022214624422 sp=0x00000069c57fd5d0 mode 2
Event: 4.799 Thread 0x0000022204972e10 DEOPT PACKING pc=0x000002220df68788 sp=0x00000069c57fd470
Event: 4.799 Thread 0x0000022204972e10 DEOPT UNPACKING pc=0x0000022214624bc2 sp=0x00000069c57fc958 mode 0
Event: 4.830 Thread 0x0000022204972e10 DEOPT PACKING pc=0x000002220e11e58b sp=0x00000069c57fd980
Event: 4.830 Thread 0x0000022204972e10 DEOPT UNPACKING pc=0x0000022214624bc2 sp=0x00000069c57fcdf0 mode 0

Classes loaded (20 events):
Event: 4.735 Loading class java/util/function/ToIntBiFunction
Event: 4.735 Loading class java/util/function/ToIntBiFunction done
Event: 4.738 Loading class java/util/stream/ReferencePipeline$4
Event: 4.738 Loading class java/util/stream/IntPipeline$StatelessOp
Event: 4.739 Loading class java/util/stream/IntPipeline$StatelessOp done
Event: 4.739 Loading class java/util/stream/ReferencePipeline$4 done
Event: 4.739 Loading class java/util/stream/Nodes$IntFixedNodeBuilder
Event: 4.739 Loading class java/util/stream/Node$Builder$OfInt
Event: 4.739 Loading class java/util/stream/Sink$OfInt
Event: 4.739 Loading class java/util/stream/Sink$OfInt done
Event: 4.739 Loading class java/util/stream/Node$Builder$OfInt done
Event: 4.739 Loading class java/util/stream/Nodes$IntArrayNode
Event: 4.739 Loading class java/util/stream/Nodes$IntArrayNode done
Event: 4.739 Loading class java/util/stream/Nodes$IntFixedNodeBuilder done
Event: 4.739 Loading class java/util/stream/ReferencePipeline$4$1
Event: 4.739 Loading class java/util/stream/ReferencePipeline$4$1 done
Event: 4.749 Loading class java/util/stream/ReduceOps$2
Event: 4.749 Loading class java/util/stream/ReduceOps$2 done
Event: 4.749 Loading class java/util/stream/ReduceOps$2ReducingSink
Event: 4.750 Loading class java/util/stream/ReduceOps$2ReducingSink done

Classes unloaded (0 events):
No events

Classes redefined (0 events):
No events

Internal exceptions (20 events):
Event: 4.845 Thread 0x0000022204972e10 Exception <a 'sun/nio/fs/WindowsException'{0x000000070608e398}> (0x000000070608e398) 
thrown [s\src\hotspot\share\prims\jni.cpp, line 520]
Event: 4.845 Thread 0x0000022204972e10 Exception <a 'sun/nio/fs/WindowsException'{0x000000070608f150}> (0x000000070608f150) 
thrown [s\src\hotspot\share\prims\jni.cpp, line 520]
Event: 4.847 Thread 0x0000022204972e10 Exception <a 'sun/nio/fs/WindowsException'{0x00000007060a1cc0}> (0x00000007060a1cc0) 
thrown [s\src\hotspot\share\prims\jni.cpp, line 520]
Event: 4.847 Thread 0x0000022204972e10 Exception <a 'sun/nio/fs/WindowsException'{0x00000007060a23a0}> (0x00000007060a23a0) 
thrown [s\src\hotspot\share\prims\jni.cpp, line 520]
Event: 4.847 Thread 0x0000022204972e10 Exception <a 'sun/nio/fs/WindowsException'{0x00000007060a3290}> (0x00000007060a3290) 
thrown [s\src\hotspot\share\prims\jni.cpp, line 520]
Event: 4.855 Thread 0x0000022204972e10 Exception <a 'sun/nio/fs/WindowsException'{0x00000007060f2300}> (0x00000007060f2300) 
thrown [s\src\hotspot\share\prims\jni.cpp, line 520]
Event: 4.855 Thread 0x0000022204972e10 Exception <a 'sun/nio/fs/WindowsException'{0x00000007060f29e8}> (0x00000007060f29e8) 
thrown [s\src\hotspot\share\prims\jni.cpp, line 520]
Event: 4.856 Thread 0x0000022204972e10 Exception <a 'sun/nio/fs/WindowsException'{0x00000007060f3900}> (0x00000007060f3900) 
thrown [s\src\hotspot\share\prims\jni.cpp, line 520]
Event: 4.858 Thread 0x0000022204972e10 Exception <a 'sun/nio/fs/WindowsException'{0x000000070610d220}> (0x000000070610d220) 
thrown [s\src\hotspot\share\prims\jni.cpp, line 520]
Event: 4.858 Thread 0x0000022204972e10 Exception <a 'sun/nio/fs/WindowsException'{0x000000070610d8f8}> (0x000000070610d8f8) 
thrown [s\src\hotspot\share\prims\jni.cpp, line 520]
Event: 4.858 Thread 0x0000022204972e10 Exception <a 'sun/nio/fs/WindowsException'{0x000000070610e790}> (0x000000070610e790) 
thrown [s\src\hotspot\share\prims\jni.cpp, line 520]
Event: 4.861 Thread 0x0000022204972e10 Exception <a 'sun/nio/fs/WindowsException'{0x0000000706129928}> (0x0000000706129928) 
thrown [s\src\hotspot\share\prims\jni.cpp, line 520]
Event: 4.861 Thread 0x0000022204972e10 Exception <a 'sun/nio/fs/WindowsException'{0x0000000706129ff0}> (0x0000000706129ff0) 
thrown [s\src\hotspot\share\prims\jni.cpp, line 520]
Event: 4.861 Thread 0x0000022204972e10 Exception <a 'sun/nio/fs/WindowsException'{0x000000070612ae00}> (0x000000070612ae00) 
thrown [s\src\hotspot\share\prims\jni.cpp, line 520]
Event: 4.868 Thread 0x0000022204972e10 Exception <a 'sun/nio/fs/WindowsException'{0x00000007061819f0}> (0x00000007061819f0) 
thrown [s\src\hotspot\share\prims\jni.cpp, line 520]
Event: 4.869 Thread 0x0000022204972e10 Exception <a 'sun/nio/fs/WindowsException'{0x00000007061820d0}> (0x00000007061820d0) 
thrown [s\src\hotspot\share\prims\jni.cpp, line 520]
Event: 4.869 Thread 0x0000022204972e10 Exception <a 'sun/nio/fs/WindowsException'{0x0000000706182fa8}> (0x0000000706182fa8) 
thrown [s\src\hotspot\share\prims\jni.cpp, line 520]
Event: 4.870 Thread 0x0000022204972e10 Exception <a 'sun/nio/fs/WindowsException'{0x000000070619b570}> (0x000000070619b570) 
thrown [s\src\hotspot\share\prims\jni.cpp, line 520]
Event: 4.870 Thread 0x0000022204972e10 Exception <a 'sun/nio/fs/WindowsException'{0x000000070619bc48}> (0x000000070619bc48) 
thrown [s\src\hotspot\share\prims\jni.cpp, line 520]
Event: 4.870 Thread 0x0000022204972e10 Exception <a 'sun/nio/fs/WindowsException'{0x000000070619cad8}> (0x000000070619cad8) 
thrown [s\src\hotspot\share\prims\jni.cpp, line 520]

ZGC Phase Switch (0 events):
No events

VM Operations (20 events):
Event: 4.622 Executing non-safepoint VM operation: HandshakeAllThreads (Deoptimize)
Event: 4.622 Executing non-safepoint VM operation: HandshakeAllThreads (Deoptimize) done
Event: 4.623 Executing non-safepoint VM operation: HandshakeAllThreads (Deoptimize)
Event: 4.624 Executing non-safepoint VM operation: HandshakeAllThreads (Deoptimize) done
Event: 4.638 Executing non-safepoint VM operation: HandshakeAllThreads (Deoptimize)
Event: 4.638 Executing non-safepoint VM operation: HandshakeAllThreads (Deoptimize) done
Event: 4.646 Executing non-safepoint VM operation: HandshakeAllThreads (Deoptimize)
Event: 4.646 Executing non-safepoint VM operation: HandshakeAllThreads (Deoptimize) done
Event: 4.656 Executing non-safepoint VM operation: HandshakeAllThreads (Deoptimize)
Event: 4.657 Executing non-safepoint VM operation: HandshakeAllThreads (Deoptimize) done
Event: 4.657 Executing non-safepoint VM operation: HandshakeAllThreads (Deoptimize)
Event: 4.657 Executing non-safepoint VM operation: HandshakeAllThreads (Deoptimize) done
Event: 4.691 Executing safepoint VM operation: ICBufferFull
Event: 4.691 Executing safepoint VM operation: ICBufferFull done
Event: 4.733 Executing non-safepoint VM operation: HandshakeAllThreads (Deoptimize)
Event: 4.733 Executing non-safepoint VM operation: HandshakeAllThreads (Deoptimize) done
Event: 4.761 Executing safepoint VM operation: ICBufferFull
Event: 4.761 Executing safepoint VM operation: ICBufferFull done
Event: 4.872 Executing safepoint VM operation: ICBufferFull
Event: 4.872 Executing safepoint VM operation: ICBufferFull done

Memory protections (0 events):
No events

Nmethod flushes (0 events):
No events

Events (16 events):
Event: 0.015 Thread 0x0000022204972e10 Thread added: 0x0000022204972e10
Event: 0.025 Thread 0x0000022204972e10 Thread added: 0x000002222422be20
Event: 0.025 Thread 0x0000022204972e10 Thread added: 0x000002222422cd40
Event: 0.025 Thread 0x0000022204972e10 Thread added: 0x000002222422e9b0
Event: 0.025 Thread 0x0000022204972e10 Thread added: 0x0000022224232640
Event: 0.025 Thread 0x0000022204972e10 Thread added: 0x00000222242330a0
Event: 0.025 Thread 0x0000022204972e10 Thread added: 0x0000022224237170
Event: 0.025 Thread 0x0000022204972e10 Thread added: 0x00000222242409b0
Event: 0.025 Thread 0x0000022204972e10 Thread added: 0x0000022224248b40
Event: 0.035 Thread 0x0000022204972e10 Thread added: 0x00000222243ecde0
Event: 0.037 Thread 0x0000022204972e10 Thread added: 0x00000222243ef250
Event: 0.143 Thread 0x0000022204972e10 Thread added: 0x000002222471e7b0
Event: 0.160 Thread 0x000002222471e7b0 Thread exited: 0x000002222471e7b0
Event: 0.237 Thread 0x0000022224248b40 Thread added: 0x0000022224245b90
Event: 0.467 Thread 0x0000022224248b40 Thread added: 0x00000222242454c0
Event: 1.252 Thread 0x0000022204972e10 Thread added: 0x000002226a32cd30


Dynamic libraries:
0x00007ff66fb30000 - 0x00007ff66fb3e000 	C:\Program Files\Microsoft\jdk-21.0.10.7-hotspot\bin\java.exe
0x00007ff9bd7d0000 - 0x00007ff9bd9c8000 	C:\WINDOWS\SYSTEM32\ntdll.dll
0x00007ff9bc790000 - 0x00007ff9bc852000 	C:\WINDOWS\System32\KERNEL32.DLL
0x00007ff9bb130000 - 0x00007ff9bb426000 	C:\WINDOWS\System32\KERNELBASE.dll
0x00007ff9bae60000 - 0x00007ff9baf60000 	C:\WINDOWS\System32\ucrtbase.dll
0x00007ff9b6240000 - 0x00007ff9b6258000 	C:\Program Files\Microsoft\jdk-21.0.10.7-hotspot\bin\jli.dll
0x00007ff9b6260000 - 0x00007ff9b627e000 	C:\Program Files\Microsoft\jdk-21.0.10.7-hotspot\bin\VCRUNTIME140.dll
0x00007ff9bc5c0000 - 0x00007ff9bc761000 	C:\WINDOWS\System32\USER32.dll
0x00007ff9bb010000 - 0x00007ff9bb032000 	C:\WINDOWS\System32\win32u.dll
0x00007ff9ba200000 - 0x00007ff9ba49b000 	C:\WINDOWS\WinSxS\amd64_microsoft.windows.common-controls_6595b64144ccf1df_6.0.19041.6456_none_60b8a6cb71f64256\COMCTL32.dll
0x00007ff9bc870000 - 0x00007ff9bc89b000 	C:\WINDOWS\System32\GDI32.dll
0x00007ff9bca20000 - 0x00007ff9bcabe000 	C:\WINDOWS\System32\msvcrt.dll
0x00007ff9bb590000 - 0x00007ff9bb6a9000 	C:\WINDOWS\System32\gdi32full.dll
0x00007ff9bb040000 - 0x00007ff9bb0dd000 	C:\WINDOWS\System32\msvcp_win.dll
0x00007ff9bb9b0000 - 0x00007ff9bb9df000 	C:\WINDOWS\System32\IMM32.DLL
0x00007ff9b6d60000 - 0x00007ff9b6d6c000 	C:\Program Files\Microsoft\jdk-21.0.10.7-hotspot\bin\vcruntime140_1.dll
0x00007ff9a0ce0000 - 0x00007ff9a0d69000 	C:\Program Files\Microsoft\jdk-21.0.10.7-hotspot\bin\msvcp140.dll
0x00007ff972ed0000 - 0x00007ff973c7d000 	C:\Program Files\Microsoft\jdk-21.0.10.7-hotspot\bin\server\jvm.dll
0x00007ff9bb9e0000 - 0x00007ff9bba91000 	C:\WINDOWS\System32\ADVAPI32.dll
0x00007ff9bc3f0000 - 0x00007ff9bc48f000 	C:\WINDOWS\System32\sechost.dll
0x00007ff9bc0f0000 - 0x00007ff9bc210000 	C:\WINDOWS\System32\RPCRT4.dll
0x00007ff9bafe0000 - 0x00007ff9bb007000 	C:\WINDOWS\System32\bcrypt.dll
0x00007ff9bcfb0000 - 0x00007ff9bd01b000 	C:\WINDOWS\System32\WS2_32.dll
0x00007ff9ba9d0000 - 0x00007ff9baa1b000 	C:\WINDOWS\SYSTEM32\POWRPROF.dll
0x00007ff9b7ef0000 - 0x00007ff9b7efa000 	C:\WINDOWS\SYSTEM32\VERSION.dll
0x00007ff9a9ac0000 - 0x00007ff9a9ae7000 	C:\WINDOWS\SYSTEM32\WINMM.dll
0x00007ff9ba590000 - 0x00007ff9ba5a2000 	C:\WINDOWS\SYSTEM32\UMPDC.dll
0x00007ff9b8f40000 - 0x00007ff9b8f52000 	C:\WINDOWS\SYSTEM32\kernel.appcore.dll
0x00007ff9b4fa0000 - 0x00007ff9b4faa000 	C:\Program Files\Microsoft\jdk-21.0.10.7-hotspot\bin\jimage.dll
0x00007ff9ba7c0000 - 0x00007ff9ba9c1000 	C:\WINDOWS\SYSTEM32\DBGHELP.DLL
0x00007ff9ba780000 - 0x00007ff9ba7b4000 	C:\WINDOWS\SYSTEM32\dbgcore.DLL
0x00007ff9bb760000 - 0x00007ff9bb7e2000 	C:\WINDOWS\System32\bcryptPrimitives.dll
0x00007ff9a1970000 - 0x00007ff9a1991000 	C:\Program Files\Microsoft\jdk-21.0.10.7-hotspot\bin\java.dll
0x00007ff9bd020000 - 0x00007ff9bd790000 	C:\WINDOWS\System32\SHELL32.dll
0x00007ff9b8180000 - 0x00007ff9b8925000 	C:\WINDOWS\SYSTEM32\windows.storage.dll
0x00007ff9bcba0000 - 0x00007ff9bcef4000 	C:\WINDOWS\System32\combase.dll
0x00007ff9ba080000 - 0x00007ff9ba0ab000 	C:\WINDOWS\SYSTEM32\Wldp.dll
0x00007ff9bbaa0000 - 0x00007ff9bbb6d000 	C:\WINDOWS\System32\OLEAUT32.dll
0x00007ff9bbb70000 - 0x00007ff9bbc1d000 	C:\WINDOWS\System32\SHCORE.dll
0x00007ff9bbc20000 - 0x00007ff9bbc7b000 	C:\WINDOWS\System32\shlwapi.dll
0x00007ff9bad90000 - 0x00007ff9badb4000 	C:\WINDOWS\SYSTEM32\profapi.dll
0x00007ff99f910000 - 0x00007ff99f9e6000 	C:\Program Files\Microsoft\jdk-21.0.10.7-hotspot\bin\jsvml.dll
0x00007ff9a1950000 - 0x00007ff9a1961000 	C:\Program Files\Microsoft\jdk-21.0.10.7-hotspot\bin\net.dll
0x00007ff9b4080000 - 0x00007ff9b418a000 	C:\WINDOWS\SYSTEM32\WINHTTP.dll
0x00007ff9b9e60000 - 0x00007ff9b9eca000 	C:\WINDOWS\system32\mswsock.dll
0x00007ff9a18d0000 - 0x00007ff9a18e6000 	C:\Program Files\Microsoft\jdk-21.0.10.7-hotspot\bin\nio.dll
0x00007ff9a2960000 - 0x00007ff9a2978000 	C:\Program Files\Microsoft\jdk-21.0.10.7-hotspot\bin\zip.dll
0x00007ff9a1800000 - 0x00007ff9a1824000 	C:\Users\jorge\scoop\apps\maven\current\lib\jansi-native\Windows\x86_64\jansi.dll
0x00007ff9a17f0000 - 0x00007ff9a1800000 	C:\Program Files\Microsoft\jdk-21.0.10.7-hotspot\bin\verify.dll
0x00007ff9bab90000 - 0x00007ff9babc3000 	C:\WINDOWS\SYSTEM32\ntmarta.dll

JVMTI agents: none

dbghelp: loaded successfully - version: 4.0.5 - missing functions: none
symbol engine: initialized successfully - sym options: 0x614 - pdb path: .;C:\Program Files\Microsoft\jdk-21.0.10.7-hotspot\bin;C:\WINDOWS\SYSTEM32;C:\WINDOWS\WinSxS\amd64_microsoft.windows.common-controls_6595b64144ccf1df_6.0.19041.6456_none_60b8a6cb71f64256;C:\Program Files\Microsoft\jdk-21.0.10.7-hotspot\bin\server;C:\Users\jorge\scoop\apps\maven\current\lib\jansi-native\Windows\x86_64

VM Arguments:
jvm_args: --enable-native-access=ALL-UNNAMED -Dclassworlds.conf=C:\Users\jorge\scoop\apps\maven\current\bin\m2.conf -Dmaven.home=C:\Users\jorge\scoop\apps\maven\current -Dlibrary.jansi.path=C:\Users\jorge\scoop\apps\maven\current\lib\jansi-native -Dmaven.multiModuleProjectDirectory=C:\Users\jorge\OneDrive\Desktop\Backend II\minimarket 
java_command: org.codehaus.plexus.classworlds.launcher.Launcher clean test jacoco:report
java_class_path (initial): C:\Users\jorge\scoop\apps\maven\current\boot\plexus-classworlds-2.9.0.jar
Launcher Type: SUN_STANDARD

[Global flags]
     intx CICompilerCount                          = 4                                         {product} {ergonomic}
     uint ConcGCThreads                            = 3                                         {product} {ergonomic}
     uint G1ConcRefinementThreads                  = 10                                        {product} {ergonomic}
   size_t G1HeapRegionSize                         = 2097152                                   {product} {ergonomic}
    uintx GCDrainStackTargetSize                   = 64                                        {product} {ergonomic}
   size_t InitialHeapSize                          = 268435456                                 {product} {ergonomic}
   size_t MarkStackSize                            = 4194304                                   {product} {ergonomic}
   size_t MaxHeapSize                              = 4276092928                                {product} {ergonomic}
   size_t MaxNewSize                               = 2564816896                                {product} {ergonomic}
   size_t MinHeapDeltaBytes                        = 2097152                                   {product} {ergonomic}
   size_t MinHeapSize                              = 8388608                                   {product} {ergonomic}
    uintx NonNMethodCodeHeapSize                   = 5839372                                {pd product} {ergonomic}
    uintx NonProfiledCodeHeapSize                  = 122909434                              {pd product} {ergonomic}
    uintx ProfiledCodeHeapSize                     = 122909434                              {pd product} {ergonomic}
    uintx ReservedCodeCacheSize                    = 251658240                              {pd product} {ergonomic}
     bool SegmentedCodeCache                       = true                                      {product} {ergonomic}
   size_t SoftMaxHeapSize                          = 4276092928                             {manageable} {ergonomic}
     bool UseCompressedOops                        = true                           {product lp64_product} {ergonomic}
     bool UseG1GC                                  = true                                      {product} {ergonomic}
     bool UseLargePagesIndividualAllocation        = false                                  {pd product} {ergonomic}

Logging:
Log output configuration:
 #0: stdout all=warning uptime,level,tags foldmultilines=false
 #1: stderr all=off uptime,level,tags foldmultilines=false

Release file:
IMPLEMENTOR="Microsoft" 
IMPLEMENTOR_VERSION="Microsoft-13106404" 
JAVA_RUNTIME_VERSION="21.0.10+7-LTS" 
JAVA_VERSION="21.0.10" 
JAVA_VERSION_DATE="2026-01-20" 
LIBC="default" 
MODULES="java.base java.compiler java.datatransfer java.xml java.prefs java.desktop java.instrument java.logging java.management java.security.sasl java.naming java.rmi java.management.rmi java.net.http java.scripting java.security.jgss java.transaction.xa java.sql java.sql.rowset java.xml.crypto java.se java.smartcardio jdk.accessibility jdk.internal.jvmstat jdk.attach jdk.charsets jdk.internal.opt jdk.zipfs jdk.compiler jdk.crypto.ec jdk.crypto.cryptoki jdk.crypto.mscapi jdk.dynalink jdk.internal.ed jdk.editpad jdk.hotspot.agent jdk.httpserver jdk.incubator.vector jdk.internal.le jdk.internal.vm.ci jdk.internal.vm.compiler jdk.internal.vm.compiler.management jdk.jartool jdk.javadoc jdk.jcmd jdk.management jdk.management.agent jdk.jconsole jdk.jdeps jdk.jdwp.agent jdk.jdi jdk.jfr jdk.jlink jdk.jpackage jdk.jshell jdk.jsobject jdk.jstatd jdk.localedata jdk.management.jfr jdk.naming.dns jdk.naming.rmi jdk.net jdk.nio.mapmode jdk.random jdk.sctp jdk.security.auth jdk.security.jgss jdk.unsupported jdk.unsupported.desktop jdk.xml.dom" 
OS_ARCH="x86_64" 
OS_NAME="Windows" 
SOURCE=".:git:e69b6ef7382e" 

Environment Variables:
JAVA_HOME=C:\Program Files\Microsoft\jdk-21.0.10.7-hotspot\
PATH=C:\Program Files\Microsoft\jdk-21.0.10.7-hotspot\bin;C:\Program Files\Common Files\Oracle\Java\javapath;C:\app\jorge\product\21c\dbhomeXE\bin;C:\WINDOWS\system32;C:\WINDOWS;C:\WINDOWS\System32\Wbem;C:\WINDOWS\System32\WindowsPowerShell\v1.0\;C:\WINDOWS\System32\OpenSSH\;C:\Program Files\NVIDIA Corporation\NVIDIA App\NvDLISR;C:\Program Files (x86)\NVIDIA Corporation\PhysX\Common;C:\Program Files\nodejs\;C:\Program Files\Docker\Docker\resources\bin;C:\Program Files\Git\cmd;C:\Program Files\dotnet\;C:\Users\jorge\scoop\apps\maven\current\bin;C:\Users\jorge\scoop\shims;C:\Program Files\MySQL\MySQL Shell 8.0\bin\;C:\Users\jorge\AppData\Local\Programs\Python\Launcher\;C:\Users\jorge\AppData\Local\Microsoft\WindowsApps;C:\Users\jorge\AppData\Local\Programs\Microsoft VS Code\bin;C:\Program Files\JetBrains\PyCharm Community Edition 2025.1.1.1\bin;;C:\Users\jorge\AppData\Roaming\npm;C:\Users\jorge\AppData\Local\Programs\Warp\bin;C:\Users\jorge\.dotnet\tools
USERNAME=jorge
OS=Windows_NT
PROCESSOR_IDENTIFIER=Intel64 Family 6 Model 165 Stepping 5, GenuineIntel
TMP=C:\Users\jorge\AppData\Local\Temp
TEMP=C:\Users\jorge\AppData\Local\Temp




Periodic native trim disabled

---------------  S Y S T E M  ---------------

OS:
 Windows 10 , 64 bit Build 19041 (10.0.19041.5915)
OS uptime: 0 days 1:22 hours
Hyper-V role detected

CPU: total 12 (initial active 12) (6 cores per cpu, 2 threads per core) family 6 model 165 stepping 5 microcode 0xca, cx8, cmov, fxsr, ht, mmx, 3dnowpref, sse, sse2, sse3, ssse3, sse4.1, sse4.2, popcnt, lzcnt, tsc, tscinvbit, avx, avx2, aes, erms, clmul, bmi1, bmi2, adx, fma, vzeroupper, clflush, clflushopt, hv, rdtscp, f16c
Processor Information for the first 12 processors :
  Max Mhz: 4104, Current Mhz: 3803, Mhz Limit: 4104

Memory: 4k page, system-wide physical 16310M (4306M free)
TotalPageFile size 32694M (AvailPageFile size 14849M)
current process WorkingSet (physical memory assigned to process): 323M, peak: 323M
current process commit charge ("private bytes"): 361M, peak: 430M

vm_info: OpenJDK 64-Bit Server VM (21.0.10+7-LTS) for windows-amd64 JRE (21.0.10+7-LTS), built on 2026-01-15T18:39:42Z by "MicrosoftCorporation" with MS VC++ 17.14 (VS2022)

END.
