#
# A fatal error has been detected by the Java Runtime Environment:
#
#  EXCEPTION_ACCESS_VIOLATION (0xc0000005) at pc=0x00007ff8c819ad4e, pid=9592, tid=8268
#
# JRE version: OpenJDK Runtime Environment Microsoft-13106404 (21.0.10+7) (build 21.0.10+7-LTS)
# Java VM: OpenJDK 64-Bit Server VM Microsoft-13106404 (21.0.10+7-LTS, mixed mode, sharing, tiered, compressed oops, compressed class ptrs, g1 gc, windows-amd64)
# Problematic frame:
# V  [jvm.dll+0x36ad4e]
#
# No core dump will be written. Minidumps are not enabled by default on client versions of Windows
#
# If you would like to submit a bug report, please visit:
#   https://github.com/microsoft/openjdk/issues
#

---------------  S U M M A R Y ------------

Command Line: -javaagent:C:\\Users\\jorge\\.m2\\repository\\org\\jacoco\\org.jacoco.agent\\0.8.13\\org.jacoco.agent-0.8.13-runtime.jar=destfile=C:\\Users\\jorge\\OneDrive\\Desktop\\Backend II\\minimarket\\target\\jacoco.exec C:\Users\jorge\AppData\Local\Temp\surefire3007890129798229235\surefirebooter-20260620174809363_3.jar C:\Users\jorge\AppData\Local\Temp\surefire3007890129798229235 2026-06-20T17-48-09_214-jvmRun1 surefire-20260620174809363_1tmp surefire_0-20260620174809363_2tmp

Host: Intel(R) Core(TM) i5-10600K CPU @ 4.10GHz, 12 cores, 15G,  Windows 10 , 64 bit Build 19041 (10.0.19041.5915)
Time: Sat Jun 20 17:48:15 2026 Hora est. Sudamérica Pacífico elapsed time: 6.459563 seconds (0d 0h 0m 6s)

---------------  T H R E A D  ---------------

Current thread (0x00000180f9a96a30):  WorkerThread "GC Thread#7"    [id=8268, stack(0x000000791cd00000,0x000000791ce00000) (1024K)]

Stack: [0x000000791cd00000,0x000000791ce00000],  sp=0x000000791cdff9d0,  free space=1022k
Native frames: (J=compiled Java code, j=interpreted, Vv=VM code, C=native code)
V  [jvm.dll+0x36ad4e]  (no source info available)
V  [jvm.dll+0x36741e]  (no source info available)
V  [jvm.dll+0x377dee]  (no source info available)
V  [jvm.dll+0x22c6dd]  (no source info available)
V  [jvm.dll+0x36739b]  (no source info available)
V  [jvm.dll+0x22e8d8]  (no source info available)
V  [jvm.dll+0x378c7b]  (no source info available)
V  [jvm.dll+0x378aaa]  (no source info available)
V  [jvm.dll+0x380604]  (no source info available)
V  [jvm.dll+0x38077e]  (no source info available)
V  [jvm.dll+0x8ede21]  (no source info available)
V  [jvm.dll+0x86ab8d]  (no source info available)
V  [jvm.dll+0x6e141d]  (no source info available)
C  [ucrtbase.dll+0x21bb2]  (no source info available)
C  [KERNEL32.DLL+0x17374]  (no source info available)
C  [ntdll.dll+0x4cc91]  (no source info available)


siginfo: EXCEPTION_ACCESS_VIOLATION (0xc0000005), reading address 0x0000000000000200


Registers:
RAX=0x0000000000000000, RBX=0x000000070391ae38, RCX=0x0000000000000015, RDX=0x0000000000000000
RSP=0x000000791cdff9d0, RBP=0x00000000000020db, RSI=0x00000180d45e7850, RDI=0x00000180f95e70e0
R8 =0x000000070391c380, R9 =0x00007ff8c81985c0, R10=0x0000000000000200, R11=0x00007ff92a542345
R12=0x0000000000000000, R13=0x00000000000003d8, R14=0x00000180f95e70e8, R15=0x0000000000000005
RIP=0x00007ff8c819ad4e, EFLAGS=0x0000000000010246

XMM[0]=0x000000e900001b38 0x0000000000000031
XMM[1]=0x0000000000000000 0x0100000000000000
XMM[2]=0xe06cd247e06cd250 0xe06cd259e06cd265
XMM[3]=0xe06cb457e06cb463 0xe06cd213e06cd21f
XMM[4]=0xe06cd1dce06cd1e8 0xe06cd1f4e06cd200
XMM[5]=0x0101010101010101 0x0101010101010101
XMM[6]=0x0000000000000000 0x0000000000000000
XMM[7]=0x0000000000000000 0x0000000000000000
XMM[8]=0x0000000000000000 0x0000000000000000
XMM[9]=0x0000000000000000 0x0000000000000000
XMM[10]=0x0000000000000000 0x0000000000000000
XMM[11]=0x0000000000000000 0x0000000000000000
XMM[12]=0x0000000000000000 0x0000000000000000
XMM[13]=0x0000000000000000 0x0000000000000000
XMM[14]=0x0000000000000000 0x0000000000000000
XMM[15]=0x0000000000000000 0x0000000000000000
  MXCSR=0x00001fa0


Register to memory mapping:

RAX=0x0 is null
RBX=
[error occurred during error reporting (printing register info), id 0xc0000005, EXCEPTION_ACCESS_VIOLATION (0xc0000005) at pc=0x00007ff8c7e3c3e6]
RCX=0x0000000000000015 is an unknown value
RDX=0x0 is null
RSP=0x000000791cdff9d0 points into unknown readable memory: 0x0000000703480000 | 00 00 48 03 07 00 00 00
RBP=0x00000000000020db is an unknown value
RSI=0x00000180d45e7850 points into unknown readable memory: 0x0000000000000000 | 00 00 00 00 00 00 00 00
RDI=0x00000180f95e70e0 points into unknown readable memory: 0x00007ff8c8875e88 | 88 5e 87 c8 f8 7f 00 00
R8 =0x000000070391c380 is an oop: java.lang.invoke.MemberName 
{0x000000070391c380} - klass: 'java/lang/invoke/MemberName'
 - ---- fields (total size 6 words):
 - private 'flags' 'I' @12  100732938 (0x0601100a)
 - injected 'vmindex' 'J' @16  -2 (0xfffffffffffffffe)
 - private 'clazz' 'Ljava/lang/Class;' @24  a 'java/lang/Class'{0x0000000703918e50} = 'org/hibernate/engine/jdbc/connections/internal/ConnectionProviderInitiator' (0xe07231ca)
 - private 'name' 'Ljava/lang/String;' @28  "$jacocoInit"{0x000000070391c3b0} (0xe0723876)
 - private 'type' 'Ljava/lang/Object;' @32  a 'java/lang/invoke/MethodType'{0x0000000701a11370} = (Ljava/lang/invoke/MethodHandles$Lookup;Ljava/lang/String;Ljava/lang/Class;)[Z (0xe034226e)
 - private 'method' 'Ljava/lang/invoke/ResolvedMethodName;' @36  a 'java/lang/invoke/ResolvedMethodName'{0x000000070391c3e8} (0xe072387d)
 - 'resolution' 'Ljava/lang/Object;' @40  null (0x00000000)
R9 =0x00007ff8c81985c0 jvm.dll
R10=0x0000000000000200 is an unknown value
R11=0x00007ff92a542345 VCRUNTIME140.dll
R12=0x0 is null
R13=0x00000000000003d8 is an unknown value
R14=0x00000180f95e70e8 points into unknown readable memory: 0x00000180d45e0b90 | 90 0b 5e d4 80 01 00 00
R15=0x0000000000000005 is an unknown value

Top of Stack: (sp=0x000000791cdff9d0)
0x000000791cdff9d0:   0000000703480000 0000000000000001
0x000000791cdff9e0:   0000000000000000 00000180d467c6f0
0x000000791cdff9f0:   0000000000000001 00000180fe62ce90
0x000000791cdffa00:   00000000000003d8 00000180f9022d80
0x000000791cdffa10:   00000180fdf12990 00000180fe62cec8
0x000000791cdffa20:   0000000000000004 00007ff8c819741e
0x000000791cdffa30:   0000000000000000 0000000000000040
0x000000791cdffa40:   00000180fe62ce90 00000180f95e70e0
0x000000791cdffa50:   0000000003d86f3f 0000000628aaf38b
0x000000791cdffa60:   00000180fe62cec8 0000000000000004
0x000000791cdffa70:   00000180fe62cec8 00007ff8c81a7dee
0x000000791cdffa80:   000000791cdf0000 00000180fe620001
0x000000791cdffa90:   0000004200000000 00000180d467c510
0x000000791cdffaa0:   00000180fdf128b0 00007ff8c805c6dd
0x000000791cdffab0:   00000180fdf12990 00000180d4636a60
0x000000791cdffac0:   00007ff8c7f70470 00007ff8c86a5d27
0x000000791cdffad0:   00000180fe62cf28 00007ff8c819739b
0x000000791cdffae0:   00000180fe62cf28 00000180fe62cf28
0x000000791cdffaf0:   000000791b8fef30 00007ff8c8189bf2
0x000000791cdffb00:   00000180f3e9e100 00007ff8c805e8d8
0x000000791cdffb10:   0000000000000000 0000000000000000
0x000000791cdffb20:   0000000003d80b40 00000006280aa548
0x000000791cdffb30:   00007ff8c816e260 00007ff8c81a8c7b
0x000000791cdffb40:   00000180fe62cf28 000000791b8fef01
0x000000791cdffb50:   00007ff8c7f70470 0000000000000000
0x000000791cdffb60:   00000180f88f6300 000000791cdffcd8
0x000000791cdffb70:   00007ff8c8872ae0 0000000003d80b40
0x000000791cdffb80:   00000006280aa548 00007ff900000005
0x000000791cdffb90:   00000180f9022d80 0000018000000001
0x000000791cdffba0:   0000000000000000 0000000000000000
0x000000791cdffbb0:   0000000000000000 00000180f9339358
0x000000791cdffbc0:   0000000000000000 0000000000000000 

Instructions: (pc=0x00007ff8c819ad4e)
0x00007ff8c819ac4e:   f4 01 00 00 45 03 ce e8 56 d7 ff ff e9 7f fc ff
0x00007ff8c819ac5e:   ff 4c 8d 77 08 48 8b 77 10 8b 96 80 00 00 00 8b
0x00007ff8c819ac6e:   ca 8b 86 00 01 00 00 2b c8 81 e1 ff ff 01 00 3b
0x00007ff8c819ac7e:   4c 24 68 0f 86 d8 03 00 00 8d 6a ff 81 e5 ff ff
0x00007ff8c819ac8e:   01 00 89 ae 80 00 00 00 e8 65 81 36 00 90 8b cd
0x00007ff8c819ac9e:   8b 86 00 01 00 00 2b c8 48 8b 9e 80 01 00 00 81
0x00007ff8c819acae:   e1 ff ff 01 00 81 f9 ff ff 01 00 41 0f 44 cc 48
0x00007ff8c819acbe:   8b 1c eb 85 c9 75 41 90 89 6c 24 60 48 8b 86 00
0x00007ff8c819acce:   01 00 00 48 8b c8 48 c1 e9 20 ff c1 89 4c 24 64
0x00007ff8c819acde:   3b e8 0f 85 67 03 00 00 48 c1 e1 20 48 0b cd f0
0x00007ff8c819acee:   48 0f b1 8e 00 01 00 00 0f 85 51 03 00 00 8b 86
0x00007ff8c819acfe:   00 01 00 00 4c 8d 77 08 f6 c3 01 0f 84 0d 01 00
0x00007ff8c819ad0e:   00 8b 0d 13 b3 8d 00 48 ff cb 49 8b 16 44 8b 13
0x00007ff8c819ad1e:   49 d3 e2 8b 8a b8 05 00 00 4c 03 15 f2 b2 8d 00
0x00007ff8c819ad2e:   48 8b 92 a8 05 00 00 49 8b c2 48 d3 e8 0f b7 14
0x00007ff8c819ad3e:   42 0f b7 c2 66 c1 e8 08 84 c0 0f 88 11 ff ff ff
0x00007ff8c819ad4e:   4d 8b 02 41 0f b6 c0 24 03 3c 03 75 06 49 83 e0
0x00007ff8c819ad5e:   fc eb 11 4d 8b c8 48 8b cf 4d 8b c2 e8 a1 ec ff
0x00007ff8c819ad6e:   ff 4c 8b c0 8b 0d b0 b2 8d 00 49 8b d0 48 2b 15
0x00007ff8c819ad7e:   9e b2 8d 00 48 d3 ea 89 13 49 8b d0 8b 0d 80 8a
0x00007ff8c819ad8e:   94 00 48 33 d3 48 d3 ea 48 85 d2 0f 84 c0 fe ff
0x00007ff8c819ad9e:   ff 49 8b 06 48 8b 90 a8 05 00 00 8b 88 b8 05 00
0x00007ff8c819adae:   00 48 8b c3 48 d3 e8 80 7c 42 01 fe 0f 84 9f fe
0x00007ff8c819adbe:   ff ff 49 d3 e8 42 0f b7 0c 42 0f b7 c1 66 c1 e8
0x00007ff8c819adce:   08 84 c0 0f 89 88 fe ff ff 84 c9 0f 84 80 fe ff
0x00007ff8c819adde:   ff 4c 8b 47 60 8b 0d 8f 9e 93 00 48 d3 eb 49 8b
0x00007ff8c819adee:   50 30 48 03 d3 48 8b da 49 2b 58 28 48 39 9f b8
0x00007ff8c819adfe:   01 00 00 0f 84 58 fe ff ff 48 8d 4f 18 e8 90 43
0x00007ff8c819ae0e:   00 00 48 89 9f b8 01 00 00 e9 43 fe ff ff f6 c3
0x00007ff8c819ae1e:   03 0f 85 e9 00 00 00 49 8b 16 4c 8b 13 49 8b c2
0x00007ff8c819ae2e:   8b 8a b8 05 00 00 48 8b 92 a8 05 00 00 48 d3 e8
0x00007ff8c819ae3e:   0f b7 14 42 0f b7 c2 66 c1 e8 08 84 c0 0f 88 12 


Stack slot to memory mapping:

stack at sp + 0 slots: 0x0000000703480000 is an oop: [B 
{0x0000000703480000} - klass: {type array byte}
 - length: 40
stack at sp + 1 slots: 0x0000000000000001 is an unknown value
stack at sp + 2 slots: 0x0 is null
stack at sp + 3 slots: 0x00000180d467c6f0 points into unknown readable memory: 0x0000000703400000 | 00 00 40 03 07 00 00 00
stack at sp + 4 slots: 0x0000000000000001 is an unknown value
stack at sp + 5 slots: 0x00000180fe62ce90 points into unknown readable memory: 0x00007ff8c8877bb8 | b8 7b 87 c8 f8 7f 00 00
stack at sp + 6 slots: 0x00000000000003d8 is an unknown value
stack at sp + 7 slots: 0x00000180f9022d80 points into unknown readable memory: 0x000001800000000a | 0a 00 00 00 80 01 00 00


---------------  P R O C E S S  ---------------

Threads class SMR info:
_java_thread_list=0x00000180fd0f7360, length=16, elements={
0x00000180d45cfb10, 0x00000180f3e8e810, 0x00000180f3e8f6e0, 0x00000180f3e905b0,
0x00000180f3e92020, 0x00000180f3e92eb0, 0x00000180f3e93ac0, 0x00000180f3e94a00,
0x00000180f3e9f670, 0x00000180f8192740, 0x00000180f81b3ca0, 0x00000180f87ec4b0,
0x00000180f8957750, 0x00000180f91fe880, 0x00000180fe398e20, 0x00000180fe6d8460
}

Java Threads: ( => current thread )
  0x00000180d45cfb10 JavaThread "main"                              [_thread_blocked, id=6272, stack(0x000000791b100000,0x000000791b200000) (1024K)]
  0x00000180f3e8e810 JavaThread "Reference Handler"          daemon [_thread_blocked, id=9080, stack(0x000000791b900000,0x000000791ba00000) (1024K)]
  0x00000180f3e8f6e0 JavaThread "Finalizer"                  daemon [_thread_blocked, id=9480, stack(0x000000791ba00000,0x000000791bb00000) (1024K)]
  0x00000180f3e905b0 JavaThread "Signal Dispatcher"          daemon [_thread_blocked, id=2660, stack(0x000000791bb00000,0x000000791bc00000) (1024K)]
  0x00000180f3e92020 JavaThread "Attach Listener"            daemon [_thread_blocked, id=1500, stack(0x000000791bc00000,0x000000791bd00000) (1024K)]
  0x00000180f3e92eb0 JavaThread "Service Thread"             daemon [_thread_blocked, id=16076, stack(0x000000791bd00000,0x000000791be00000) (1024K)]
  0x00000180f3e93ac0 JavaThread "Monitor Deflation Thread"   daemon [_thread_blocked, id=6956, stack(0x000000791be00000,0x000000791bf00000) (1024K)]
  0x00000180f3e94a00 JavaThread "C2 CompilerThread0"         daemon [_thread_in_native, id=14052, stack(0x000000791bf00000,0x000000791c000000) (1024K)]
  0x00000180f3e9f670 JavaThread "C1 CompilerThread0"         daemon [_thread_blocked, id=5644, stack(0x000000791c000000,0x000000791c100000) (1024K)]
  0x00000180f8192740 JavaThread "Common-Cleaner"             daemon [_thread_blocked, id=6800, stack(0x000000791c100000,0x000000791c200000) (1024K)]
  0x00000180f81b3ca0 JavaThread "C2 CompilerThread1"         daemon [_thread_blocked, id=14548, stack(0x000000791c200000,0x000000791c300000) (1024K)]
  0x00000180f87ec4b0 JavaThread "Notification Thread"        daemon [_thread_blocked, id=14524, stack(0x000000791c300000,0x000000791c400000) (1024K)]
  0x00000180f8957750 JavaThread "surefire-forkedjvm-stream-flusher" daemon [_thread_blocked, id=15424, stack(0x000000791c400000,0x000000791c500000) (1024K)]
  0x00000180f91fe880 JavaThread "surefire-forkedjvm-command-thread" daemon [_thread_in_native, id=14108, stack(0x000000791ca00000,0x000000791cb00000) (1024K)]
  0x00000180fe398e20 JavaThread "HikariPool-1 housekeeper"   daemon [_thread_blocked, id=13768, stack(0x000000791cb00000,0x000000791cc00000) (1024K)]
  0x00000180fe6d8460 JavaThread "HikariPool-1 connection adder" daemon [_thread_blocked, id=11044, stack(0x000000791d200000,0x000000791d300000) (1024K)]
Total: 16

Other Threads:
  0x00000180f3e6f710 VMThread "VM Thread"                           [id=2072, stack(0x000000791b800000,0x000000791b900000) (1024K)]
  0x00000180f3e5f000 WatcherThread "VM Periodic Task Thread"        [id=14528, stack(0x000000791b700000,0x000000791b800000) (1024K)]
  0x00000180d4636a60 WorkerThread "GC Thread#0"                     [id=15152, stack(0x000000791b200000,0x000000791b300000) (1024K)]
  0x00000180f8f6a080 WorkerThread "GC Thread#1"                     [id=11580, stack(0x000000791c500000,0x000000791c600000) (1024K)]
  0x00000180f913c620 WorkerThread "GC Thread#2"                     [id=11060, stack(0x000000791c600000,0x000000791c700000) (1024K)]
  0x00000180f8957dc0 WorkerThread "GC Thread#3"                     [id=10360, stack(0x000000791c700000,0x000000791c800000) (1024K)]
  0x00000180f9346270 WorkerThread "GC Thread#4"                     [id=9940, stack(0x000000791c800000,0x000000791c900000) (1024K)]
  0x00000180f9346620 WorkerThread "GC Thread#5"                     [id=3104, stack(0x000000791c900000,0x000000791ca00000) (1024K)]
  0x00000180fa325790 WorkerThread "GC Thread#6"                     [id=2824, stack(0x000000791cc00000,0x000000791cd00000) (1024K)]
=>0x00000180f9a96a30 WorkerThread "GC Thread#7"                     [id=8268, stack(0x000000791cd00000,0x000000791ce00000) (1024K)]
  0x00000180fa320b70 WorkerThread "GC Thread#8"                     [id=4280, stack(0x000000791ce00000,0x000000791cf00000) (1024K)]
  0x00000180fa577af0 WorkerThread "GC Thread#9"                     [id=11216, stack(0x000000791cf00000,0x000000791d000000) (1024K)]
  0x00000180d4647820 ConcurrentGCThread "G1 Main Marker"            [id=11012, stack(0x000000791b300000,0x000000791b400000) (1024K)]
  0x00000180d46483e0 WorkerThread "G1 Conc#0"                       [id=9096, stack(0x000000791b400000,0x000000791b500000) (1024K)]
  0x00000180fa5362a0 WorkerThread "G1 Conc#1"                       [id=6428, stack(0x000000791d000000,0x000000791d100000) (1024K)]
  0x00000180fa535790 WorkerThread "G1 Conc#2"                       [id=13996, stack(0x000000791d100000,0x000000791d200000) (1024K)]
  0x00000180d469e0e0 ConcurrentGCThread "G1 Refine#0"               [id=15668, stack(0x000000791b500000,0x000000791b600000) (1024K)]
  0x00000180d469eb60 ConcurrentGCThread "G1 Service"                [id=15188, stack(0x000000791b600000,0x000000791b700000) (1024K)]
Total: 18

Threads with active compile tasks:
C2 CompilerThread0  6489 6398 %     4       org.jacoco.agent.rt.internal_0e20598.asm.ClassReader::readCode @ 92 (5117 bytes)
Total: 1

VM state: at safepoint (normal execution)

VM Mutex/Monitor currently owned by a thread:  ([mutex/lock_event])
[0x00007ff8c8afb8a0] Threads_lock - owner thread: 0x00000180f3e6f710
[0x00007ff8c8afb9a0] Heap_lock - owner thread: 0x00000180d45cfb10

Heap address: 0x0000000701200000, size: 4078 MB, Compressed Oops mode: Zero based, Oop shift amount: 3

CDS archive(s) mapped at: [0x0000018080000000-0x0000018080c80000-0x0000018080c80000), size 13107200, SharedBaseAddress: 0x0000018080000000, ArchiveRelocationMode: 1.
Compressed class space mapped at: 0x0000018081000000-0x00000180c1000000, reserved size: 1073741824
Narrow klass base: 0x0000018080000000, Narrow klass shift: 0, Narrow klass range: 0x100000000

GC Precious Log:
 CardTable entry size: 512
 Card Set container configuration: InlinePtr #cards 4 size 8 Array Of Cards #cards 16 size 48 Howl #buckets 8 coarsen threshold 3686 Howl Bitmap #cards 512 size 80 coarsen threshold 460 Card regions per heap region 1 cards per card region 4096
 CPUs: 12 total, 12 available
 Memory: 16310M
 Large Page Support: Disabled
 NUMA Support: Disabled
 Compressed Oops: Enabled (Zero based)
 Heap Region Size: 2M
 Heap Min Capacity: 8M
 Heap Initial Capacity: 256M
 Heap Max Capacity: 4078M
 Pre-touch: Disabled
 Parallel Workers: 10
 Concurrent Workers: 3
 Concurrent Refinement Workers: 10
 Periodic GC: Disabled

Heap:
 garbage-first heap   total 96256K, used 81843K [0x0000000701200000, 0x0000000800000000)
  region size 2048K, 28 young (57344K), 2 survivors (4096K)
 Metaspace       used 64691K, committed 65344K, reserved 1114112K
  class space    used 7889K, committed 8192K, reserved 1048576K

Heap Regions: E=young(eden), S=young(survivor), O=old, HS=humongous(starts), HC=humongous(continues), CS=collection set, F=free, TAMS=top-at-mark-start, PB=parsable bottom
|   0|0x0000000701200000, 0x0000000701400000, 0x0000000701400000|100%| O|  |TAMS 0x0000000701200000| PB 0x0000000701200000| Untracked 
|   1|0x0000000701400000, 0x0000000701600000, 0x0000000701600000|100%| O|  |TAMS 0x0000000701400000| PB 0x0000000701400000| Untracked 
|   2|0x0000000701600000, 0x0000000701800000, 0x0000000701800000|100%| O|  |TAMS 0x0000000701600000| PB 0x0000000701600000| Untracked 
|   3|0x0000000701800000, 0x0000000701a00000, 0x0000000701a00000|100%| O|  |TAMS 0x0000000701800000| PB 0x0000000701800000| Untracked 
|   4|0x0000000701a00000, 0x0000000701c00000, 0x0000000701c00000|100%| O|  |TAMS 0x0000000701a00000| PB 0x0000000701a00000| Untracked 
|   5|0x0000000701c00000, 0x0000000701e00000, 0x0000000701e00000|100%| O|  |TAMS 0x0000000701c00000| PB 0x0000000701c00000| Untracked 
|   6|0x0000000701e00000, 0x0000000702000000, 0x0000000702000000|100%| O|  |TAMS 0x0000000701e00000| PB 0x0000000701e00000| Untracked 
|   7|0x0000000702000000, 0x0000000702200000, 0x0000000702200000|100%| O|  |TAMS 0x0000000702000000| PB 0x0000000702000000| Untracked 
|   8|0x0000000702200000, 0x0000000702400000, 0x0000000702400000|100%| O|CS|TAMS 0x0000000702200000| PB 0x0000000702200000| Complete 
|   9|0x0000000702400000, 0x0000000702600000, 0x0000000702600000|100%| O|  |TAMS 0x0000000702400000| PB 0x0000000702400000| Untracked 
|  10|0x0000000702600000, 0x00000007027b6fa8, 0x0000000702800000| 85%| O|  |TAMS 0x0000000702600000| PB 0x0000000702600000| Untracked 
|  11|0x0000000702800000, 0x0000000702a00000, 0x0000000702a00000|100%| O|  |TAMS 0x0000000702800000| PB 0x0000000702800000| Untracked 
|  12|0x0000000702a00000, 0x0000000702be2d58, 0x0000000702c00000| 94%| O|  |TAMS 0x0000000702a00000| PB 0x0000000702a00000| Untracked 
|  13|0x0000000702c00000, 0x0000000702c00000, 0x0000000702e00000|  0%| F|  |TAMS 0x0000000702c00000| PB 0x0000000702c00000| Untracked 
|  14|0x0000000702e00000, 0x0000000702e00000, 0x0000000703000000|  0%| F|  |TAMS 0x0000000702e00000| PB 0x0000000702e00000| Untracked 
|  15|0x0000000703000000, 0x0000000703000000, 0x0000000703200000|  0%| F|  |TAMS 0x0000000703000000| PB 0x0000000703000000| Untracked 
|  16|0x0000000703200000, 0x0000000703200000, 0x0000000703400000|  0%| F|  |TAMS 0x0000000703200000| PB 0x0000000703200000| Untracked 
|  17|0x0000000703400000, 0x0000000703600000, 0x0000000703600000|100%| E|CS|TAMS 0x0000000703400000| PB 0x0000000703400000| Complete 
|  18|0x0000000703600000, 0x0000000703800000, 0x0000000703800000|100%| E|CS|TAMS 0x0000000703600000| PB 0x0000000703600000| Complete 
|  19|0x0000000703800000, 0x00000007039e3980, 0x0000000703a00000| 94%| S|  |TAMS 0x0000000703800000| PB 0x0000000703800000| Complete 
|  20|0x0000000703a00000, 0x0000000703c00000, 0x0000000703c00000|100%| S|  |TAMS 0x0000000703a00000| PB 0x0000000703a00000| Complete 
|  21|0x0000000703c00000, 0x0000000703e00000, 0x0000000703e00000|100%| E|CS|TAMS 0x0000000703c00000| PB 0x0000000703c00000| Complete 
|  22|0x0000000703e00000, 0x0000000704000000, 0x0000000704000000|100%| E|CS|TAMS 0x0000000703e00000| PB 0x0000000703e00000| Complete 
|  23|0x0000000704000000, 0x0000000704200000, 0x0000000704200000|100%| E|CS|TAMS 0x0000000704000000| PB 0x0000000704000000| Complete 
|  24|0x0000000704200000, 0x0000000704400000, 0x0000000704400000|100%| E|CS|TAMS 0x0000000704200000| PB 0x0000000704200000| Complete 
|  25|0x0000000704400000, 0x0000000704600000, 0x0000000704600000|100%| E|CS|TAMS 0x0000000704400000| PB 0x0000000704400000| Complete 
|  26|0x0000000704600000, 0x0000000704800000, 0x0000000704800000|100%| E|CS|TAMS 0x0000000704600000| PB 0x0000000704600000| Complete 
|  27|0x0000000704800000, 0x0000000704a00000, 0x0000000704a00000|100%| E|CS|TAMS 0x0000000704800000| PB 0x0000000704800000| Complete 
|  28|0x0000000704a00000, 0x0000000704c00000, 0x0000000704c00000|100%| E|CS|TAMS 0x0000000704a00000| PB 0x0000000704a00000| Complete 
|  29|0x0000000704c00000, 0x0000000704e00000, 0x0000000704e00000|100%| E|CS|TAMS 0x0000000704c00000| PB 0x0000000704c00000| Complete 
|  30|0x0000000704e00000, 0x0000000705000000, 0x0000000705000000|100%| E|CS|TAMS 0x0000000704e00000| PB 0x0000000704e00000| Complete 
|  31|0x0000000705000000, 0x0000000705200000, 0x0000000705200000|100%| E|CS|TAMS 0x0000000705000000| PB 0x0000000705000000| Complete 
|  32|0x0000000705200000, 0x0000000705400000, 0x0000000705400000|100%| E|CS|TAMS 0x0000000705200000| PB 0x0000000705200000| Complete 
|  33|0x0000000705400000, 0x0000000705600000, 0x0000000705600000|100%| E|CS|TAMS 0x0000000705400000| PB 0x0000000705400000| Complete 
|  34|0x0000000705600000, 0x0000000705800000, 0x0000000705800000|100%| E|CS|TAMS 0x0000000705600000| PB 0x0000000705600000| Complete 
|  35|0x0000000705800000, 0x0000000705a00000, 0x0000000705a00000|100%| E|CS|TAMS 0x0000000705800000| PB 0x0000000705800000| Complete 
|  36|0x0000000705a00000, 0x0000000705c00000, 0x0000000705c00000|100%| E|CS|TAMS 0x0000000705a00000| PB 0x0000000705a00000| Complete 
|  37|0x0000000705c00000, 0x0000000705e00000, 0x0000000705e00000|100%| E|CS|TAMS 0x0000000705c00000| PB 0x0000000705c00000| Complete 
|  38|0x0000000705e00000, 0x0000000706000000, 0x0000000706000000|100%| E|CS|TAMS 0x0000000705e00000| PB 0x0000000705e00000| Complete 
|  39|0x0000000706000000, 0x0000000706200000, 0x0000000706200000|100%| E|CS|TAMS 0x0000000706000000| PB 0x0000000706000000| Complete 
|  40|0x0000000706200000, 0x0000000706400000, 0x0000000706400000|100%| E|CS|TAMS 0x0000000706200000| PB 0x0000000706200000| Complete 
|  41|0x0000000706400000, 0x0000000706600000, 0x0000000706600000|100%| E|CS|TAMS 0x0000000706400000| PB 0x0000000706400000| Complete 
|  64|0x0000000709200000, 0x0000000709400000, 0x0000000709400000|100%| E|CS|TAMS 0x0000000709200000| PB 0x0000000709200000| Complete 
|  65|0x0000000709400000, 0x0000000709600000, 0x0000000709600000|100%| E|CS|TAMS 0x0000000709400000| PB 0x0000000709400000| Complete 
|  66|0x0000000709600000, 0x0000000709800000, 0x0000000709800000|100%| E|CS|TAMS 0x0000000709600000| PB 0x0000000709600000| Complete 
|  87|0x000000070c000000, 0x000000070c200000, 0x000000070c200000|100%| E|CS|TAMS 0x000000070c000000| PB 0x000000070c000000| Complete 
| 127|0x0000000711000000, 0x0000000711200000, 0x0000000711200000|100%| E|CS|TAMS 0x0000000711000000| PB 0x0000000711000000| Complete 

Card table byte_map: [0x00000180eca50000,0x00000180ed250000] _byte_map_base: 0x00000180e9247000

Marking Bits: (CMBitMap*) 0x00000180d4637070
 Bits: [0x00000180ed250000, 0x00000180f1208000)

Polling page: 0x00000180d3da0000

Metaspace:

Usage:
  Non-class:     55.47 MB used.
      Class:      7.70 MB used.
       Both:     63.18 MB used.

Virtual space:
  Non-class space:       64.00 MB reserved,      55.81 MB ( 87%) committed,  1 nodes.
      Class space:        1.00 GB reserved,       8.00 MB ( <1%) committed,  1 nodes.
             Both:        1.06 GB reserved,      63.81 MB (  6%) committed. 

Chunk freelists:
   Non-Class:  7.75 MB
       Class:  8.03 MB
        Both:  15.78 MB

MaxMetaspaceSize: unlimited
CompressedClassSpaceSize: 1.00 GB
Initial GC threshold: 21.00 MB
Current GC threshold: 98.12 MB
CDS: on
 - commit_granule_bytes: 65536.
 - commit_granule_words: 8192.
 - virtual_space_node_default_size: 8388608.
 - enlarge_chunks_in_place: 1.
 - use_allocation_guard: 0.


Internal statistics:

num_allocs_failed_limit: 11.
num_arena_births: 840.
num_arena_deaths: 2.
num_vsnodes_births: 2.
num_vsnodes_deaths: 0.
num_space_committed: 1021.
num_space_uncommitted: 0.
num_chunks_returned_to_freelist: 14.
num_chunks_taken_from_freelist: 3135.
num_chunk_merges: 11.
num_chunk_splits: 2339.
num_chunks_enlarged: 1859.
num_inconsistent_stats: 0.

CodeHeap 'non-profiled nmethods': size=120000Kb used=4864Kb max_used=5032Kb free=115135Kb
 bounds [0x00000180e47d0000, 0x00000180e4cd0000, 0x00000180ebd00000]
CodeHeap 'profiled nmethods': size=120000Kb used=11553Kb max_used=11761Kb free=108447Kb
 bounds [0x00000180dcd00000, 0x00000180dd880000, 0x00000180e4230000]
CodeHeap 'non-nmethods': size=5760Kb used=1505Kb max_used=1586Kb free=4254Kb
 bounds [0x00000180e4230000, 0x00000180e44a0000, 0x00000180e47d0000]
CodeCache: size=245760Kb, used=17922Kb, max_used=18379Kb, free=227836Kb
 total_blobs=6432, nmethods=5776, adapters=559, full_count=0
Compilation: enabled, stopped_count=0, restarted_count=0

Compilation events (20 events):
Event: 6.364 Thread 0x00000180f3e9f670 nmethod 6673 0x00000180dd02fb10 code [0x00000180dd02fde0, 0x00000180dd030cb0]
Event: 6.364 Thread 0x00000180f3e9f670 6674       3       java.util.Formatter$FormatSpecifier::print (57 bytes)
Event: 6.365 Thread 0x00000180f3e9f670 nmethod 6674 0x00000180dd02eb10 code [0x00000180dd02ed80, 0x00000180dd02f738]
Event: 6.365 Thread 0x00000180f3e9f670 6675       3       java.util.Formatter$FormatSpecifier::appendJustified (89 bytes)
Event: 6.365 Thread 0x00000180f3e9f670 nmethod 6675 0x00000180dd02df10 code [0x00000180dd02e140, 0x00000180dd02e8a8]
Event: 6.365 Thread 0x00000180f3e9f670 6676       3       java.lang.StringBuilder::append (6 bytes)
Event: 6.365 Thread 0x00000180f3e9f670 nmethod 6676 0x00000180dd4e7b10 code [0x00000180dd4e7cc0, 0x00000180dd4e7e70]
Event: 6.366 Thread 0x00000180f81b3ca0 nmethod 6670 0x00000180e4afb690 code [0x00000180e4afbb00, 0x00000180e4afd818]
Event: 6.366 Thread 0x00000180f81b3ca0 6671       4       org.jacoco.agent.rt.internal_0e20598.asm.MethodWriter::putMethodInfo (1274 bytes)
Event: 6.386 Thread 0x00000180f3e9f670 6678 %     3       org.jacoco.agent.rt.internal_0e20598.asm.tree.MethodNode::accept @ 728 (874 bytes)
Event: 6.388 Thread 0x00000180f3e9f670 nmethod 6678% 0x00000180dd413910 code [0x00000180dd414060, 0x00000180dd418ad8]
Event: 6.393 Thread 0x00000180f3e9f670 6679       3       org.jacoco.agent.rt.internal_0e20598.asm.tree.MethodNode::accept (874 bytes)
Event: 6.395 Thread 0x00000180f3e9f670 nmethod 6679 0x00000180dd550510 code [0x00000180dd550c60, 0x00000180dd5555a0]
Event: 6.417 Thread 0x00000180f3e9f670 6681       3       java.lang.Character::isDigit (9 bytes)
Event: 6.417 Thread 0x00000180f3e9f670 nmethod 6681 0x00000180dd02da90 code [0x00000180dd02dc40, 0x00000180dd02de38]
Event: 6.417 Thread 0x00000180f3e9f670 6682       3       org.hibernate.internal.util.collections.CaseInsensitiveDictionary::trueKey (19 bytes)
Event: 6.417 Thread 0x00000180f3e9f670 nmethod 6682 0x00000180dd02d410 code [0x00000180dd02d5e0, 0x00000180dd02d908]
Event: 6.440 Thread 0x00000180f81b3ca0 nmethod 6671 0x00000180e4a6b910 code [0x00000180e4a6c1e0, 0x00000180e4a70ca0]
Event: 6.440 Thread 0x00000180f81b3ca0 6680   !   4       java.util.zip.Inflater::inflate (456 bytes)
Event: 6.446 Thread 0x00000180f81b3ca0 nmethod 6680 0x00000180e4a2df90 code [0x00000180e4a2e1c0, 0x00000180e4a2eb80]

GC Heap History (20 events):
Event: 3.915 GC heap after
{Heap after GC invocations=14 (full 0):
 garbage-first heap   total 94208K, used 20379K [0x0000000701200000, 0x0000000800000000)
  region size 2048K, 3 young (6144K), 3 survivors (6144K)
 Metaspace       used 39807K, committed 40320K, reserved 1114112K
  class space    used 4935K, committed 5184K, reserved 1048576K
}
Event: 4.180 GC heap before
{Heap before GC invocations=14 (full 0):
 garbage-first heap   total 94208K, used 67483K [0x0000000701200000, 0x0000000800000000)
  region size 2048K, 27 young (55296K), 3 survivors (6144K)
 Metaspace       used 41890K, committed 42368K, reserved 1114112K
  class space    used 5171K, committed 5376K, reserved 1048576K
}
Event: 4.187 GC heap after
{Heap after GC invocations=15 (full 0):
 garbage-first heap   total 94208K, used 21734K [0x0000000701200000, 0x0000000800000000)
  region size 2048K, 3 young (6144K), 3 survivors (6144K)
 Metaspace       used 41890K, committed 42368K, reserved 1114112K
  class space    used 5171K, committed 5376K, reserved 1048576K
}
Event: 4.562 GC heap before
{Heap before GC invocations=15 (full 0):
 garbage-first heap   total 94208K, used 70886K [0x0000000701200000, 0x0000000800000000)
  region size 2048K, 27 young (55296K), 3 survivors (6144K)
 Metaspace       used 44509K, committed 45120K, reserved 1114112K
  class space    used 5496K, committed 5760K, reserved 1048576K
}
Event: 4.569 GC heap after
{Heap after GC invocations=16 (full 0):
 garbage-first heap   total 94208K, used 23036K [0x0000000701200000, 0x0000000800000000)
  region size 2048K, 3 young (6144K), 3 survivors (6144K)
 Metaspace       used 44509K, committed 45120K, reserved 1114112K
  class space    used 5496K, committed 5760K, reserved 1048576K
}
Event: 4.933 GC heap before
{Heap before GC invocations=16 (full 0):
 garbage-first heap   total 94208K, used 72188K [0x0000000701200000, 0x0000000800000000)
  region size 2048K, 27 young (55296K), 3 survivors (6144K)
 Metaspace       used 47171K, committed 47744K, reserved 1114112K
  class space    used 5876K, committed 6080K, reserved 1048576K
}
Event: 4.941 GC heap after
{Heap after GC invocations=17 (full 0):
 garbage-first heap   total 118784K, used 24781K [0x0000000701200000, 0x0000000800000000)
  region size 2048K, 3 young (6144K), 3 survivors (6144K)
 Metaspace       used 47171K, committed 47744K, reserved 1114112K
  class space    used 5876K, committed 6080K, reserved 1048576K
}
Event: 5.204 GC heap before
{Heap before GC invocations=17 (full 0):
 garbage-first heap   total 118784K, used 88269K [0x0000000701200000, 0x0000000800000000)
  region size 2048K, 34 young (69632K), 3 survivors (6144K)
 Metaspace       used 50431K, committed 51008K, reserved 1114112K
  class space    used 6256K, committed 6528K, reserved 1048576K
}
Event: 5.210 GC heap after
{Heap after GC invocations=18 (full 0):
 garbage-first heap   total 118784K, used 25614K [0x0000000701200000, 0x0000000800000000)
  region size 2048K, 3 young (6144K), 3 survivors (6144K)
 Metaspace       used 50431K, committed 51008K, reserved 1114112K
  class space    used 6256K, committed 6528K, reserved 1048576K
}
Event: 5.478 GC heap before
{Heap before GC invocations=18 (full 0):
 garbage-first heap   total 118784K, used 89102K [0x0000000701200000, 0x0000000800000000)
  region size 2048K, 34 young (69632K), 3 survivors (6144K)
 Metaspace       used 53728K, committed 54336K, reserved 1114112K
  class space    used 6644K, committed 6912K, reserved 1048576K
}
Event: 5.485 GC heap after
{Heap after GC invocations=19 (full 0):
 garbage-first heap   total 118784K, used 26156K [0x0000000701200000, 0x0000000800000000)
  region size 2048K, 3 young (6144K), 3 survivors (6144K)
 Metaspace       used 53728K, committed 54336K, reserved 1114112K
  class space    used 6644K, committed 6912K, reserved 1048576K
}
Event: 5.662 GC heap before
{Heap before GC invocations=19 (full 0):
 garbage-first heap   total 118784K, used 89644K [0x0000000701200000, 0x0000000800000000)
  region size 2048K, 34 young (69632K), 3 survivors (6144K)
 Metaspace       used 56050K, committed 56704K, reserved 1114112K
  class space    used 6854K, committed 7168K, reserved 1048576K
}
Event: 5.669 GC heap after
{Heap after GC invocations=20 (full 0):
 garbage-first heap   total 118784K, used 27038K [0x0000000701200000, 0x0000000800000000)
  region size 2048K, 3 young (6144K), 3 survivors (6144K)
 Metaspace       used 56050K, committed 56704K, reserved 1114112K
  class space    used 6854K, committed 7168K, reserved 1048576K
}
Event: 5.905 GC heap before
{Heap before GC invocations=20 (full 0):
 garbage-first heap   total 118784K, used 90526K [0x0000000701200000, 0x0000000800000000)
  region size 2048K, 34 young (69632K), 3 survivors (6144K)
 Metaspace       used 59199K, committed 59840K, reserved 1114112K
  class space    used 7247K, committed 7552K, reserved 1048576K
}
Event: 5.913 GC heap after
{Heap after GC invocations=21 (full 0):
 garbage-first heap   total 145408K, used 27345K [0x0000000701200000, 0x0000000800000000)
  region size 2048K, 3 young (6144K), 3 survivors (6144K)
 Metaspace       used 59199K, committed 59840K, reserved 1114112K
  class space    used 7247K, committed 7552K, reserved 1048576K
}
Event: 5.944 GC heap before
{Heap before GC invocations=21 (full 0):
 garbage-first heap   total 145408K, used 33489K [0x0000000701200000, 0x0000000800000000)
  region size 2048K, 7 young (14336K), 3 survivors (6144K)
 Metaspace       used 59528K, committed 60160K, reserved 1114112K
  class space    used 7286K, committed 7616K, reserved 1048576K
}
Event: 5.948 GC heap after
{Heap after GC invocations=22 (full 0):
 garbage-first heap   total 145408K, used 27260K [0x0000000701200000, 0x0000000800000000)
  region size 2048K, 3 young (6144K), 3 survivors (6144K)
 Metaspace       used 59528K, committed 60160K, reserved 1114112K
  class space    used 7286K, committed 7616K, reserved 1048576K
}
Event: 6.211 GC heap before
{Heap before GC invocations=23 (full 0):
 garbage-first heap   total 96256K, used 78460K [0x0000000701200000, 0x0000000800000000)
  region size 2048K, 28 young (57344K), 3 survivors (6144K)
 Metaspace       used 61954K, committed 62592K, reserved 1114112K
  class space    used 7567K, committed 7872K, reserved 1048576K
}
Event: 6.218 GC heap after
{Heap after GC invocations=24 (full 0):
 garbage-first heap   total 96256K, used 28595K [0x0000000701200000, 0x0000000800000000)
  region size 2048K, 2 young (4096K), 2 survivors (4096K)
 Metaspace       used 61954K, committed 62592K, reserved 1114112K
  class space    used 7567K, committed 7872K, reserved 1048576K
}
Event: 6.449 GC heap before
{Heap before GC invocations=24 (full 0):
 garbage-first heap   total 96256K, used 81843K [0x0000000701200000, 0x0000000800000000)
  region size 2048K, 28 young (57344K), 2 survivors (4096K)
 Metaspace       used 64691K, committed 65344K, reserved 1114112K
  class space    used 7889K, committed 8192K, reserved 1048576K
}

Dll operation events (13 events):
Event: 0.005 Loaded shared library C:\Program Files\Microsoft\jdk-21.0.10.7-hotspot\bin\java.dll
Event: 0.028 Loaded shared library C:\Program Files\Microsoft\jdk-21.0.10.7-hotspot\bin\jsvml.dll
Event: 0.054 Loaded shared library C:\Program Files\Microsoft\jdk-21.0.10.7-hotspot\bin\zip.dll
Event: 0.056 Loaded shared library C:\Program Files\Microsoft\jdk-21.0.10.7-hotspot\bin\instrument.dll
Event: 0.060 Loaded shared library C:\Program Files\Microsoft\jdk-21.0.10.7-hotspot\bin\net.dll
Event: 0.061 Loaded shared library C:\Program Files\Microsoft\jdk-21.0.10.7-hotspot\bin\nio.dll
Event: 0.063 Loaded shared library C:\Program Files\Microsoft\jdk-21.0.10.7-hotspot\bin\zip.dll
Event: 0.148 Loaded shared library C:\Program Files\Microsoft\jdk-21.0.10.7-hotspot\bin\verify.dll
Event: 0.166 Loaded shared library C:\Program Files\Microsoft\jdk-21.0.10.7-hotspot\bin\jimage.dll
Event: 0.342 Loaded shared library C:\Program Files\Microsoft\jdk-21.0.10.7-hotspot\bin\management.dll
Event: 0.344 Loaded shared library C:\Program Files\Microsoft\jdk-21.0.10.7-hotspot\bin\management_ext.dll
Event: 1.202 Loaded shared library C:\Program Files\Microsoft\jdk-21.0.10.7-hotspot\bin\instrument.dll
Event: 3.803 Loaded shared library C:\Program Files\Microsoft\jdk-21.0.10.7-hotspot\bin\sunmscapi.dll

Deoptimization events (20 events):
Event: 6.289 Thread 0x00000180d45cfb10 DEOPT PACKING pc=0x00000180dd85be29 sp=0x000000791b1f89f0
Event: 6.289 Thread 0x00000180d45cfb10 DEOPT UNPACKING pc=0x00000180e4284bc2 sp=0x000000791b1f8100 mode 0
Event: 6.294 Thread 0x00000180d45cfb10 Uncommon trap: trap_request=0xffffffcc fr.pc=0x00000180e48d4354 relative=0x0000000000000394
Event: 6.294 Thread 0x00000180d45cfb10 Uncommon trap: reason=intrinsic_or_type_checked_inlining action=make_not_entrant pc=0x00000180e48d4354 method=java.util.ArrayList.toArray([Ljava/lang/Object;)[Ljava/lang/Object; @ 36 c2
Event: 6.294 Thread 0x00000180d45cfb10 DEOPT PACKING pc=0x00000180e48d4354 sp=0x000000791b1fa4d0
Event: 6.294 Thread 0x00000180d45cfb10 DEOPT UNPACKING pc=0x00000180e4284422 sp=0x000000791b1fa4b0 mode 2
Event: 6.318 Thread 0x00000180d45cfb10 DEOPT PACKING pc=0x00000180dd85be29 sp=0x000000791b1f7590
Event: 6.318 Thread 0x00000180d45cfb10 DEOPT UNPACKING pc=0x00000180e4284bc2 sp=0x000000791b1f6ca0 mode 0
Event: 6.341 Thread 0x00000180d45cfb10 Uncommon trap: trap_request=0xffffff45 fr.pc=0x00000180e4aa5d80 relative=0x0000000000000060
Event: 6.341 Thread 0x00000180d45cfb10 Uncommon trap: reason=unstable_if action=reinterpret pc=0x00000180e4aa5d80 method=java.lang.StringConcatHelper.stringOf(Ljava/lang/Object;)Ljava/lang/String; @ 1 c2
Event: 6.341 Thread 0x00000180d45cfb10 DEOPT PACKING pc=0x00000180e4aa5d80 sp=0x000000791b1fb360
Event: 6.341 Thread 0x00000180d45cfb10 DEOPT UNPACKING pc=0x00000180e4284422 sp=0x000000791b1fb2f0 mode 2
Event: 6.361 Thread 0x00000180d45cfb10 DEOPT PACKING pc=0x00000180dd85be29 sp=0x000000791b1f8760
Event: 6.361 Thread 0x00000180d45cfb10 DEOPT UNPACKING pc=0x00000180e4284bc2 sp=0x000000791b1f7e70 mode 0
Event: 6.365 Thread 0x00000180d45cfb10 DEOPT PACKING pc=0x00000180dd85be29 sp=0x000000791b1f8ca0
Event: 6.365 Thread 0x00000180d45cfb10 DEOPT UNPACKING pc=0x00000180e4284bc2 sp=0x000000791b1f83b0 mode 0
Event: 6.385 Thread 0x00000180d45cfb10 Uncommon trap: trap_request=0xffffff45 fr.pc=0x00000180e4c45fcc relative=0x0000000000002bec
Event: 6.385 Thread 0x00000180d45cfb10 Uncommon trap: reason=unstable_if action=reinterpret pc=0x00000180e4c45fcc method=org.jacoco.agent.rt.internal_0e20598.asm.tree.MethodNode.accept(Lorg/jacoco/agent/rt/internal_0e20598/asm/MethodVisitor;)V @ 760 c2
Event: 6.385 Thread 0x00000180d45cfb10 DEOPT PACKING pc=0x00000180e4c45fcc sp=0x000000791b1f56d0
Event: 6.385 Thread 0x00000180d45cfb10 DEOPT UNPACKING pc=0x00000180e4284422 sp=0x000000791b1f56a0 mode 2

Classes loaded (20 events):
Event: 6.444 Loading class org/hibernate/dialect/function/array/ArrayRemoveIndexUnnestFunction
Event: 6.444 Loading class org/hibernate/dialect/function/array/ArrayRemoveIndexUnnestFunction done
Event: 6.445 Loading class org/hibernate/dialect/function/array/H2ArrayReplaceFunction
Event: 6.445 Loading class org/hibernate/dialect/function/array/H2ArrayReplaceFunction done
Event: 6.445 Loading class org/hibernate/dialect/function/array/ArrayReplaceUnnestFunction
Event: 6.445 Loading class org/hibernate/dialect/function/array/ArrayReplaceUnnestFunction done
Event: 6.446 Loading class org/hibernate/dialect/function/array/H2ArrayFillFunction
Event: 6.446 Loading class org/hibernate/dialect/function/array/H2ArrayFillFunction done
Event: 6.446 Loading class org/hibernate/dialect/function/array/AbstractArrayFillFunction
Event: 6.446 Loading class org/hibernate/dialect/function/array/AbstractArrayFillFunction done
Event: 6.446 Loading class org/hibernate/dialect/function/array/AbstractArrayFillFunction$ArrayFillArgumentsValidator
Event: 6.446 Loading class org/hibernate/dialect/function/array/AbstractArrayFillFunction$ArrayFillArgumentsValidator done
Event: 6.447 Loading class org/hibernate/dialect/function/array/H2ArrayToStringFunction
Event: 6.447 Loading class org/hibernate/dialect/function/array/H2ArrayToStringFunction done
Event: 6.447 Loading class org/hibernate/dialect/function/array/ArrayToStringFunction
Event: 6.447 Loading class org/hibernate/dialect/function/array/ArrayToStringFunction done
Event: 6.448 Loading class org/hibernate/query/internal/NamedObjectRepositoryImpl
Event: 6.448 Loading class org/hibernate/query/internal/NamedObjectRepositoryImpl done
Event: 6.448 Loading class org/hibernate/query/named/NamedQueryMemento
Event: 6.448 Loading class org/hibernate/query/named/NamedQueryMemento done

Classes unloaded (1 events):
Event: 3.563 Thread 0x00000180f3e6f710 Unloading class 0x00000180811dd800 'net/bytebuddy/mirror/AccessibleObject'

Classes redefined (0 events):
No events

Internal exceptions (20 events):
Event: 4.586 Thread 0x00000180d45cfb10 Exception <a 'java/lang/NoClassDefFoundError'{0x00000007111a6728}: org/springframework/batch/core/repository/JobRepository> (0x00000007111a6728) 
thrown [s\src\hotspot\share\classfile\systemDictionary.cpp, line 301]
Event: 4.586 Thread 0x00000180d45cfb10 Exception <a 'java/lang/NoClassDefFoundError'{0x00000007111a87c0}: org/quartz/Scheduler> (0x00000007111a87c0) 
thrown [s\src\hotspot\share\classfile\systemDictionary.cpp, line 301]
Event: 4.586 Thread 0x00000180d45cfb10 Exception <a 'java/lang/NoClassDefFoundError'{0x00000007111aadc0}: org/springframework/session/jdbc/JdbcIndexedSessionRepository> (0x00000007111aadc0) 
thrown [s\src\hotspot\share\classfile\systemDictionary.cpp, line 301]
Event: 4.653 Thread 0x00000180d45cfb10 Exception <a 'java/lang/NoSuchMethodError'{0x00000007062681c0}: 'void java.lang.invoke.DirectMethodHandle$Holder.invokeVirtual(java.lang.Object, java.lang.Object, int)'> (0x00000007062681c0) 
thrown [s\src\hotspot\share\interpreter\linkResolver.cpp, line 773]
Event: 4.653 Thread 0x00000180d45cfb10 Implicit null exception at 0x00000180e4bb6c28 to 0x00000180e4bb6f28
Event: 4.655 Thread 0x00000180d45cfb10 Exception <a 'java/lang/NoSuchMethodError'{0x000000070626f480}: 'void java.lang.invoke.DelegatingMethodHandle$Holder.reinvoke_L(java.lang.Object, java.lang.Object, int)'> (0x000000070626f480) 
thrown [s\src\hotspot\share\interpreter\linkResolver.cpp, line 773]
Event: 4.692 Thread 0x00000180d45cfb10 Exception <a 'java/lang/IncompatibleClassChangeError'{0x0000000705ec50b8}: Found class java.lang.Object, but interface was expected> (0x0000000705ec50b8) 
thrown [s\src\hotspot\share\interpreter\linkResolver.cpp, line 840]
Event: 4.750 Thread 0x00000180d45cfb10 Exception <a 'java/lang/NoSuchMethodError'{0x00000007056b2a38}: 'int java.lang.invoke.DirectMethodHandle$Holder.invokeSpecialIFC(java.lang.Object, java.lang.Object, java.lang.Object)'> (0x00000007056b2a38) 
thrown [s\src\hotspot\share\interpreter\linkResolver.cpp, line 773]
Event: 4.870 Thread 0x00000180d45cfb10 Exception <a 'java/lang/NoSuchMethodError'{0x00000007047ca4d8}: 'java.lang.Object java.lang.invoke.DirectMethodHandle$Holder.newInvokeSpecial(java.lang.Object, java.lang.Object, java.lang.Object, java.lang.Object, java.lang.Object, java.lang.Object, java.lang.Object, java.lang.Object, java.lang.Object, java.lang.Object, java.lang.Object)'> (0x00000007047ca4d8) 
thrown [s\src\hotspot\share\interpreter\linkResolver.cpp, line 773]
Event: 4.899 Thread 0x00000180d45cfb10 Exception <a 'java/lang/NoSuchMethodError'{0x000000070438b0d8}: 'java.lang.Object java.lang.invoke.DirectMethodHandle$Holder.invokeVirtual(java.lang.Object, java.lang.Object, java.lang.Object, java.lang.Object, java.lang.Object)'> (0x000000070438b0d8) 
thrown [s\src\hotspot\share\interpreter\linkResolver.cpp, line 773]
Event: 4.967 Thread 0x00000180d45cfb10 Exception <a 'java/lang/NoSuchMethodError'{0x00000007090485c0}: 'void java.lang.invoke.DelegatingMethodHandle$Holder.reinvoke_L(java.lang.Object, java.lang.Object, java.lang.Object, java.lang.Object, int, java.lang.Object, java.lang.Object, java.lang.Object)'> (0x00000007090485c0) 
thrown [s\src\hotspot\share\interpreter\linkResolver.cpp, line 773]
Event: 5.360 Thread 0x00000180d45cfb10 Exception <a 'java/lang/NoSuchMethodError'{0x00000007068f0f88}: 'int java.lang.invoke.DirectMethodHandle$Holder.invokeStatic(java.lang.Object)'> (0x00000007068f0f88) 
thrown [s\src\hotspot\share\interpreter\linkResolver.cpp, line 773]
Event: 5.512 Thread 0x00000180d45cfb10 Exception <a 'java/lang/NoSuchMethodError'{0x000000070919b770}: 'void java.lang.invoke.DirectMethodHandle$Holder.invokeStaticInit(java.lang.Object, java.lang.Object, java.lang.Object, java.lang.Object, java.lang.Object)'> (0x000000070919b770) 
thrown [s\src\hotspot\share\interpreter\linkResolver.cpp, line 773]
Event: 5.806 Thread 0x00000180d45cfb10 Exception <a 'java/lang/NoSuchMethodError'{0x000000070600c080}: 'int java.lang.invoke.Invokers$Holder.invokeExact_MT(java.lang.Object, java.lang.Object)'> (0x000000070600c080) 
thrown [s\src\hotspot\share\interpreter\linkResolver.cpp, line 773]
Event: 5.953 Thread 0x00000180d45cfb10 Exception <a 'java/lang/NoSuchMethodError'{0x0000000711118e50}: 'java.lang.Object java.lang.invoke.DirectMethodHandle$Holder.newInvokeSpecial(java.lang.Object, java.lang.Object, java.lang.Object, int)'> (0x0000000711118e50) 
thrown [s\src\hotspot\share\interpreter\linkResolver.cpp, line 773]
Event: 5.953 Thread 0x00000180d45cfb10 Exception <a 'java/lang/NoSuchMethodError'{0x000000071111d430}: 'java.lang.Object java.lang.invoke.DirectMethodHandle$Holder.invokeSpecial(java.lang.Object, java.lang.Object, java.lang.Object, java.lang.Object, int)'> (0x000000071111d430) 
thrown [s\src\hotspot\share\interpreter\linkResolver.cpp, line 773]
Event: 5.953 Thread 0x00000180d45cfb10 Exception <a 'java/lang/NoSuchMethodError'{0x00000007111210d8}: 'java.lang.Object java.lang.invoke.Invokers$Holder.linkToTargetMethod(java.lang.Object, java.lang.Object, int, java.lang.Object)'> (0x00000007111210d8) 
thrown [s\src\hotspot\share\interpreter\linkResolver.cpp, line 773]
Event: 6.359 Thread 0x00000180d45cfb10 Exception <a 'java/lang/IncompatibleClassChangeError'{0x00000007050d2210}: Found class java.lang.Object, but interface was expected> (0x00000007050d2210) 
thrown [s\src\hotspot\share\interpreter\linkResolver.cpp, line 840]
Event: 6.381 Thread 0x00000180d45cfb10 Exception <a 'java/lang/NoSuchMethodError'{0x0000000704b186e0}: 'java.lang.Object java.lang.invoke.DirectMethodHandle$Holder.invokeStatic(java.lang.Object, java.lang.Object, int, java.lang.Object)'> (0x0000000704b186e0) 
thrown [s\src\hotspot\share\interpreter\linkResolver.cpp, line 773]
Event: 6.382 Thread 0x00000180d45cfb10 Exception <a 'java/lang/NoSuchMethodError'{0x0000000704b1c6f8}: 'java.lang.Object java.lang.invoke.DirectMethodHandle$Holder.invokeStaticInit(java.lang.Object, java.lang.Object, int, java.lang.Object)'> (0x0000000704b1c6f8) 
thrown [s\src\hotspot\share\interpreter\linkResolver.cpp, line 773]

ZGC Phase Switch (0 events):
No events

VM Operations (20 events):
Event: 5.449 Executing non-safepoint VM operation: HandshakeAllThreads (Deoptimize) done
Event: 5.478 Executing safepoint VM operation: G1CollectForAllocation (G1 Evacuation Pause)
Event: 5.485 Executing safepoint VM operation: G1CollectForAllocation (G1 Evacuation Pause) done
Event: 5.496 Executing non-safepoint VM operation: HandshakeAllThreads (Deoptimize)
Event: 5.496 Executing non-safepoint VM operation: HandshakeAllThreads (Deoptimize) done
Event: 5.514 Executing non-safepoint VM operation: HandshakeAllThreads (Deoptimize)
Event: 5.514 Executing non-safepoint VM operation: HandshakeAllThreads (Deoptimize) done
Event: 5.662 Executing safepoint VM operation: G1CollectForAllocation (G1 Evacuation Pause)
Event: 5.669 Executing safepoint VM operation: G1CollectForAllocation (G1 Evacuation Pause) done
Event: 5.905 Executing safepoint VM operation: G1CollectForAllocation (G1 Evacuation Pause)
Event: 5.913 Executing safepoint VM operation: G1CollectForAllocation (G1 Evacuation Pause) done
Event: 5.944 Executing safepoint VM operation: CollectForMetadataAllocation (Metadata GC Threshold)
Event: 5.948 Executing safepoint VM operation: CollectForMetadataAllocation (Metadata GC Threshold) done
Event: 5.958 Executing safepoint VM operation: G1PauseRemark
Event: 5.962 Executing safepoint VM operation: G1PauseRemark done
Event: 5.966 Executing safepoint VM operation: G1PauseCleanup
Event: 5.966 Executing safepoint VM operation: G1PauseCleanup done
Event: 6.211 Executing safepoint VM operation: G1CollectForAllocation (G1 Evacuation Pause)
Event: 6.218 Executing safepoint VM operation: G1CollectForAllocation (G1 Evacuation Pause) done
Event: 6.449 Executing safepoint VM operation: G1CollectForAllocation (G1 Evacuation Pause)

Memory protections (0 events):
No events

Nmethod flushes (20 events):
Event: 5.961 Thread 0x00000180f3e6f710 flushing  nmethod 0x00000180dd3e4090
Event: 5.961 Thread 0x00000180f3e6f710 flushing  nmethod 0x00000180dd40ed10
Event: 5.961 Thread 0x00000180f3e6f710 flushing  nmethod 0x00000180dd447290
Event: 5.961 Thread 0x00000180f3e6f710 flushing  nmethod 0x00000180dd447b90
Event: 5.961 Thread 0x00000180f3e6f710 flushing  nmethod 0x00000180dd448b90
Event: 5.961 Thread 0x00000180f3e6f710 flushing  nmethod 0x00000180dd449390
Event: 5.961 Thread 0x00000180f3e6f710 flushing  nmethod 0x00000180dd44b690
Event: 5.961 Thread 0x00000180f3e6f710 flushing  nmethod 0x00000180dd44e110
Event: 5.961 Thread 0x00000180f3e6f710 flushing  nmethod 0x00000180dd466c90
Event: 5.961 Thread 0x00000180f3e6f710 flushing  nmethod 0x00000180dd46a410
Event: 5.961 Thread 0x00000180f3e6f710 flushing  nmethod 0x00000180dd496490
Event: 5.961 Thread 0x00000180f3e6f710 flushing  nmethod 0x00000180dd496d90
Event: 5.961 Thread 0x00000180f3e6f710 flushing  nmethod 0x00000180dd497290
Event: 5.961 Thread 0x00000180f3e6f710 flushing  nmethod 0x00000180dd497890
Event: 5.961 Thread 0x00000180f3e6f710 flushing  nmethod 0x00000180dd498090
Event: 5.961 Thread 0x00000180f3e6f710 flushing  nmethod 0x00000180dd498410
Event: 5.961 Thread 0x00000180f3e6f710 flushing  nmethod 0x00000180dd499610
Event: 5.961 Thread 0x00000180f3e6f710 flushing  nmethod 0x00000180dd49b590
Event: 5.961 Thread 0x00000180f3e6f710 flushing  nmethod 0x00000180dd4e7b10
Event: 5.961 Thread 0x00000180f3e6f710 flushing  nmethod 0x00000180dd532890

Events (20 events):
Event: 0.027 Thread 0x00000180d45cfb10 Thread added: 0x00000180f3e8f6e0
Event: 0.027 Thread 0x00000180d45cfb10 Thread added: 0x00000180f3e905b0
Event: 0.027 Thread 0x00000180d45cfb10 Thread added: 0x00000180f3e92020
Event: 0.027 Thread 0x00000180d45cfb10 Thread added: 0x00000180f3e92eb0
Event: 0.027 Thread 0x00000180d45cfb10 Thread added: 0x00000180f3e93ac0
Event: 0.027 Thread 0x00000180d45cfb10 Thread added: 0x00000180f3e94a00
Event: 0.027 Thread 0x00000180d45cfb10 Thread added: 0x00000180f3e9f670
Event: 0.058 Thread 0x00000180d45cfb10 Thread added: 0x00000180f8192740
Event: 0.087 Thread 0x00000180f3e94a00 Thread added: 0x00000180f81b3ca0
Event: 0.232 Thread 0x00000180d45cfb10 Thread added: 0x00000180f87ec4b0
Event: 0.374 Thread 0x00000180d45cfb10 Thread added: 0x00000180f8957750
Event: 0.402 Thread 0x00000180d45cfb10 Thread added: 0x00000180f91fe880
Event: 0.427 Thread 0x00000180f3e9f670 Thread added: 0x00000180f93ba260
Event: 3.062 Thread 0x00000180d45cfb10 Thread added: 0x00000180faeda940
Event: 3.473 Thread 0x00000180d45cfb10 Thread added: 0x00000180fd2a3e20
Event: 3.503 Thread 0x00000180fd2a3e20 Thread exited: 0x00000180fd2a3e20
Event: 3.816 Thread 0x00000180faeda940 Thread exited: 0x00000180faeda940
Event: 5.619 Thread 0x00000180f93ba260 Thread exited: 0x00000180f93ba260
Event: 5.732 Thread 0x00000180d45cfb10 Thread added: 0x00000180fe398e20
Event: 5.839 Thread 0x00000180fe398e20 Thread added: 0x00000180fe6d8460


Dynamic libraries:
0x00007ff7f1030000 - 0x00007ff7f103e000 	C:\Program Files\Microsoft\jdk-21.0.10.7-hotspot\bin\java.exe
0x00007ff930ad0000 - 0x00007ff930cc8000 	C:\WINDOWS\SYSTEM32\ntdll.dll
0x00007ff92fdc0000 - 0x00007ff92fe82000 	C:\WINDOWS\System32\KERNEL32.DLL
0x00007ff92e5a0000 - 0x00007ff92e896000 	C:\WINDOWS\System32\KERNELBASE.dll
0x00007ff92e8a0000 - 0x00007ff92e9a0000 	C:\WINDOWS\System32\ucrtbase.dll
0x00007ff92a530000 - 0x00007ff92a54e000 	C:\Program Files\Microsoft\jdk-21.0.10.7-hotspot\bin\VCRUNTIME140.dll
0x00007ff92a510000 - 0x00007ff92a528000 	C:\Program Files\Microsoft\jdk-21.0.10.7-hotspot\bin\jli.dll
0x00007ff92f990000 - 0x00007ff92fb31000 	C:\WINDOWS\System32\USER32.dll
0x00007ff92e160000 - 0x00007ff92e182000 	C:\WINDOWS\System32\win32u.dll
0x00007ff9240e0000 - 0x00007ff92437b000 	C:\WINDOWS\WinSxS\amd64_microsoft.windows.common-controls_6595b64144ccf1df_6.0.19041.6456_none_60b8a6cb71f64256\COMCTL32.dll
0x00007ff92f820000 - 0x00007ff92f84b000 	C:\WINDOWS\System32\GDI32.dll
0x00007ff9309f0000 - 0x00007ff930a8e000 	C:\WINDOWS\System32\msvcrt.dll
0x00007ff92e9a0000 - 0x00007ff92eab9000 	C:\WINDOWS\System32\gdi32full.dll
0x00007ff92e480000 - 0x00007ff92e51d000 	C:\WINDOWS\System32\msvcp_win.dll
0x00007ff92f430000 - 0x00007ff92f45f000 	C:\WINDOWS\System32\IMM32.DLL
0x00007ff922c10000 - 0x00007ff922c1c000 	C:\Program Files\Microsoft\jdk-21.0.10.7-hotspot\bin\vcruntime140_1.dll
0x00007ff8f6ea0000 - 0x00007ff8f6f29000 	C:\Program Files\Microsoft\jdk-21.0.10.7-hotspot\bin\msvcp140.dll
0x00007ff8c7e30000 - 0x00007ff8c8bdd000 	C:\Program Files\Microsoft\jdk-21.0.10.7-hotspot\bin\server\jvm.dll
0x00007ff92f640000 - 0x00007ff92f6f1000 	C:\WINDOWS\System32\ADVAPI32.dll
0x00007ff92ed70000 - 0x00007ff92ee0f000 	C:\WINDOWS\System32\sechost.dll
0x00007ff92f700000 - 0x00007ff92f820000 	C:\WINDOWS\System32\RPCRT4.dll
0x00007ff92eac0000 - 0x00007ff92eae7000 	C:\WINDOWS\System32\bcrypt.dll
0x00007ff92f5d0000 - 0x00007ff92f63b000 	C:\WINDOWS\System32\WS2_32.dll
0x00007ff92d660000 - 0x00007ff92d6ab000 	C:\WINDOWS\SYSTEM32\POWRPROF.dll
0x00007ff9284a0000 - 0x00007ff9284aa000 	C:\WINDOWS\SYSTEM32\VERSION.dll
0x00007ff91ff80000 - 0x00007ff91ffa7000 	C:\WINDOWS\SYSTEM32\WINMM.dll
0x00007ff92d520000 - 0x00007ff92d532000 	C:\WINDOWS\SYSTEM32\UMPDC.dll
0x00007ff92bfb0000 - 0x00007ff92bfc2000 	C:\WINDOWS\SYSTEM32\kernel.appcore.dll
0x00007ff922420000 - 0x00007ff92242a000 	C:\Program Files\Microsoft\jdk-21.0.10.7-hotspot\bin\jimage.dll
0x00007ff91f5f0000 - 0x00007ff91f7f1000 	C:\WINDOWS\SYSTEM32\DBGHELP.DLL
0x00007ff911350000 - 0x00007ff911384000 	C:\WINDOWS\SYSTEM32\dbgcore.DLL
0x00007ff92e1e0000 - 0x00007ff92e262000 	C:\WINDOWS\System32\bcryptPrimitives.dll
0x00007ff903780000 - 0x00007ff903790000 	C:\Program Files\Microsoft\jdk-21.0.10.7-hotspot\bin\instrument.dll
0x00007ff922140000 - 0x00007ff922161000 	C:\Program Files\Microsoft\jdk-21.0.10.7-hotspot\bin\java.dll
0x00007ff92fe90000 - 0x00007ff930600000 	C:\WINDOWS\System32\SHELL32.dll
0x00007ff92c1b0000 - 0x00007ff92c955000 	C:\WINDOWS\SYSTEM32\windows.storage.dll
0x00007ff930600000 - 0x00007ff930954000 	C:\WINDOWS\System32\combase.dll
0x00007ff92dab0000 - 0x00007ff92dadb000 	C:\WINDOWS\SYSTEM32\Wldp.dll
0x00007ff92f350000 - 0x00007ff92f41d000 	C:\WINDOWS\System32\OLEAUT32.dll
0x00007ff92f460000 - 0x00007ff92f50d000 	C:\WINDOWS\System32\SHCORE.dll
0x00007ff92fb50000 - 0x00007ff92fbab000 	C:\WINDOWS\System32\shlwapi.dll
0x00007ff92e090000 - 0x00007ff92e0b4000 	C:\WINDOWS\SYSTEM32\profapi.dll
0x00007ff8f6840000 - 0x00007ff8f6916000 	C:\Program Files\Microsoft\jdk-21.0.10.7-hotspot\bin\jsvml.dll
0x00007ff9138e0000 - 0x00007ff9138f8000 	C:\Program Files\Microsoft\jdk-21.0.10.7-hotspot\bin\zip.dll
0x00007ff922010000 - 0x00007ff922021000 	C:\Program Files\Microsoft\jdk-21.0.10.7-hotspot\bin\net.dll
0x00007ff9273f0000 - 0x00007ff9274fa000 	C:\WINDOWS\SYSTEM32\WINHTTP.dll
0x00007ff92d890000 - 0x00007ff92d8fa000 	C:\WINDOWS\system32\mswsock.dll
0x00007ff91f5b0000 - 0x00007ff91f5c6000 	C:\Program Files\Microsoft\jdk-21.0.10.7-hotspot\bin\nio.dll
0x00007ff905e80000 - 0x00007ff905e90000 	C:\Program Files\Microsoft\jdk-21.0.10.7-hotspot\bin\verify.dll
0x00007ff907ff0000 - 0x00007ff908007000 	C:\WINDOWS\system32\napinsp.dll
0x00007ff907fd0000 - 0x00007ff907feb000 	C:\WINDOWS\system32\pnrpnsp.dll
0x00007ff923090000 - 0x00007ff9230ad000 	C:\WINDOWS\system32\wshbth.dll
0x00007ff92a3e0000 - 0x00007ff92a3fd000 	C:\WINDOWS\system32\NLAapi.dll
0x00007ff92d540000 - 0x00007ff92d57b000 	C:\WINDOWS\SYSTEM32\IPHLPAPI.DLL
0x00007ff92d580000 - 0x00007ff92d64a000 	C:\WINDOWS\SYSTEM32\DNSAPI.dll
0x00007ff92fb40000 - 0x00007ff92fb48000 	C:\WINDOWS\System32\NSI.dll
0x00007ff907fb0000 - 0x00007ff907fc2000 	C:\WINDOWS\System32\winrnr.dll
0x000000005a040000 - 0x000000005a066000 	C:\Program Files\Bonjour\mdnsNSP.dll
0x00007ff926b20000 - 0x00007ff926b2a000 	C:\Windows\System32\rasadhlp.dll
0x00007ff9268c0000 - 0x00007ff926940000 	C:\WINDOWS\System32\fwpuclnt.dll
0x00007ff912fb0000 - 0x00007ff912fba000 	C:\Program Files\Microsoft\jdk-21.0.10.7-hotspot\bin\management.dll
0x00007ff912fa0000 - 0x00007ff912fac000 	C:\Program Files\Microsoft\jdk-21.0.10.7-hotspot\bin\management_ext.dll
0x00007ff92f420000 - 0x00007ff92f428000 	C:\WINDOWS\System32\PSAPI.DLL
0x00007ff92daf0000 - 0x00007ff92db08000 	C:\WINDOWS\SYSTEM32\CRYPTSP.dll
0x00007ff92d160000 - 0x00007ff92d198000 	C:\WINDOWS\system32\rsaenh.dll
0x00007ff92e050000 - 0x00007ff92e07e000 	C:\WINDOWS\SYSTEM32\USERENV.dll
0x00007ff92da20000 - 0x00007ff92da2c000 	C:\WINDOWS\SYSTEM32\CRYPTBASE.dll
0x00007ff913050000 - 0x00007ff91305e000 	C:\Program Files\Microsoft\jdk-21.0.10.7-hotspot\bin\sunmscapi.dll
0x00007ff92e270000 - 0x00007ff92e3cd000 	C:\WINDOWS\System32\CRYPT32.dll
0x00007ff92dc00000 - 0x00007ff92dc27000 	C:\WINDOWS\SYSTEM32\ncrypt.dll
0x00007ff92dbc0000 - 0x00007ff92dbfb000 	C:\WINDOWS\SYSTEM32\NTASN1.dll

JVMTI agents:
C:\\Users\\jorge\\.m2\\repository\\org\\jacoco\\org.jacoco.agent\\0.8.13\\org.jacoco.agent-0.8.13-runtime.jar path:C:\Program Files\Microsoft\jdk-21.0.10.7-hotspot\bin\instrument.dll, loaded, initialized, instrumentlib options:destfile=C:\\Users\\jorge\\OneDrive\\Desktop\\Backend II\\minimarket\\target\\jacoco.exec
C:\Users\jorge\.m2\repository\net\bytebuddy\byte-buddy-agent\1.15.11\byte-buddy-agent-1.15.11.jar path:C:\Program Files\Microsoft\jdk-21.0.10.7-hotspot\bin\instrument.dll, loaded, initialized, dynamic instrumentlib options:none

dbghelp: loaded successfully - version: 4.0.5 - missing functions: none
symbol engine: initialized successfully - sym options: 0x614 - pdb path: .;C:\Program Files\Microsoft\jdk-21.0.10.7-hotspot\bin;C:\WINDOWS\SYSTEM32;C:\WINDOWS\WinSxS\amd64_microsoft.windows.common-controls_6595b64144ccf1df_6.0.19041.6456_none_60b8a6cb71f64256;C:\Program Files\Microsoft\jdk-21.0.10.7-hotspot\bin\server;C:\Program Files\Bonjour

VM Arguments:
jvm_args: -javaagent:C:\\Users\\jorge\\.m2\\repository\\org\\jacoco\\org.jacoco.agent\\0.8.13\\org.jacoco.agent-0.8.13-runtime.jar=destfile=C:\\Users\\jorge\\OneDrive\\Desktop\\Backend II\\minimarket\\target\\jacoco.exec 
java_command: C:\Users\jorge\AppData\Local\Temp\surefire3007890129798229235\surefirebooter-20260620174809363_3.jar C:\Users\jorge\AppData\Local\Temp\surefire3007890129798229235 2026-06-20T17-48-09_214-jvmRun1 surefire-20260620174809363_1tmp surefire_0-20260620174809363_2tmp
java_class_path (initial): C:\Users\jorge\AppData\Local\Temp\surefire3007890129798229235\surefirebooter-20260620174809363_3.jar
Launcher Type: SUN_STANDARD

[Global flags]
     intx CICompilerCount                          = 4                                         {product} {ergonomic}
     uint ConcGCThreads                            = 3                                         {product} {ergonomic}
     uint G1ConcRefinementThreads                  = 10                                        {product} {ergonomic}
   size_t G1HeapRegionSize                         = 2097152                                   {product} {ergonomic}
    uintx GCDrainStackTargetSize                   = 64                                        {product} {ergonomic}
   size_t InitialHeapSize                          = 268435456                                 {product} {ergonomic}
   size_t MarkStackSize                            = 4194304                                   {product} {ergonomic}
   size_t MaxHeapSize                              = 4276092928                                {product} {ergonomic}
   size_t MaxNewSize                               = 2564816896                                {product} {ergonomic}
   size_t MinHeapDeltaBytes                        = 2097152                                   {product} {ergonomic}
   size_t MinHeapSize                              = 8388608                                   {product} {ergonomic}
    uintx NonNMethodCodeHeapSize                   = 5839372                                {pd product} {ergonomic}
    uintx NonProfiledCodeHeapSize                  = 122909434                              {pd product} {ergonomic}
    uintx ProfiledCodeHeapSize                     = 122909434                              {pd product} {ergonomic}
    uintx ReservedCodeCacheSize                    = 251658240                              {pd product} {ergonomic}
     bool SegmentedCodeCache                       = true                                      {product} {ergonomic}
   size_t SoftMaxHeapSize                          = 4276092928                             {manageable} {ergonomic}
     bool UseCompressedOops                        = true                           {product lp64_product} {ergonomic}
     bool UseG1GC                                  = true                                      {product} {ergonomic}
     bool UseLargePagesIndividualAllocation        = false                                  {pd product} {ergonomic}

Logging:
Log output configuration:
 #0: stdout all=warning uptime,level,tags foldmultilines=false
 #1: stderr all=off uptime,level,tags foldmultilines=false

Release file:
IMPLEMENTOR="Microsoft" 
IMPLEMENTOR_VERSION="Microsoft-13106404" 
JAVA_RUNTIME_VERSION="21.0.10+7-LTS" 
JAVA_VERSION="21.0.10" 
JAVA_VERSION_DATE="2026-01-20" 
LIBC="default" 
MODULES="java.base java.compiler java.datatransfer java.xml java.prefs java.desktop java.instrument java.logging java.management java.security.sasl java.naming java.rmi java.management.rmi java.net.http java.scripting java.security.jgss java.transaction.xa java.sql java.sql.rowset java.xml.crypto java.se java.smartcardio jdk.accessibility jdk.internal.jvmstat jdk.attach jdk.charsets jdk.internal.opt jdk.zipfs jdk.compiler jdk.crypto.ec jdk.crypto.cryptoki jdk.crypto.mscapi jdk.dynalink jdk.internal.ed jdk.editpad jdk.hotspot.agent jdk.httpserver jdk.incubator.vector jdk.internal.le jdk.internal.vm.ci jdk.internal.vm.compiler jdk.internal.vm.compiler.management jdk.jartool jdk.javadoc jdk.jcmd jdk.management jdk.management.agent jdk.jconsole jdk.jdeps jdk.jdwp.agent jdk.jdi jdk.jfr jdk.jlink jdk.jpackage jdk.jshell jdk.jsobject jdk.jstatd jdk.localedata jdk.management.jfr jdk.naming.dns jdk.naming.rmi jdk.net jdk.nio.mapmode jdk.random jdk.sctp jdk.security.auth jdk.security.jgss jdk.unsupported jdk.unsupported.desktop jdk.xml.dom" 
OS_ARCH="x86_64" 
OS_NAME="Windows" 
SOURCE=".:git:e69b6ef7382e" 

Environment Variables:
JAVA_HOME=C:\Program Files\Microsoft\jdk-21.0.10.7-hotspot\
PATH=C:\Program Files\Microsoft\jdk-21.0.10.7-hotspot\bin;C:\Program Files\Common Files\Oracle\Java\javapath;C:\app\jorge\product\21c\dbhomeXE\bin;C:\WINDOWS\system32;C:\WINDOWS;C:\WINDOWS\System32\Wbem;C:\WINDOWS\System32\WindowsPowerShell\v1.0\;C:\WINDOWS\System32\OpenSSH\;C:\Program Files\NVIDIA Corporation\NVIDIA App\NvDLISR;C:\Program Files (x86)\NVIDIA Corporation\PhysX\Common;C:\Program Files\nodejs\;C:\Program Files\Docker\Docker\resources\bin;C:\Program Files\Git\cmd;C:\Program Files\dotnet\;C:\Users\jorge\scoop\apps\maven\current\bin;C:\Users\jorge\scoop\shims;C:\Program Files\MySQL\MySQL Shell 8.0\bin\;C:\Users\jorge\AppData\Local\Programs\Python\Launcher\;C:\Users\jorge\AppData\Local\Microsoft\WindowsApps;C:\Users\jorge\AppData\Local\Programs\Microsoft VS Code\bin;C:\Program Files\JetBrains\PyCharm Community Edition 2025.1.1.1\bin;;C:\Users\jorge\AppData\Roaming\npm;C:\Users\jorge\AppData\Local\Programs\Warp\bin;C:\Users\jorge\.dotnet\tools
USERNAME=jorge
OS=Windows_NT
PROCESSOR_IDENTIFIER=Intel64 Family 6 Model 165 Stepping 5, GenuineIntel
TMP=C:\Users\jorge\AppData\Local\Temp
TEMP=C:\Users\jorge\AppData\Local\Temp




Periodic native trim disabled

---------------  S Y S T E M  ---------------

OS:
 Windows 10 , 64 bit Build 19041 (10.0.19041.5915)
OS uptime: 0 days 2:41 hours
Hyper-V role detected

CPU: total 12 (initial active 12) (6 cores per cpu, 2 threads per core) family 6 model 165 stepping 5 microcode 0xca, cx8, cmov, fxsr, ht, mmx, 3dnowpref, sse, sse2, sse3, ssse3, sse4.1, sse4.2, popcnt, lzcnt, tsc, tscinvbit, avx, avx2, aes, erms, clmul, bmi1, bmi2, adx, fma, vzeroupper, clflush, clflushopt, hv, rdtscp, f16c
Processor Information for the first 12 processors :
  Max Mhz: 4104, Current Mhz: 3803, Mhz Limit: 4104

Memory: 4k page, system-wide physical 16310M (5319M free)
TotalPageFile size 32694M (AvailPageFile size 15557M)
current process WorkingSet (physical memory assigned to process): 299M, peak: 323M
current process commit charge ("private bytes"): 340M, peak: 454M

vm_info: OpenJDK 64-Bit Server VM (21.0.10+7-LTS) for windows-amd64 JRE (21.0.10+7-LTS), built on 2026-01-15T18:39:42Z by "MicrosoftCorporation" with MS VC++ 17.14 (VS2022)

END.
