#
# A fatal error has been detected by the Java Runtime Environment:
#
#  EXCEPTION_ACCESS_VIOLATION (0xc0000005) at pc=0x00007ff8ce7f5525, pid=6820, tid=6248
#
# JRE version: OpenJDK Runtime Environment Microsoft-13106358 (17.0.18+8) (build 17.0.18+8-LTS)
# Java VM: OpenJDK 64-Bit Server VM Microsoft-13106358 (17.0.18+8-LTS, mixed mode, sharing, tiered, compressed oops, compressed class ptrs, g1 gc, windows-amd64)
# Problematic frame:
# V  [jvm.dll+0x595525]
#
# No core dump will be written. Minidumps are not enabled by default on client versions of Windows
#
# If you would like to submit a bug report, please visit:
#   https://github.com/microsoft/openjdk/issues
#

---------------  S U M M A R Y ------------

Command Line: -javaagent:C:\Program Files\JetBrains\IntelliJ IDEA Community Edition 2025.1.1.1\lib\idea_rt.jar=53222 -Dfile.encoding=UTF-8 com.minimarket.MinimarketApplication

Host: Intel(R) Core(TM) i5-10600K CPU @ 4.10GHz, 12 cores, 15G,  Windows 10 , 64 bit Build 19041 (10.0.19041.5915)
Time: Wed Jul  8 18:42:29 2026 Hora est. Sudamérica Pacífico elapsed time: 7.320546 seconds (0d 0h 0m 7s)

---------------  T H R E A D  ---------------

Current thread (0x000001f0e3b9b0e0):  JavaThread "C2 CompilerThread1" daemon [_thread_in_native, id=6248, stack(0x0000002755700000,0x0000002755800000)]


Current CompileTask:
C2:7320 4427   !   4       org.springframework.core.annotation.AnnotationsScanner::processClassHierarchy (234 bytes)

Stack: [0x0000002755700000,0x0000002755800000],  sp=0x00000027557fa9f0,  free space=1002k
Native frames: (J=compiled Java code, j=interpreted, Vv=VM code, C=native code)
V  [jvm.dll+0x595525]  (no source info available)
V  [jvm.dll+0x594bb0]  (no source info available)
V  [jvm.dll+0x226d84]  (no source info available)
V  [jvm.dll+0x21fcde]  (no source info available)
V  [jvm.dll+0x21d260]  (no source info available)
V  [jvm.dll+0x1a8ce6]  (no source info available)
V  [jvm.dll+0x22db1b]  (no source info available)
V  [jvm.dll+0x22bca6]  (no source info available)
V  [jvm.dll+0x7fbabb]  (no source info available)
V  [jvm.dll+0x7f5ebc]  (no source info available)
V  [jvm.dll+0x68de17]  (no source info available)
C  [ucrtbase.dll+0x21bb2]  (no source info available)
C  [KERNEL32.DLL+0x17374]  (no source info available)
C  [ntdll.dll+0x4cc91]  (no source info available)


siginfo: EXCEPTION_ACCESS_VIOLATION (0xc0000005), reading address 0x000001e0e3da5ea8


Registers:
RAX=0x000001f0e60633d0, RBX=0x0000000000000eac, RCX=0x0000000000004000, RDX=0x0000000000000eac
RSP=0x00000027557fa9f0, RBP=0x0000000000000001, RSI=0x00000027557fadd0, RDI=0x000001e0e3da5e90
R8 =0x0000000000010000, R9 =0x0000000000010000, R10=0x00007ff90b6f0000, R11=0x00007ff90b702907
R12=0x0000000000000000, R13=0x00000027557faa80, R14=0x000001f0e628cb60, R15=0x00000027557faaa0
RIP=0x00007ff8ce7f5525, EFLAGS=0x0000000000010206

XMM[0]=0x0000000000000000 0x0000000000000000
XMM[1]=0x000001f0e3cf8738 0x000001f0e579c3a8
XMM[2]=0x000001f09d4f01b0 0x000001f0e6a272d8
XMM[3]=0x000001f0e583dd68 0x000001f0e583eab8
XMM[4]=0x000001f0e34e44c0 0x000001f0e34e4d68
XMM[5]=0x000001f0e673aee0 0x000001f0e67d2ff8
XMM[6]=0x0000000000000000 0x0000000000000000
XMM[7]=0x0000000000000000 0x0000000000000000
XMM[8]=0x0000000000000000 0x0000000000000000
XMM[9]=0x0000000000000000 0x0000000000000000
XMM[10]=0x0000000000000000 0x0000000000000000
XMM[11]=0x0000000000000000 0x0000000000000000
XMM[12]=0x0000000000000000 0x0000000000000000
XMM[13]=0x0000000000000000 0x0000000000000000
XMM[14]=0x0000000000000000 0x0000000000000000
XMM[15]=0x0000000000000000 0x0000000000000000
  MXCSR=0x00001fa0


Register to memory mapping:

RIP=0x00007ff8ce7f5525 jvm.dll
RAX=0x000001f0e60633d0 points into unknown readable memory: 0x000001f0e3855ee0 | e0 5e 85 e3 f0 01 00 00
RBX=0x0000000000000eac is an unknown value
RCX=0x0000000000004000 is an unknown value
RDX=0x0000000000000eac is an unknown value
RSP=0x00000027557fa9f0 is pointing into the stack for thread: 0x000001f0e3b9b0e0
RBP=0x0000000000000001 is an unknown value
RSI=0x00000027557fadd0 is pointing into the stack for thread: 0x000001f0e3b9b0e0
RDI=0x000001e0e3da5e90 is an unknown value
R8 =0x0000000000010000 is an unknown value
R9 =0x0000000000010000 is an unknown value
R10=0x00007ff90b6f0000 VCRUNTIME140.dll
R11=0x00007ff90b702907 VCRUNTIME140.dll
R12=0x0 is NULL
R13=0x00000027557faa80 is pointing into the stack for thread: 0x000001f0e3b9b0e0
R14=0x000001f0e628cb60 points into unknown readable memory: 0x00007ff8ceb227c0 | c0 27 b2 ce f8 7f 00 00
R15=0x00000027557faaa0 is pointing into the stack for thread: 0x000001f0e3b9b0e0


Top of Stack: (sp=0x00000027557fa9f0)
0x00000027557fa9f0:   0000000000001419 000001f0e4afb7c8
0x00000027557faa00:   00000027557faac0 00000027557faa80
0x00000027557faa10:   000001f0e42c7df8 000001f0f9e45450
0x00000027557faa20:   00000027557fadd0 00000027557fab50
0x00000027557faa30:   000001f0e42c7dc8 0000000000000000
0x00000027557faa40:   0000000000000001 00007ff8ce7f4bb0
0x00000027557faa50:   0000000000000000 00000027557faaa0
0x00000027557faa60:   000001f000000001 00000027557faac0
0x00000027557faa70:   0000000000000000 0000000000000000
0x00000027557faa80:   000001f0e43e94c0 0000000000000200
0x00000027557faa90:   000001f0e484b010 000001f00000010a
0x00000027557faaa0:   0000000000000200 000001f0e484a810
0x00000027557faab0:   000001f000000200 000001f0e43e94c0
0x00000027557faac0:   000001f0e5b49b50 000001f0e5b59fb0
0x00000027557faad0:   000001f0e5b49b60 000001f0e43e94c0
0x00000027557faae0:   000001f0e43e94c0 000001f000000004
0x00000027557faaf0:   000001f0e4658fe0 00007ff800000000
0x00000027557fab00:   00000000000003ff 0000000000000000
0x00000027557fab10:   000001f0e6a98140 00007ff8ce488db1
0x00000027557fab20:   00000027557fe990 00000027557facd9
0x00000027557fab30:   00000027557fb9b0 000001f0e3936338
0x00000027557fab40:   000001f0e35d86e0 00007ff8ce9135e4
0x00000027557fab50:   0000000000000000 000000000900050c
0x00000027557fab60:   00000027557fb9b0 0000000000000000
0x00000027557fab70:   0000000000000000 000001f0e35d8750
0x00000027557fab80:   0000000000000001 00000027557fae18
0x00000027557fab90:   00000000000d81f8 000001f0e516f918
0x00000027557faba0:   00000027557fac70 000000000000000d
0x00000027557fabb0:   0000000000020000 00007ff914c3fde6
0x00000027557fabc0:   0000000000000000 0000000000020010
0x00000027557fabd0:   0000000000000000 00007ff9174f0000
0x00000027557fabe0:   00000027557fac70 00007ff8ce8e147b 

Instructions: (pc=0x00007ff8ce7f5525)
0x00007ff8ce7f5425:   00 0f 85 c8 f8 ff ff 48 8b 47 10 48 8d 15 89 49
0x00007ff8ce7f5435:   41 00 45 33 c0 44 89 78 74 48 8b 5f 10 48 8b 8b
0x00007ff8ce7f5445:   70 01 00 00 e8 b2 3d c3 ff 48 8d 15 6b 49 41 00
0x00007ff8ce7f5455:   48 8b cb e8 73 31 c9 ff 48 81 c4 28 03 00 00 41
0x00007ff8ce7f5465:   5f 41 5e 5f 5e 5b 5d c3 cc cc cc 4c 8b dc 4d 89
0x00007ff8ce7f5475:   4b 20 49 89 53 10 56 41 55 41 57 48 83 ec 40 41
0x00007ff8ce7f5485:   8b 40 18 4d 8b e8 4c 8b fa 48 8b f1 85 c0 0f 84
0x00007ff8ce7f5495:   b3 03 00 00 49 89 5b 08 49 89 6b e0 49 89 7b d8
0x00007ff8ce7f54a5:   4d 89 63 d0 4d 89 73 c8 0f 1f 00 ff c8 41 89 45
0x00007ff8ce7f54b5:   18 8b c8 49 8b 45 10 4c 8b 34 c8 45 33 e4 41 8b
0x00007ff8ce7f54c5:   6e 18 89 6c 24 70 45 85 e4 0f 85 98 01 00 00 41
0x00007ff8ce7f54d5:   8b 46 28 3b 46 28 0f 83 8b 01 00 00 8b c8 48 8b
0x00007ff8ce7f54e5:   46 30 48 8b 14 c8 48 85 d2 0f 84 78 01 00 00 f6
0x00007ff8ce7f54f5:   c2 01 0f 85 6f 01 00 00 0f 1f 00 41 8b 56 28 8b
0x00007ff8ce7f5505:   4e 28 8b da 3b d1 73 11 48 8b 46 30 48 83 3c d0
0x00007ff8ce7f5515:   00 74 06 48 8b 3c d0 eb 07 48 8b be 90 09 00 00
0x00007ff8ce7f5525:   48 83 7f 18 00 75 1a 48 8b 2f 3b d1 72 09 48 8d
0x00007ff8ce7f5535:   4e 20 e8 34 6b 0d 00 48 8b 46 30 48 89 2c d8 eb
0x00007ff8ce7f5545:   ba 80 be b0 09 00 00 00 0f 85 15 01 00 00 48 83
0x00007ff8ce7f5555:   be a8 09 00 00 00 0f 85 07 01 00 00 f6 47 5a 04
0x00007ff8ce7f5565:   0f 84 fd 00 00 00 49 8b 06 49 8b ce ff 10 3d 15
0x00007ff8ce7f5575:   01 00 00 0f 85 ea 00 00 00 41 8b 46 28 3b 46 28
0x00007ff8ce7f5585:   73 0f 8b c8 48 8b 46 30 4c 8b 0c c8 4d 85 c9 75
0x00007ff8ce7f5595:   07 4c 8b 8e 90 09 00 00 4d 8b 09 4d 85 c9 74 33
0x00007ff8ce7f55a5:   49 8b 49 68 48 85 c9 74 22 8b 51 18 33 c0 85 d2
0x00007ff8ce7f55b5:   74 19 4c 8b 41 10 0f 1f 44 00 00 4d 3b 34 c0 0f
0x00007ff8ce7f55c5:   84 9e 00 00 00 ff c0 3b c2 72 f0 4d 8b 09 4d 85
0x00007ff8ce7f55d5:   c9 75 cd 49 8b 46 08 49 8b d6 48 8b ce 48 8b 28
0x00007ff8ce7f55e5:   4c 8b c5 e8 43 d9 fe ff 48 8b 4f 60 48 85 c9 74
0x00007ff8ce7f55f5:   08 49 8b d6 e8 e2 82 0d 00 8b 7d 28 8b df c1 eb
0x00007ff8ce7f5605:   05 41 3b 1f 72 0a 8b d3 49 8b cf e8 ab b0 29 00
0x00007ff8ce7f5615:   49 8b 47 08 83 e7 1f 48 8d 14 98 40 0f b6 cf 41 


Stack slot to memory mapping:
stack at sp + 0 slots: 0x0000000000001419 is an unknown value
stack at sp + 1 slots: 0x000001f0e4afb7c8 points into unknown readable memory: 0x00007ff8ceb847d0 | d0 47 b8 ce f8 7f 00 00
stack at sp + 2 slots: 0x00000027557faac0 is pointing into the stack for thread: 0x000001f0e3b9b0e0
stack at sp + 3 slots: 0x00000027557faa80 is pointing into the stack for thread: 0x000001f0e3b9b0e0
stack at sp + 4 slots: 0x000001f0e42c7df8 points into unknown readable memory: 0x8000000800000001 | 01 00 00 00 08 00 00 80
stack at sp + 5 slots: 0x000001f0f9e45450 points into unknown readable memory: 0x00007ff8cebc3860 | 60 38 bc ce f8 7f 00 00
stack at sp + 6 slots: 0x00000027557fadd0 is pointing into the stack for thread: 0x000001f0e3b9b0e0
stack at sp + 7 slots: 0x00000027557fab50 is pointing into the stack for thread: 0x000001f0e3b9b0e0


---------------  P R O C E S S  ---------------

Threads class SMR info:
_java_thread_list=0x000001f0e4e13b20, length=20, elements={
0x000001f0f9e2cdc0, 0x000001f09d3f4620, 0x000001f09d3f53b0, 0x000001f09d3ee380,
0x000001f09d3fef80, 0x000001f09d401860, 0x000001f09d404540, 0x000001f09d406150,
0x000001f09d408a70, 0x000001f09d411390, 0x000001f09d3d3210, 0x000001f09d650310,
0x000001f09d64f870, 0x000001f0e318cb20, 0x000001f0e31c39a0, 0x000001f0e3b9b0e0,
0x000001f0e3b98660, 0x000001f0e5897980, 0x000001f0e51059f0, 0x000001f0e4c40140
}

Java Threads: ( => current thread )
  0x000001f0f9e2cdc0 JavaThread "main" [_thread_blocked, id=13160, stack(0x0000002754300000,0x0000002754400000)]
  0x000001f09d3f4620 JavaThread "Reference Handler" daemon [_thread_blocked, id=4828, stack(0x0000002754a00000,0x0000002754b00000)]
  0x000001f09d3f53b0 JavaThread "Finalizer" daemon [_thread_blocked, id=17800, stack(0x0000002754b00000,0x0000002754c00000)]
  0x000001f09d3ee380 JavaThread "Signal Dispatcher" daemon [_thread_blocked, id=19240, stack(0x0000002754c00000,0x0000002754d00000)]
  0x000001f09d3fef80 JavaThread "Attach Listener" daemon [_thread_blocked, id=15624, stack(0x0000002754d00000,0x0000002754e00000)]
  0x000001f09d401860 JavaThread "Service Thread" daemon [_thread_blocked, id=3428, stack(0x0000002754e00000,0x0000002754f00000)]
  0x000001f09d404540 JavaThread "Monitor Deflation Thread" daemon [_thread_blocked, id=2056, stack(0x0000002754f00000,0x0000002755000000)]
  0x000001f09d406150 JavaThread "C2 CompilerThread0" daemon [_thread_in_native, id=11592, stack(0x0000002755000000,0x0000002755100000)]
  0x000001f09d408a70 JavaThread "C1 CompilerThread0" daemon [_thread_blocked, id=2392, stack(0x0000002755100000,0x0000002755200000)]
  0x000001f09d411390 JavaThread "Sweeper thread" daemon [_thread_blocked, id=19256, stack(0x0000002755200000,0x0000002755300000)]
  0x000001f09d3d3210 JavaThread "Common-Cleaner" daemon [_thread_blocked, id=1032, stack(0x0000002755300000,0x0000002755400000)]
  0x000001f09d650310 JavaThread "Monitor Ctrl-Break" daemon [_thread_in_native, id=12936, stack(0x0000002755400000,0x0000002755500000)]
  0x000001f09d64f870 JavaThread "Notification Thread" daemon [_thread_blocked, id=11884, stack(0x0000002755500000,0x0000002755600000)]
  0x000001f0e318cb20 JavaThread "Thread-0" [_thread_blocked, id=7036, stack(0x0000002755800000,0x0000002755900000)]
  0x000001f0e31c39a0 JavaThread "restartedMain" [_thread_in_Java, id=3600, stack(0x0000002755e00000,0x0000002755f00000)]
=>0x000001f0e3b9b0e0 JavaThread "C2 CompilerThread1" daemon [_thread_in_native, id=6248, stack(0x0000002755700000,0x0000002755800000)]
  0x000001f0e3b98660 JavaThread "C2 CompilerThread2" daemon [_thread_in_native, id=10964, stack(0x0000002755f00000,0x0000002756000000)]
  0x000001f0e5897980 JavaThread "Catalina-utility-1" [_thread_blocked, id=4056, stack(0x0000002756600000,0x0000002756700000)]
  0x000001f0e51059f0 JavaThread "Catalina-utility-2" [_thread_blocked, id=6308, stack(0x0000002756700000,0x0000002756800000)]
  0x000001f0e4c40140 JavaThread "container-0" [_thread_blocked, id=18360, stack(0x0000002756800000,0x0000002756900000)]

Other Threads:
  0x000001f09d3e6600 VMThread "VM Thread" [stack: 0x0000002754900000,0x0000002754a00000] [id=17572]
  0x000001f09d64e310 WatcherThread [stack: 0x0000002755600000,0x0000002755700000] [id=11600]
  0x000001f0f9e987f0 GCTaskThread "GC Thread#0" [stack: 0x0000002754400000,0x0000002754500000] [id=15664]
  0x000001f0e318d5c0 GCTaskThread "GC Thread#1" [stack: 0x0000002755900000,0x0000002755a00000] [id=9512]
  0x000001f0e318d890 GCTaskThread "GC Thread#2" [stack: 0x0000002755a00000,0x0000002755b00000] [id=12512]
  0x000001f0e33dee20 GCTaskThread "GC Thread#3" [stack: 0x0000002755b00000,0x0000002755c00000] [id=8132]
  0x000001f0e3757f30 GCTaskThread "GC Thread#4" [stack: 0x0000002755c00000,0x0000002755d00000] [id=15416]
  0x000001f0e37573f0 GCTaskThread "GC Thread#5" [stack: 0x0000002755d00000,0x0000002755e00000] [id=17604]
  0x000001f0e37587a0 GCTaskThread "GC Thread#6" [stack: 0x0000002756000000,0x0000002756100000] [id=4220]
  0x000001f0e37576c0 GCTaskThread "GC Thread#7" [stack: 0x0000002756100000,0x0000002756200000] [id=18200]
  0x000001f0e37584d0 GCTaskThread "GC Thread#8" [stack: 0x0000002756200000,0x0000002756300000] [id=12760]
  0x000001f0e3758a70 GCTaskThread "GC Thread#9" [stack: 0x0000002756300000,0x0000002756400000] [id=19176]
  0x000001f0f9ea9530 ConcurrentGCThread "G1 Main Marker" [stack: 0x0000002754500000,0x0000002754600000] [id=3804]
  0x000001f0f9ea9e60 ConcurrentGCThread "G1 Conc#0" [stack: 0x0000002754600000,0x0000002754700000] [id=9480]
  0x000001f0e3757c60 ConcurrentGCThread "G1 Conc#1" [stack: 0x0000002756400000,0x0000002756500000] [id=16496]
  0x000001f0e3758200 ConcurrentGCThread "G1 Conc#2" [stack: 0x0000002756500000,0x0000002756600000] [id=264]
  0x000001f09d29db60 ConcurrentGCThread "G1 Refine#0" [stack: 0x0000002754700000,0x0000002754800000] [id=12384]
  0x000001f09d29e4b0 ConcurrentGCThread "G1 Service" [stack: 0x0000002754800000,0x0000002754900000] [id=13008]

Threads with active compile tasks:
C2 CompilerThread0  7345 4393       4       java.lang.invoke.LambdaForm$Name::replaceNames (175 bytes)
C2 CompilerThread1  7345 4427   !   4       org.springframework.core.annotation.AnnotationsScanner::processClassHierarchy (234 bytes)
C2 CompilerThread2  7345 4397       4       jdk.internal.org.objectweb.asm.Frame::execute (2305 bytes)

VM state: not at safepoint (normal execution)

VM Mutex/Monitor currently owned by a thread: None

Heap address: 0x0000000701200000, size: 4078 MB, Compressed Oops mode: Zero based, Oop shift amount: 3

CDS archive(s) mapped at: [0x000001f09e000000-0x000001f09ebb0000-0x000001f09ebb0000), size 12255232, SharedBaseAddress: 0x000001f09e000000, ArchiveRelocationMode: 1.
Compressed class space mapped at: 0x000001f09f000000-0x000001f0df000000, reserved size: 1073741824
Narrow klass base: 0x000001f09e000000, Narrow klass shift: 0, Narrow klass range: 0x100000000

GC Precious Log:
 CPUs: 12 total, 12 available
 Memory: 16310M
 Large Page Support: Disabled
 NUMA Support: Disabled
 Compressed Oops: Enabled (Zero based)
 Heap Region Size: 2M
 Heap Min Capacity: 8M
 Heap Initial Capacity: 256M
 Heap Max Capacity: 4078M
 Pre-touch: Disabled
 Parallel Workers: 10
 Concurrent Workers: 3
 Concurrent Refinement Workers: 10
 Periodic GC: Disabled

Heap:
 garbage-first heap   total 61440K, used 20570K [0x0000000701200000, 0x0000000800000000)
  region size 2048K, 2 young (4096K), 1 survivors (2048K)
 Metaspace       used 32102K, committed 32576K, reserved 1114112K
  class space    used 4090K, committed 4352K, reserved 1048576K

Heap Regions: E=young(eden), S=young(survivor), O=old, HS=humongous(starts), HC=humongous(continues), CS=collection set, F=free, OA=open archive, CA=closed archive, TAMS=top-at-mark-start (previous, next)
|   0|0x0000000701200000, 0x0000000701400000, 0x0000000701400000|100%| O|  |TAMS 0x0000000701400000, 0x0000000701200000| Untracked 
|   1|0x0000000701400000, 0x0000000701600000, 0x0000000701600000|100%| O|  |TAMS 0x0000000701600000, 0x0000000701400000| Untracked 
|   2|0x0000000701600000, 0x0000000701800000, 0x0000000701800000|100%| O|  |TAMS 0x0000000701800000, 0x0000000701600000| Untracked 
|   3|0x0000000701800000, 0x000000070188bc00, 0x0000000701a00000| 27%| O|  |TAMS 0x0000000701800000, 0x0000000701800000| Untracked 
|   4|0x0000000701a00000, 0x0000000701c00000, 0x0000000701c00000|100%| O|  |TAMS 0x0000000701a00000, 0x0000000701a00000| Untracked 
|   5|0x0000000701c00000, 0x0000000701e00000, 0x0000000701e00000|100%| O|  |TAMS 0x0000000701c00000, 0x0000000701c00000| Untracked 
|   6|0x0000000701e00000, 0x0000000702000000, 0x0000000702000000|100%| O|  |TAMS 0x0000000701e00000, 0x0000000701e00000| Untracked 
|   7|0x0000000702000000, 0x0000000702200000, 0x0000000702200000|100%| O|  |TAMS 0x0000000702000000, 0x0000000702000000| Untracked 
|   8|0x0000000702200000, 0x0000000702400000, 0x0000000702400000|100%| O|  |TAMS 0x0000000702200000, 0x0000000702200000| Untracked 
|   9|0x0000000702400000, 0x0000000702600000, 0x0000000702600000|100%| O|  |TAMS 0x0000000702400000, 0x0000000702400000| Untracked 
|  10|0x0000000702600000, 0x0000000702600000, 0x0000000702800000|  0%| F|  |TAMS 0x0000000702600000, 0x0000000702600000| Untracked 
|  11|0x0000000702800000, 0x0000000702800000, 0x0000000702a00000|  0%| F|  |TAMS 0x0000000702800000, 0x0000000702800000| Untracked 
|  12|0x0000000702a00000, 0x0000000702a00000, 0x0000000702c00000|  0%| F|  |TAMS 0x0000000702a00000, 0x0000000702a00000| Untracked 
|  13|0x0000000702c00000, 0x0000000702c00000, 0x0000000702e00000|  0%| F|  |TAMS 0x0000000702c00000, 0x0000000702c00000| Untracked 
|  14|0x0000000702e00000, 0x0000000702e00000, 0x0000000703000000|  0%| F|  |TAMS 0x0000000702e00000, 0x0000000702e00000| Untracked 
|  15|0x0000000703000000, 0x0000000703000000, 0x0000000703200000|  0%| F|  |TAMS 0x0000000703000000, 0x0000000703000000| Untracked 
|  16|0x0000000703200000, 0x0000000703200000, 0x0000000703400000|  0%| F|  |TAMS 0x0000000703200000, 0x0000000703200000| Untracked 
|  17|0x0000000703400000, 0x0000000703400000, 0x0000000703600000|  0%| F|  |TAMS 0x0000000703400000, 0x0000000703400000| Untracked 
|  18|0x0000000703600000, 0x0000000703600000, 0x0000000703800000|  0%| F|  |TAMS 0x0000000703600000, 0x0000000703600000| Untracked 
|  19|0x0000000703800000, 0x000000070398aeb0, 0x0000000703a00000| 77%| S|CS|TAMS 0x0000000703800000, 0x0000000703800000| Complete 
|  20|0x0000000703a00000, 0x0000000703a00000, 0x0000000703c00000|  0%| F|  |TAMS 0x0000000703a00000, 0x0000000703a00000| Untracked 
|  21|0x0000000703c00000, 0x0000000703c00000, 0x0000000703e00000|  0%| F|  |TAMS 0x0000000703c00000, 0x0000000703c00000| Untracked 
|  22|0x0000000703e00000, 0x0000000703e00000, 0x0000000704000000|  0%| F|  |TAMS 0x0000000703e00000, 0x0000000703e00000| Untracked 
|  23|0x0000000704000000, 0x0000000704000000, 0x0000000704200000|  0%| F|  |TAMS 0x0000000704000000, 0x0000000704000000| Untracked 
|  24|0x0000000704200000, 0x0000000704200000, 0x0000000704400000|  0%| F|  |TAMS 0x0000000704200000, 0x0000000704200000| Untracked 
|  91|0x000000070c800000, 0x000000070c800000, 0x000000070ca00000|  0%| F|  |TAMS 0x000000070c800000, 0x000000070c800000| Untracked 
|  92|0x000000070ca00000, 0x000000070ca00000, 0x000000070cc00000|  0%| F|  |TAMS 0x000000070ca00000, 0x000000070ca00000| Untracked 
|  93|0x000000070cc00000, 0x000000070cc00000, 0x000000070ce00000|  0%| F|  |TAMS 0x000000070cc00000, 0x000000070cc00000| Untracked 
|  94|0x000000070ce00000, 0x000000070ce00000, 0x000000070d000000|  0%| F|  |TAMS 0x000000070ce00000, 0x000000070ce00000| Untracked 
| 127|0x0000000711000000, 0x00000007110bcc00, 0x0000000711200000| 36%| E|  |TAMS 0x0000000711000000, 0x0000000711000000| Complete 

Card table byte_map: [0x000001f0fac40000,0x000001f0fb440000] _byte_map_base: 0x000001f0f7437000

Marking Bits (Prev, Next): (CMBitMap*) 0x000001f0f9e98d70, (CMBitMap*) 0x000001f0f9e98d30
 Prev Bits: [0x000001f096ac0000, 0x000001f09aa78000)
 Next Bits: [0x000001f0fbc40000, 0x000001f0ffbf8000)

Polling page: 0x000001f0f7c80000

Metaspace:

Usage:
  Non-class:     27.36 MB used.
      Class:      4.00 MB used.
       Both:     31.36 MB used.

Virtual space:
  Non-class space:       64.00 MB reserved,      27.56 MB ( 43%) committed,  1 nodes.
      Class space:        1.00 GB reserved,       4.25 MB ( <1%) committed,  1 nodes.
             Both:        1.06 GB reserved,      31.81 MB (  3%) committed. 

Chunk freelists:
   Non-Class:  4.06 MB
       Class:  11.79 MB
        Both:  15.86 MB

MaxMetaspaceSize: unlimited
CompressedClassSpaceSize: 1.00 GB
Initial GC threshold: 21.00 MB
Current GC threshold: 35.12 MB
CDS: on
MetaspaceReclaimPolicy: balanced
 - commit_granule_bytes: 65536.
 - commit_granule_words: 8192.
 - virtual_space_node_default_size: 8388608.
 - enlarge_chunks_in_place: 1.
 - new_chunks_are_fully_committed: 0.
 - uncommit_free_chunks: 1.
 - use_allocation_guard: 0.
 - handle_deallocations: 1.


Internal statistics:

num_allocs_failed_limit: 3.
num_arena_births: 608.
num_arena_deaths: 0.
num_vsnodes_births: 2.
num_vsnodes_deaths: 0.
num_space_committed: 509.
num_space_uncommitted: 0.
num_chunks_returned_to_freelist: 3.
num_chunks_taken_from_freelist: 1784.
num_chunk_merges: 3.
num_chunk_splits: 1212.
num_chunks_enlarged: 878.
num_inconsistent_stats: 0.

CodeHeap 'non-profiled nmethods': size=120000Kb used=2709Kb max_used=2709Kb free=117290Kb
 bounds [0x000001f08f590000, 0x000001f08f840000, 0x000001f096ac0000]
CodeHeap 'profiled nmethods': size=120000Kb used=9649Kb max_used=9649Kb free=110350Kb
 bounds [0x000001f087ac0000, 0x000001f088430000, 0x000001f08eff0000]
CodeHeap 'non-nmethods': size=5760Kb used=1228Kb max_used=1356Kb free=4531Kb
 bounds [0x000001f08eff0000, 0x000001f08f260000, 0x000001f08f590000]
 total_blobs=5002 nmethods=4470 adapters=444
 compilation: enabled
              stopped_count=0, restarted_count=0
 full_count=0

Compilation events (20 events):
Event: 7.310 Thread 0x000001f09d408a70 4462       1       java.io.ObjectInputStream$HandleTable::size (5 bytes)
Event: 7.310 Thread 0x000001f09d408a70 nmethod 4462 0x000001f08f834e10 code [0x000001f08f834fa0, 0x000001f08f835078]
Event: 7.310 Thread 0x000001f09d408a70 4463       3       java.io.ObjectInputStream$BlockDataInputStream::read (62 bytes)
Event: 7.310 Thread 0x000001f09d408a70 nmethod 4463 0x000001f08841d710 code [0x000001f08841d8e0, 0x000001f08841dbb8]
Event: 7.310 Thread 0x000001f09d408a70 4464       3       java.io.ObjectInputStream$BlockDataInputStream::readByte (20 bytes)
Event: 7.311 Thread 0x000001f09d408a70 nmethod 4464 0x000001f08841dd10 code [0x000001f08841dee0, 0x000001f08841e138]
Event: 7.311 Thread 0x000001f09d408a70 4465       3       java.io.ObjectInputStream$PeekInputStream::read (47 bytes)
Event: 7.311 Thread 0x000001f09d408a70 nmethod 4465 0x000001f08841e290 code [0x000001f08841e440, 0x000001f08841e6e8]
Event: 7.311 Thread 0x000001f09d408a70 4466       3       java.io.ObjectInputStream$PeekInputStream::peek (49 bytes)
Event: 7.311 Thread 0x000001f09d408a70 nmethod 4466 0x000001f08841e790 code [0x000001f08841e940, 0x000001f08841ebe8]
Event: 7.311 Thread 0x000001f09d408a70 4468       3       java.io.ObjectInputStream$BlockDataInputStream::setBlockDataMode (74 bytes)
Event: 7.312 Thread 0x000001f09d408a70 nmethod 4468 0x000001f08841ec90 code [0x000001f08841ee60, 0x000001f08841f188]
Event: 7.312 Thread 0x000001f09d408a70 4469   !   3       java.io.ObjectInputStream$BlockDataInputStream::readUTFSpan (502 bytes)
Event: 7.313 Thread 0x000001f09d408a70 nmethod 4469 0x000001f08841f290 code [0x000001f08841f520, 0x000001f088420288]
Event: 7.313 Thread 0x000001f09d408a70 4472       3       java.lang.Module::getLayer (43 bytes)
Event: 7.314 Thread 0x000001f09d408a70 nmethod 4472 0x000001f088420c90 code [0x000001f088420e60, 0x000001f088421228]
Event: 7.314 Thread 0x000001f09d408a70 4470       3       java.io.ObjectInputStream$BlockDataInputStream::peekByte (20 bytes)
Event: 7.314 Thread 0x000001f09d408a70 nmethod 4470 0x000001f088421310 code [0x000001f0884214e0, 0x000001f088421738]
Event: 7.314 Thread 0x000001f09d408a70 4471       3       java.io.ObjectInputStream$BlockDataInputStream::peek (55 bytes)
Event: 7.314 Thread 0x000001f09d408a70 nmethod 4471 0x000001f088421890 code [0x000001f088421a60, 0x000001f088421d38]

GC Heap History (12 events):
Event: 4.165 GC heap before
{Heap before GC invocations=0 (full 0):
 garbage-first heap   total 262144K, used 22528K [0x0000000701200000, 0x0000000800000000)
  region size 2048K, 11 young (22528K), 0 survivors (0K)
 Metaspace       used 4832K, committed 4992K, reserved 1114112K
  class space    used 542K, committed 640K, reserved 1048576K
}
Event: 4.168 GC heap after
{Heap after GC invocations=1 (full 0):
 garbage-first heap   total 262144K, used 7614K [0x0000000701200000, 0x0000000800000000)
  region size 2048K, 2 young (4096K), 2 survivors (4096K)
 Metaspace       used 4832K, committed 4992K, reserved 1114112K
  class space    used 542K, committed 640K, reserved 1048576K
}
Event: 4.584 GC heap before
{Heap before GC invocations=1 (full 0):
 garbage-first heap   total 262144K, used 32190K [0x0000000701200000, 0x0000000800000000)
  region size 2048K, 15 young (30720K), 2 survivors (4096K)
 Metaspace       used 11397K, committed 11712K, reserved 1114112K
  class space    used 1386K, committed 1536K, reserved 1048576K
}
Event: 4.589 GC heap after
{Heap after GC invocations=2 (full 0):
 garbage-first heap   total 262144K, used 8960K [0x0000000701200000, 0x0000000800000000)
  region size 2048K, 1 young (2048K), 1 survivors (2048K)
 Metaspace       used 11397K, committed 11712K, reserved 1114112K
  class space    used 1386K, committed 1536K, reserved 1048576K
}
Event: 5.952 GC heap before
{Heap before GC invocations=2 (full 0):
 garbage-first heap   total 262144K, used 72448K [0x0000000701200000, 0x0000000800000000)
  region size 2048K, 33 young (67584K), 1 survivors (2048K)
 Metaspace       used 21270K, committed 21504K, reserved 1114112K
  class space    used 2619K, committed 2752K, reserved 1048576K
}
Event: 5.958 GC heap after
{Heap after GC invocations=3 (full 0):
 garbage-first heap   total 262144K, used 14737K [0x0000000701200000, 0x0000000800000000)
  region size 2048K, 4 young (8192K), 4 survivors (8192K)
 Metaspace       used 21270K, committed 21504K, reserved 1114112K
  class space    used 2619K, committed 2752K, reserved 1048576K
}
Event: 6.484 GC heap before
{Heap before GC invocations=4 (full 0):
 garbage-first heap   total 61440K, used 43409K [0x0000000701200000, 0x0000000800000000)
  region size 2048K, 18 young (36864K), 4 survivors (8192K)
 Metaspace       used 24671K, committed 25024K, reserved 1114112K
  class space    used 3076K, committed 3264K, reserved 1048576K
}
Event: 6.489 GC heap after
{Heap after GC invocations=5 (full 0):
 garbage-first heap   total 61440K, used 16754K [0x0000000701200000, 0x0000000800000000)
  region size 2048K, 2 young (4096K), 2 survivors (4096K)
 Metaspace       used 24671K, committed 25024K, reserved 1114112K
  class space    used 3076K, committed 3264K, reserved 1048576K
}
Event: 6.532 GC heap before
{Heap before GC invocations=5 (full 0):
 garbage-first heap   total 61440K, used 16754K [0x0000000701200000, 0x0000000800000000)
  region size 2048K, 3 young (6144K), 2 survivors (4096K)
 Metaspace       used 24887K, committed 25216K, reserved 1114112K
  class space    used 3116K, committed 3264K, reserved 1048576K
}
Event: 6.535 GC heap after
{Heap after GC invocations=6 (full 0):
 garbage-first heap   total 61440K, used 17091K [0x0000000701200000, 0x0000000800000000)
  region size 2048K, 1 young (2048K), 1 survivors (2048K)
 Metaspace       used 24887K, committed 25216K, reserved 1114112K
  class space    used 3116K, committed 3264K, reserved 1048576K
}
Event: 6.946 GC heap before
{Heap before GC invocations=6 (full 0):
 garbage-first heap   total 61440K, used 39619K [0x0000000701200000, 0x0000000800000000)
  region size 2048K, 12 young (24576K), 1 survivors (2048K)
 Metaspace       used 28563K, committed 28992K, reserved 1114112K
  class space    used 3675K, committed 3904K, reserved 1048576K
}
Event: 6.949 GC heap after
{Heap after GC invocations=7 (full 0):
 garbage-first heap   total 61440K, used 19085K [0x0000000701200000, 0x0000000800000000)
  region size 2048K, 2 young (4096K), 2 survivors (4096K)
 Metaspace       used 28563K, committed 28992K, reserved 1114112K
  class space    used 3675K, committed 3904K, reserved 1048576K
}

Dll operation events (12 events):
Event: 0.040 Loaded shared library C:\Users\jorge\.jdks\ms-17.0.18\bin\java.dll
Event: 0.055 Loaded shared library C:\Users\jorge\.jdks\ms-17.0.18\bin\jsvml.dll
Event: 0.127 Loaded shared library C:\Users\jorge\.jdks\ms-17.0.18\bin\zip.dll
Event: 0.130 Loaded shared library C:\Users\jorge\.jdks\ms-17.0.18\bin\instrument.dll
Event: 0.135 Loaded shared library C:\Users\jorge\.jdks\ms-17.0.18\bin\net.dll
Event: 0.136 Loaded shared library C:\Users\jorge\.jdks\ms-17.0.18\bin\nio.dll
Event: 0.166 Loaded shared library C:\Users\jorge\.jdks\ms-17.0.18\bin\zip.dll
Event: 3.832 Loaded shared library C:\Users\jorge\.jdks\ms-17.0.18\bin\extnet.dll
Event: 3.868 Loaded shared library C:\Users\jorge\.jdks\ms-17.0.18\bin\jimage.dll
Event: 4.125 Loaded shared library C:\Users\jorge\.jdks\ms-17.0.18\bin\management.dll
Event: 4.127 Loaded shared library C:\Users\jorge\.jdks\ms-17.0.18\bin\management_ext.dll
Event: 4.874 Loaded shared library C:\Users\jorge\.jdks\ms-17.0.18\bin\sunmscapi.dll

Deoptimization events (20 events):
Event: 7.145 Thread 0x000001f0e31c39a0 Uncommon trap: trap_request=0xffffff45 fr.pc=0x000001f08f81168c relative=0x0000000000000aec
Event: 7.145 Thread 0x000001f0e31c39a0 Uncommon trap: reason=unstable_if action=reinterpret pc=0x000001f08f81168c method=sun.security.provider.SHA.implCompress0([BI)V @ 4 c2
Event: 7.145 Thread 0x000001f0e31c39a0 DEOPT PACKING pc=0x000001f08f81168c sp=0x0000002755efe280
Event: 7.145 Thread 0x000001f0e31c39a0 DEOPT UNPACKING pc=0x000001f08f0469a3 sp=0x0000002755efe1f0 mode 2
Event: 7.186 Thread 0x000001f0e31c39a0 Uncommon trap: trap_request=0xfffffff4 fr.pc=0x000001f08f656290 relative=0x0000000000002710
Event: 7.186 Thread 0x000001f0e31c39a0 Uncommon trap: reason=null_check action=make_not_entrant pc=0x000001f08f656290 method=java.net.URL.getURLStreamHandler(Ljava/lang/String;)Ljava/net/URLStreamHandler; @ 7 c2
Event: 7.186 Thread 0x000001f0e31c39a0 DEOPT PACKING pc=0x000001f08f656290 sp=0x0000002755efc540
Event: 7.186 Thread 0x000001f0e31c39a0 DEOPT UNPACKING pc=0x000001f08f0469a3 sp=0x0000002755efc468 mode 2
Event: 7.210 Thread 0x000001f0e31c39a0 Uncommon trap: trap_request=0xffffff45 fr.pc=0x000001f08f66f0bc relative=0x000000000000135c
Event: 7.210 Thread 0x000001f0e31c39a0 Uncommon trap: reason=unstable_if action=reinterpret pc=0x000001f08f66f0bc method=java.util.zip.ZipFile$Source.getEntryPos(Ljava/lang/String;Z)I @ 104 c2
Event: 7.210 Thread 0x000001f0e31c39a0 DEOPT PACKING pc=0x000001f08f66f0bc sp=0x0000002755efd730
Event: 7.210 Thread 0x000001f0e31c39a0 DEOPT UNPACKING pc=0x000001f08f0469a3 sp=0x0000002755efd648 mode 2
Event: 7.210 Thread 0x000001f0e31c39a0 Uncommon trap: trap_request=0xffffff45 fr.pc=0x000001f08f66a634 relative=0x00000000000007d4
Event: 7.210 Thread 0x000001f0e31c39a0 Uncommon trap: reason=unstable_if action=reinterpret pc=0x000001f08f66a634 method=java.util.zip.ZipFile$Source.getEntryPos(Ljava/lang/String;Z)I @ 104 c2
Event: 7.210 Thread 0x000001f0e31c39a0 DEOPT PACKING pc=0x000001f08f66a634 sp=0x0000002755efd600
Event: 7.210 Thread 0x000001f0e31c39a0 DEOPT UNPACKING pc=0x000001f08f0469a3 sp=0x0000002755efd588 mode 2
Event: 7.239 Thread 0x000001f0e31c39a0 Uncommon trap: trap_request=0xffffff45 fr.pc=0x000001f08f74cc80 relative=0x0000000000000060
Event: 7.239 Thread 0x000001f0e31c39a0 Uncommon trap: reason=unstable_if action=reinterpret pc=0x000001f08f74cc80 method=java.lang.ClassLoader.createOrGetClassLoaderValueMap()Ljava/util/concurrent/ConcurrentHashMap; @ 6 c2
Event: 7.239 Thread 0x000001f0e31c39a0 DEOPT PACKING pc=0x000001f08f74cc80 sp=0x0000002755efbc70
Event: 7.239 Thread 0x000001f0e31c39a0 DEOPT UNPACKING pc=0x000001f08f0469a3 sp=0x0000002755efbbf8 mode 2

Classes loaded (20 events):
Event: 7.298 Loading class java/io/ObjectStreamClass$1 done
Event: 7.298 Loading class java/io/DataOutputStream
Event: 7.299 Loading class java/io/DataOutputStream done
Event: 7.299 Loading class java/io/ObjectStreamClass$MemberSignature
Event: 7.299 Loading class java/io/ObjectStreamClass$MemberSignature done
Event: 7.299 Loading class java/io/ObjectStreamClass$3
Event: 7.299 Loading class java/io/ObjectStreamClass$3 done
Event: 7.299 Loading class java/io/ObjectStreamClass$4
Event: 7.299 Loading class java/io/ObjectStreamClass$4 done
Event: 7.299 Loading class java/io/ObjectStreamClass$5
Event: 7.299 Loading class java/io/ObjectStreamClass$5 done
Event: 7.301 Loading class java/io/SerialCallbackContext
Event: 7.301 Loading class java/io/SerialCallbackContext done
Event: 7.306 Loading class java/lang/Throwable$PrintStreamOrWriter
Event: 7.306 Loading class java/lang/Throwable$PrintStreamOrWriter done
Event: 7.307 Loading class java/io/ObjectStreamClass$ExceptionInfo
Event: 7.308 Loading class java/io/ObjectStreamClass$ExceptionInfo done
Event: 7.312 Loading class java/io/StreamCorruptedException
Event: 7.312 Loading class java/io/StreamCorruptedException done
Event: 7.317 Loading class jdk/internal/loader/BootLoader$PackageHelper

Classes unloaded (0 events):
No events

Classes redefined (0 events):
No events

Internal exceptions (20 events):
Event: 6.859 Thread 0x000001f0e31c39a0 Exception <a 'java/lang/NoSuchMethodError'{0x0000000703ad6cf0}: 'void java.lang.invoke.DirectMethodHandle$Holder.invokeStatic(java.lang.Object, java.lang.Object, int)'> (0x0000000703ad6cf0) 
thrown [s\src\hotspot\share\interpreter\linkResolver.cpp, line 759]
Event: 6.893 Thread 0x000001f0e31c39a0 Exception <a 'java/lang/NoSuchMethodError'{0x00000007038e6440}: 'void java.lang.invoke.DirectMethodHandle$Holder.invokeInterface(java.lang.Object, java.lang.Object, int)'> (0x00000007038e6440) 
thrown [s\src\hotspot\share\interpreter\linkResolver.cpp, line 759]
Event: 6.897 Thread 0x000001f0e31c39a0 Exception <a 'java/lang/IncompatibleClassChangeError'{0x0000000703936648}: Found class java.lang.Object, but interface was expected> (0x0000000703936648) 
thrown [s\src\hotspot\share\interpreter\linkResolver.cpp, line 826]
Event: 6.898 Thread 0x000001f0e31c39a0 Exception <a 'java/lang/NoSuchMethodError'{0x0000000703947170}: 'int java.lang.invoke.DirectMethodHandle$Holder.invokeSpecialIFC(java.lang.Object, java.lang.Object, java.lang.Object)'> (0x0000000703947170) 
thrown [s\src\hotspot\share\interpreter\linkResolver.cpp, line 759]
Event: 6.900 Thread 0x000001f0e31c39a0 Exception <a 'java/lang/NoSuchMethodError'{0x000000070395f998}: 'void java.lang.invoke.DirectMethodHandle$Holder.invokeStatic(java.lang.Object, int, java.lang.Object)'> (0x000000070395f998) 
thrown [s\src\hotspot\share\interpreter\linkResolver.cpp, line 759]
Event: 6.906 Thread 0x000001f0e31c39a0 Exception <a 'java/lang/NoSuchMethodError'{0x000000070399ba60}: 'void java.lang.invoke.DirectMethodHandle$Holder.invokeVirtual(java.lang.Object, java.lang.Object, int)'> (0x000000070399ba60) 
thrown [s\src\hotspot\share\interpreter\linkResolver.cpp, line 759]
Event: 6.906 Thread 0x000001f0e31c39a0 Exception <a 'java/lang/NoSuchMethodError'{0x00000007039a1c98}: 'void java.lang.invoke.DirectMethodHandle$Holder.invokeStatic(java.lang.Object, java.lang.Object, java.lang.Object, int, java.lang.Object)'> (0x00000007039a1c98) 
thrown [s\src\hotspot\share\interpreter\linkResolver.cpp, line 759]
Event: 6.907 Thread 0x000001f0e31c39a0 Exception <a 'java/lang/NoSuchMethodError'{0x00000007039a9118}: 'java.lang.Object java.lang.invoke.DirectMethodHandle$Holder.newInvokeSpecial(java.lang.Object, java.lang.Object, java.lang.Object, int)'> (0x00000007039a9118) 
thrown [s\src\hotspot\share\interpreter\linkResolver.cpp, line 759]
Event: 6.907 Thread 0x000001f0e31c39a0 Exception <a 'java/lang/NoSuchMethodError'{0x00000007039ad400}: 'java.lang.Object java.lang.invoke.DirectMethodHandle$Holder.invokeSpecial(java.lang.Object, java.lang.Object, java.lang.Object, java.lang.Object, int)'> (0x00000007039ad400) 
thrown [s\src\hotspot\share\interpreter\linkResolver.cpp, line 759]
Event: 6.907 Thread 0x000001f0e31c39a0 Exception <a 'java/lang/NoSuchMethodError'{0x00000007039b0fc8}: 'java.lang.Object java.lang.invoke.Invokers$Holder.linkToTargetMethod(java.lang.Object, java.lang.Object, int, java.lang.Object)'> (0x00000007039b0fc8) 
thrown [s\src\hotspot\share\interpreter\linkResolver.cpp, line 759]
Event: 6.975 Thread 0x000001f0e31c39a0 Exception <a 'java/lang/NoSuchMethodError'{0x0000000711185958}: 'java.lang.Object java.lang.invoke.DirectMethodHandle$Holder.invokeStaticInit(java.lang.Object, int, int, int, int)'> (0x0000000711185958) 
thrown [s\src\hotspot\share\interpreter\linkResolver.cpp, line 759]
Event: 7.049 Thread 0x000001f0e31c39a0 Exception <a 'java/lang/NoSuchMethodError'{0x000000070ce6e018}: 'java.lang.Object java.lang.invoke.DirectMethodHandle$Holder.invokeStaticInit(java.lang.Object, java.lang.Object, int, int, int, int)'> (0x000000070ce6e018) 
thrown [s\src\hotspot\share\interpreter\linkResolver.cpp, line 759]
Event: 7.145 Thread 0x000001f0e31c39a0 Implicit null exception at 0x000001f08f810bd3 to 0x000001f08f811670
Event: 7.186 Thread 0x000001f0e31c39a0 Implicit null exception at 0x000001f08f65486c to 0x000001f08f656280
Event: 7.198 Thread 0x000001f0e31c39a0 Exception <a 'java/io/FileNotFoundException'{0x00000007040985d8}> (0x00000007040985d8) 
thrown [s\src\hotspot\share\prims\jni.cpp, line 516]
Event: 7.220 Thread 0x000001f0e31c39a0 Exception <a 'java/lang/NoSuchMethodError'{0x0000000703e4d6c8}: 'int java.lang.invoke.DirectMethodHandle$Holder.invokeInterface(java.lang.Object, java.lang.Object, java.lang.Object, java.lang.Object)'> (0x0000000703e4d6c8) 
thrown [s\src\hotspot\share\interpreter\linkResolver.cpp, line 759]
Event: 7.271 Thread 0x000001f0e31c39a0 Exception <a 'java/lang/NoSuchMethodError'{0x0000000703d32510}: 'long java.lang.invoke.DirectMethodHandle$Holder.invokeVirtual(java.lang.Object, java.lang.Object)'> (0x0000000703d32510) 
thrown [s\src\hotspot\share\interpreter\linkResolver.cpp, line 759]
Event: 7.299 Thread 0x000001f0e31c39a0 Exception <a 'java/lang/NoSuchMethodError'{0x0000000703ddf390}: static Lorg/springframework/security/authentication/AbstractAuthenticationToken;.<clinit>()V> (0x0000000703ddf390) 
thrown [s\src\hotspot\share\prims\jni.cpp, line 1112]
Event: 7.305 Thread 0x000001f0e31c39a0 Exception <a 'java/lang/NoSuchMethodError'{0x0000000703a39fd8}: static Lcom/minimarket/security/model/CustomUserDetails;.<clinit>()V> (0x0000000703a39fd8) 
thrown [s\src\hotspot\share\prims\jni.cpp, line 1112]
Event: 7.312 Thread 0x000001f0e31c39a0 Exception <a 'java/lang/reflect/InvocationTargetException'{0x0000000703a98470}> (0x0000000703a98470) 
thrown [s\src\hotspot\share\runtime\reflection.cpp, line 1128]

VM Operations (20 events):
Event: 6.573 Executing VM operation: HandshakeAllThreads
Event: 6.573 Executing VM operation: HandshakeAllThreads done
Event: 6.712 Executing VM operation: HandshakeAllThreads
Event: 6.712 Executing VM operation: HandshakeAllThreads done
Event: 6.742 Executing VM operation: HandshakeAllThreads
Event: 6.742 Executing VM operation: HandshakeAllThreads done
Event: 6.743 Executing VM operation: HandshakeAllThreads
Event: 6.743 Executing VM operation: HandshakeAllThreads done
Event: 6.851 Executing VM operation: ICBufferFull
Event: 6.851 Executing VM operation: ICBufferFull done
Event: 6.946 Executing VM operation: G1CollectForAllocation
Event: 6.949 Executing VM operation: G1CollectForAllocation done
Event: 6.965 Executing VM operation: HandshakeAllThreads
Event: 6.965 Executing VM operation: HandshakeAllThreads done
Event: 7.180 Executing VM operation: HandshakeAllThreads
Event: 7.180 Executing VM operation: HandshakeAllThreads done
Event: 7.244 Executing VM operation: HandshakeAllThreads
Event: 7.244 Executing VM operation: HandshakeAllThreads done
Event: 7.244 Executing VM operation: HandshakeAllThreads
Event: 7.244 Executing VM operation: HandshakeAllThreads done

Memory protections (0 events):
No events

Nmethod flushes (0 events):
No events

Events (20 events):
Event: 0.062 Thread 0x000001f0f9e2cdc0 Thread added: 0x000001f09d406150
Event: 0.062 Thread 0x000001f0f9e2cdc0 Thread added: 0x000001f09d408a70
Event: 0.062 Thread 0x000001f0f9e2cdc0 Thread added: 0x000001f09d411390
Event: 0.114 Thread 0x000001f0f9e2cdc0 Thread added: 0x000001f09d3d3210
Event: 0.608 Thread 0x000001f09d406150 Thread added: 0x000001f09d6a84f0
Event: 0.767 Thread 0x000001f09d6a84f0 Thread exited: 0x000001f09d6a84f0
Event: 3.824 Thread 0x000001f0f9e2cdc0 Thread added: 0x000001f09d650310
Event: 3.824 Thread 0x000001f0f9e2cdc0 Thread added: 0x000001f09d64f870
Event: 4.006 Thread 0x000001f09d408a70 Thread added: 0x000001f09dcafd40
Event: 4.165 Thread 0x000001f0f9e2cdc0 Thread added: 0x000001f0e318cb20
Event: 4.170 Thread 0x000001f0e318cb20 Thread added: 0x000001f0e31c39a0
Event: 4.502 Thread 0x000001f0e31c39a0 Thread added: 0x000001f0e32b6df0
Event: 4.631 Thread 0x000001f09d408a70 Thread added: 0x000001f0e3b9ab90
Event: 4.892 Thread 0x000001f0e32b6df0 Thread exited: 0x000001f0e32b6df0
Event: 5.003 Thread 0x000001f0e3b9ab90 Thread exited: 0x000001f0e3b9ab90
Event: 5.022 Thread 0x000001f09dcafd40 Thread exited: 0x000001f09dcafd40
Event: 5.279 Thread 0x000001f09d408a70 Thread added: 0x000001f0e3b9b0e0
Event: 5.307 Thread 0x000001f0e31c39a0 Thread added: 0x000001f0e3a7a7b0
Event: 5.385 Thread 0x000001f0e3a7a7b0 Thread exited: 0x000001f0e3a7a7b0
Event: 5.424 Thread 0x000001f09d406150 Thread added: 0x000001f0e3b98660


Dynamic libraries:
0x00007ff7bb5f0000 - 0x00007ff7bb5fe000 	C:\Users\jorge\.jdks\ms-17.0.18\bin\java.exe
0x00007ff9174d0000 - 0x00007ff9176c8000 	C:\WINDOWS\SYSTEM32\ntdll.dll
0x00007ff915ea0000 - 0x00007ff915f62000 	C:\WINDOWS\System32\KERNEL32.DLL
0x00007ff914d30000 - 0x00007ff915026000 	C:\WINDOWS\System32\KERNELBASE.dll
0x00007ff914c30000 - 0x00007ff914d30000 	C:\WINDOWS\System32\ucrtbase.dll
0x00007ff8f6a30000 - 0x00007ff8f6a48000 	C:\Users\jorge\.jdks\ms-17.0.18\bin\jli.dll
0x00007ff90b6f0000 - 0x00007ff90b70e000 	C:\Users\jorge\.jdks\ms-17.0.18\bin\VCRUNTIME140.dll
0x00007ff915b50000 - 0x00007ff915cf1000 	C:\WINDOWS\System32\USER32.dll
0x00007ff914b60000 - 0x00007ff914b82000 	C:\WINDOWS\System32\win32u.dll
0x00007ff913f00000 - 0x00007ff91419b000 	C:\WINDOWS\WinSxS\amd64_microsoft.windows.common-controls_6595b64144ccf1df_6.0.19041.6456_none_60b8a6cb71f64256\COMCTL32.dll
0x00007ff915510000 - 0x00007ff91553b000 	C:\WINDOWS\System32\GDI32.dll
0x00007ff915190000 - 0x00007ff9152a9000 	C:\WINDOWS\System32\gdi32full.dll
0x00007ff916840000 - 0x00007ff9168de000 	C:\WINDOWS\System32\msvcrt.dll
0x00007ff914b90000 - 0x00007ff914c2d000 	C:\WINDOWS\System32\msvcp_win.dll
0x00007ff9165a0000 - 0x00007ff9165cf000 	C:\WINDOWS\System32\IMM32.DLL
0x00007ff90e380000 - 0x00007ff90e38c000 	C:\Users\jorge\.jdks\ms-17.0.18\bin\vcruntime140_1.dll
0x00007ff8e6c60000 - 0x00007ff8e6ce9000 	C:\Users\jorge\.jdks\ms-17.0.18\bin\msvcp140.dll
0x00007ff8ce260000 - 0x00007ff8ceeda000 	C:\Users\jorge\.jdks\ms-17.0.18\bin\server\jvm.dll
0x00007ff915f70000 - 0x00007ff916021000 	C:\WINDOWS\System32\ADVAPI32.dll
0x00007ff9165d0000 - 0x00007ff91666f000 	C:\WINDOWS\System32\sechost.dll
0x00007ff9170b0000 - 0x00007ff9171d0000 	C:\WINDOWS\System32\RPCRT4.dll
0x00007ff9150e0000 - 0x00007ff915107000 	C:\WINDOWS\System32\bcrypt.dll
0x00007ff9171d0000 - 0x00007ff91723b000 	C:\WINDOWS\System32\WS2_32.dll
0x00007ff9146d0000 - 0x00007ff91471b000 	C:\WINDOWS\SYSTEM32\POWRPROF.dll
0x00007ff904cc0000 - 0x00007ff904ce7000 	C:\WINDOWS\SYSTEM32\WINMM.dll
0x00007ff911bf0000 - 0x00007ff911bfa000 	C:\WINDOWS\SYSTEM32\VERSION.dll
0x00007ff914290000 - 0x00007ff9142a2000 	C:\WINDOWS\SYSTEM32\UMPDC.dll
0x00007ff912310000 - 0x00007ff912322000 	C:\WINDOWS\SYSTEM32\kernel.appcore.dll
0x00007ff8fb4e0000 - 0x00007ff8fb4ea000 	C:\Users\jorge\.jdks\ms-17.0.18\bin\jimage.dll
0x00007ff9144c0000 - 0x00007ff9146c1000 	C:\WINDOWS\SYSTEM32\DBGHELP.DLL
0x00007ff914480000 - 0x00007ff9144b4000 	C:\WINDOWS\SYSTEM32\dbgcore.DLL
0x00007ff915300000 - 0x00007ff915382000 	C:\WINDOWS\System32\bcryptPrimitives.dll
0x00007ff8f6b20000 - 0x00007ff8f6b2f000 	C:\Users\jorge\.jdks\ms-17.0.18\bin\instrument.dll
0x00007ff8f69b0000 - 0x00007ff8f69d6000 	C:\Users\jorge\.jdks\ms-17.0.18\bin\java.dll
0x00007ff8dc390000 - 0x00007ff8dc466000 	C:\Users\jorge\.jdks\ms-17.0.18\bin\jsvml.dll
0x00007ff9168e0000 - 0x00007ff917050000 	C:\WINDOWS\System32\SHELL32.dll
0x00007ff912510000 - 0x00007ff912cb5000 	C:\WINDOWS\SYSTEM32\windows.storage.dll
0x00007ff916240000 - 0x00007ff916594000 	C:\WINDOWS\System32\combase.dll
0x00007ff913d80000 - 0x00007ff913dab000 	C:\WINDOWS\SYSTEM32\Wldp.dll
0x00007ff915d00000 - 0x00007ff915dcd000 	C:\WINDOWS\System32\OLEAUT32.dll
0x00007ff9173e0000 - 0x00007ff91748d000 	C:\WINDOWS\System32\SHCORE.dll
0x00007ff916670000 - 0x00007ff9166cb000 	C:\WINDOWS\System32\shlwapi.dll
0x00007ff914a90000 - 0x00007ff914ab4000 	C:\WINDOWS\SYSTEM32\profapi.dll
0x00007ff8f0a90000 - 0x00007ff8f0aa8000 	C:\Users\jorge\.jdks\ms-17.0.18\bin\zip.dll
0x00007ff8f6910000 - 0x00007ff8f692b000 	C:\Users\jorge\.jdks\ms-17.0.18\bin\net.dll
0x00007ff90dda0000 - 0x00007ff90deaa000 	C:\WINDOWS\SYSTEM32\WINHTTP.dll
0x00007ff913b60000 - 0x00007ff913bca000 	C:\WINDOWS\system32\mswsock.dll
0x00007ff8f0b30000 - 0x00007ff8f0b46000 	C:\Users\jorge\.jdks\ms-17.0.18\bin\nio.dll
0x00007ff8f4fb0000 - 0x00007ff8f4fb9000 	C:\Users\jorge\.jdks\ms-17.0.18\bin\extnet.dll
0x00007ff8f0a80000 - 0x00007ff8f0a8a000 	C:\Users\jorge\.jdks\ms-17.0.18\bin\management.dll
0x00007ff8eb2b0000 - 0x00007ff8eb2bc000 	C:\Users\jorge\.jdks\ms-17.0.18\bin\management_ext.dll
0x00007ff9154f0000 - 0x00007ff9154f8000 	C:\WINDOWS\System32\PSAPI.DLL
0x00007ff8f67f0000 - 0x00007ff8f67fe000 	C:\Users\jorge\.jdks\ms-17.0.18\bin\sunmscapi.dll
0x00007ff915390000 - 0x00007ff9154ed000 	C:\WINDOWS\System32\CRYPT32.dll
0x00007ff913ed0000 - 0x00007ff913ef7000 	C:\WINDOWS\SYSTEM32\ncrypt.dll
0x00007ff913e90000 - 0x00007ff913ecb000 	C:\WINDOWS\SYSTEM32\NTASN1.dll
0x00007ff9148d0000 - 0x00007ff9148e8000 	C:\WINDOWS\SYSTEM32\CRYPTSP.dll
0x00007ff913500000 - 0x00007ff913538000 	C:\WINDOWS\system32\rsaenh.dll
0x00007ff914a50000 - 0x00007ff914a7e000 	C:\WINDOWS\SYSTEM32\USERENV.dll
0x00007ff913cf0000 - 0x00007ff913cfc000 	C:\WINDOWS\SYSTEM32\CRYPTBASE.dll
0x00007ff913860000 - 0x00007ff91389b000 	C:\WINDOWS\SYSTEM32\IPHLPAPI.DLL
0x00007ff915540000 - 0x00007ff915548000 	C:\WINDOWS\System32\NSI.dll
0x00007ff90ec50000 - 0x00007ff90ec67000 	C:\WINDOWS\SYSTEM32\dhcpcsvc6.DLL
0x00007ff90ebe0000 - 0x00007ff90ebfd000 	C:\WINDOWS\SYSTEM32\dhcpcsvc.DLL
0x00007ff9138a0000 - 0x00007ff91396a000 	C:\WINDOWS\SYSTEM32\DNSAPI.dll

dbghelp: loaded successfully - version: 4.0.5 - missing functions: none
symbol engine: initialized successfully - sym options: 0x614 - pdb path: .;C:\Users\jorge\.jdks\ms-17.0.18\bin;C:\WINDOWS\SYSTEM32;C:\WINDOWS\WinSxS\amd64_microsoft.windows.common-controls_6595b64144ccf1df_6.0.19041.6456_none_60b8a6cb71f64256;C:\Users\jorge\.jdks\ms-17.0.18\bin\server

VM Arguments:
jvm_args: -javaagent:C:\Program Files\JetBrains\IntelliJ IDEA Community Edition 2025.1.1.1\lib\idea_rt.jar=53222 -Dfile.encoding=UTF-8 
java_command: com.minimarket.MinimarketApplication
java_class_path (initial): C:\Users\jorge\OneDrive\Desktop\Backend II\minimarket\target\classes;C:\Users\jorge\.m2\repository\org\springframework\boot\spring-boot-starter-data-jpa\3.4.1\spring-boot-starter-data-jpa-3.4.1.jar;C:\Users\jorge\.m2\repository\org\springframework\boot\spring-boot-starter\3.4.1\spring-boot-starter-3.4.1.jar;C:\Users\jorge\.m2\repository\org\springframework\boot\spring-boot-starter-logging\3.4.1\spring-boot-starter-logging-3.4.1.jar;C:\Users\jorge\.m2\repository\ch\qos\logback\logback-classic\1.5.12\logback-classic-1.5.12.jar;C:\Users\jorge\.m2\repository\ch\qos\logback\logback-core\1.5.12\logback-core-1.5.12.jar;C:\Users\jorge\.m2\repository\org\apache\logging\log4j\log4j-to-slf4j\2.24.3\log4j-to-slf4j-2.24.3.jar;C:\Users\jorge\.m2\repository\org\apache\logging\log4j\log4j-api\2.24.3\log4j-api-2.24.3.jar;C:\Users\jorge\.m2\repository\org\slf4j\jul-to-slf4j\2.0.16\jul-to-slf4j-2.0.16.jar;C:\Users\jorge\.m2\repository\jakarta\annotation\jakarta.annotation-api\2.1.1\jakarta.annotation-api-2.1.1.jar;C:\Users\jorge\.m2\repository\org\yaml\snakeyaml\2.3\snakeyaml-2.3.jar;C:\Users\jorge\.m2\repository\org\springframework\boot\spring-boot-starter-jdbc\3.4.1\spring-boot-starter-jdbc-3.4.1.jar;C:\Users\jorge\.m2\repository\com\zaxxer\HikariCP\5.1.0\HikariCP-5.1.0.jar;C:\Users\jorge\.m2\repository\org\springframework\spring-jdbc\6.2.1\spring-jdbc-6.2.1.jar;C:\Users\jorge\.m2\repository\org\hibernate\orm\hibernate-core\6.6.4.Final\hibernate-core-6.6.4.Final.jar;C:\Users\jorge\.m2\repository\jakarta\persistence\jakarta.persistence-api\3.1.0\jakarta.persistence-api-3.1.0.jar;C:\Users\jorge\.m2\repository\jakarta\transaction\jakarta.transaction-api\2.0.1\jakarta.transaction-api-2.0.1.jar;C:\Users\jorge\.m2\repository\org\jboss\logging\jboss-logging\3.6.1.Final\jboss-logging-3.6.1.Final.jar;C:\Users\jorge\.m2\repository\org\hibernate\common\hibernate-commons-annotations\7.0.3.Final\hibernate-commons-annotations-7.0.3.Final.jar;C:\Users\jorge\.m2\reposit
Launcher Type: SUN_STANDARD

[Global flags]
     intx CICompilerCount                          = 4                                         {product} {ergonomic}
     uint ConcGCThreads                            = 3                                         {product} {ergonomic}
     uint G1ConcRefinementThreads                  = 10                                        {product} {ergonomic}
   size_t G1HeapRegionSize                         = 2097152                                   {product} {ergonomic}
    uintx GCDrainStackTargetSize                   = 64                                        {product} {ergonomic}
   size_t InitialHeapSize                          = 268435456                                 {product} {ergonomic}
   size_t MarkStackSize                            = 4194304                                   {product} {ergonomic}
   size_t MaxHeapSize                              = 4276092928                                {product} {ergonomic}
   size_t MaxNewSize                               = 2564816896                                {product} {ergonomic}
   size_t MinHeapDeltaBytes                        = 2097152                                   {product} {ergonomic}
   size_t MinHeapSize                              = 8388608                                   {product} {ergonomic}
    uintx NonNMethodCodeHeapSize                   = 5839372                                {pd product} {ergonomic}
    uintx NonProfiledCodeHeapSize                  = 122909434                              {pd product} {ergonomic}
    uintx ProfiledCodeHeapSize                     = 122909434                              {pd product} {ergonomic}
    uintx ReservedCodeCacheSize                    = 251658240                              {pd product} {ergonomic}
     bool SegmentedCodeCache                       = true                                      {product} {ergonomic}
   size_t SoftMaxHeapSize                          = 4276092928                             {manageable} {ergonomic}
     bool UseCompressedClassPointers               = true                           {product lp64_product} {ergonomic}
     bool UseCompressedOops                        = true                           {product lp64_product} {ergonomic}
     bool UseG1GC                                  = true                                      {product} {ergonomic}
     bool UseLargePagesIndividualAllocation        = false                                  {pd product} {ergonomic}

Logging:
Log output configuration:
 #0: stdout all=warning uptime,level,tags
 #1: stderr all=off uptime,level,tags

Environment Variables:
JAVA_HOME=C:\Program Files\Microsoft\jdk-21.0.10.7-hotspot\
PATH=C:\Program Files\Microsoft\jdk-21.0.10.7-hotspot\bin;C:\Program Files\Common Files\Oracle\Java\javapath;C:\app\jorge\product\21c\dbhomeXE\bin;C:\WINDOWS\system32;C:\WINDOWS;C:\WINDOWS\System32\Wbem;C:\WINDOWS\System32\WindowsPowerShell\v1.0\;C:\WINDOWS\System32\OpenSSH\;C:\Program Files\NVIDIA Corporation\NVIDIA App\NvDLISR;C:\Program Files (x86)\NVIDIA Corporation\PhysX\Common;C:\Program Files\nodejs\;C:\Program Files\Docker\Docker\resources\bin;C:\Program Files\Git\cmd;C:\Program Files\dotnet\;C:\Users\jorge\scoop\apps\maven\current\bin;C:\Users\jorge\scoop\shims;C:\Program Files\MySQL\MySQL Shell 8.0\bin\;C:\Users\jorge\AppData\Local\Programs\Python\Launcher\;C:\Users\jorge\AppData\Local\Microsoft\WindowsApps;C:\Users\jorge\AppData\Local\Programs\Microsoft VS Code\bin;C:\Program Files\JetBrains\PyCharm Community Edition 2025.1.1.1\bin;;C:\Users\jorge\AppData\Roaming\npm;C:\Users\jorge\.dotnet\tools
USERNAME=jorge
OS=Windows_NT
PROCESSOR_IDENTIFIER=Intel64 Family 6 Model 165 Stepping 5, GenuineIntel
TMP=C:\Users\jorge\AppData\Local\Temp
TEMP=C:\Users\jorge\AppData\Local\Temp



Periodic native trim disabled


---------------  S Y S T E M  ---------------

OS:
 Windows 10 , 64 bit Build 19041 (10.0.19041.5915)
OS uptime: 0 days 23:07 hours
Hyper-V role detected

CPU: total 12 (initial active 12) (6 cores per cpu, 2 threads per core) family 6 model 165 stepping 5 microcode 0xca, cx8, cmov, fxsr, ht, mmx, 3dnowpref, sse, sse2, sse3, ssse3, sse4.1, sse4.2, popcnt, lzcnt, tsc, tscinvbit, avx, avx2, aes, erms, clmul, bmi1, bmi2, adx, fma, vzeroupper, clflush, clflushopt, hv
Processor Information for the first 12 processors :
  Max Mhz: 4104, Current Mhz: 3803, Mhz Limit: 4104

Memory: 4k page, system-wide physical 16310M (3296M free)
TotalPageFile size 29622M (AvailPageFile size 9870M)
current process WorkingSet (physical memory assigned to process): 212M, peak: 214M
current process commit charge ("private bytes"): 258M, peak: 411M

vm_info: OpenJDK 64-Bit Server VM (17.0.18+8-LTS) for windows-amd64 JRE (17.0.18+8-LTS), built on Jan 15 2026 18:50:45 by "MicrosoftCorporation" with MS VC++ 17.14 (VS2022)

END.
