#
# A fatal error has been detected by the Java Runtime Environment:
#
#  EXCEPTION_ACCESS_VIOLATION (0xc0000005) at pc=0x00007ffef9c88932, pid=13920, tid=12400
#
# JRE version: OpenJDK Runtime Environment Microsoft-13106404 (21.0.10+7) (build 21.0.10+7-LTS)
# Java VM: OpenJDK 64-Bit Server VM Microsoft-13106404 (21.0.10+7-LTS, mixed mode, sharing, tiered, compressed oops, compressed class ptrs, g1 gc, windows-amd64)
# Problematic frame:
# V  [jvm.dll+0x3c8932]
#
# No core dump will be written. Minidumps are not enabled by default on client versions of Windows
#
# If you would like to submit a bug report, please visit:
#   https://github.com/microsoft/openjdk/issues
#

---------------  S U M M A R Y ------------

Command Line: -javaagent:C:\Program Files\JetBrains\IntelliJ IDEA Community Edition 2025.1.1.1\lib\idea_rt.jar=50663 -Dfile.encoding=UTF-8 -Dsun.stdout.encoding=UTF-8 -Dsun.stderr.encoding=UTF-8 com.minimarket.MinimarketApplication

Host: Intel(R) Core(TM) i5-10600K CPU @ 4.10GHz, 12 cores, 15G,  Windows 10 , 64 bit Build 19041 (10.0.19041.5915)
Time: Fri Jul  3 16:30:19 2026 Hora est. Sudam廨ica Pac璗ico elapsed time: 5.282671 seconds (0d 0h 0m 5s)

---------------  T H R E A D  ---------------

Current thread (0x00000246f02a1ee0):  JavaThread "C2 CompilerThread2" daemon [_thread_in_native, id=12400, stack(0x0000007b6ad00000,0x0000007b6ae00000) (1024K)]


Current CompileTask:
C2:5282 6212       4       org.springframework.core.ResolvableType::forType (112 bytes)

Stack: [0x0000007b6ad00000,0x0000007b6ae00000],  sp=0x0000007b6adfcc90,  free space=1011k
Native frames: (J=compiled Java code, j=interpreted, Vv=VM code, C=native code)
V  [jvm.dll+0x3c8932]  (no source info available)
V  [jvm.dll+0x1eac20]  (no source info available)
V  [jvm.dll+0x1ea871]  (no source info available)
V  [jvm.dll+0x2527c3]  (no source info available)
V  [jvm.dll+0x251c93]  (no source info available)
V  [jvm.dll+0x1d1adf]  (no source info available)
V  [jvm.dll+0x26195a]  (no source info available)
V  [jvm.dll+0x25fcc5]  (no source info available)
V  [jvm.dll+0x402155]  (no source info available)
V  [jvm.dll+0x86ab8d]  (no source info available)
V  [jvm.dll+0x6e141d]  (no source info available)
C  [ucrtbase.dll+0x21bb2]  (no source info available)
C  [KERNEL32.DLL+0x17374]  (no source info available)
C  [ntdll.dll+0x4cc91]  (no source info available)


siginfo: EXCEPTION_ACCESS_VIOLATION (0xc0000005), reading address 0x00000246f2b86d58


Registers:
RAX=0x00000000000017e6, RBX=0x00000246f2b86d50, RCX=0x00000000000017e6, RDX=0x0000000000000000
RSP=0x0000007b6adfcc90, RBP=0x0000007b6adfceb0, RSI=0x0000000000007530, RDI=0x00000000000015ff
R8 =0x00000000000017c0, R9 =0x0000000000000004, R10=0x0000000000000002, R11=0x00000246f42a4f28
R12=0x0000000000000000, R13=0x00000000000dbec0, R14=0x000000000000003f, R15=0x00007ffefa573860
RIP=0x00007ffef9c88932, EFLAGS=0x0000000000010206

XMM[0]=0x0000000000000000 0x0000000000000000
XMM[1]=0x0000000000000000 0x0000000000000000
XMM[2]=0x0000000000000000 0x3e400f3ad821669d
XMM[3]=0x0000000000000000 0x3e2569a3cad7337c
XMM[4]=0x0000000000000000 0x3dea5aa234ba17fb
XMM[5]=0x0000000000000000 0x3fa51adf39a6b58e
XMM[6]=0x0000000000000000 0x0000000000000000
XMM[7]=0x0000000000000000 0x0000000000000000
XMM[8]=0x0000000000000000 0x0000000000000000
XMM[9]=0x0000000000000000 0x0000000000000000
XMM[10]=0x0000000000000000 0x0000000000000000
XMM[11]=0x0000000000000000 0x0000000000000000
XMM[12]=0x0000000000000000 0x0000000000000000
XMM[13]=0x0000000000000000 0x0000000000000000
XMM[14]=0x0000000000000000 0x0000000000000000
XMM[15]=0x0000000000000000 0x0000000000000000
  MXCSR=0x00001fa0


Register to memory mapping:

RAX=0x00000000000017e6 is an unknown value
RBX=0x00000246f2b86d50 is an unknown value
RCX=0x00000000000017e6 is an unknown value
RDX=0x0 is null
RSP=0x0000007b6adfcc90 is pointing into the stack for thread: 0x00000246f02a1ee0
RBP=0x0000007b6adfceb0 is pointing into the stack for thread: 0x00000246f02a1ee0
RSI=0x0000000000007530 is an unknown value
RDI=0x00000000000015ff is an unknown value
R8 =0x00000000000017c0 is an unknown value
R9 =0x0000000000000004 is an unknown value
R10=0x0000000000000002 is an unknown value
R11=0x00000246f42a4f28 points into unknown readable memory: 0x0000000000000003 | 03 00 00 00 00 00 00 00
R12=0x0 is null
R13=0x00000000000dbec0 is an unknown value
R14=0x000000000000003f is an unknown value
R15=0x00007ffefa573860 jvm.dll

Top of Stack: (sp=0x0000007b6adfcc90)
0x0000007b6adfcc90:   0000000000007530 00000000000015ff
0x0000007b6adfcca0:   0000000000000000 0000000000000000
0x0000007b6adfccb0:   0000000000000000 00000004000017e6
0x0000007b6adfccc0:   0000001800000018 00000246ec9b80a0
0x0000007b6adfccd0:   00000246ee64ca70 00000246f2b73cf0
0x0000007b6adfcce0:   00000246f42a4fa0 0000000000007530
0x0000007b6adfccf0:   0000000000000000 00007ffef9aaac20
0x0000007b6adfcd00:   00000000000015ff 0000000000000000
0x0000007b6adfcd10:   0000007b6adfd250 0000000000000000
0x0000007b6adfcd20:   0000000000000000 0000000200000d7a
0x0000007b6adfcd30:   0000000e0000000e 00000246f2770b20
0x0000007b6adfcd40:   00000246ee64c9b0 00000246f2b73c50
0x0000007b6adfcd50:   0000000000000000 0000000000000000
0x0000007b6adfcd60:   0000000000000000 0000000000000000
0x0000007b6adfcd70:   0000000000000000 00007ffefa2d85a0
0x0000007b6adfcd80:   0000000000000000 0000000000000000
0x0000007b6adfcd90:   0000000000000000 00007ffefa2d85a0
0x0000007b6adfcda0:   0000000000000000 0000000000000000
0x0000007b6adfcdb0:   0000007b6adfd330 0000007b6adfd330
0x0000007b6adfcdc0:   00000246ec126a60 0000007b6adfd260
0x0000007b6adfcdd0:   0000007b6adfcee0 00007ffef9aaa871
0x0000007b6adfcde0:   0000007b00007530 0000007b6adfd250
0x0000007b6adfcdf0:   0000000000000000 00000246ec126a70
0x0000007b6adfce00:   00000246a6bb5f00 0000000000000000
0x0000007b6adfce10:   0000000000009507 00000246ec126a60
0x0000007b6adfce20:   00000246ec9b65e0 00000246ec9b9750
0x0000007b6adfce30:   00000246ec9be5c8 00000000004feb28
0x0000007b6adfce40:   00000246ec126a60 000000000000000e
0x0000007b6adfce50:   0000007b6adf0000 0000000000000000
0x0000007b6adfce60:   0000000000000000 0000000000008600
0x0000007b6adfce70:   00000246eec79150 00007ffefa2d8518
0x0000007b6adfce80:   0000000000000000 0000007b6adfe720 

Instructions: (pc=0x00007ffef9c88932)
0x00007ffef9c88832:   56 57 48 83 ec 50 8b fa 48 8b e9 48 8b 51 38 8b
0x00007ffef9c88842:   c7 c1 e8 05 3b 02 73 1a 44 8b c0 48 8b 42 08 8b
0x00007ffef9c88852:   d7 83 e2 1f 4e 8d 0c 80 42 8b 04 80 0f b3 d0 41
0x00007ffef9c88862:   89 01 4c 8d 04 bf 49 c1 e0 05 4c 03 41 10 41 83
0x00007ffef9c88872:   38 00 0f 84 2a 01 00 00 33 d2 48 c7 44 24 2c 04
0x00007ffef9c88882:   00 00 00 48 89 54 24 20 89 54 24 28 4c 89 74 24
0x00007ffef9c88892:   78 4c 89 bc 24 80 00 00 00 41 39 10 75 06 89 54
0x00007ffef9c888a2:   24 34 eb 08 41 8b 40 04 89 44 24 34 48 89 54 24
0x00007ffef9c888b2:   38 4c 8d 3d a6 af 8e 00 49 8b 40 08 4c 8b f7 48
0x00007ffef9c888c2:   89 44 24 40 41 83 e6 3f 4c 89 44 24 48 48 89 5c
0x00007ffef9c888d2:   24 70 48 85 d2 74 1d 48 0f bc c2 8b c8 48 d3 ea
0x00007ffef9c888e2:   8b 4c 24 28 48 ff ca 03 c8 48 89 54 24 20 89 4c
0x00007ffef9c888f2:   24 28 eb 26 83 7c 24 2c 04 72 0e 8b 44 24 34 39
0x00007ffef9c88902:   44 24 30 0f 83 87 00 00 00 48 8d 4c 24 20 e8 4b
0x00007ffef9c88912:   4a 00 00 48 8b 54 24 20 8b c8 85 c9 74 72 8b c1
0x00007ffef9c88922:   48 8d 1c 80 48 c1 e3 05 48 03 5d 10 85 ff 74 a2
0x00007ffef9c88932:   48 8b 43 08 48 8b cf 48 c1 e9 08 4c 8b 0c c8 4d
0x00007ffef9c88942:   3b cf 75 0d 8b d7 48 8b cb e8 d0 4b 00 00 4c 8b
0x00007ffef9c88952:   c8 49 8b ce 41 b8 01 00 00 00 49 d3 e0 48 8b cf
0x00007ffef9c88962:   48 c1 e9 06 83 e1 03 49 8b 14 c9 48 8b c2 49 0b
0x00007ffef9c88972:   c0 49 89 04 c9 49 85 d0 74 0a 48 8b 54 24 20 e9
0x00007ffef9c88982:   4e ff ff ff ff 03 48 8b 54 24 20 e9 42 ff ff ff
0x00007ffef9c88992:   48 8b 5c 24 70 4c 8b 74 24 78 4c 8b bc 24 80 00
0x00007ffef9c889a2:   00 00 48 83 c4 50 5f 5e 5d c3 cc cc cc cc 48 8b
0x00007ffef9c889b2:   c4 55 57 41 56 41 57 48 8d 68 c8 48 81 ec 18 01
0x00007ffef9c889c2:   00 00 41 83 38 00 4d 8b f1 48 8b fa 4c 8b f9 0f
0x00007ffef9c889d2:   84 3d 03 00 00 4c 89 60 18 44 0f b7 a2 9c 00 00
0x00007ffef9c889e2:   00 41 8b 50 04 4c 89 68 d8 45 33 ed 49 8b 40 08
0x00007ffef9c889f2:   4c 89 6c 24 20 44 89 6c 24 28 48 c7 44 24 2c 04
0x00007ffef9c88a02:   00 00 00 89 54 24 34 4c 89 6c 24 38 48 89 44 24
0x00007ffef9c88a12:   40 4c 89 44 24 48 85 d2 0f 84 e4 02 00 00 48 8d
0x00007ffef9c88a22:   4c 24 20 e8 36 49 00 00 8b c8 85 c0 0f 84 d0 02 


Stack slot to memory mapping:

stack at sp + 0 slots: 0x0000000000007530 is an unknown value
stack at sp + 1 slots: 0x00000000000015ff is an unknown value
stack at sp + 2 slots: 0x0 is null
stack at sp + 3 slots: 0x0 is null
stack at sp + 4 slots: 0x0 is null
stack at sp + 5 slots: 0x00000004000017e6 is an unknown value
stack at sp + 6 slots: 0x0000001800000018 is an unknown value
stack at sp + 7 slots: 0x00000246ec9b80a0 points into unknown readable memory: 0x0000000040000000 | 00 00 00 40 00 00 00 00


---------------  P R O C E S S  ---------------

Threads class SMR info:
_java_thread_list=0x00000246eeff4b40, length=21, elements={
0x000002468733f2a0, 0x00000246a6bd7f40, 0x00000246a6bd9d10, 0x00000246a6bdb980,
0x00000246a6bdea00, 0x00000246a6bdf670, 0x00000246a6be2a60, 0x00000246a6be4210,
0x00000246a6be6cc0, 0x00000246ec1aaea0, 0x00000246ec272300, 0x00000246ec3f9690,
0x00000246ec644180, 0x00000246ec86aba0, 0x00000246ec86b210, 0x00000246ee2bba20,
0x00000246ef382e00, 0x00000246eeaa9940, 0x00000246eeaa92b0, 0x00000246eeaa8c20,
0x00000246f02a1ee0
}

Java Threads: ( => current thread )
  0x000002468733f2a0 JavaThread "main"                              [_thread_blocked, id=15828, stack(0x0000007b68e00000,0x0000007b68f00000) (1024K)]
  0x00000246a6bd7f40 JavaThread "Reference Handler"          daemon [_thread_blocked, id=12808, stack(0x0000007b69600000,0x0000007b69700000) (1024K)]
  0x00000246a6bd9d10 JavaThread "Finalizer"                  daemon [_thread_blocked, id=13128, stack(0x0000007b69700000,0x0000007b69800000) (1024K)]
  0x00000246a6bdb980 JavaThread "Signal Dispatcher"          daemon [_thread_blocked, id=17228, stack(0x0000007b69800000,0x0000007b69900000) (1024K)]
  0x00000246a6bdea00 JavaThread "Attach Listener"            daemon [_thread_blocked, id=4836, stack(0x0000007b69900000,0x0000007b69a00000) (1024K)]
  0x00000246a6bdf670 JavaThread "Service Thread"             daemon [_thread_blocked, id=15048, stack(0x0000007b69a00000,0x0000007b69b00000) (1024K)]
  0x00000246a6be2a60 JavaThread "Monitor Deflation Thread"   daemon [_thread_blocked, id=7204, stack(0x0000007b69b00000,0x0000007b69c00000) (1024K)]
  0x00000246a6be4210 JavaThread "C2 CompilerThread0"         daemon [_thread_in_native, id=9144, stack(0x0000007b69c00000,0x0000007b69d00000) (1024K)]
  0x00000246a6be6cc0 JavaThread "C1 CompilerThread0"         daemon [_thread_blocked, id=11284, stack(0x0000007b69d00000,0x0000007b69e00000) (1024K)]
  0x00000246ec1aaea0 JavaThread "Common-Cleaner"             daemon [_thread_blocked, id=12220, stack(0x0000007b69e00000,0x0000007b69f00000) (1024K)]
  0x00000246ec272300 JavaThread "C2 CompilerThread1"         daemon [_thread_in_native, id=4196, stack(0x0000007b69f00000,0x0000007b6a000000) (1024K)]
  0x00000246ec3f9690 JavaThread "Monitor Ctrl-Break"         daemon [_thread_in_native, id=9584, stack(0x0000007b6a000000,0x0000007b6a100000) (1024K)]
  0x00000246ec644180 JavaThread "Notification Thread"        daemon [_thread_blocked, id=5580, stack(0x0000007b6a100000,0x0000007b6a200000) (1024K)]
  0x00000246ec86aba0 JavaThread "Thread-0"                          [_thread_blocked, id=1312, stack(0x0000007b6a700000,0x0000007b6a800000) (1024K)]
  0x00000246ec86b210 JavaThread "restartedMain"                     [_thread_in_Java, id=5756, stack(0x0000007b6a800000,0x0000007b6a900000) (1024K)]
  0x00000246ee2bba20 JavaThread "Catalina-utility-1"                [_thread_blocked, id=13924, stack(0x0000007b6b000000,0x0000007b6b100000) (1024K)]
  0x00000246ef382e00 JavaThread "Catalina-utility-2"                [_thread_blocked, id=14568, stack(0x0000007b6b100000,0x0000007b6b200000) (1024K)]
  0x00000246eeaa9940 JavaThread "container-0"                       [_thread_blocked, id=6888, stack(0x0000007b6b200000,0x0000007b6b300000) (1024K)]
  0x00000246eeaa92b0 JavaThread "HikariPool-1 housekeeper"   daemon [_thread_blocked, id=13996, stack(0x0000007b6b300000,0x0000007b6b400000) (1024K)]
  0x00000246eeaa8c20 JavaThread "HikariPool-1 connection adder" daemon [_thread_blocked, id=16488, stack(0x0000007b6b400000,0x0000007b6b500000) (1024K)]
=>0x00000246f02a1ee0 JavaThread "C2 CompilerThread2"         daemon [_thread_in_native, id=12400, stack(0x0000007b6ad00000,0x0000007b6ae00000) (1024K)]
Total: 21

Other Threads:
  0x00000246a6bbace0 VMThread "VM Thread"                           [id=6252, stack(0x0000007b69500000,0x0000007b69600000) (1024K)]
  0x00000246a6baa680 WatcherThread "VM Periodic Task Thread"        [id=12980, stack(0x0000007b69400000,0x0000007b69500000) (1024K)]
  0x00000246850edf60 WorkerThread "GC Thread#0"                     [id=1756, stack(0x0000007b68f00000,0x0000007b69000000) (1024K)]
  0x00000246ec985180 WorkerThread "GC Thread#1"                     [id=15804, stack(0x0000007b6a200000,0x0000007b6a300000) (1024K)]
  0x00000246ec985530 WorkerThread "GC Thread#2"                     [id=1052, stack(0x0000007b6a300000,0x0000007b6a400000) (1024K)]
  0x00000246ec9858e0 WorkerThread "GC Thread#3"                     [id=16532, stack(0x0000007b6a400000,0x0000007b6a500000) (1024K)]
  0x00000246ec985c90 WorkerThread "GC Thread#4"                     [id=10116, stack(0x0000007b6a500000,0x0000007b6a600000) (1024K)]
  0x00000246ec986040 WorkerThread "GC Thread#5"                     [id=3736, stack(0x0000007b6a600000,0x0000007b6a700000) (1024K)]
  0x00000246ed22b060 WorkerThread "GC Thread#6"                     [id=17260, stack(0x0000007b6aa00000,0x0000007b6ab00000) (1024K)]
  0x00000246ecf94530 WorkerThread "GC Thread#7"                     [id=4900, stack(0x0000007b6ab00000,0x0000007b6ac00000) (1024K)]
  0x00000246ecfec050 WorkerThread "GC Thread#8"                     [id=4776, stack(0x0000007b6ac00000,0x0000007b6ad00000) (1024K)]
  0x00000246ee1a6200 WorkerThread "GC Thread#9"                     [id=8320, stack(0x0000007b6a900000,0x0000007b6aa00000) (1024K)]
  0x00000246873b22b0 ConcurrentGCThread "G1 Main Marker"            [id=5512, stack(0x0000007b69000000,0x0000007b69100000) (1024K)]
  0x00000246873b3470 WorkerThread "G1 Conc#0"                       [id=11864, stack(0x0000007b69100000,0x0000007b69200000) (1024K)]
  0x00000246ee1a5e50 WorkerThread "G1 Conc#1"                       [id=5676, stack(0x0000007b6ae00000,0x0000007b6af00000) (1024K)]
  0x00000246ee1a65b0 WorkerThread "G1 Conc#2"                       [id=900, stack(0x0000007b6af00000,0x0000007b6b000000) (1024K)]
  0x00000246873feac0 ConcurrentGCThread "G1 Refine#0"               [id=10744, stack(0x0000007b69200000,0x0000007b69300000) (1024K)]
  0x00000246a6a6a920 ConcurrentGCThread "G1 Service"                [id=7640, stack(0x0000007b69300000,0x0000007b69400000) (1024K)]
Total: 18

Threads with active compile tasks:
C2 CompilerThread0  5306 6508       4       org.springframework.beans.factory.support.AbstractBeanFactory::isTypeMatch (745 bytes)
C2 CompilerThread1  5306 6348       4       sun.invoke.util.VerifyType::isNullConversion (157 bytes)
C2 CompilerThread2  5306 6212       4       org.springframework.core.ResolvableType::forType (112 bytes)
Total: 3

VM state: not at safepoint (normal execution)

VM Mutex/Monitor currently owned by a thread: None

Heap address: 0x0000000701200000, size: 4078 MB, Compressed Oops mode: Zero based, Oop shift amount: 3

CDS archive(s) mapped at: [0x00000246a7000000-0x00000246a7c80000-0x00000246a7c80000), size 13107200, SharedBaseAddress: 0x00000246a7000000, ArchiveRelocationMode: 1.
Compressed class space mapped at: 0x00000246a8000000-0x00000246e8000000, reserved size: 1073741824
Narrow klass base: 0x00000246a7000000, Narrow klass shift: 0, Narrow klass range: 0x100000000

GC Precious Log:
 CardTable entry size: 512
 Card Set container configuration: InlinePtr #cards 4 size 8 Array Of Cards #cards 16 size 48 Howl #buckets 8 coarsen threshold 3686 Howl Bitmap #cards 512 size 80 coarsen threshold 460 Card regions per heap region 1 cards per card region 4096
 CPUs: 12 total, 12 available
 Memory: 16310M
 Large Page Support: Disabled
 NUMA Support: Disabled
 Compressed Oops: Enabled (Zero based)
 Heap Region Size: 2M
 Heap Min Capacity: 8M
 Heap Initial Capacity: 256M
 Heap Max Capacity: 4078M
 Pre-touch: Disabled
 Parallel Workers: 10
 Concurrent Workers: 3
 Concurrent Refinement Workers: 10
 Periodic GC: Disabled

Heap:
 garbage-first heap   total 83968K, used 68445K [0x0000000701200000, 0x0000000800000000)
  region size 2048K, 23 young (47104K), 3 survivors (6144K)
 Metaspace       used 69834K, committed 70656K, reserved 1114112K
  class space    used 9450K, committed 9856K, reserved 1048576K

Heap Regions: E=young(eden), S=young(survivor), O=old, HS=humongous(starts), HC=humongous(continues), CS=collection set, F=free, TAMS=top-at-mark-start, PB=parsable bottom
|   0|0x0000000701200000, 0x0000000701400000, 0x0000000701400000|100%| O|  |TAMS 0x0000000701200000| PB 0x0000000701200000| Untracked 
|   1|0x0000000701400000, 0x0000000701600000, 0x0000000701600000|100%| O|  |TAMS 0x0000000701400000| PB 0x0000000701400000| Untracked 
|   2|0x0000000701600000, 0x0000000701800000, 0x0000000701800000|100%| O|Cm|TAMS 0x0000000701600000| PB 0x0000000701600000| Complete 
|   3|0x0000000701800000, 0x00000007019b7638, 0x0000000701a00000| 85%| O|  |TAMS 0x0000000701800000| PB 0x0000000701800000| Untracked 
|   4|0x0000000701a00000, 0x0000000701c00000, 0x0000000701c00000|100%| O|  |TAMS 0x0000000701a00000| PB 0x0000000701a00000| Untracked 
|   5|0x0000000701c00000, 0x0000000701e00000, 0x0000000701e00000|100%| O|  |TAMS 0x0000000701c00000| PB 0x0000000701c00000| Untracked 
|   6|0x0000000701e00000, 0x0000000702000000, 0x0000000702000000|100%| O|  |TAMS 0x0000000701e00000| PB 0x0000000701e00000| Untracked 
|   7|0x0000000702000000, 0x0000000702176e20, 0x0000000702200000| 73%| O|  |TAMS 0x0000000702000000| PB 0x0000000702000000| Untracked 
|   8|0x0000000702200000, 0x0000000702400000, 0x0000000702400000|100%| O|  |TAMS 0x0000000702200000| PB 0x0000000702200000| Untracked 
|   9|0x0000000702400000, 0x0000000702600000, 0x0000000702600000|100%| O|  |TAMS 0x0000000702400000| PB 0x0000000702400000| Untracked 
|  10|0x0000000702600000, 0x0000000702800000, 0x0000000702800000|100%| O|  |TAMS 0x0000000702600000| PB 0x0000000702600000| Untracked 
|  11|0x0000000702800000, 0x0000000702800000, 0x0000000702a00000|  0%| F|  |TAMS 0x0000000702800000| PB 0x0000000702800000| Untracked 
|  12|0x0000000702a00000, 0x0000000702ba9000, 0x0000000702c00000| 83%| S|CS|TAMS 0x0000000702a00000| PB 0x0000000702a00000| Complete 
|  13|0x0000000702c00000, 0x0000000702e00000, 0x0000000702e00000|100%| S|CS|TAMS 0x0000000702c00000| PB 0x0000000702c00000| Complete 
|  14|0x0000000702e00000, 0x0000000703000000, 0x0000000703000000|100%| S|CS|TAMS 0x0000000702e00000| PB 0x0000000702e00000| Complete 
|  15|0x0000000703000000, 0x0000000703000000, 0x0000000703200000|  0%| F|  |TAMS 0x0000000703000000| PB 0x0000000703000000| Untracked 
|  16|0x0000000703200000, 0x0000000703200000, 0x0000000703400000|  0%| F|  |TAMS 0x0000000703200000| PB 0x0000000703200000| Untracked 
|  17|0x0000000703400000, 0x0000000703400000, 0x0000000703600000|  0%| F|  |TAMS 0x0000000703400000| PB 0x0000000703400000| Untracked 
|  18|0x0000000703600000, 0x0000000703600000, 0x0000000703800000|  0%| F|  |TAMS 0x0000000703600000| PB 0x0000000703600000| Untracked 
|  19|0x0000000703800000, 0x0000000703800000, 0x0000000703a00000|  0%| F|  |TAMS 0x0000000703800000| PB 0x0000000703800000| Untracked 
|  20|0x0000000703a00000, 0x0000000703a85880, 0x0000000703c00000| 26%| E|  |TAMS 0x0000000703a00000| PB 0x0000000703a00000| Complete 
|  21|0x0000000703c00000, 0x0000000703e00000, 0x0000000703e00000|100%| E|CS|TAMS 0x0000000703c00000| PB 0x0000000703c00000| Complete 
|  22|0x0000000703e00000, 0x0000000704000000, 0x0000000704000000|100%| E|CS|TAMS 0x0000000703e00000| PB 0x0000000703e00000| Complete 
|  23|0x0000000704000000, 0x0000000704200000, 0x0000000704200000|100%| E|CS|TAMS 0x0000000704000000| PB 0x0000000704000000| Complete 
|  24|0x0000000704200000, 0x0000000704400000, 0x0000000704400000|100%| E|CS|TAMS 0x0000000704200000| PB 0x0000000704200000| Complete 
|  25|0x0000000704400000, 0x0000000704600000, 0x0000000704600000|100%| E|CS|TAMS 0x0000000704400000| PB 0x0000000704400000| Complete 
|  26|0x0000000704600000, 0x0000000704800000, 0x0000000704800000|100%| E|CS|TAMS 0x0000000704600000| PB 0x0000000704600000| Complete 
|  27|0x0000000704800000, 0x0000000704a00000, 0x0000000704a00000|100%| E|CS|TAMS 0x0000000704800000| PB 0x0000000704800000| Complete 
|  28|0x0000000704a00000, 0x0000000704c00000, 0x0000000704c00000|100%| E|CS|TAMS 0x0000000704a00000| PB 0x0000000704a00000| Complete 
|  29|0x0000000704c00000, 0x0000000704e00000, 0x0000000704e00000|100%| E|CS|TAMS 0x0000000704c00000| PB 0x0000000704c00000| Complete 
|  30|0x0000000704e00000, 0x0000000705000000, 0x0000000705000000|100%| E|CS|TAMS 0x0000000704e00000| PB 0x0000000704e00000| Complete 
|  31|0x0000000705000000, 0x0000000705200000, 0x0000000705200000|100%| E|CS|TAMS 0x0000000705000000| PB 0x0000000705000000| Complete 
|  32|0x0000000705200000, 0x0000000705400000, 0x0000000705400000|100%| E|CS|TAMS 0x0000000705200000| PB 0x0000000705200000| Complete 
|  33|0x0000000705400000, 0x0000000705600000, 0x0000000705600000|100%| E|CS|TAMS 0x0000000705400000| PB 0x0000000705400000| Complete 
|  34|0x0000000705600000, 0x0000000705800000, 0x0000000705800000|100%| E|CS|TAMS 0x0000000705600000| PB 0x0000000705600000| Complete 
|  94|0x000000070ce00000, 0x000000070d000000, 0x000000070d000000|100%| E|CS|TAMS 0x000000070ce00000| PB 0x000000070ce00000| Complete 
|  95|0x000000070d000000, 0x000000070d200000, 0x000000070d200000|100%| E|CS|TAMS 0x000000070d000000| PB 0x000000070d000000| Complete 
|  96|0x000000070d200000, 0x000000070d400000, 0x000000070d400000|100%| E|CS|TAMS 0x000000070d200000| PB 0x000000070d200000| Complete 
|  97|0x000000070d400000, 0x000000070d600000, 0x000000070d600000|100%| E|CS|TAMS 0x000000070d400000| PB 0x000000070d400000| Complete 
| 127|0x0000000711000000, 0x0000000711200000, 0x0000000711200000|100%| E|CS|TAMS 0x0000000711000000| PB 0x0000000711000000| Complete 
|2038|0x00000007ffe00000, 0x0000000800000000, 0x0000000800000000|100%| O|  |TAMS 0x00000007ffe00000| PB 0x00000007ffe00000| Untracked 

Card table byte_map: [0x000002469f7b0000,0x000002469ffb0000] _byte_map_base: 0x000002469bfa7000

Marking Bits: (CMBitMap*) 0x00000246850ee670
 Bits: [0x000002469ffb0000, 0x00000246a3f68000)

Polling page: 0x0000024685320000

Metaspace:

Usage:
  Non-class:     58.97 MB used.
      Class:      9.23 MB used.
       Both:     68.20 MB used.

Virtual space:
  Non-class space:       64.00 MB reserved,      59.38 MB ( 93%) committed,  1 nodes.
      Class space:        1.00 GB reserved,       9.62 MB ( <1%) committed,  1 nodes.
             Both:        1.06 GB reserved,      69.00 MB (  6%) committed. 

Chunk freelists:
   Non-Class:  4.53 MB
       Class:  6.25 MB
        Both:  10.78 MB

MaxMetaspaceSize: unlimited
CompressedClassSpaceSize: 1.00 GB
Initial GC threshold: 21.00 MB
Current GC threshold: 99.00 MB
CDS: on
 - commit_granule_bytes: 65536.
 - commit_granule_words: 8192.
 - virtual_space_node_default_size: 8388608.
 - enlarge_chunks_in_place: 1.
 - use_allocation_guard: 0.


Internal statistics:

num_allocs_failed_limit: 12.
num_arena_births: 1054.
num_arena_deaths: 0.
num_vsnodes_births: 2.
num_vsnodes_deaths: 0.
num_space_committed: 1104.
num_space_uncommitted: 0.
num_chunks_returned_to_freelist: 12.
num_chunks_taken_from_freelist: 3656.
num_chunk_merges: 12.
num_chunk_splits: 2637.
num_chunks_enlarged: 2042.
num_inconsistent_stats: 0.

CodeHeap 'non-profiled nmethods': size=120000Kb used=3845Kb max_used=3845Kb free=116155Kb
 bounds [0x0000024697530000, 0x0000024697940000, 0x000002469ea60000]
CodeHeap 'profiled nmethods': size=120000Kb used=10902Kb max_used=10902Kb free=109098Kb
 bounds [0x000002468fa60000, 0x0000024690510000, 0x0000024696f90000]
CodeHeap 'non-nmethods': size=5760Kb used=1572Kb max_used=1649Kb free=4187Kb
 bounds [0x0000024696f90000, 0x0000024697200000, 0x0000024697530000]
CodeCache: size=245760Kb, used=16319Kb, max_used=16396Kb, free=229440Kb
 total_blobs=6445, nmethods=5729, adapters=619, full_count=0
Compilation: enabled, stopped_count=0, restarted_count=0

Compilation events (20 events):
Event: 5.268 Thread 0x00000246a6be6cc0 6500       2       org.springframework.beans.factory.support.AbstractAutowireCapableBeanFactory::applyMergedBeanDefinitionPostProcessors (50 bytes)
Event: 5.268 Thread 0x00000246a6be6cc0 nmethod 6500 0x00000246904fa790 code [0x00000246904fa980, 0x00000246904fac48]
Event: 5.268 Thread 0x00000246a6be6cc0 6499   !   2       org.springframework.beans.factory.support.AbstractBeanFactory::markBeanAsCreated (55 bytes)
Event: 5.269 Thread 0x00000246a6be6cc0 nmethod 6499 0x00000246904fae10 code [0x00000246904fb000, 0x00000246904fb3f8]
Event: 5.269 Thread 0x00000246a6be6cc0 6501       2       org.springframework.beans.factory.support.AbstractBeanFactory$$Lambda/0x00000246a81e22b8::getObject (20 bytes)
Event: 5.269 Thread 0x00000246a6be6cc0 nmethod 6501 0x00000246904fb690 code [0x00000246904fb840, 0x00000246904fb988]
Event: 5.269 Thread 0x00000246a6be6cc0 6503       2       org.springframework.orm.jpa.support.PersistenceAnnotationBeanPostProcessor::buildPersistenceMetadata (103 bytes)
Event: 5.269 Thread 0x00000246a6be6cc0 nmethod 6503 0x00000246904fba90 code [0x00000246904fbd20, 0x00000246904fca10]
Event: 5.269 Thread 0x00000246a6be6cc0 6504       2       org.springframework.context.annotation.CommonAnnotationBeanPostProcessor::buildResourceMetadata (89 bytes)
Event: 5.270 Thread 0x00000246a6be6cc0 nmethod 6504 0x00000246904fce90 code [0x00000246904fd100, 0x00000246904fdae0]
Event: 5.270 Thread 0x00000246a6be6cc0 6502   !   2       org.springframework.beans.factory.support.AbstractBeanFactory::lambda$doGetBean$0 (18 bytes)
Event: 5.270 Thread 0x00000246a6be6cc0 nmethod 6502 0x00000246904fde90 code [0x00000246904fe0a0, 0x00000246904fe468]
Event: 5.270 Thread 0x00000246a6be6cc0 6505       2       org.springframework.boot.context.properties.BindMethodAttribute::get (13 bytes)
Event: 5.270 Thread 0x00000246a6be6cc0 nmethod 6505 0x00000246904fe790 code [0x00000246904fe940, 0x00000246904feb38]
Event: 5.274 Thread 0x00000246a6be6cc0 6506       2       org.springframework.beans.factory.support.DisposableBeanAdapter::hasDestroyMethod (24 bytes)
Event: 5.274 Thread 0x00000246a6be6cc0 nmethod 6506 0x00000246904fec90 code [0x00000246904fee40, 0x00000246904fefd8]
Event: 5.274 Thread 0x00000246a6be6cc0 6507       2       org.springframework.beans.factory.support.AbstractBeanDefinition::getDestroyMethodName (21 bytes)
Event: 5.274 Thread 0x00000246a6be6cc0 nmethod 6507 0x00000246904ff090 code [0x00000246904ff240, 0x00000246904ff3e0]
Event: 5.275 Thread 0x00000246a6be6cc0 6509       2       java.lang.invoke.MethodType::appendParameterTypes (10 bytes)
Event: 5.275 Thread 0x00000246a6be6cc0 nmethod 6509 0x00000246904ff510 code [0x00000246904ff6c0, 0x00000246904ff7f0]

GC Heap History (20 events):
Event: 0.464 GC heap before
{Heap before GC invocations=0 (full 0):
 garbage-first heap   total 262144K, used 20480K [0x0000000701200000, 0x0000000800000000)
  region size 2048K, 11 young (22528K), 0 survivors (0K)
 Metaspace       used 5020K, committed 5248K, reserved 1114112K
  class space    used 556K, committed 704K, reserved 1048576K
}
Event: 0.467 GC heap after
{Heap after GC invocations=1 (full 0):
 garbage-first heap   total 262144K, used 7784K [0x0000000701200000, 0x0000000800000000)
  region size 2048K, 2 young (4096K), 2 survivors (4096K)
 Metaspace       used 5020K, committed 5248K, reserved 1114112K
  class space    used 556K, committed 704K, reserved 1048576K
}
Event: 0.861 GC heap before
{Heap before GC invocations=1 (full 0):
 garbage-first heap   total 262144K, used 32360K [0x0000000701200000, 0x0000000800000000)
  region size 2048K, 15 young (30720K), 2 survivors (4096K)
 Metaspace       used 12383K, committed 12672K, reserved 1114112K
  class space    used 1490K, committed 1600K, reserved 1048576K
}
Event: 0.864 GC heap after
{Heap after GC invocations=2 (full 0):
 garbage-first heap   total 262144K, used 10064K [0x0000000701200000, 0x0000000800000000)
  region size 2048K, 2 young (4096K), 2 survivors (4096K)
 Metaspace       used 12383K, committed 12672K, reserved 1114112K
  class space    used 1490K, committed 1600K, reserved 1048576K
}
Event: 1.567 GC heap before
{Heap before GC invocations=2 (full 0):
 garbage-first heap   total 262144K, used 63312K [0x0000000701200000, 0x0000000800000000)
  region size 2048K, 30 young (61440K), 2 survivors (4096K)
 Metaspace       used 21218K, committed 21504K, reserved 1114112K
  class space    used 2592K, committed 2752K, reserved 1048576K
}
Event: 1.571 GC heap after
{Heap after GC invocations=3 (full 0):
 garbage-first heap   total 262144K, used 16030K [0x0000000701200000, 0x0000000800000000)
  region size 2048K, 4 young (8192K), 4 survivors (8192K)
 Metaspace       used 21218K, committed 21504K, reserved 1114112K
  class space    used 2592K, committed 2752K, reserved 1048576K
}
Event: 2.222 GC heap before
{Heap before GC invocations=4 (full 0):
 garbage-first heap   total 55296K, used 54942K [0x0000000701200000, 0x0000000800000000)
  region size 2048K, 23 young (47104K), 4 survivors (8192K)
 Metaspace       used 26810K, committed 27328K, reserved 1114112K
  class space    used 3338K, committed 3584K, reserved 1048576K
}
Event: 2.228 GC heap after
{Heap after GC invocations=5 (full 0):
 garbage-first heap   total 67584K, used 19058K [0x0000000701200000, 0x0000000800000000)
  region size 2048K, 5 young (10240K), 5 survivors (10240K)
 Metaspace       used 26810K, committed 27328K, reserved 1114112K
  class space    used 3338K, committed 3584K, reserved 1048576K
}
Event: 2.683 GC heap before
{Heap before GC invocations=5 (full 0):
 garbage-first heap   total 67584K, used 47730K [0x0000000701200000, 0x0000000800000000)
  region size 2048K, 19 young (38912K), 5 survivors (10240K)
 Metaspace       used 31621K, committed 32128K, reserved 1114112K
  class space    used 3995K, committed 4224K, reserved 1048576K
}
Event: 2.688 GC heap after
{Heap after GC invocations=6 (full 0):
 garbage-first heap   total 67584K, used 20803K [0x0000000701200000, 0x0000000800000000)
  region size 2048K, 3 young (6144K), 3 survivors (6144K)
 Metaspace       used 31621K, committed 32128K, reserved 1114112K
  class space    used 3995K, committed 4224K, reserved 1048576K
}
Event: 2.964 GC heap before
{Heap before GC invocations=6 (full 0):
 garbage-first heap   total 67584K, used 37187K [0x0000000701200000, 0x0000000800000000)
  region size 2048K, 12 young (24576K), 3 survivors (6144K)
 Metaspace       used 35492K, committed 35968K, reserved 1114112K
  class space    used 4534K, committed 4736K, reserved 1048576K
}
Event: 2.967 GC heap after
{Heap after GC invocations=7 (full 0):
 garbage-first heap   total 67584K, used 22011K [0x0000000701200000, 0x0000000800000000)
  region size 2048K, 2 young (4096K), 2 survivors (4096K)
 Metaspace       used 35492K, committed 35968K, reserved 1114112K
  class space    used 4534K, committed 4736K, reserved 1048576K
}
Event: 3.471 GC heap before
{Heap before GC invocations=8 (full 0):
 garbage-first heap   total 67584K, used 52731K [0x0000000701200000, 0x0000000800000000)
  region size 2048K, 18 young (36864K), 2 survivors (4096K)
 Metaspace       used 45279K, committed 45888K, reserved 1114112K
  class space    used 5943K, committed 6208K, reserved 1048576K
}
Event: 3.474 GC heap after
{Heap after GC invocations=9 (full 0):
 garbage-first heap   total 67584K, used 24266K [0x0000000701200000, 0x0000000800000000)
  region size 2048K, 2 young (4096K), 2 survivors (4096K)
 Metaspace       used 45279K, committed 45888K, reserved 1114112K
  class space    used 5943K, committed 6208K, reserved 1048576K
}
Event: 3.925 GC heap before
{Heap before GC invocations=9 (full 0):
 garbage-first heap   total 67584K, used 52938K [0x0000000701200000, 0x0000000800000000)
  region size 2048K, 17 young (34816K), 2 survivors (4096K)
 Metaspace       used 54508K, committed 55104K, reserved 1114112K
  class space    used 7292K, committed 7552K, reserved 1048576K
}
Event: 3.929 GC heap after
{Heap after GC invocations=10 (full 0):
 garbage-first heap   total 67584K, used 25359K [0x0000000701200000, 0x0000000800000000)
  region size 2048K, 2 young (4096K), 2 survivors (4096K)
 Metaspace       used 54508K, committed 55104K, reserved 1114112K
  class space    used 7292K, committed 7552K, reserved 1048576K
}
Event: 4.270 GC heap before
{Heap before GC invocations=10 (full 0):
 garbage-first heap   total 67584K, used 47887K [0x0000000701200000, 0x0000000800000000)
  region size 2048K, 15 young (30720K), 2 survivors (4096K)
 Metaspace       used 59843K, committed 60416K, reserved 1114112K
  class space    used 8121K, committed 8384K, reserved 1048576K
}
Event: 4.274 GC heap after
{Heap after GC invocations=11 (full 0):
 garbage-first heap   total 67584K, used 26475K [0x0000000701200000, 0x0000000800000000)
  region size 2048K, 2 young (4096K), 2 survivors (4096K)
 Metaspace       used 59843K, committed 60416K, reserved 1114112K
  class space    used 8121K, committed 8384K, reserved 1048576K
}
Event: 4.740 GC heap before
{Heap before GC invocations=12 (full 0):
 garbage-first heap   total 67584K, used 57195K [0x0000000701200000, 0x0000000800000000)
  region size 2048K, 17 young (34816K), 2 survivors (4096K)
 Metaspace       used 64655K, committed 65344K, reserved 1114112K
  class space    used 8725K, committed 9024K, reserved 1048576K
}
Event: 4.743 GC heap after
{Heap after GC invocations=13 (full 0):
 garbage-first heap   total 83968K, used 29533K [0x0000000701200000, 0x0000000800000000)
  region size 2048K, 3 young (6144K), 3 survivors (6144K)
 Metaspace       used 64655K, committed 65344K, reserved 1114112K
  class space    used 8725K, committed 9024K, reserved 1048576K
}

Dll operation events (13 events):
Event: 0.005 Loaded shared library C:\Program Files\Microsoft\jdk-21.0.10.7-hotspot\bin\java.dll
Event: 0.034 Loaded shared library C:\Program Files\Microsoft\jdk-21.0.10.7-hotspot\bin\jsvml.dll
Event: 0.105 Loaded shared library C:\Program Files\Microsoft\jdk-21.0.10.7-hotspot\bin\zip.dll
Event: 0.108 Loaded shared library C:\Program Files\Microsoft\jdk-21.0.10.7-hotspot\bin\instrument.dll
Event: 0.116 Loaded shared library C:\Program Files\Microsoft\jdk-21.0.10.7-hotspot\bin\net.dll
Event: 0.118 Loaded shared library C:\Program Files\Microsoft\jdk-21.0.10.7-hotspot\bin\nio.dll
Event: 0.120 Loaded shared library C:\Program Files\Microsoft\jdk-21.0.10.7-hotspot\bin\zip.dll
Event: 0.188 Loaded shared library C:\Program Files\Microsoft\jdk-21.0.10.7-hotspot\bin\extnet.dll
Event: 0.212 Loaded shared library C:\Program Files\Microsoft\jdk-21.0.10.7-hotspot\bin\jimage.dll
Event: 0.432 Loaded shared library C:\Program Files\Microsoft\jdk-21.0.10.7-hotspot\bin\management.dll
Event: 0.434 Loaded shared library C:\Program Files\Microsoft\jdk-21.0.10.7-hotspot\bin\management_ext.dll
Event: 1.056 Loaded shared library C:\Program Files\Microsoft\jdk-21.0.10.7-hotspot\bin\sunmscapi.dll
Event: 3.067 Loaded shared library C:\Program Files\Microsoft\jdk-21.0.10.7-hotspot\bin\verify.dll

Deoptimization events (20 events):
Event: 5.097 Thread 0x00000246ec86b210 Uncommon trap: trap_request=0xffffff45 fr.pc=0x000002469783a284 relative=0x0000000000003324
Event: 5.097 Thread 0x00000246ec86b210 Uncommon trap: reason=unstable_if action=reinterpret pc=0x000002469783a284 method=java.net.URL.<init>(Ljava/net/URL;Ljava/lang/String;Ljava/net/URLStreamHandler;)V @ 30 c2
Event: 5.097 Thread 0x00000246ec86b210 DEOPT PACKING pc=0x000002469783a284 sp=0x0000007b6a8fb570
Event: 5.097 Thread 0x00000246ec86b210 DEOPT UNPACKING pc=0x0000024696fe4422 sp=0x0000007b6a8fb530 mode 2
Event: 5.097 Thread 0x00000246ec86b210 Uncommon trap: trap_request=0xffffff45 fr.pc=0x00000246976a0fd4 relative=0x0000000000000a34
Event: 5.097 Thread 0x00000246ec86b210 Uncommon trap: reason=unstable_if action=reinterpret pc=0x00000246976a0fd4 method=java.net.URL.isBuiltinStreamHandler(Ljava/net/URLStreamHandler;)Z @ 13 c2
Event: 5.097 Thread 0x00000246ec86b210 DEOPT PACKING pc=0x00000246976a0fd4 sp=0x0000007b6a8fb140
Event: 5.097 Thread 0x00000246ec86b210 DEOPT UNPACKING pc=0x0000024696fe4422 sp=0x0000007b6a8fb048 mode 2
Event: 5.205 Thread 0x00000246ec86b210 Uncommon trap: trap_request=0xffffff45 fr.pc=0x000002469791a0dc relative=0x0000000000005c7c
Event: 5.205 Thread 0x00000246ec86b210 Uncommon trap: reason=unstable_if action=reinterpret pc=0x000002469791a0dc method=org.springframework.core.annotation.TypeMappedAnnotations$MergedAnnotationFinder.process(Ljava/lang/Object;ILjava/lang/Object;Ljava/lang/annotation/Annotation;)Lorg/springfr
Event: 5.205 Thread 0x00000246ec86b210 DEOPT PACKING pc=0x000002469791a0dc sp=0x0000007b6a8fdc20
Event: 5.205 Thread 0x00000246ec86b210 DEOPT UNPACKING pc=0x0000024696fe4422 sp=0x0000007b6a8fd790 mode 2
Event: 5.241 Thread 0x00000246ec86b210 Uncommon trap: trap_request=0xffffff45 fr.pc=0x0000024697789498 relative=0x00000000000004b8
Event: 5.241 Thread 0x00000246ec86b210 Uncommon trap: reason=unstable_if action=reinterpret pc=0x0000024697789498 method=org.springframework.beans.factory.support.DefaultSingletonBeanRegistry.getSingleton(Ljava/lang/String;Z)Ljava/lang/Object; @ 39 c2
Event: 5.241 Thread 0x00000246ec86b210 DEOPT PACKING pc=0x0000024697789498 sp=0x0000007b6a8fcf50
Event: 5.241 Thread 0x00000246ec86b210 DEOPT UNPACKING pc=0x0000024696fe4422 sp=0x0000007b6a8fcee0 mode 2
Event: 5.241 Thread 0x00000246ec86b210 Uncommon trap: trap_request=0xffffff45 fr.pc=0x000002469762cf14 relative=0x0000000000000f94
Event: 5.241 Thread 0x00000246ec86b210 Uncommon trap: reason=unstable_if action=reinterpret pc=0x000002469762cf14 method=java.util.concurrent.ConcurrentHashMap.putVal(Ljava/lang/Object;Ljava/lang/Object;Z)Ljava/lang/Object; @ 148 c2
Event: 5.241 Thread 0x00000246ec86b210 DEOPT PACKING pc=0x000002469762cf14 sp=0x0000007b6a8fcd50
Event: 5.242 Thread 0x00000246ec86b210 DEOPT UNPACKING pc=0x0000024696fe4422 sp=0x0000007b6a8fccd0 mode 2

Classes loaded (20 events):
Event: 4.978 Loading class sun/reflect/annotation/TypeAnnotationParser
Event: 4.978 Loading class sun/reflect/annotation/TypeAnnotationParser done
Event: 4.978 Loading class sun/reflect/annotation/TypeAnnotation
Event: 4.978 Loading class sun/reflect/annotation/TypeAnnotation done
Event: 4.978 Loading class sun/reflect/annotation/AnnotatedTypeFactory
Event: 4.978 Loading class sun/reflect/annotation/AnnotatedTypeFactory done
Event: 4.978 Loading class sun/reflect/annotation/AnnotatedTypeFactory$AnnotatedTypeBaseImpl
Event: 4.978 Loading class sun/reflect/annotation/AnnotatedTypeFactory$AnnotatedTypeBaseImpl done
Event: 4.979 Loading class sun/reflect/annotation/TypeAnnotation$LocationInfo
Event: 4.979 Loading class sun/reflect/annotation/TypeAnnotation$LocationInfo done
Event: 4.979 Loading class sun/reflect/annotation/TypeAnnotation$LocationInfo$Location
Event: 4.979 Loading class sun/reflect/annotation/TypeAnnotation$LocationInfo$Location done
Event: 4.995 Loading class java/util/AbstractList$SubList$1
Event: 4.996 Loading class java/util/AbstractList$SubList$1 done
Event: 5.063 Loading class java/util/EnumMap$EntrySet
Event: 5.063 Loading class java/util/EnumMap$EntrySet done
Event: 5.064 Loading class java/util/EnumMap$EntryIterator
Event: 5.064 Loading class java/util/EnumMap$EnumMapIterator
Event: 5.064 Loading class java/util/EnumMap$EnumMapIterator done
Event: 5.064 Loading class java/util/EnumMap$EntryIterator done

Classes unloaded (0 events):
No events

Classes redefined (0 events):
No events

Internal exceptions (20 events):
Event: 4.193 Thread 0x00000246ec86b210 Exception <a 'java/lang/NoSuchMethodError'{0x0000000703ef1400}: 'java.lang.Object java.lang.invoke.DirectMethodHandle$Holder.newInvokeSpecial(java.lang.Object, java.lang.Object, java.lang.Object, java.lang.Object, java.lang.Object, java.lang.Object, java.lang.Object, int)'> (0x0000000703ef1400) 
thrown [s\src\hotspot\share\interpreter\linkResolver.cpp, line 773]
Event: 4.193 Thread 0x00000246ec86b210 Exception <a 'java/lang/NoSuchMethodError'{0x0000000703ef5960}: 'java.lang.Object java.lang.invoke.DirectMethodHandle$Holder.invokeSpecial(java.lang.Object, java.lang.Object, java.lang.Object, java.lang.Object, java.lang.Object, java.lang.Object, java.lang.Object, java.lang.Object, int)'> (0x0000000703ef5960) 
thrown [s\src\hotspot\share\interpreter\linkResolver.cpp, line 773]
Event: 4.193 Thread 0x00000246ec86b210 Exception <a 'java/lang/NoSuchMethodError'{0x0000000703ef9988}: 'java.lang.Object java.lang.invoke.Invokers$Holder.linkToTargetMethod(java.lang.Object, java.lang.Object, java.lang.Object, java.lang.Object, java.lang.Object, java.lang.Object, int, java.lang.Object)'> (0x0000000703ef9988) 
thrown [s\src\hotspot\share\interpreter\linkResolver.cpp, line 773]
Event: 4.208 Thread 0x00000246ec86b210 Exception <a 'java/lang/NoSuchMethodError'{0x0000000703fd9ce8}: 'java.lang.Object java.lang.invoke.DirectMethodHandle$Holder.newInvokeSpecial(java.lang.Object, java.lang.Object, int, java.lang.Object, int, java.lang.Object, java.lang.Object)'> (0x0000000703fd9ce8) 
thrown [s\src\hotspot\share\interpreter\linkResolver.cpp, line 773]
Event: 4.220 Thread 0x00000246ec86b210 Exception <a 'java/lang/NoSuchMethodError'{0x0000000703c97e68}: 'void java.lang.invoke.DirectMethodHandle$Holder.invokeInterface(java.lang.Object, java.lang.Object)'> (0x0000000703c97e68) 
thrown [s\src\hotspot\share\interpreter\linkResolver.cpp, line 773]
Event: 4.342 Thread 0x00000246ec86b210 Exception <a 'java/lang/NoSuchMethodError'{0x000000070d5058c8}: 'void java.lang.invoke.Invokers$Holder.invokeExact_MT(java.lang.Object, java.lang.Object, java.lang.Object, java.lang.Object)'> (0x000000070d5058c8) 
thrown [s\src\hotspot\share\interpreter\linkResolver.cpp, line 773]
Event: 4.358 Thread 0x00000246ec86b210 Implicit null exception at 0x0000024697879491 to 0x0000024697879710
Event: 4.368 Thread 0x00000246ec86b210 Implicit null exception at 0x0000024697888276 to 0x00000246978885cc
Event: 4.395 Thread 0x00000246ec86b210 Exception <a 'java/lang/IncompatibleClassChangeError'{0x000000070d191968}: Found class java.lang.Object, but interface was expected> (0x000000070d191968) 
thrown [s\src\hotspot\share\interpreter\linkResolver.cpp, line 840]
Event: 4.426 Thread 0x00000246ec86b210 Exception <a 'java/lang/IncompatibleClassChangeError'{0x000000070cf11a28}: Found class java.lang.Object, but interface was expected> (0x000000070cf11a28) 
thrown [s\src\hotspot\share\interpreter\linkResolver.cpp, line 840]
Event: 4.537 Thread 0x00000246ec86b210 Exception <a 'java/lang/IncompatibleClassChangeError'{0x000000070437daa8}: Found class java.lang.Object, but interface was expected> (0x000000070437daa8) 
thrown [s\src\hotspot\share\interpreter\linkResolver.cpp, line 840]
Event: 4.589 Thread 0x00000246ec86b210 Exception <a 'java/lang/IncompatibleClassChangeError'{0x0000000703e2e8b0}: Found class java.lang.Object, but interface was expected> (0x0000000703e2e8b0) 
thrown [s\src\hotspot\share\interpreter\linkResolver.cpp, line 840]
Event: 4.589 Thread 0x00000246ec86b210 Exception <a 'java/lang/IncompatibleClassChangeError'{0x0000000703e34040}: Found class java.lang.Object, but interface was expected> (0x0000000703e34040) 
thrown [s\src\hotspot\share\interpreter\linkResolver.cpp, line 840]
Event: 4.766 Thread 0x00000246ec86b210 Exception <a 'java/lang/NoSuchMethodError'{0x000000071115aff0}: 'java.lang.Object java.lang.invoke.DirectMethodHandle$Holder.newInvokeSpecial(java.lang.Object, java.lang.Object, java.lang.Object, java.lang.Object, java.lang.Object, java.lang.Object, java.lang.Object, java.lang.Object)'> (0x000000071115aff0) 
thrown [s\src\hotspot\share\interpreter\linkResolver.cpp, line 773]
Event: 4.821 Thread 0x00000246ec86b210 Exception <a 'java/lang/NoSuchMethodError'{0x000000070d197c48}: 'java.lang.Object java.lang.invoke.DirectMethodHandle$Holder.invokeVirtual(java.lang.Object, java.lang.Object, java.lang.Object, java.lang.Object, java.lang.Object, java.lang.Object, java.lang.Object)'> (0x000000070d197c48) 
thrown [s\src\hotspot\share\interpreter\linkResolver.cpp, line 773]
Event: 5.084 Thread 0x00000246ec86b210 Exception <a 'java/lang/IncompatibleClassChangeError'{0x00000007048639a8}: Found class java.lang.Object, but interface was expected> (0x00000007048639a8) 
thrown [s\src\hotspot\share\interpreter\linkResolver.cpp, line 840]
Event: 5.199 Thread 0x00000246ec86b210 Exception <a 'java/lang/NoSuchMethodError'{0x000000070437b640}: 'void java.lang.invoke.DirectMethodHandle$Holder.invokeVirtual(java.lang.Object, java.lang.Object, long)'> (0x000000070437b640) 
thrown [s\src\hotspot\share\interpreter\linkResolver.cpp, line 773]
Event: 5.238 Thread 0x00000246ec86b210 Exception <a 'java/lang/NoSuchMethodError'{0x00000007041fe468}: 'int java.lang.invoke.DirectMethodHandle$Holder.invokeStaticInit(java.lang.Object, java.lang.Object, java.lang.Object, java.lang.Object)'> (0x00000007041fe468) 
thrown [s\src\hotspot\share\interpreter\linkResolver.cpp, line 773]
Event: 5.260 Thread 0x00000246ec86b210 Exception <a 'java/lang/NoSuchMethodError'{0x0000000703f60fb0}: 'java.lang.Object java.lang.invoke.Invokers$Holder.invoke_MT(java.lang.Object, java.lang.Object, java.lang.Object, java.lang.Object, java.lang.Object, java.lang.Object, java.lang.Object, java.lang.Object, java.lang.Object)'> (0x0000000703f60fb0) 
thrown [s\src\hotspot\share\interpreter\linkResolver.cpp, line 773]
Event: 5.275 Thread 0x00000246ec86b210 Exception <a 'java/lang/NoSuchMethodError'{0x0000000703c2b0f0}: 'java.lang.Object java.lang.invoke.DirectMethodHandle$Holder.invokeVirtual(java.lang.Object, java.lang.Object, java.lang.Object, java.lang.Object, java.lang.Object, java.lang.Object, java.lang.Object, java.lang.Object, java.lang.Object)'> (0x0000000703c2b0f0) 
thrown [s\src\hotspot\share\interpreter\linkResolver.cpp, line 773]

ZGC Phase Switch (0 events):
No events

VM Operations (20 events):
Event: 4.327 Executing non-safepoint VM operation: HandshakeAllThreads (Deoptimize)
Event: 4.327 Executing non-safepoint VM operation: HandshakeAllThreads (Deoptimize) done
Event: 4.547 Executing non-safepoint VM operation: HandshakeAllThreads (Deoptimize)
Event: 4.547 Executing non-safepoint VM operation: HandshakeAllThreads (Deoptimize) done
Event: 4.547 Executing non-safepoint VM operation: HandshakeAllThreads (Deoptimize)
Event: 4.548 Executing non-safepoint VM operation: HandshakeAllThreads (Deoptimize) done
Event: 4.740 Executing safepoint VM operation: G1CollectForAllocation (G1 Evacuation Pause)
Event: 4.743 Executing safepoint VM operation: G1CollectForAllocation (G1 Evacuation Pause) done
Event: 4.932 Executing non-safepoint VM operation: HandshakeAllThreads (Deoptimize)
Event: 4.932 Executing non-safepoint VM operation: HandshakeAllThreads (Deoptimize) done
Event: 4.950 Executing non-safepoint VM operation: HandshakeAllThreads (Deoptimize)
Event: 4.950 Executing non-safepoint VM operation: HandshakeAllThreads (Deoptimize) done
Event: 4.974 Executing non-safepoint VM operation: HandshakeAllThreads (Deoptimize)
Event: 4.974 Executing non-safepoint VM operation: HandshakeAllThreads (Deoptimize) done
Event: 4.975 Executing non-safepoint VM operation: HandshakeAllThreads (Deoptimize)
Event: 4.975 Executing non-safepoint VM operation: HandshakeAllThreads (Deoptimize) done
Event: 5.081 Executing safepoint VM operation: ICBufferFull
Event: 5.081 Executing safepoint VM operation: ICBufferFull done
Event: 5.217 Executing non-safepoint VM operation: HandshakeAllThreads (Deoptimize)
Event: 5.217 Executing non-safepoint VM operation: HandshakeAllThreads (Deoptimize) done

Memory protections (0 events):
No events

Nmethod flushes (20 events):
Event: 4.289 Thread 0x00000246a6bbace0 flushing  nmethod 0x000002468fd47b90
Event: 4.289 Thread 0x00000246a6bbace0 flushing  nmethod 0x000002468fd76590
Event: 4.289 Thread 0x00000246a6bbace0 flushing  nmethod 0x000002468fea8590
Event: 4.289 Thread 0x00000246a6bbace0 flushing  nmethod 0x00000246900a2390
Event: 4.289 Thread 0x00000246a6bbace0 flushing  nmethod 0x00000246900a9f90
Event: 4.289 Thread 0x00000246a6bbace0 flushing  nmethod 0x00000246900bc910
Event: 4.289 Thread 0x00000246a6bbace0 flushing  nmethod 0x00000246900be590
Event: 4.289 Thread 0x00000246a6bbace0 flushing  nmethod 0x00000246900c1990
Event: 4.289 Thread 0x00000246a6bbace0 flushing  nmethod 0x00000246900c1d90
Event: 4.289 Thread 0x00000246a6bbace0 flushing  nmethod 0x00000246900c2510
Event: 4.289 Thread 0x00000246a6bbace0 flushing  nmethod 0x00000246900c3610
Event: 4.289 Thread 0x00000246a6bbace0 flushing  nmethod 0x00000246900db510
Event: 4.289 Thread 0x00000246a6bbace0 flushing  nmethod 0x00000246900dcf10
Event: 4.289 Thread 0x00000246a6bbace0 flushing  nmethod 0x00000246900de290
Event: 4.289 Thread 0x00000246a6bbace0 flushing  nmethod 0x0000024690242990
Event: 4.289 Thread 0x00000246a6bbace0 flushing  nmethod 0x0000024690243d90
Event: 4.289 Thread 0x00000246a6bbace0 flushing  nmethod 0x000002469024b890
Event: 4.289 Thread 0x00000246a6bbace0 flushing  nmethod 0x00000246902a2510
Event: 4.289 Thread 0x00000246a6bbace0 flushing  nmethod 0x00000246902b9390
Event: 4.289 Thread 0x00000246a6bbace0 flushing  nmethod 0x00000246902bf790

Events (20 events):
Event: 0.114 Thread 0x000002468733f2a0 Thread added: 0x00000246ec1aaea0
Event: 0.132 Thread 0x00000246a6be4210 Thread added: 0x00000246ec272300
Event: 0.180 Thread 0x000002468733f2a0 Thread added: 0x00000246ec3f9690
Event: 0.180 Thread 0x000002468733f2a0 Thread added: 0x00000246ec644180
Event: 0.475 Thread 0x000002468733f2a0 Thread added: 0x00000246ec86aba0
Event: 0.477 Thread 0x00000246ec86aba0 Thread added: 0x00000246ec86b210
Event: 0.773 Thread 0x00000246ec86b210 Thread added: 0x00000246ecda43c0
Event: 1.044 Thread 0x00000246a6be6cc0 Thread added: 0x00000246ed4740a0
Event: 1.077 Thread 0x00000246ecda43c0 Thread exited: 0x00000246ecda43c0
Event: 1.132 Thread 0x00000246ec86b210 Thread added: 0x00000246ed4e9ec0
Event: 1.195 Thread 0x00000246ed4e9ec0 Thread exited: 0x00000246ed4e9ec0
Event: 2.712 Thread 0x00000246ec86b210 Thread added: 0x00000246ee2bba20
Event: 2.714 Thread 0x00000246ee2bba20 Thread added: 0x00000246ef382e00
Event: 2.717 Thread 0x00000246ec86b210 Thread added: 0x00000246eeaa9940
Event: 3.377 Thread 0x00000246ec86b210 Thread added: 0x00000246eeaa92b0
Event: 3.486 Thread 0x00000246eeaa92b0 Thread added: 0x00000246eeaa8c20
Event: 4.001 Thread 0x00000246ed4740a0 Thread exited: 0x00000246ed4740a0
Event: 4.039 Thread 0x00000246a6be6cc0 Thread added: 0x00000246f02a1ee0
Event: 4.306 Thread 0x00000246ec86b210 Thread added: 0x00000246eeaa9fd0
Event: 4.307 Thread 0x00000246eeaa9fd0 Thread exited: 0x00000246eeaa9fd0


Dynamic libraries:
0x00007ff6e3e60000 - 0x00007ff6e3e6e000 	C:\Program Files\Microsoft\jdk-21.0.10.7-hotspot\bin\java.exe
0x00007fff44330000 - 0x00007fff44528000 	C:\WINDOWS\SYSTEM32\ntdll.dll
0x00007fff42850000 - 0x00007fff42912000 	C:\WINDOWS\System32\KERNEL32.DLL
0x00007fff41b10000 - 0x00007fff41e06000 	C:\WINDOWS\System32\KERNELBASE.dll
0x00007fff42120000 - 0x00007fff42220000 	C:\WINDOWS\System32\ucrtbase.dll
0x00007fff355c0000 - 0x00007fff355d8000 	C:\Program Files\Microsoft\jdk-21.0.10.7-hotspot\bin\jli.dll
0x00007fff355a0000 - 0x00007fff355be000 	C:\Program Files\Microsoft\jdk-21.0.10.7-hotspot\bin\VCRUNTIME140.dll
0x00007fff42350000 - 0x00007fff424f1000 	C:\WINDOWS\System32\USER32.dll
0x00007fff41ae0000 - 0x00007fff41b02000 	C:\WINDOWS\System32\win32u.dll
0x00007fff37570000 - 0x00007fff3780b000 	C:\WINDOWS\WinSxS\amd64_microsoft.windows.common-controls_6595b64144ccf1df_6.0.19041.6456_none_60b8a6cb71f64256\COMCTL32.dll
0x00007fff43c00000 - 0x00007fff43c2b000 	C:\WINDOWS\System32\GDI32.dll
0x00007fff43f60000 - 0x00007fff43ffe000 	C:\WINDOWS\System32\msvcrt.dll
0x00007fff419c0000 - 0x00007fff41ad9000 	C:\WINDOWS\System32\gdi32full.dll
0x00007fff42080000 - 0x00007fff4211d000 	C:\WINDOWS\System32\msvcp_win.dll
0x00007fff43c30000 - 0x00007fff43c5f000 	C:\WINDOWS\System32\IMM32.DLL
0x00007fff35fb0000 - 0x00007fff35fbc000 	C:\Program Files\Microsoft\jdk-21.0.10.7-hotspot\bin\vcruntime140_1.dll
0x00007fff08fb0000 - 0x00007fff09039000 	C:\Program Files\Microsoft\jdk-21.0.10.7-hotspot\bin\msvcp140.dll
0x00007ffef98c0000 - 0x00007ffefa66d000 	C:\Program Files\Microsoft\jdk-21.0.10.7-hotspot\bin\server\jvm.dll
0x00007fff43b40000 - 0x00007fff43bf1000 	C:\WINDOWS\System32\ADVAPI32.dll
0x00007fff430f0000 - 0x00007fff4318f000 	C:\WINDOWS\System32\sechost.dll
0x00007fff43190000 - 0x00007fff432b0000 	C:\WINDOWS\System32\RPCRT4.dll
0x00007fff41ea0000 - 0x00007fff41ec7000 	C:\WINDOWS\System32\bcrypt.dll
0x00007fff43de0000 - 0x00007fff43e4b000 	C:\WINDOWS\System32\WS2_32.dll
0x00007fff40ec0000 - 0x00007fff40f0b000 	C:\WINDOWS\SYSTEM32\POWRPROF.dll
0x00007fff33700000 - 0x00007fff33727000 	C:\WINDOWS\SYSTEM32\WINMM.dll
0x00007fff3bb00000 - 0x00007fff3bb0a000 	C:\WINDOWS\SYSTEM32\VERSION.dll
0x00007fff40d80000 - 0x00007fff40d92000 	C:\WINDOWS\SYSTEM32\UMPDC.dll
0x00007fff3f810000 - 0x00007fff3f822000 	C:\WINDOWS\SYSTEM32\kernel.appcore.dll
0x00007fff34b70000 - 0x00007fff34b7a000 	C:\Program Files\Microsoft\jdk-21.0.10.7-hotspot\bin\jimage.dll
0x00007fff32d70000 - 0x00007fff32f71000 	C:\WINDOWS\SYSTEM32\DBGHELP.DLL
0x00007fff24430000 - 0x00007fff24464000 	C:\WINDOWS\SYSTEM32\dbgcore.DLL
0x00007fff41e10000 - 0x00007fff41e92000 	C:\WINDOWS\System32\bcryptPrimitives.dll
0x00007fff34920000 - 0x00007fff34930000 	C:\Program Files\Microsoft\jdk-21.0.10.7-hotspot\bin\instrument.dll
0x00007fff34930000 - 0x00007fff34951000 	C:\Program Files\Microsoft\jdk-21.0.10.7-hotspot\bin\java.dll
0x00007fff42980000 - 0x00007fff430f0000 	C:\WINDOWS\System32\SHELL32.dll
0x00007fff3fa10000 - 0x00007fff401b5000 	C:\WINDOWS\SYSTEM32\windows.storage.dll
0x00007fff432b0000 - 0x00007fff43604000 	C:\WINDOWS\System32\combase.dll
0x00007fff41310000 - 0x00007fff4133b000 	C:\WINDOWS\SYSTEM32\Wldp.dll
0x00007fff43d10000 - 0x00007fff43ddd000 	C:\WINDOWS\System32\OLEAUT32.dll
0x00007fff43c60000 - 0x00007fff43d0d000 	C:\WINDOWS\System32\SHCORE.dll
0x00007fff42500000 - 0x00007fff4255b000 	C:\WINDOWS\System32\shlwapi.dll
0x00007fff418f0000 - 0x00007fff41914000 	C:\WINDOWS\SYSTEM32\profapi.dll
0x00007ffefbc40000 - 0x00007ffefbd16000 	C:\Program Files\Microsoft\jdk-21.0.10.7-hotspot\bin\jsvml.dll
0x00007fff244d0000 - 0x00007fff244e8000 	C:\Program Files\Microsoft\jdk-21.0.10.7-hotspot\bin\zip.dll
0x00007fff26e50000 - 0x00007fff26e61000 	C:\Program Files\Microsoft\jdk-21.0.10.7-hotspot\bin\net.dll
0x00007fff3b1d0000 - 0x00007fff3b2da000 	C:\WINDOWS\SYSTEM32\WINHTTP.dll
0x00007fff410f0000 - 0x00007fff4115a000 	C:\WINDOWS\system32\mswsock.dll
0x00007fff26e30000 - 0x00007fff26e46000 	C:\Program Files\Microsoft\jdk-21.0.10.7-hotspot\bin\nio.dll
0x00007fff34910000 - 0x00007fff34919000 	C:\Program Files\Microsoft\jdk-21.0.10.7-hotspot\bin\extnet.dll
0x00007fff251a0000 - 0x00007fff251aa000 	C:\Program Files\Microsoft\jdk-21.0.10.7-hotspot\bin\management.dll
0x00007fff244c0000 - 0x00007fff244cc000 	C:\Program Files\Microsoft\jdk-21.0.10.7-hotspot\bin\management_ext.dll
0x00007fff42560000 - 0x00007fff42568000 	C:\WINDOWS\System32\PSAPI.DLL
0x00007fff25200000 - 0x00007fff2520e000 	C:\Program Files\Microsoft\jdk-21.0.10.7-hotspot\bin\sunmscapi.dll
0x00007fff41ed0000 - 0x00007fff4202d000 	C:\WINDOWS\System32\CRYPT32.dll
0x00007fff41460000 - 0x00007fff41487000 	C:\WINDOWS\SYSTEM32\ncrypt.dll
0x00007fff41420000 - 0x00007fff4145b000 	C:\WINDOWS\SYSTEM32\NTASN1.dll
0x00007fff41350000 - 0x00007fff41368000 	C:\WINDOWS\SYSTEM32\CRYPTSP.dll
0x00007fff409c0000 - 0x00007fff409f8000 	C:\WINDOWS\system32\rsaenh.dll
0x00007fff418b0000 - 0x00007fff418de000 	C:\WINDOWS\SYSTEM32\USERENV.dll
0x00007fff41280000 - 0x00007fff4128c000 	C:\WINDOWS\SYSTEM32\CRYPTBASE.dll
0x00007fff40da0000 - 0x00007fff40ddb000 	C:\WINDOWS\SYSTEM32\IPHLPAPI.DLL
0x00007fff42690000 - 0x00007fff42698000 	C:\WINDOWS\System32\NSI.dll
0x00007fff244b0000 - 0x00007fff244c0000 	C:\Program Files\Microsoft\jdk-21.0.10.7-hotspot\bin\verify.dll

JVMTI agents:
C:\Program Files\JetBrains\IntelliJ IDEA Community Edition 2025.1.1.1\lib\idea_rt.jar path:C:\Program Files\Microsoft\jdk-21.0.10.7-hotspot\bin\instrument.dll, loaded, initialized, instrumentlib options:50663

dbghelp: loaded successfully - version: 4.0.5 - missing functions: none
symbol engine: initialized successfully - sym options: 0x614 - pdb path: .;C:\Program Files\Microsoft\jdk-21.0.10.7-hotspot\bin;C:\WINDOWS\SYSTEM32;C:\WINDOWS\WinSxS\amd64_microsoft.windows.common-controls_6595b64144ccf1df_6.0.19041.6456_none_60b8a6cb71f64256;C:\Program Files\Microsoft\jdk-21.0.10.7-hotspot\bin\server

VM Arguments:
jvm_args: -javaagent:C:\Program Files\JetBrains\IntelliJ IDEA Community Edition 2025.1.1.1\lib\idea_rt.jar=50663 -Dfile.encoding=UTF-8 -Dsun.stdout.encoding=UTF-8 -Dsun.stderr.encoding=UTF-8 
java_command: com.minimarket.MinimarketApplication
java_class_path (initial): C:\Users\jorge\OneDrive\Desktop\Backend II\Semana_6\EXP2_S6_Grupo_1\minimarket\target\classes;C:\Users\jorge\.m2\repository\org\springframework\boot\spring-boot-starter-data-jpa\3.4.1\spring-boot-starter-data-jpa-3.4.1.jar;C:\Users\jorge\.m2\repository\org\springframework\boot\spring-boot-starter\3.4.1\spring-boot-starter-3.4.1.jar;C:\Users\jorge\.m2\repository\org\springframework\boot\spring-boot-starter-logging\3.4.1\spring-boot-starter-logging-3.4.1.jar;C:\Users\jorge\.m2\repository\ch\qos\logback\logback-classic\1.5.12\logback-classic-1.5.12.jar;C:\Users\jorge\.m2\repository\ch\qos\logback\logback-core\1.5.12\logback-core-1.5.12.jar;C:\Users\jorge\.m2\repository\org\apache\logging\log4j\log4j-to-slf4j\2.24.3\log4j-to-slf4j-2.24.3.jar;C:\Users\jorge\.m2\repository\org\apache\logging\log4j\log4j-api\2.24.3\log4j-api-2.24.3.jar;C:\Users\jorge\.m2\repository\org\slf4j\jul-to-slf4j\2.0.16\jul-to-slf4j-2.0.16.jar;C:\Users\jorge\.m2\repository\jakarta\annotation\jakarta.annotation-api\2.1.1\jakarta.annotation-api-2.1.1.jar;C:\Users\jorge\.m2\repository\org\yaml\snakeyaml\2.3\snakeyaml-2.3.jar;C:\Users\jorge\.m2\repository\org\springframework\boot\spring-boot-starter-jdbc\3.4.1\spring-boot-starter-jdbc-3.4.1.jar;C:\Users\jorge\.m2\repository\com\zaxxer\HikariCP\5.1.0\HikariCP-5.1.0.jar;C:\Users\jorge\.m2\repository\org\springframework\spring-jdbc\6.2.1\spring-jdbc-6.2.1.jar;C:\Users\jorge\.m2\repository\org\hibernate\orm\hibernate-core\6.6.4.Final\hibernate-core-6.6.4.Final.jar;C:\Users\jorge\.m2\repository\jakarta\persistence\jakarta.persistence-api\3.1.0\jakarta.persistence-api-3.1.0.jar;C:\Users\jorge\.m2\repository\jakarta\transaction\jakarta.transaction-api\2.0.1\jakarta.transaction-api-2.0.1.jar;C:\Users\jorge\.m2\repository\org\jboss\logging\jboss-logging\3.6.1.Final\jboss-logging-3.6.1.Final.jar;C:\Users\jorge\.m2\repository\org\hibernate\common\hibernate-commons-annotations\7.0.3.Final\hibernate-commons-annotations-7.0.3.Final.jar;C:\Users\jorge\.m2\repository\io\smallrye\jandex\3.2.0\jandex-3.2.0.jar;C:\Users\jorge\.m2\repository\com\fasterxml\classmate\1.7.0\classmate-1.7.0.jar;C:\Users\jorge\.m2\repository\net\bytebuddy\byte-buddy\1.15.11\byte-buddy-1.15.11.jar;C:\Users\jorge\.m2\repository\org\glassfish\jaxb\jaxb-runtime\4.0.5\jaxb-runtime-4.0.5.jar;C:\Users\jorge\.m2\repository\org\glassfish\jaxb\jaxb-core\4.0.5\jaxb-core-4.0.5.jar;C:\Users\jorge\.m2\repository\org\eclipse\angus\angus-activation\2.0.2\angus-activation-2.0.2.jar;C:\Users\jorge\.m2\repository\org\glassfish\jaxb\txw2\4.0.5\txw2-4.0.5.jar;C:\Users\jorge\.m2\repository\com\sun\istack\istack-commons-runtime\4.1.2\istack-commons-runtime-4.1.2.jar;C:\Users\jorge\.m2\repository\jakarta\inject\jakarta.inject-api\2.0.1\jakarta.inject-api-2.0.1.jar;C:\Users\jorge\.m2\repository\org\antlr\antlr4-runtime\4.13.0\antlr4-runtime-4.13.0.jar;C:\Users\jorge\.m2\repository\org\springframework\data\spring-data-jpa\3.4.1\spring-data-jpa-3.4.1.jar;C:\Users\jorge\.m2\repository\org\springframework\data\spring-data-commons\3.4.1\spring-data-commons-3.4.1.jar;C:\Users\jorge\.m2\repository\org\springframework\spring-orm\6.2.1\spring-orm-6.2.1.jar;C:\Users\jorge\.m2\repository\org\springframework\spring-context\6.2.1\spring-context-6.2.1.jar;C:\Users\jorge\.m2\repository\org\springframework\spring-tx\6.2.1\spring-tx-6.2.1.jar;C:\Users\jorge\.m2\repository\org\springframework\spring-beans\6.2.1\spring-beans-6.2.1.jar;C:\Users\jorge\.m2\repository\org\slf4j\slf4j-api\2.0.16\slf4j-api-2.0.16.jar;C:\Users\jorge\.m2\repository\org\springframework\spring-aspects\6.2.1\spring-aspects-6.2.1.jar;C:\Users\jorge\.m2\repository\org\aspectj\aspectjweaver\1.9.22.1\aspectjweaver-1.9.22.1.jar;C:\Users\jorge\.m2\repository\org\springframework\boot\spring-boot-starter-security\3.4.1\spring-boot-starter-security-3.4.1.jar;C:\Users\jorge\.m2\repository\org\springframework\spring-aop\6.2.1\spring-aop-6.2.1.jar;C:\Users\jorge\.m2\repository\org\springframework\security\spring-security-config\6.4.2\spring-security-config-6.4.2.jar;C:\Users\jorge\.m2\repository\org\springframework\security\spring-security-web\6.4.2\spring-security-web-6.4.2.jar;C:\Users\jorge\.m2\repository\org\springframework\spring-expression\6.2.1\spring-expression-6.2.1.jar;C:\Users\jorge\.m2\repository\org\springframework\boot\spring-boot-starter-web\3.4.1\spring-boot-starter-web-3.4.1.jar;C:\Users\jorge\.m2\repository\org\springframework\boot\spring-boot-starter-json\3.4.1\spring-boot-starter-json-3.4.1.jar;C:\Users\jorge\.m2\repository\com\fasterxml\jackson\core\jackson-databind\2.18.2\jackson-databind-2.18.2.jar;C:\Users\jorge\.m2\repository\com\fasterxml\jackson\core\jackson-annotations\2.18.2\jackson-annotations-2.18.2.jar;C:\Users\jorge\.m2\repository\com\fasterxml\jackson\core\jackson-core\2.18.2\jackson-core-2.18.2.jar;C:\Users\jorge\.m2\repository\com\fasterxml\jackson\datatype\jackson-datatype-jdk8\2.18.2\jackson-datatype-jdk8-2.18.2.jar;C:\Users\jorge\.m2\repository\com\fasterxml\jackson\datatype\jackson-datatype-jsr310\2.18.2\jackson-datatype-jsr310-2.18.2.jar;C:\Users\jorge\.m2\repository\com\fasterxml\jackson\module\jackson-module-parameter-names\2.18.2\jackson-module-parameter-names-2.18.2.jar;C:\Users\jorge\.m2\repository\org\springframework\boot\spring-boot-starter-tomcat\3.4.1\spring-boot-starter-tomcat-3.4.1.jar;C:\Users\jorge\.m2\repository\org\apache\tomcat\embed\tomcat-embed-core\10.1.34\tomcat-embed-core-10.1.34.jar;C:\Users\jorge\.m2\repository\org\apache\tomcat\embed\tomcat-embed-el\10.1.34\tomcat-embed-el-10.1.34.jar;C:\Users\jorge\.m2\repository\org\apache\tomcat\embed\tomcat-embed-websocket\10.1.34\tomcat-embed-websocket-10.1.34.jar;C:\Users\jorge\.m2\repository\org\springframework\spring-web\6.2.1\spring-web-6.2.1.jar;C:\Users\jorge\.m2\repository\io\micrometer\micrometer-observation\1.14.2\micrometer-observation-1.14.2.jar;C:\Users\jorge\.m2\repository\io\micrometer\micrometer-commons\1.14.2\micrometer-commons-1.14.2.jar;C:\Users\jorge\.m2\repository\org\springframework\spring-webmvc\6.2.1\spring-webmvc-6.2.1.jar;C:\Users\jorge\.m2\repository\com\h2database\h2\2.3.232\h2-2.3.232.jar;C:\Users\jorge\.m2\repository\org\springframework\boot\spring-boot-devtools\3.4.1\spring-boot-devtools-3.4.1.jar;C:\Users\jorge\.m2\repository\org\springframework\boot\spring-boot\3.4.1\spring-boot-3.4.1.jar;C:\Users\jorge\.m2\repository\org\springframework\boot\spring-boot-autoconfigure\3.4.1\spring-boot-autoconfigure-3.4.1.jar;C:\Users\jorge\.m2\repository\org\projectlombok\lombok\1.18.36\lombok-1.18.36.jar;C:\Users\jorge\.m2\repository\jakarta\xml\bind\jakarta.xml.bind-api\4.0.2\jakarta.xml.bind-api-4.0.2.jar;C:\Users\jorge\.m2\repository\jakarta\activation\jakarta.activation-api\2.1.3\jakarta.activation-api-2.1.3.jar;C:\Users\jorge\.m2\repository\org\springframework\spring-core\6.2.1\spring-core-6.2.1.jar;C:\Users\jorge\.m2\repository\org\springframework\spring-jcl\6.2.1\spring-jcl-6.2.1.jar;C:\Users\jorge\.m2\repository\org\springframework\security\spring-security-core\6.4.2\spring-security-core-6.4.2.jar;C:\Users\jorge\.m2\repository\org\springframework\security\spring-security-crypto\6.4.2\spring-security-crypto-6.4.2.jar;C:\Users\jorge\.m2\repository\org\springdoc\springdoc-openapi-starter-webmvc-ui\2.6.0\springdoc-openapi-starter-webmvc-ui-2.6.0.jar;C:\Users\jorge\.m2\repository\org\springdoc\springdoc-openapi-starter-webmvc-api\2.6.0\springdoc-openapi-starter-webmvc-api-2.6.0.jar;C:\Users\jorge\.m2\repository\org\springdoc\springdoc-openapi-starter-common\2.6.0\springdoc-openapi-starter-common-2.6.0.jar;C:\Users\jorge\.m2\repository\io\swagger\core\v3\swagger-core-jakarta\2.2.22\swagger-core-jakarta-2.2.22.jar;C:\Users\jorge\.m2\repository\org\apache\commons\commons-lang3\3.17.0\commons-lang3-3.17.0.jar;C:\Users\jorge\.m2\repository\io\swagger\core\v3\swagger-annotations-jakarta\2.2.22\swagger-annotations-jakarta-2.2.22.jar;C:\Users\jorge\.m2\repository\io\swagger\core\v3\swagger-models-jakarta\2.2.22\swagger-models-jakarta-2.2.22.jar;C:\Users\jorge\.m2\repository\jakarta\validation\jakarta.validation-api\3.0.2\jakarta.validation-api-3.0.2.jar;C:\Users\jorge\.m2\repository\com\fasterxml\jackson\dataformat\jackson-dataformat-yaml\2.18.2\jackson-dataformat-yaml-2.18.2.jar;C:\Users\jorge\.m2\repository\org\webjars\swagger-ui\5.17.14\swagger-ui-5.17.14.jar
Launcher Type: SUN_STANDARD

[Global flags]
     intx CICompilerCount                          = 4                                         {product} {ergonomic}
     uint ConcGCThreads                            = 3                                         {product} {ergonomic}
     uint G1ConcRefinementThreads                  = 10                                        {product} {ergonomic}
   size_t G1HeapRegionSize                         = 2097152                                   {product} {ergonomic}
    uintx GCDrainStackTargetSize                   = 64                                        {product} {ergonomic}
   size_t InitialHeapSize                          = 268435456                                 {product} {ergonomic}
   size_t MarkStackSize                            = 4194304                                   {product} {ergonomic}
   size_t MaxHeapSize                              = 4276092928                                {product} {ergonomic}
   size_t MaxNewSize                               = 2564816896                                {product} {ergonomic}
   size_t MinHeapDeltaBytes                        = 2097152                                   {product} {ergonomic}
   size_t MinHeapSize                              = 8388608                                   {product} {ergonomic}
    uintx NonNMethodCodeHeapSize                   = 5839372                                {pd product} {ergonomic}
    uintx NonProfiledCodeHeapSize                  = 122909434                              {pd product} {ergonomic}
    uintx ProfiledCodeHeapSize                     = 122909434                              {pd product} {ergonomic}
    uintx ReservedCodeCacheSize                    = 251658240                              {pd product} {ergonomic}
     bool SegmentedCodeCache                       = true                                      {product} {ergonomic}
   size_t SoftMaxHeapSize                          = 4276092928                             {manageable} {ergonomic}
     bool UseCompressedOops                        = true                           {product lp64_product} {ergonomic}
     bool UseG1GC                                  = true                                      {product} {ergonomic}
     bool UseLargePagesIndividualAllocation        = false                                  {pd product} {ergonomic}

Logging:
Log output configuration:
 #0: stdout all=warning uptime,level,tags foldmultilines=false
 #1: stderr all=off uptime,level,tags foldmultilines=false

Release file:
IMPLEMENTOR="Microsoft" 
IMPLEMENTOR_VERSION="Microsoft-13106404" 
JAVA_RUNTIME_VERSION="21.0.10+7-LTS" 
JAVA_VERSION="21.0.10" 
JAVA_VERSION_DATE="2026-01-20" 
LIBC="default" 
MODULES="java.base java.compiler java.datatransfer java.xml java.prefs java.desktop java.instrument java.logging java.management java.security.sasl java.naming java.rmi java.management.rmi java.net.http java.scripting java.security.jgss java.transaction.xa java.sql java.sql.rowset java.xml.crypto java.se java.smartcardio jdk.accessibility jdk.internal.jvmstat jdk.attach jdk.charsets jdk.internal.opt jdk.zipfs jdk.compiler jdk.crypto.ec jdk.crypto.cryptoki jdk.crypto.mscapi jdk.dynalink jdk.internal.ed jdk.editpad jdk.hotspot.agent jdk.httpserver jdk.incubator.vector jdk.internal.le jdk.internal.vm.ci jdk.internal.vm.compiler jdk.internal.vm.compiler.management jdk.jartool jdk.javadoc jdk.jcmd jdk.management jdk.management.agent jdk.jconsole jdk.jdeps jdk.jdwp.agent jdk.jdi jdk.jfr jdk.jlink jdk.jpackage jdk.jshell jdk.jsobject jdk.jstatd jdk.localedata jdk.management.jfr jdk.naming.dns jdk.naming.rmi jdk.net jdk.nio.mapmode jdk.random jdk.sctp jdk.security.auth jdk.security.jgss jdk.unsupported jdk.unsupported.desktop jdk.xml.dom" 
OS_ARCH="x86_64" 
OS_NAME="Windows" 
SOURCE=".:git:e69b6ef7382e" 

Environment Variables:
JAVA_HOME=C:\Program Files\Microsoft\jdk-21.0.10.7-hotspot\
PATH=C:\Program Files\Microsoft\jdk-21.0.10.7-hotspot\bin;C:\Program Files\Common Files\Oracle\Java\javapath;C:\app\jorge\product\21c\dbhomeXE\bin;C:\WINDOWS\system32;C:\WINDOWS;C:\WINDOWS\System32\Wbem;C:\WINDOWS\System32\WindowsPowerShell\v1.0\;C:\WINDOWS\System32\OpenSSH\;C:\Program Files\NVIDIA Corporation\NVIDIA App\NvDLISR;C:\Program Files (x86)\NVIDIA Corporation\PhysX\Common;C:\Program Files\nodejs\;C:\Program Files\Docker\Docker\resources\bin;C:\Program Files\Git\cmd;C:\Program Files\dotnet\;C:\Users\jorge\scoop\apps\maven\current\bin;C:\Users\jorge\scoop\shims;C:\Program Files\MySQL\MySQL Shell 8.0\bin\;C:\Users\jorge\AppData\Local\Programs\Python\Launcher\;C:\Users\jorge\AppData\Local\Microsoft\WindowsApps;C:\Users\jorge\AppData\Local\Programs\Microsoft VS Code\bin;C:\Program Files\JetBrains\PyCharm Community Edition 2025.1.1.1\bin;;C:\Users\jorge\AppData\Roaming\npm;C:\Users\jorge\.dotnet\tools
USERNAME=jorge
OS=Windows_NT
PROCESSOR_IDENTIFIER=Intel64 Family 6 Model 165 Stepping 5, GenuineIntel
TMP=C:\Users\jorge\AppData\Local\Temp
TEMP=C:\Users\jorge\AppData\Local\Temp




Periodic native trim disabled

---------------  S Y S T E M  ---------------

OS:
 Windows 10 , 64 bit Build 19041 (10.0.19041.5915)
OS uptime: 0 days 0:53 hours
Hyper-V role detected

CPU: total 12 (initial active 12) (6 cores per cpu, 2 threads per core) family 6 model 165 stepping 5 microcode 0xca, cx8, cmov, fxsr, ht, mmx, 3dnowpref, sse, sse2, sse3, ssse3, sse4.1, sse4.2, popcnt, lzcnt, tsc, tscinvbit, avx, avx2, aes, erms, clmul, bmi1, bmi2, adx, fma, vzeroupper, clflush, clflushopt, hv, rdtscp, f16c
Processor Information for the first 12 processors :
  Max Mhz: 4104, Current Mhz: 3803, Mhz Limit: 4104

Memory: 4k page, system-wide physical 16310M (6260M free)
TotalPageFile size 29622M (AvailPageFile size 13146M)
current process WorkingSet (physical memory assigned to process): 300M, peak: 311M
current process commit charge ("private bytes"): 342M, peak: 423M

vm_info: OpenJDK 64-Bit Server VM (21.0.10+7-LTS) for windows-amd64 JRE (21.0.10+7-LTS), built on 2026-01-15T18:39:42Z by "MicrosoftCorporation" with MS VC++ 17.14 (VS2022)

END.
